-- Catapult University Version: Report                                              
-- ---------------------------- ---------------------------------------------------
-- Version:                     2011a.126 Production Release                        
-- Build Date:                  Wed Aug  8 00:52:07 PDT 2012                        
                                                                                    
-- Generated by:                jb914@EEWS104A-020                                  
-- Generated date:              Mon May 11 13:03:16 +0100 2015                      

Solution Settings: motion_blur.v6
  Current state: extract
  Project: MBlur1
  
  Design Input Files Specified
    $PROJECT_HOME/shift_class.h
    $PROJECT_HOME/motionblur.h
      $MGC_HOME/shared/include/ac_int.h
    $PROJECT_HOME/motionblur1.c
      $MGC_HOME/shared/include/ac_fixed.h
        $MGC_HOME/shared/include/ac_int.h
      $PROJECT_HOME/motionblur.h
      $PROJECT_HOME/shift_class.h
  
  Processes/Blocks in Design
    Process           Real Operation(s) count Latency Throughput Reset Length II Comments 
    ----------------- ----------------------- ------- ---------- ------------ -- --------
    /motion_blur/core                      32       1          1            0  1          
    Design Total:                          32       1          1            0  0          
    
  Bill Of Materials (Datapath)
    Component Name                          Area Score Area(LUTs) Delay Post Alloc Post Assign 
    --------------------------------------- ---------- ---------- ----- ---------- -----------
    [Lib: mgc_Altera-Cyclone-III-6_beh_psr]                                                    
    mgc_add(10,0,10,0,11)                       11.241     11.241 1.301          6           6 
    mgc_add(11,0,10,0,12)                       12.236     12.236 1.370          3           3 
    mgc_add(11,0,2,1,11)                        12.000     12.000 1.389          3           3 
    mgc_add(12,0,11,0,13)                       13.228     13.228 1.436          3           3 
    mgc_add(3,0,2,1,3)                           4.000      4.000 0.764          3           3 
    mgc_and(10,2)                                7.298      7.298 0.263          3           3 
    mgc_not(10)                                  0.000      0.000 0.000          0           3 
    mgc_not(3)                                   0.000      0.000 0.000          0           3 
    mgc_or(10,2)                                 7.298      7.298 0.268          3           3 
    mgc_reg_pos(10,1,0,0,0,1,1)                  0.000      0.000 0.000          0           6 
    mgc_reg_pos(30,1,0,0,0,1,1)                  0.000      0.000 0.000          0           3 
    [Lib: mgc_ioport]                                                                          
    mgc_in_wire(1,150)                           0.000      0.000 0.000          1           1 
    mgc_out_stdreg(2,30)                         0.000      0.000 0.000          1           1 
                                                                                               
    TOTAL AREA (After Assignment):             235.629    236.000                              
    
  Area Scores
                      Post-Scheduling  Post-DP & FSM Post-Assignment 
    ----------------- --------------- -------------- ---------------
    Total Area Score:    235.6          235.6           235.6        
    Total Reg:             0.0            0.0             0.0        
                                                                     
    DataPath:            235.6 (100%)   235.6 (100%)    235.6 (100%) 
      MUX:                 0.0            0.0             0.0        
      FUNC:              191.8  (81%)   191.8  (81%)    191.8  (81%) 
      LOGIC:              43.8  (19%)    43.8  (19%)     43.8  (19%) 
      BUFFER:              0.0            0.0             0.0        
      MEM:                 0.0            0.0             0.0        
      ROM:                 0.0            0.0             0.0        
      REG:                 0.0            0.0             0.0        
                                                                     
    
    FSM:                   0.0            0.0             0.0        
      FSM-REG:             0.0            0.0             0.0        
      FSM-COMB:            0.0            0.0             0.0        
                                                                     
    
  Register-to-Variable Mappings
    Register                              Size(bits) Gated Register CG Opt Done Variables                                             
    ------------------------------------- ---------- -------------- ----------- -----------------------------------------------------
    reg(regs.regs(0).sg1.sva).cse                 30         Y                  reg(regs.regs(0).sg1.sva).cse                         
    reg(regs.regs(2).sg1.sva#1).cse               30         Y                  reg(regs.regs(2).sg1.sva#1).cse                       
    reg(regs.regs(3).sg1.sva#1).cse               30         Y                  reg(regs.regs(3).sg1.sva#1).cse                       
    reg(vout:rsc:mgc_out_stdreg.d).tmp            10         Y                  reg(vout:rsc:mgc_out_stdreg.d).tmp                    
    reg(vout:rsc:mgc_out_stdreg.d).tmp#1          10         Y                  reg(vout:rsc:mgc_out_stdreg.d).tmp#1                  
    reg(vout:rsc:mgc_out_stdreg.d).tmp#2          10         Y                  reg(vout:rsc:mgc_out_stdreg.d).tmp#2                  
    regs.regs:slc(regs.regs(4).sg1)#1.itm         10         Y                  regs.regs:slc(regs.regs(4).sg1)#1.itm                 
    regs.regs:slc(regs.regs(4).sg1)#2.itm         10         Y                  regs.regs:slc(regs.regs(4).sg1)#2.itm                 
    regs.regs:slc(regs.regs(4).sg1).itm           10         Y                  regs.regs:slc(regs.regs(4).sg1).itm                   
                                                                                                                                      
    Total:                                       150            150           0 (Total Gating Ratio: 1.00, CG Opt Gating Ratio: 0.00) 
    
  Timing Report
    Critical Path
      Max Delay:  6.026581999999999
      Slack:      13.973418
      
      Path                                                          Startpoint                                                  Endpoint                                          Delay  Slack   
      ------------------------------------------------------------- ----------------------------------------------------------- ------------------------------------------------- ------ -------
      1                                                             motion_blur:core/reg(regs.regs(3).sg1.sva#1)                motion_blur:core/reg(vout:rsc:mgc_out_stdreg.d)   6.0266 13.9734 
                                                                                                                                                                                                 
        Instance                                                    Component                                                                                                     Delta  Delay   
        --------                                                    ---------                                                                                                     -----  -----   
        motion_blur:core/reg(regs.regs(3).sg1.sva#1)                mgc_reg_pos_30_1_0_0_0_1_1                                                                                    0.0000 0.0000  
        motion_blur:core/reg(regs.regs(3).sg1.sva#1).cse                                                                                                                          0.0000 0.0000  
        motion_blur:core/slc(regs.regs(3).sg1.sva#1)#2                                                                                                                            0.0000 0.0000  
        motion_blur:core/slc(regs.regs(3).sg1.sva#1)#2.itm                                                                                                                        0.0000 0.0000  
        motion_blur:core/ACC1:if#1:acc#31                           mgc_add_10_0_10_0_11                                                                                          1.3014 1.3014  
        motion_blur:core/ACC1:if#1:acc#31.itm                                                                                                                                     0.0000 1.3014  
        motion_blur:core/ACC1:if#1:acc                              mgc_add_11_0_10_0_12                                                                                          1.3701 2.6715  
        motion_blur:core/ACC1:if#1:acc.itm                                                                                                                                        0.0000 2.6715  
        motion_blur:core/ACC2-5:acc#1                               mgc_add_12_0_11_0_13                                                                                          1.4360 4.1075  
        motion_blur:core/ACC2-5:acc#1.psp.sva                                                                                                                                     0.0000 4.1075  
        motion_blur:core/slc(ACC2-5:acc#1.psp.sva)                                                                                                                                0.0000 4.1075  
        motion_blur:core/slc(ACC2-5:acc#1.psp.sva).itm                                                                                                                            0.0000 4.1075  
        motion_blur:core/absmax:else:not                            mgc_not_10                                                                                                    0.0000 4.1075  
        motion_blur:core/absmax:else:not.itm                                                                                                                                      0.0000 4.1075  
        motion_blur:core/conc#24                                                                                                                                                  0.0000 4.1075  
        motion_blur:core/conc#24.itm                                                                                                                                              0.0000 4.1075  
        motion_blur:core/absmax:else:acc                            mgc_add_11_0_2_1_11                                                                                           1.3887 5.4962  
        motion_blur:core/absmax:else:acc.itm                                                                                                                                      0.0000 5.4962  
        motion_blur:core/absmax:else:slc                                                                                                                                          0.0000 5.4962  
        motion_blur:core/absmax:else:slc.itm                                                                                                                                      0.0000 5.4962  
        motion_blur:core/absmax:else:exs                                                                                                                                          0.0000 5.4962  
        motion_blur:core/absmax:else:exs.itm                                                                                                                                      0.0000 5.4962  
        motion_blur:core/absmax:else:and                            mgc_and_10_2                                                                                                  0.2625 5.7587  
        motion_blur:core/absmax:else:and.itm                                                                                                                                      0.0000 5.7587  
        motion_blur:core/absmax:or                                  mgc_or_10_2                                                                                                   0.2679 6.0266  
        motion_blur:core/absmax:or.itm                                                                                                                                            0.0000 6.0266  
        motion_blur:core/reg(vout:rsc:mgc_out_stdreg.d)             mgc_reg_pos_10_1_0_0_0_1_1                                                                                    0.0000 6.0266  
                                                                                                                                                                                                 
      2                                                             motion_blur:core/reg(regs.regs(3).sg1.sva#1)                motion_blur:core/reg(vout:rsc:mgc_out_stdreg.d)#1 6.0266 13.9734 
                                                                                                                                                                                                 
        Instance                                                    Component                                                                                                     Delta  Delay   
        --------                                                    ---------                                                                                                     -----  -----   
        motion_blur:core/reg(regs.regs(3).sg1.sva#1)                mgc_reg_pos_30_1_0_0_0_1_1                                                                                    0.0000 0.0000  
        motion_blur:core/reg(regs.regs(3).sg1.sva#1).cse                                                                                                                          0.0000 0.0000  
        motion_blur:core/slc(regs.regs(3).sg1.sva#1)                                                                                                                              0.0000 0.0000  
        motion_blur:core/slc(regs.regs(3).sg1.sva#1).itm                                                                                                                          0.0000 0.0000  
        motion_blur:core/ACC1:if#1:acc#35                           mgc_add_10_0_10_0_11                                                                                          1.3014 1.3014  
        motion_blur:core/ACC1:if#1:acc#35.itm                                                                                                                                     0.0000 1.3014  
        motion_blur:core/ACC1:if#1:acc#37                           mgc_add_11_0_10_0_12                                                                                          1.3701 2.6715  
        motion_blur:core/ACC1:if#1:acc#37.itm                                                                                                                                     0.0000 2.6715  
        motion_blur:core/ACC2-5:acc#3                               mgc_add_12_0_11_0_13                                                                                          1.4360 4.1075  
        motion_blur:core/ACC2-5:acc#3.psp.sva                                                                                                                                     0.0000 4.1075  
        motion_blur:core/slc(ACC2-5:acc#3.psp.sva)                                                                                                                                0.0000 4.1075  
        motion_blur:core/slc(ACC2-5:acc#3.psp.sva).itm                                                                                                                            0.0000 4.1075  
        motion_blur:core/absmax#2:else:not                          mgc_not_10                                                                                                    0.0000 4.1075  
        motion_blur:core/absmax#2:else:not.itm                                                                                                                                    0.0000 4.1075  
        motion_blur:core/conc#25                                                                                                                                                  0.0000 4.1075  
        motion_blur:core/conc#25.itm                                                                                                                                              0.0000 4.1075  
        motion_blur:core/absmax#2:else:acc                          mgc_add_11_0_2_1_11                                                                                           1.3887 5.4962  
        motion_blur:core/absmax#2:else:acc.itm                                                                                                                                    0.0000 5.4962  
        motion_blur:core/absmax#2:else:slc                                                                                                                                        0.0000 5.4962  
        motion_blur:core/absmax#2:else:slc.itm                                                                                                                                    0.0000 5.4962  
        motion_blur:core/absmax#2:else:exs                                                                                                                                        0.0000 5.4962  
        motion_blur:core/absmax#2:else:exs.itm                                                                                                                                    0.0000 5.4962  
        motion_blur:core/absmax#2:else:and                          mgc_and_10_2                                                                                                  0.2625 5.7587  
        motion_blur:core/absmax#2:else:and.itm                                                                                                                                    0.0000 5.7587  
        motion_blur:core/absmax#2:or                                mgc_or_10_2                                                                                                   0.2679 6.0266  
        motion_blur:core/absmax#2:or.itm                                                                                                                                          0.0000 6.0266  
        motion_blur:core/reg(vout:rsc:mgc_out_stdreg.d)#1           mgc_reg_pos_10_1_0_0_0_1_1                                                                                    0.0000 6.0266  
                                                                                                                                                                                                 
      3                                                             motion_blur:core/reg(regs.regs:slc(regs.regs(4).sg1).itm)   motion_blur:core/reg(vout:rsc:mgc_out_stdreg.d)   6.0266 13.9734 
                                                                                                                                                                                                 
        Instance                                                    Component                                                                                                     Delta  Delay   
        --------                                                    ---------                                                                                                     -----  -----   
        motion_blur:core/reg(regs.regs:slc(regs.regs(4).sg1).itm)   mgc_reg_pos_10_1_0_0_0_1_1                                                                                    0.0000 0.0000  
        motion_blur:core/regs.regs:slc(regs.regs(4).sg1).itm                                                                                                                      0.0000 0.0000  
        motion_blur:core/ACC1:if#1:acc#31                           mgc_add_10_0_10_0_11                                                                                          1.3014 1.3014  
        motion_blur:core/ACC1:if#1:acc#31.itm                                                                                                                                     0.0000 1.3014  
        motion_blur:core/ACC1:if#1:acc                              mgc_add_11_0_10_0_12                                                                                          1.3701 2.6715  
        motion_blur:core/ACC1:if#1:acc.itm                                                                                                                                        0.0000 2.6715  
        motion_blur:core/ACC2-5:acc#1                               mgc_add_12_0_11_0_13                                                                                          1.4360 4.1075  
        motion_blur:core/ACC2-5:acc#1.psp.sva                                                                                                                                     0.0000 4.1075  
        motion_blur:core/slc(ACC2-5:acc#1.psp.sva)                                                                                                                                0.0000 4.1075  
        motion_blur:core/slc(ACC2-5:acc#1.psp.sva).itm                                                                                                                            0.0000 4.1075  
        motion_blur:core/absmax:else:not                            mgc_not_10                                                                                                    0.0000 4.1075  
        motion_blur:core/absmax:else:not.itm                                                                                                                                      0.0000 4.1075  
        motion_blur:core/conc#24                                                                                                                                                  0.0000 4.1075  
        motion_blur:core/conc#24.itm                                                                                                                                              0.0000 4.1075  
        motion_blur:core/absmax:else:acc                            mgc_add_11_0_2_1_11                                                                                           1.3887 5.4962  
        motion_blur:core/absmax:else:acc.itm                                                                                                                                      0.0000 5.4962  
        motion_blur:core/absmax:else:slc                                                                                                                                          0.0000 5.4962  
        motion_blur:core/absmax:else:slc.itm                                                                                                                                      0.0000 5.4962  
        motion_blur:core/absmax:else:exs                                                                                                                                          0.0000 5.4962  
        motion_blur:core/absmax:else:exs.itm                                                                                                                                      0.0000 5.4962  
        motion_blur:core/absmax:else:and                            mgc_and_10_2                                                                                                  0.2625 5.7587  
        motion_blur:core/absmax:else:and.itm                                                                                                                                      0.0000 5.7587  
        motion_blur:core/absmax:or                                  mgc_or_10_2                                                                                                   0.2679 6.0266  
        motion_blur:core/absmax:or.itm                                                                                                                                            0.0000 6.0266  
        motion_blur:core/reg(vout:rsc:mgc_out_stdreg.d)             mgc_reg_pos_10_1_0_0_0_1_1                                                                                    0.0000 6.0266  
                                                                                                                                                                                                 
      4                                                             motion_blur:core/reg(regs.regs(3).sg1.sva#1)                motion_blur:core/reg(vout:rsc:mgc_out_stdreg.d)#2 6.0266 13.9734 
                                                                                                                                                                                                 
        Instance                                                    Component                                                                                                     Delta  Delay   
        --------                                                    ---------                                                                                                     -----  -----   
        motion_blur:core/reg(regs.regs(3).sg1.sva#1)                mgc_reg_pos_30_1_0_0_0_1_1                                                                                    0.0000 0.0000  
        motion_blur:core/reg(regs.regs(3).sg1.sva#1).cse                                                                                                                          0.0000 0.0000  
        motion_blur:core/slc(regs.regs(3).sg1.sva#1)#1                                                                                                                            0.0000 0.0000  
        motion_blur:core/slc(regs.regs(3).sg1.sva#1)#1.itm                                                                                                                        0.0000 0.0000  
        motion_blur:core/ACC1:if#1:acc#32                           mgc_add_10_0_10_0_11                                                                                          1.3014 1.3014  
        motion_blur:core/ACC1:if#1:acc#32.itm                                                                                                                                     0.0000 1.3014  
        motion_blur:core/ACC1:if#1:acc#34                           mgc_add_11_0_10_0_12                                                                                          1.3701 2.6715  
        motion_blur:core/ACC1:if#1:acc#34.itm                                                                                                                                     0.0000 2.6715  
        motion_blur:core/ACC2-5:acc#2                               mgc_add_12_0_11_0_13                                                                                          1.4360 4.1075  
        motion_blur:core/ACC2-5:acc#2.psp.sva                                                                                                                                     0.0000 4.1075  
        motion_blur:core/slc(ACC2-5:acc#2.psp.sva)                                                                                                                                0.0000 4.1075  
        motion_blur:core/slc(ACC2-5:acc#2.psp.sva).itm                                                                                                                            0.0000 4.1075  
        motion_blur:core/absmax#1:else:not                          mgc_not_10                                                                                                    0.0000 4.1075  
        motion_blur:core/absmax#1:else:not.itm                                                                                                                                    0.0000 4.1075  
        motion_blur:core/conc#26                                                                                                                                                  0.0000 4.1075  
        motion_blur:core/conc#26.itm                                                                                                                                              0.0000 4.1075  
        motion_blur:core/absmax#1:else:acc                          mgc_add_11_0_2_1_11                                                                                           1.3887 5.4962  
        motion_blur:core/absmax#1:else:acc.itm                                                                                                                                    0.0000 5.4962  
        motion_blur:core/absmax#1:else:slc                                                                                                                                        0.0000 5.4962  
        motion_blur:core/absmax#1:else:slc.itm                                                                                                                                    0.0000 5.4962  
        motion_blur:core/absmax#1:else:exs                                                                                                                                        0.0000 5.4962  
        motion_blur:core/absmax#1:else:exs.itm                                                                                                                                    0.0000 5.4962  
        motion_blur:core/absmax#1:else:and                          mgc_and_10_2                                                                                                  0.2625 5.7587  
        motion_blur:core/absmax#1:else:and.itm                                                                                                                                    0.0000 5.7587  
        motion_blur:core/absmax#1:or                                mgc_or_10_2                                                                                                   0.2679 6.0266  
        motion_blur:core/absmax#1:or.itm                                                                                                                                          0.0000 6.0266  
        motion_blur:core/reg(vout:rsc:mgc_out_stdreg.d)#2           mgc_reg_pos_10_1_0_0_0_1_1                                                                                    0.0000 6.0266  
                                                                                                                                                                                                 
      5                                                             motion_blur:core/reg(regs.regs:slc(regs.regs(4).sg1)#2.itm) motion_blur:core/reg(vout:rsc:mgc_out_stdreg.d)#1 6.0266 13.9734 
                                                                                                                                                                                                 
        Instance                                                    Component                                                                                                     Delta  Delay   
        --------                                                    ---------                                                                                                     -----  -----   
        motion_blur:core/reg(regs.regs:slc(regs.regs(4).sg1)#2.itm) mgc_reg_pos_10_1_0_0_0_1_1                                                                                    0.0000 0.0000  
        motion_blur:core/regs.regs:slc(regs.regs(4).sg1)#2.itm                                                                                                                    0.0000 0.0000  
        motion_blur:core/ACC1:if#1:acc#35                           mgc_add_10_0_10_0_11                                                                                          1.3014 1.3014  
        motion_blur:core/ACC1:if#1:acc#35.itm                                                                                                                                     0.0000 1.3014  
        motion_blur:core/ACC1:if#1:acc#37                           mgc_add_11_0_10_0_12                                                                                          1.3701 2.6715  
        motion_blur:core/ACC1:if#1:acc#37.itm                                                                                                                                     0.0000 2.6715  
        motion_blur:core/ACC2-5:acc#3                               mgc_add_12_0_11_0_13                                                                                          1.4360 4.1075  
        motion_blur:core/ACC2-5:acc#3.psp.sva                                                                                                                                     0.0000 4.1075  
        motion_blur:core/slc(ACC2-5:acc#3.psp.sva)                                                                                                                                0.0000 4.1075  
        motion_blur:core/slc(ACC2-5:acc#3.psp.sva).itm                                                                                                                            0.0000 4.1075  
        motion_blur:core/absmax#2:else:not                          mgc_not_10                                                                                                    0.0000 4.1075  
        motion_blur:core/absmax#2:else:not.itm                                                                                                                                    0.0000 4.1075  
        motion_blur:core/conc#25                                                                                                                                                  0.0000 4.1075  
        motion_blur:core/conc#25.itm                                                                                                                                              0.0000 4.1075  
        motion_blur:core/absmax#2:else:acc                          mgc_add_11_0_2_1_11                                                                                           1.3887 5.4962  
        motion_blur:core/absmax#2:else:acc.itm                                                                                                                                    0.0000 5.4962  
        motion_blur:core/absmax#2:else:slc                                                                                                                                        0.0000 5.4962  
        motion_blur:core/absmax#2:else:slc.itm                                                                                                                                    0.0000 5.4962  
        motion_blur:core/absmax#2:else:exs                                                                                                                                        0.0000 5.4962  
        motion_blur:core/absmax#2:else:exs.itm                                                                                                                                    0.0000 5.4962  
        motion_blur:core/absmax#2:else:and                          mgc_and_10_2                                                                                                  0.2625 5.7587  
        motion_blur:core/absmax#2:else:and.itm                                                                                                                                    0.0000 5.7587  
        motion_blur:core/absmax#2:or                                mgc_or_10_2                                                                                                   0.2679 6.0266  
        motion_blur:core/absmax#2:or.itm                                                                                                                                          0.0000 6.0266  
        motion_blur:core/reg(vout:rsc:mgc_out_stdreg.d)#1           mgc_reg_pos_10_1_0_0_0_1_1                                                                                    0.0000 6.0266  
                                                                                                                                                                                                 
      6                                                             motion_blur:core/reg(regs.regs:slc(regs.regs(4).sg1)#1.itm) motion_blur:core/reg(vout:rsc:mgc_out_stdreg.d)#2 6.0266 13.9734 
                                                                                                                                                                                                 
        Instance                                                    Component                                                                                                     Delta  Delay   
        --------                                                    ---------                                                                                                     -----  -----   
        motion_blur:core/reg(regs.regs:slc(regs.regs(4).sg1)#1.itm) mgc_reg_pos_10_1_0_0_0_1_1                                                                                    0.0000 0.0000  
        motion_blur:core/regs.regs:slc(regs.regs(4).sg1)#1.itm                                                                                                                    0.0000 0.0000  
        motion_blur:core/ACC1:if#1:acc#32                           mgc_add_10_0_10_0_11                                                                                          1.3014 1.3014  
        motion_blur:core/ACC1:if#1:acc#32.itm                                                                                                                                     0.0000 1.3014  
        motion_blur:core/ACC1:if#1:acc#34                           mgc_add_11_0_10_0_12                                                                                          1.3701 2.6715  
        motion_blur:core/ACC1:if#1:acc#34.itm                                                                                                                                     0.0000 2.6715  
        motion_blur:core/ACC2-5:acc#2                               mgc_add_12_0_11_0_13                                                                                          1.4360 4.1075  
        motion_blur:core/ACC2-5:acc#2.psp.sva                                                                                                                                     0.0000 4.1075  
        motion_blur:core/slc(ACC2-5:acc#2.psp.sva)                                                                                                                                0.0000 4.1075  
        motion_blur:core/slc(ACC2-5:acc#2.psp.sva).itm                                                                                                                            0.0000 4.1075  
        motion_blur:core/absmax#1:else:not                          mgc_not_10                                                                                                    0.0000 4.1075  
        motion_blur:core/absmax#1:else:not.itm                                                                                                                                    0.0000 4.1075  
        motion_blur:core/conc#26                                                                                                                                                  0.0000 4.1075  
        motion_blur:core/conc#26.itm                                                                                                                                              0.0000 4.1075  
        motion_blur:core/absmax#1:else:acc                          mgc_add_11_0_2_1_11                                                                                           1.3887 5.4962  
        motion_blur:core/absmax#1:else:acc.itm                                                                                                                                    0.0000 5.4962  
        motion_blur:core/absmax#1:else:slc                                                                                                                                        0.0000 5.4962  
        motion_blur:core/absmax#1:else:slc.itm                                                                                                                                    0.0000 5.4962  
        motion_blur:core/absmax#1:else:exs                                                                                                                                        0.0000 5.4962  
        motion_blur:core/absmax#1:else:exs.itm                                                                                                                                    0.0000 5.4962  
        motion_blur:core/absmax#1:else:and                          mgc_and_10_2                                                                                                  0.2625 5.7587  
        motion_blur:core/absmax#1:else:and.itm                                                                                                                                    0.0000 5.7587  
        motion_blur:core/absmax#1:or                                mgc_or_10_2                                                                                                   0.2679 6.0266  
        motion_blur:core/absmax#1:or.itm                                                                                                                                          0.0000 6.0266  
        motion_blur:core/reg(vout:rsc:mgc_out_stdreg.d)#2           mgc_reg_pos_10_1_0_0_0_1_1                                                                                    0.0000 6.0266  
                                                                                                                                                                                                 
      7                                                             motion_blur:core/reg(regs.regs(3).sg1.sva#1)                motion_blur:core/reg(vout:rsc:mgc_out_stdreg.d)   5.1398 14.8602 
                                                                                                                                                                                                 
        Instance                                                    Component                                                                                                     Delta  Delay   
        --------                                                    ---------                                                                                                     -----  -----   
        motion_blur:core/reg(regs.regs(3).sg1.sva#1)                mgc_reg_pos_30_1_0_0_0_1_1                                                                                    0.0000 0.0000  
        motion_blur:core/reg(regs.regs(3).sg1.sva#1).cse                                                                                                                          0.0000 0.0000  
        motion_blur:core/slc(regs.regs(3).sg1.sva#1)#2                                                                                                                            0.0000 0.0000  
        motion_blur:core/slc(regs.regs(3).sg1.sva#1)#2.itm                                                                                                                        0.0000 0.0000  
        motion_blur:core/ACC1:if#1:acc#31                           mgc_add_10_0_10_0_11                                                                                          1.3014 1.3014  
        motion_blur:core/ACC1:if#1:acc#31.itm                                                                                                                                     0.0000 1.3014  
        motion_blur:core/ACC1:if#1:acc                              mgc_add_11_0_10_0_12                                                                                          1.3701 2.6715  
        motion_blur:core/ACC1:if#1:acc.itm                                                                                                                                        0.0000 2.6715  
        motion_blur:core/ACC2-5:acc#1                               mgc_add_12_0_11_0_13                                                                                          1.4360 4.1075  
        motion_blur:core/ACC2-5:acc#1.psp.sva                                                                                                                                     0.0000 4.1075  
        motion_blur:core/slc(ACC2-5:acc#1.psp.sva)#1                                                                                                                              0.0000 4.1075  
        motion_blur:core/slc(ACC2-5:acc#1.psp.sva)#1.itm                                                                                                                          0.0000 4.1075  
        motion_blur:core/absmax:if:not                              mgc_not_3                                                                                                     0.0000 4.1075  
        motion_blur:core/absmax:if:not.itm                                                                                                                                        0.0000 4.1075  
        motion_blur:core/absmax:if:acc                              mgc_add_3_0_2_1_3                                                                                             0.7644 4.8719  
        motion_blur:core/absmax:if:acc.itm                                                                                                                                        0.0000 4.8719  
        motion_blur:core/absmax:slc                                                                                                                                               0.0000 4.8719  
        motion_blur:core/absmax:slc.itm                                                                                                                                           0.0000 4.8719  
        motion_blur:core/absmax:exs                                                                                                                                               0.0000 4.8719  
        motion_blur:core/absmax:exs.itm                                                                                                                                           0.0000 4.8719  
        motion_blur:core/absmax:or                                  mgc_or_10_2                                                                                                   0.2679 5.1398  
        motion_blur:core/absmax:or.itm                                                                                                                                            0.0000 5.1398  
        motion_blur:core/reg(vout:rsc:mgc_out_stdreg.d)             mgc_reg_pos_10_1_0_0_0_1_1                                                                                    0.0000 5.1398  
                                                                                                                                                                                                 
      8                                                             motion_blur:core/reg(regs.regs(3).sg1.sva#1)                motion_blur:core/reg(vout:rsc:mgc_out_stdreg.d)#1 5.1398 14.8602 
                                                                                                                                                                                                 
        Instance                                                    Component                                                                                                     Delta  Delay   
        --------                                                    ---------                                                                                                     -----  -----   
        motion_blur:core/reg(regs.regs(3).sg1.sva#1)                mgc_reg_pos_30_1_0_0_0_1_1                                                                                    0.0000 0.0000  
        motion_blur:core/reg(regs.regs(3).sg1.sva#1).cse                                                                                                                          0.0000 0.0000  
        motion_blur:core/slc(regs.regs(3).sg1.sva#1)                                                                                                                              0.0000 0.0000  
        motion_blur:core/slc(regs.regs(3).sg1.sva#1).itm                                                                                                                          0.0000 0.0000  
        motion_blur:core/ACC1:if#1:acc#35                           mgc_add_10_0_10_0_11                                                                                          1.3014 1.3014  
        motion_blur:core/ACC1:if#1:acc#35.itm                                                                                                                                     0.0000 1.3014  
        motion_blur:core/ACC1:if#1:acc#37                           mgc_add_11_0_10_0_12                                                                                          1.3701 2.6715  
        motion_blur:core/ACC1:if#1:acc#37.itm                                                                                                                                     0.0000 2.6715  
        motion_blur:core/ACC2-5:acc#3                               mgc_add_12_0_11_0_13                                                                                          1.4360 4.1075  
        motion_blur:core/ACC2-5:acc#3.psp.sva                                                                                                                                     0.0000 4.1075  
        motion_blur:core/slc(ACC2-5:acc#3.psp.sva)#1                                                                                                                              0.0000 4.1075  
        motion_blur:core/slc(ACC2-5:acc#3.psp.sva)#1.itm                                                                                                                          0.0000 4.1075  
        motion_blur:core/absmax#2:if:not                            mgc_not_3                                                                                                     0.0000 4.1075  
        motion_blur:core/absmax#2:if:not.itm                                                                                                                                      0.0000 4.1075  
        motion_blur:core/absmax#2:if:acc                            mgc_add_3_0_2_1_3                                                                                             0.7644 4.8719  
        motion_blur:core/absmax#2:if:acc.itm                                                                                                                                      0.0000 4.8719  
        motion_blur:core/absmax#2:slc                                                                                                                                             0.0000 4.8719  
        motion_blur:core/absmax#2:slc.itm                                                                                                                                         0.0000 4.8719  
        motion_blur:core/absmax#2:exs                                                                                                                                             0.0000 4.8719  
        motion_blur:core/absmax#2:exs.itm                                                                                                                                         0.0000 4.8719  
        motion_blur:core/absmax#2:or                                mgc_or_10_2                                                                                                   0.2679 5.1398  
        motion_blur:core/absmax#2:or.itm                                                                                                                                          0.0000 5.1398  
        motion_blur:core/reg(vout:rsc:mgc_out_stdreg.d)#1           mgc_reg_pos_10_1_0_0_0_1_1                                                                                    0.0000 5.1398  
                                                                                                                                                                                                 
      9                                                             motion_blur:core/reg(regs.regs:slc(regs.regs(4).sg1).itm)   motion_blur:core/reg(vout:rsc:mgc_out_stdreg.d)   5.1398 14.8602 
                                                                                                                                                                                                 
        Instance                                                    Component                                                                                                     Delta  Delay   
        --------                                                    ---------                                                                                                     -----  -----   
        motion_blur:core/reg(regs.regs:slc(regs.regs(4).sg1).itm)   mgc_reg_pos_10_1_0_0_0_1_1                                                                                    0.0000 0.0000  
        motion_blur:core/regs.regs:slc(regs.regs(4).sg1).itm                                                                                                                      0.0000 0.0000  
        motion_blur:core/ACC1:if#1:acc#31                           mgc_add_10_0_10_0_11                                                                                          1.3014 1.3014  
        motion_blur:core/ACC1:if#1:acc#31.itm                                                                                                                                     0.0000 1.3014  
        motion_blur:core/ACC1:if#1:acc                              mgc_add_11_0_10_0_12                                                                                          1.3701 2.6715  
        motion_blur:core/ACC1:if#1:acc.itm                                                                                                                                        0.0000 2.6715  
        motion_blur:core/ACC2-5:acc#1                               mgc_add_12_0_11_0_13                                                                                          1.4360 4.1075  
        motion_blur:core/ACC2-5:acc#1.psp.sva                                                                                                                                     0.0000 4.1075  
        motion_blur:core/slc(ACC2-5:acc#1.psp.sva)#1                                                                                                                              0.0000 4.1075  
        motion_blur:core/slc(ACC2-5:acc#1.psp.sva)#1.itm                                                                                                                          0.0000 4.1075  
        motion_blur:core/absmax:if:not                              mgc_not_3                                                                                                     0.0000 4.1075  
        motion_blur:core/absmax:if:not.itm                                                                                                                                        0.0000 4.1075  
        motion_blur:core/absmax:if:acc                              mgc_add_3_0_2_1_3                                                                                             0.7644 4.8719  
        motion_blur:core/absmax:if:acc.itm                                                                                                                                        0.0000 4.8719  
        motion_blur:core/absmax:slc                                                                                                                                               0.0000 4.8719  
        motion_blur:core/absmax:slc.itm                                                                                                                                           0.0000 4.8719  
        motion_blur:core/absmax:exs                                                                                                                                               0.0000 4.8719  
        motion_blur:core/absmax:exs.itm                                                                                                                                           0.0000 4.8719  
        motion_blur:core/absmax:or                                  mgc_or_10_2                                                                                                   0.2679 5.1398  
        motion_blur:core/absmax:or.itm                                                                                                                                            0.0000 5.1398  
        motion_blur:core/reg(vout:rsc:mgc_out_stdreg.d)             mgc_reg_pos_10_1_0_0_0_1_1                                                                                    0.0000 5.1398  
                                                                                                                                                                                                 
      10                                                            motion_blur:core/reg(regs.regs:slc(regs.regs(4).sg1)#2.itm) motion_blur:core/reg(vout:rsc:mgc_out_stdreg.d)#1 5.1398 14.8602 
                                                                                                                                                                                                 
        Instance                                                    Component                                                                                                     Delta  Delay   
        --------                                                    ---------                                                                                                     -----  -----   
        motion_blur:core/reg(regs.regs:slc(regs.regs(4).sg1)#2.itm) mgc_reg_pos_10_1_0_0_0_1_1                                                                                    0.0000 0.0000  
        motion_blur:core/regs.regs:slc(regs.regs(4).sg1)#2.itm                                                                                                                    0.0000 0.0000  
        motion_blur:core/ACC1:if#1:acc#35                           mgc_add_10_0_10_0_11                                                                                          1.3014 1.3014  
        motion_blur:core/ACC1:if#1:acc#35.itm                                                                                                                                     0.0000 1.3014  
        motion_blur:core/ACC1:if#1:acc#37                           mgc_add_11_0_10_0_12                                                                                          1.3701 2.6715  
        motion_blur:core/ACC1:if#1:acc#37.itm                                                                                                                                     0.0000 2.6715  
        motion_blur:core/ACC2-5:acc#3                               mgc_add_12_0_11_0_13                                                                                          1.4360 4.1075  
        motion_blur:core/ACC2-5:acc#3.psp.sva                                                                                                                                     0.0000 4.1075  
        motion_blur:core/slc(ACC2-5:acc#3.psp.sva)#1                                                                                                                              0.0000 4.1075  
        motion_blur:core/slc(ACC2-5:acc#3.psp.sva)#1.itm                                                                                                                          0.0000 4.1075  
        motion_blur:core/absmax#2:if:not                            mgc_not_3                                                                                                     0.0000 4.1075  
        motion_blur:core/absmax#2:if:not.itm                                                                                                                                      0.0000 4.1075  
        motion_blur:core/absmax#2:if:acc                            mgc_add_3_0_2_1_3                                                                                             0.7644 4.8719  
        motion_blur:core/absmax#2:if:acc.itm                                                                                                                                      0.0000 4.8719  
        motion_blur:core/absmax#2:slc                                                                                                                                             0.0000 4.8719  
        motion_blur:core/absmax#2:slc.itm                                                                                                                                         0.0000 4.8719  
        motion_blur:core/absmax#2:exs                                                                                                                                             0.0000 4.8719  
        motion_blur:core/absmax#2:exs.itm                                                                                                                                         0.0000 4.8719  
        motion_blur:core/absmax#2:or                                mgc_or_10_2                                                                                                   0.2679 5.1398  
        motion_blur:core/absmax#2:or.itm                                                                                                                                          0.0000 5.1398  
        motion_blur:core/reg(vout:rsc:mgc_out_stdreg.d)#1           mgc_reg_pos_10_1_0_0_0_1_1                                                                                    0.0000 5.1398  
                                                                                                                                                                                                 
      
    Register Input and Register-to-Output Slack
      Clock period or pin-to-reg delay constraint (clk): 20.0
      Clock uncertainty constraint (clk)               : 0.0
      
      Instance                                                    Port                              Slack (Delay) Messages 
      ----------------------------------------------------------- ------------------------------- ------- ------- --------
      motion_blur:core/reg(regs.regs(3).sg1.sva#1)                reg(regs.regs(2).sg1.sva#1).cse 15.3435  4.6565          
      motion_blur:core/reg(regs.regs:slc(regs.regs(4).sg1)#2.itm) slc(regs.regs(3).sg1.sva).itm   20.0000  0.0000          
      motion_blur:core/reg(regs.regs(0).sg1.sva)                  SHIFT:if:else:else:if:slc#4.itm 20.0000  0.0000          
      motion_blur:core/reg(regs.regs(2).sg1.sva#1)                reg(regs.regs(0).sg1.sva).cse   15.3435  4.6565          
      motion_blur:core/reg(regs.regs:slc(regs.regs(4).sg1)#1.itm) slc(regs.regs(3).sg1.sva)#1.itm 20.0000  0.0000          
      motion_blur:core/reg(regs.regs:slc(regs.regs(4).sg1).itm)   slc(regs.regs(3).sg1.sva)#2.itm 20.0000  0.0000          
      motion_blur:core/reg(vout:rsc:mgc_out_stdreg.d)             absmax:or.itm                   13.9734  6.0266          
      motion_blur:core/reg(vout:rsc:mgc_out_stdreg.d)#1           absmax#2:or.itm                 13.9734  6.0266          
      motion_blur:core/reg(vout:rsc:mgc_out_stdreg.d)#2           absmax#1:or.itm                 13.9734  6.0266          
      motion_blur                                                 vout:rsc.z                      20.0000  0.0000          
      
  Operator Bitwidth Summary
    Operation  Size (bits) Count 
    ---------- ----------- -----
    add                          
    -                   13     3 
    -                   12     3 
    -                   11     9 
    -                    3     3 
    and                          
    -                    2     3 
    not                          
    -                   10     3 
    -                    3     3 
    or                           
    -                    2     3 
    read_port                    
    -                  150     1 
    reg                          
    -                   30     3 
    -                   10     6 
    write_port                   
    -                   30     1 
    
  End of Report
