-- Catapult University Version: Report                                              
-- ---------------------------- ---------------------------------------------------
-- Version:                     2011a.126 Production Release                        
-- Build Date:                  Wed Aug  8 00:52:07 PDT 2012                        
                                                                                    
-- Generated by:                rbw14@EEWS104A-013                                  
-- Generated date:              Wed May 06 11:53:27 +0100 2015                      

Solution Settings: edge_detect.v1
  Current state: extract
  Project: Edge3
  
  Design Input Files Specified
    $PROJECT_HOME/../edge_detect_c/edge3.c
      $MGC_HOME/shared/include/ac_fixed.h
        $MGC_HOME/shared/include/ac_int.h
      $PROJECT_HOME/../edge_detect_c/edge.h
      $PROJECT_HOME/../edge_detect_c/shift_class.h
    $PROJECT_HOME/../edge_detect_c/edge.h
      $MGC_HOME/shared/include/ac_int.h
    $PROJECT_HOME/../edge_detect_c/shift_class.h
  
  Processes/Blocks in Design
    Process           Real Operation(s) count Latency Throughput Reset Length II Comments 
    ----------------- ----------------------- ------- ---------- ------------ -- --------
    /edge_detect/core                     336      15         15            0  1          
    Design Total:                         336      15         15            0  0          
    
  Bill Of Materials (Datapath)
    Component Name                          Area Score Area(DSP_block_9-bit_elems) Area(LUTs) Delay Post Alloc Post Assign 
    --------------------------------------- ---------- --------------------------- ---------- ----- ---------- -----------
    [Lib: mgc_Altera-Cyclone-III-6_beh_psr]                                                                                
    mgc_add(10,0,2,1,10)                        11.000                       0.000     11.000 1.320          1           1 
    mgc_add(15,0,2,1,16)                        16.000                       0.000     16.000 1.491          8           8 
    mgc_add(16,0,12,1,16)                       17.000                       0.000     17.000 1.696          6           6 
    mgc_add(16,0,16,0,16)                       17.189                       0.000     17.189 1.690          9           9 
    mgc_add(2,0,1,0,2)                           3.315                       0.000      3.315 0.658          0           5 
    mgc_add(2,0,1,1,2)                           3.000                       0.000      3.000 0.658          1           1 
    mgc_add(2,0,2,0,2)                           3.311                       0.000      3.311 0.653          5           5 
    mgc_add(2,0,2,0,3)                           3.311                       0.000      3.311 0.653          2           3 
    mgc_add(3,0,3,0,3)                           4.302                       0.000      4.302 0.761          5           0 
    mgc_add(3,0,3,0,4)                           4.302                       0.000      4.302 0.761          1           0 
    mgc_add(4,0,4,1,5)                           5.000                       0.000      5.000 0.691          4           4 
    mgc_add(5,0,4,1,5)                           6.000                       0.000      6.000 0.940          4           4 
    mgc_add(6,1,2,1,7)                           7.000                       0.000      7.000 0.865          9           9 
    mgc_and(1,2)                                 0.730                       0.000      0.730 0.263          0          21 
    mgc_and(1,3)                                 1.054                       0.000      1.054 0.416          0           4 
    mgc_and(16,2)                               11.677                       0.000     11.677 0.263         24          24 
    mgc_and(2,2)                                 1.460                       0.000      1.460 0.263          7           0 
    mgc_mul(3,1,10,0,12)                       335.000                       2.000     15.000 3.108          6           6 
    mgc_mux(1,1,2)                               0.919                       0.000      0.919 0.369          3           4 
    mgc_mux(10,1,2)                              9.194                       0.000      9.194 0.369          1           1 
    mgc_mux(10,5,32)                           205.163                       0.000    205.163 2.639          4           4 
    mgc_mux(16,1,2)                             14.711                       0.000     14.711 0.369         24          24 
    mgc_mux(16,2,4)                             35.614                       0.000     35.614 0.936         12          12 
    mgc_mux(2,1,2)                               1.839                       0.000      1.839 0.369          0           8 
    mgc_mux(3,1,2)                               2.758                       0.000      2.758 0.369          2           0 
    mgc_mux(3,4,16)                             30.194                       0.000     30.194 2.071          3           3 
    mgc_mux(30,1,2)                             27.583                       0.000     27.583 0.369          0           1 
    mgc_mux(90,1,2)                             82.748                       0.000     82.748 0.369          5           4 
    mgc_mux(90,2,4)                            200.329                       0.000    200.329 0.936          2           2 
    mgc_mux1hot(16,3)                           35.034                       0.000     35.034 0.773          8           8 
    mgc_mux1hot(2,3)                             4.379                       0.000      4.379 0.773          3           0 
    mgc_mux1hot(2,4)                             5.659                       0.000      5.659 0.876          2           0 
    mgc_nand(1,2)                                0.730                       0.000      0.730 0.268          0           1 
    mgc_nor(1,2)                                 0.730                       0.000      0.730 0.263          0          13 
    mgc_nor(1,3)                                 1.054                       0.000      1.054 0.416          0           1 
    mgc_nor(1,4)                                 1.379                       0.000      1.379 0.525          0           1 
    mgc_nor(2,2)                                 1.460                       0.000      1.460 0.263          0          10 
    mgc_not(1)                                   0.000                       0.000      0.000 0.000          0          51 
    mgc_not(10)                                  0.000                       0.000      0.000 0.000          0           1 
    mgc_not(15)                                  0.000                       0.000      0.000 0.000          0           8 
    mgc_not(2)                                   0.000                       0.000      0.000 0.000          0           2 
    mgc_not(6)                                   0.000                       0.000      0.000 0.000          0           9 
    mgc_or(1,2)                                  0.730                       0.000      0.730 0.268          0           7 
    mgc_or(1,3)                                  1.054                       0.000      1.054 0.425          0           9 
    mgc_or(10,3)                                10.545                       0.000     10.545 0.425          1           1 
    mgc_or(6,2)                                  4.379                       0.000      4.379 0.268          1           1 
    mgc_reg_pos(1,1,0,0,0,1,1)                   0.000                       0.000      0.000 0.000          0           4 
    mgc_reg_pos(16,1,0,0,0,1,1)                  0.000                       0.000      0.000 0.000          0          24 
    mgc_reg_pos(2,1,0,0,0,1,1)                   0.000                       0.000      0.000 0.000          0           6 
    mgc_reg_pos(30,1,0,0,0,1,1)                  0.000                       0.000      0.000 0.000          0           1 
    mgc_reg_pos(90,1,0,0,0,1,1)                  0.000                       0.000      0.000 0.000          0           4 
    mgc_shift_r(90,0,7,10)                     282.912                       0.000    265.435 4.041          2           2 
    [Lib: mgc_ioport]                                                                                                      
    mgc_in_wire(1,90)                            0.000                       0.000      0.000 0.000          1           1 
    mgc_out_stdreg(2,30)                         0.000                       0.000      0.000 0.000          1           1 
                                                                                                                           
    TOTAL AREA (After Assignment):            6239.906                      12.000   4285.000                              
    
  Area Scores
                      Post-Scheduling   Post-DP & FSM Post-Assignment 
    ----------------- --------------- --------------- ---------------
    Total Area Score:   6264.2          6334.7          6239.9        
    Total Reg:             0.0             0.0             0.0        
                                                                      
    DataPath:           6264.2 (100%)   6334.7 (100%)   6239.9 (100%) 
      MUX:              2828.3  (45%)   2846.1  (45%)   2758.8  (44%) 
      FUNC:             3130.5  (50%)   3129.5  (49%)   3124.6  (50%) 
      LOGIC:             305.4   (5%)    359.0   (6%)    356.6   (6%) 
      BUFFER:              0.0             0.0             0.0        
      MEM:                 0.0             0.0             0.0        
      ROM:                 0.0             0.0             0.0        
      REG:                 0.0             0.0             0.0        
                                                                      
    
    FSM:                   0.0             0.0             0.0        
      FSM-REG:             0.0             0.0             0.0        
      FSM-COMB:            0.0             0.0             0.0        
                                                                      
    
  Register-to-Variable Mappings
    Register                      Size(bits) Gated Register CG Opt Done Variables                                             
    ----------------------------- ---------- -------------- ----------- -----------------------------------------------------
    regs.operator<<:din.lpi#1.dfm         90         Y                  regs.operator<<:din.lpi#1.dfm                         
    regs.regs(0).sva                      90         Y                  regs.regs(0).sva                                      
    regs.regs(1).sva                      90         Y                  regs.regs(1).sva                                      
    regs.regs(2).sva                      90         Y                  regs.regs(2).sva                                      
    vout:rsc:mgc_out_stdreg.d             30         Y                  vout:rsc:mgc_out_stdreg.d                             
    blue_x(0).lpi#1                       16         Y                  blue_x(0).lpi#1                                       
    blue_x(1).lpi#1                       16         Y                  blue_x(1).lpi#1                                       
    blue_x(2).lpi#1                       16         Y                  blue_x(2).lpi#1                                       
    blue_y(0).lpi#1                       16         Y                  blue_y(0).lpi#1                                       
    blue_y(1).lpi#1                       16         Y                  blue_y(1).lpi#1                                       
    blue_y(2).lpi#1                       16         Y                  blue_y(2).lpi#1                                       
    bluex.lpi#1                           16         Y                  bluex.lpi#1                                           
    bluey.lpi#1                           16         Y                  bluey.lpi#1                                           
    green_x(0).lpi#1                      16         Y                  green_x(0).lpi#1                                      
    green_x(1).lpi#1                      16         Y                  green_x(1).lpi#1                                      
    green_x(2).lpi#1                      16         Y                  green_x(2).lpi#1                                      
    green_y(0).lpi#1                      16         Y                  green_y(0).lpi#1                                      
    green_y(1).lpi#1                      16         Y                  green_y(1).lpi#1                                      
    green_y(2).lpi#1                      16         Y                  green_y(2).lpi#1                                      
    greenx.lpi#1                          16         Y                  greenx.lpi#1                                          
    greeny.lpi#1                          16         Y                  greeny.lpi#1                                          
    red_x(0).lpi#1                        16         Y                  red_x(0).lpi#1                                        
    red_x(1).lpi#1                        16         Y                  red_x(1).lpi#1                                        
    red_x(2).lpi#1                        16         Y                  red_x(2).lpi#1                                        
    red_y(0).lpi#1                        16         Y                  red_y(0).lpi#1                                        
    red_y(1).lpi#1                        16         Y                  red_y(1).lpi#1                                        
    red_y(2).lpi#1                        16         Y                  red_y(2).lpi#1                                        
    redx.lpi#1                            16         Y                  redx.lpi#1                                            
    redy.lpi#1                            16         Y                  redy.lpi#1                                            
    FRAME:a#4.lpi#1                        2         Y                  FRAME:a#4.lpi#1                                       
    FRAME:a#5.lpi#1                        2         Y                  FRAME:a#5.lpi#1                                       
    FRAME:a#6.lpi#1                        2         Y                  FRAME:a#6.lpi#1                                       
    FRAME:i#2.lpi#1                        2         Y                  FRAME:i#2.lpi#1                                       
    FRAME:i#3.lpi#1                        2         Y                  FRAME:i#3.lpi#1                                       
    SHIFT:i#1.lpi#3                        2         Y                  SHIFT:i#1.lpi#3                                       
    exit:ACC3.sva                          1         Y                  exit:ACC3.sva                                         
    exit:ACC_GX#1.lpi#1                    1         Y                  exit:ACC_GX#1.lpi#1                                   
    exit:ACC_GX:for.sva                    1         Y                  exit:ACC_GX:for.sva                                   
    exit:SHIFT.lpi#1                       1         Y                  exit:SHIFT.lpi#1                                      
                                                                                                                              
    Total:                               790            790           0 (Total Gating Ratio: 1.00, CG Opt Gating Ratio: 0.00) 
    
  Timing Report
    Critical Path
      Max Delay:  10.844854999999999
      Slack:      9.155145000000001
      
      Path                                                  Startpoint                            Endpoint                             Delay   Slack   
      ----------------------------------------------------- ------------------------------------- ------------------------------------ ------- -------
      1                                                     edge_detect:core/reg(FRAME:a#5.lpi#1) edge_detect:core/reg(red_x(2).lpi#1) 10.8449 9.1551  
                                                                                                                                                       
        Instance                                            Component                                                                  Delta   Delay   
        --------                                            ---------                                                                  -----   -----   
        edge_detect:core/reg(FRAME:a#5.lpi#1)               mgc_reg_pos_2_1_0_0_0_1_1                                                  0.0000  0.0000  
        edge_detect:core/FRAME:a#5.lpi#1                                                                                               0.0000  0.0000  
        edge_detect:core/ACC_GX:for:not#1                   mgc_not_2                                                                  0.0000  0.0000  
        edge_detect:core/ACC_GX:for:not#1.itm                                                                                          0.0000  0.0000  
        edge_detect:core/conc#199                                                                                                      0.0000  0.0000  
        edge_detect:core/conc#199.itm                                                                                                  0.0000  0.0000  
        edge_detect:core/ACC_GX:for:acc#13                  mgc_add_5_0_4_1_5                                                          0.9400  0.9400  
        edge_detect:core/ACC_GX:for:acc#13.psp.sva                                                                                     0.0000  0.9400  
        edge_detect:core/slc(ACC_GX:for:acc#13.psp.sva)                                                                                0.0000  0.9400  
        edge_detect:core/slc(ACC_GX:for:acc#13.psp.sva).itm                                                                            0.0000  0.9400  
        edge_detect:core/ACC_GX:for:acc#3                   mgc_add_4_0_4_1_5                                                          0.6911  1.6311  
        edge_detect:core/ACC_GX:for:acc#3.itm                                                                                          0.0000  1.6311  
        edge_detect:core/ACC_GX:for:conc                                                                                               0.0000  1.6311  
        edge_detect:core/ACC_GX:for:conc.itm                                                                                           0.0000  1.6311  
        edge_detect:core/ACC_GX:for:rshift.rg               mgc_shift_r_90_0_7_10                                                      4.0410  5.6721  
        edge_detect:core/ACC_GX:for:rshift.itm                                                                                         0.0000  5.6721  
        edge_detect:core/ACC_GX:for:mul#1                   mgc_mul_3_1_10_0_12                                                        3.1077  8.7799  
        edge_detect:core/ACC_GX:for:mul#1.itm                                                                                          0.0000  8.7799  
        edge_detect:core/ACC_GX:for:acc#1                   mgc_add_16_0_12_1_16                                                       1.6960  10.4759 
        edge_detect:core/ACC_GX:for:acc#1.ctmp.sva                                                                                     0.0000  10.4759 
        edge_detect:core/mux#21                             mgc_mux_16_1_2                                                             0.3690  10.8449 
        edge_detect:core/mux#21.itm                                                                                                    0.0000  10.8449 
        edge_detect:core/reg(red_x(2).lpi#1)                mgc_reg_pos_16_1_0_0_0_1_1                                                 0.0000  10.8449 
                                                                                                                                                       
      2                                                     edge_detect:core/reg(FRAME:a#5.lpi#1) edge_detect:core/reg(red_x(0).lpi#1) 10.8449 9.1551  
                                                                                                                                                       
        Instance                                            Component                                                                  Delta   Delay   
        --------                                            ---------                                                                  -----   -----   
        edge_detect:core/reg(FRAME:a#5.lpi#1)               mgc_reg_pos_2_1_0_0_0_1_1                                                  0.0000  0.0000  
        edge_detect:core/FRAME:a#5.lpi#1                                                                                               0.0000  0.0000  
        edge_detect:core/ACC_GX:for:not#1                   mgc_not_2                                                                  0.0000  0.0000  
        edge_detect:core/ACC_GX:for:not#1.itm                                                                                          0.0000  0.0000  
        edge_detect:core/conc#199                                                                                                      0.0000  0.0000  
        edge_detect:core/conc#199.itm                                                                                                  0.0000  0.0000  
        edge_detect:core/ACC_GX:for:acc#13                  mgc_add_5_0_4_1_5                                                          0.9400  0.9400  
        edge_detect:core/ACC_GX:for:acc#13.psp.sva                                                                                     0.0000  0.9400  
        edge_detect:core/slc(ACC_GX:for:acc#13.psp.sva)                                                                                0.0000  0.9400  
        edge_detect:core/slc(ACC_GX:for:acc#13.psp.sva).itm                                                                            0.0000  0.9400  
        edge_detect:core/ACC_GX:for:acc#3                   mgc_add_4_0_4_1_5                                                          0.6911  1.6311  
        edge_detect:core/ACC_GX:for:acc#3.itm                                                                                          0.0000  1.6311  
        edge_detect:core/ACC_GX:for:conc                                                                                               0.0000  1.6311  
        edge_detect:core/ACC_GX:for:conc.itm                                                                                           0.0000  1.6311  
        edge_detect:core/ACC_GX:for:rshift.rg               mgc_shift_r_90_0_7_10                                                      4.0410  5.6721  
        edge_detect:core/ACC_GX:for:rshift.itm                                                                                         0.0000  5.6721  
        edge_detect:core/ACC_GX:for:mul#1                   mgc_mul_3_1_10_0_12                                                        3.1077  8.7799  
        edge_detect:core/ACC_GX:for:mul#1.itm                                                                                          0.0000  8.7799  
        edge_detect:core/ACC_GX:for:acc#1                   mgc_add_16_0_12_1_16                                                       1.6960  10.4759 
        edge_detect:core/ACC_GX:for:acc#1.ctmp.sva                                                                                     0.0000  10.4759 
        edge_detect:core/mux#23                             mgc_mux_16_1_2                                                             0.3690  10.8449 
        edge_detect:core/mux#23.itm                                                                                                    0.0000  10.8449 
        edge_detect:core/reg(red_x(0).lpi#1)                mgc_reg_pos_16_1_0_0_0_1_1                                                 0.0000  10.8449 
                                                                                                                                                       
      3                                                     edge_detect:core/reg(FRAME:a#5.lpi#1) edge_detect:core/reg(red_x(0).lpi#1) 10.8449 9.1551  
                                                                                                                                                       
        Instance                                            Component                                                                  Delta   Delay   
        --------                                            ---------                                                                  -----   -----   
        edge_detect:core/reg(FRAME:a#5.lpi#1)               mgc_reg_pos_2_1_0_0_0_1_1                                                  0.0000  0.0000  
        edge_detect:core/FRAME:a#5.lpi#1                                                                                               0.0000  0.0000  
        edge_detect:core/slc(FRAME:a#5.lpi#1)                                                                                          0.0000  0.0000  
        edge_detect:core/slc(FRAME:a#5.lpi#1).itm                                                                                      0.0000  0.0000  
        edge_detect:core/conc#200                                                                                                      0.0000  0.0000  
        edge_detect:core/conc#200.itm                                                                                                  0.0000  0.0000  
        edge_detect:core/ACC_GX:for:acc#13                  mgc_add_5_0_4_1_5                                                          0.9400  0.9400  
        edge_detect:core/ACC_GX:for:acc#13.psp.sva                                                                                     0.0000  0.9400  
        edge_detect:core/slc(ACC_GX:for:acc#13.psp.sva)                                                                                0.0000  0.9400  
        edge_detect:core/slc(ACC_GX:for:acc#13.psp.sva).itm                                                                            0.0000  0.9400  
        edge_detect:core/ACC_GX:for:acc#3                   mgc_add_4_0_4_1_5                                                          0.6911  1.6311  
        edge_detect:core/ACC_GX:for:acc#3.itm                                                                                          0.0000  1.6311  
        edge_detect:core/ACC_GX:for:conc                                                                                               0.0000  1.6311  
        edge_detect:core/ACC_GX:for:conc.itm                                                                                           0.0000  1.6311  
        edge_detect:core/ACC_GX:for:rshift.rg               mgc_shift_r_90_0_7_10                                                      4.0410  5.6721  
        edge_detect:core/ACC_GX:for:rshift.itm                                                                                         0.0000  5.6721  
        edge_detect:core/ACC_GX:for:mul#1                   mgc_mul_3_1_10_0_12                                                        3.1077  8.7799  
        edge_detect:core/ACC_GX:for:mul#1.itm                                                                                          0.0000  8.7799  
        edge_detect:core/ACC_GX:for:acc#1                   mgc_add_16_0_12_1_16                                                       1.6960  10.4759 
        edge_detect:core/ACC_GX:for:acc#1.ctmp.sva                                                                                     0.0000  10.4759 
        edge_detect:core/mux#23                             mgc_mux_16_1_2                                                             0.3690  10.8449 
        edge_detect:core/mux#23.itm                                                                                                    0.0000  10.8449 
        edge_detect:core/reg(red_x(0).lpi#1)                mgc_reg_pos_16_1_0_0_0_1_1                                                 0.0000  10.8449 
                                                                                                                                                       
      4                                                     edge_detect:core/reg(FRAME:a#6.lpi#1) edge_detect:core/reg(red_y(0).lpi#1) 10.8449 9.1551  
                                                                                                                                                       
        Instance                                            Component                                                                  Delta   Delay   
        --------                                            ---------                                                                  -----   -----   
        edge_detect:core/reg(FRAME:a#6.lpi#1)               mgc_reg_pos_2_1_0_0_0_1_1                                                  0.0000  0.0000  
        edge_detect:core/FRAME:a#6.lpi#1                                                                                               0.0000  0.0000  
        edge_detect:core/ACC_GY:for:not#1                   mgc_not_2                                                                  0.0000  0.0000  
        edge_detect:core/ACC_GY:for:not#1.itm                                                                                          0.0000  0.0000  
        edge_detect:core/conc#197                                                                                                      0.0000  0.0000  
        edge_detect:core/conc#197.itm                                                                                                  0.0000  0.0000  
        edge_detect:core/ACC_GY:for:acc#13                  mgc_add_5_0_4_1_5                                                          0.9400  0.9400  
        edge_detect:core/ACC_GY:for:acc#13.psp.sva                                                                                     0.0000  0.9400  
        edge_detect:core/slc(ACC_GY:for:acc#13.psp.sva)                                                                                0.0000  0.9400  
        edge_detect:core/slc(ACC_GY:for:acc#13.psp.sva).itm                                                                            0.0000  0.9400  
        edge_detect:core/ACC_GY:for:acc#3                   mgc_add_4_0_4_1_5                                                          0.6911  1.6311  
        edge_detect:core/ACC_GY:for:acc#3.itm                                                                                          0.0000  1.6311  
        edge_detect:core/ACC_GY:for:conc                                                                                               0.0000  1.6311  
        edge_detect:core/ACC_GY:for:conc.itm                                                                                           0.0000  1.6311  
        edge_detect:core/ACC_GY:for:rshift.rg               mgc_shift_r_90_0_7_10                                                      4.0410  5.6721  
        edge_detect:core/ACC_GY:for:rshift.itm                                                                                         0.0000  5.6721  
        edge_detect:core/ACC_GY:for:mul#1                   mgc_mul_3_1_10_0_12                                                        3.1077  8.7799  
        edge_detect:core/ACC_GY:for:mul#1.itm                                                                                          0.0000  8.7799  
        edge_detect:core/ACC_GY:for:acc#1                   mgc_add_16_0_12_1_16                                                       1.6960  10.4759 
        edge_detect:core/ACC_GY:for:acc#1.ctmp.sva                                                                                     0.0000  10.4759 
        edge_detect:core/mux#14                             mgc_mux_16_1_2                                                             0.3690  10.8449 
        edge_detect:core/mux#14.itm                                                                                                    0.0000  10.8449 
        edge_detect:core/reg(red_y(0).lpi#1)                mgc_reg_pos_16_1_0_0_0_1_1                                                 0.0000  10.8449 
                                                                                                                                                       
      5                                                     edge_detect:core/reg(FRAME:a#6.lpi#1) edge_detect:core/reg(red_y(1).lpi#1) 10.8449 9.1551  
                                                                                                                                                       
        Instance                                            Component                                                                  Delta   Delay   
        --------                                            ---------                                                                  -----   -----   
        edge_detect:core/reg(FRAME:a#6.lpi#1)               mgc_reg_pos_2_1_0_0_0_1_1                                                  0.0000  0.0000  
        edge_detect:core/FRAME:a#6.lpi#1                                                                                               0.0000  0.0000  
        edge_detect:core/ACC_GY:for:not#1                   mgc_not_2                                                                  0.0000  0.0000  
        edge_detect:core/ACC_GY:for:not#1.itm                                                                                          0.0000  0.0000  
        edge_detect:core/conc#197                                                                                                      0.0000  0.0000  
        edge_detect:core/conc#197.itm                                                                                                  0.0000  0.0000  
        edge_detect:core/ACC_GY:for:acc#13                  mgc_add_5_0_4_1_5                                                          0.9400  0.9400  
        edge_detect:core/ACC_GY:for:acc#13.psp.sva                                                                                     0.0000  0.9400  
        edge_detect:core/slc(ACC_GY:for:acc#13.psp.sva)                                                                                0.0000  0.9400  
        edge_detect:core/slc(ACC_GY:for:acc#13.psp.sva).itm                                                                            0.0000  0.9400  
        edge_detect:core/ACC_GY:for:acc#3                   mgc_add_4_0_4_1_5                                                          0.6911  1.6311  
        edge_detect:core/ACC_GY:for:acc#3.itm                                                                                          0.0000  1.6311  
        edge_detect:core/ACC_GY:for:conc                                                                                               0.0000  1.6311  
        edge_detect:core/ACC_GY:for:conc.itm                                                                                           0.0000  1.6311  
        edge_detect:core/ACC_GY:for:rshift.rg               mgc_shift_r_90_0_7_10                                                      4.0410  5.6721  
        edge_detect:core/ACC_GY:for:rshift.itm                                                                                         0.0000  5.6721  
        edge_detect:core/ACC_GY:for:mul#1                   mgc_mul_3_1_10_0_12                                                        3.1077  8.7799  
        edge_detect:core/ACC_GY:for:mul#1.itm                                                                                          0.0000  8.7799  
        edge_detect:core/ACC_GY:for:acc#1                   mgc_add_16_0_12_1_16                                                       1.6960  10.4759 
        edge_detect:core/ACC_GY:for:acc#1.ctmp.sva                                                                                     0.0000  10.4759 
        edge_detect:core/mux#13                             mgc_mux_16_1_2                                                             0.3690  10.8449 
        edge_detect:core/mux#13.itm                                                                                                    0.0000  10.8449 
        edge_detect:core/reg(red_y(1).lpi#1)                mgc_reg_pos_16_1_0_0_0_1_1                                                 0.0000  10.8449 
                                                                                                                                                       
      6                                                     edge_detect:core/reg(FRAME:a#6.lpi#1) edge_detect:core/reg(red_y(1).lpi#1) 10.8449 9.1551  
                                                                                                                                                       
        Instance                                            Component                                                                  Delta   Delay   
        --------                                            ---------                                                                  -----   -----   
        edge_detect:core/reg(FRAME:a#6.lpi#1)               mgc_reg_pos_2_1_0_0_0_1_1                                                  0.0000  0.0000  
        edge_detect:core/FRAME:a#6.lpi#1                                                                                               0.0000  0.0000  
        edge_detect:core/slc(FRAME:a#6.lpi#1)                                                                                          0.0000  0.0000  
        edge_detect:core/slc(FRAME:a#6.lpi#1).itm                                                                                      0.0000  0.0000  
        edge_detect:core/conc#198                                                                                                      0.0000  0.0000  
        edge_detect:core/conc#198.itm                                                                                                  0.0000  0.0000  
        edge_detect:core/ACC_GY:for:acc#13                  mgc_add_5_0_4_1_5                                                          0.9400  0.9400  
        edge_detect:core/ACC_GY:for:acc#13.psp.sva                                                                                     0.0000  0.9400  
        edge_detect:core/slc(ACC_GY:for:acc#13.psp.sva)                                                                                0.0000  0.9400  
        edge_detect:core/slc(ACC_GY:for:acc#13.psp.sva).itm                                                                            0.0000  0.9400  
        edge_detect:core/ACC_GY:for:acc#3                   mgc_add_4_0_4_1_5                                                          0.6911  1.6311  
        edge_detect:core/ACC_GY:for:acc#3.itm                                                                                          0.0000  1.6311  
        edge_detect:core/ACC_GY:for:conc                                                                                               0.0000  1.6311  
        edge_detect:core/ACC_GY:for:conc.itm                                                                                           0.0000  1.6311  
        edge_detect:core/ACC_GY:for:rshift.rg               mgc_shift_r_90_0_7_10                                                      4.0410  5.6721  
        edge_detect:core/ACC_GY:for:rshift.itm                                                                                         0.0000  5.6721  
        edge_detect:core/ACC_GY:for:mul#1                   mgc_mul_3_1_10_0_12                                                        3.1077  8.7799  
        edge_detect:core/ACC_GY:for:mul#1.itm                                                                                          0.0000  8.7799  
        edge_detect:core/ACC_GY:for:acc#1                   mgc_add_16_0_12_1_16                                                       1.6960  10.4759 
        edge_detect:core/ACC_GY:for:acc#1.ctmp.sva                                                                                     0.0000  10.4759 
        edge_detect:core/mux#13                             mgc_mux_16_1_2                                                             0.3690  10.8449 
        edge_detect:core/mux#13.itm                                                                                                    0.0000  10.8449 
        edge_detect:core/reg(red_y(1).lpi#1)                mgc_reg_pos_16_1_0_0_0_1_1                                                 0.0000  10.8449 
                                                                                                                                                       
      7                                                     edge_detect:core/reg(FRAME:a#5.lpi#1) edge_detect:core/reg(red_x(1).lpi#1) 10.8449 9.1551  
                                                                                                                                                       
        Instance                                            Component                                                                  Delta   Delay   
        --------                                            ---------                                                                  -----   -----   
        edge_detect:core/reg(FRAME:a#5.lpi#1)               mgc_reg_pos_2_1_0_0_0_1_1                                                  0.0000  0.0000  
        edge_detect:core/FRAME:a#5.lpi#1                                                                                               0.0000  0.0000  
        edge_detect:core/ACC_GX:for:not#1                   mgc_not_2                                                                  0.0000  0.0000  
        edge_detect:core/ACC_GX:for:not#1.itm                                                                                          0.0000  0.0000  
        edge_detect:core/conc#199                                                                                                      0.0000  0.0000  
        edge_detect:core/conc#199.itm                                                                                                  0.0000  0.0000  
        edge_detect:core/ACC_GX:for:acc#13                  mgc_add_5_0_4_1_5                                                          0.9400  0.9400  
        edge_detect:core/ACC_GX:for:acc#13.psp.sva                                                                                     0.0000  0.9400  
        edge_detect:core/slc(ACC_GX:for:acc#13.psp.sva)                                                                                0.0000  0.9400  
        edge_detect:core/slc(ACC_GX:for:acc#13.psp.sva).itm                                                                            0.0000  0.9400  
        edge_detect:core/ACC_GX:for:acc#3                   mgc_add_4_0_4_1_5                                                          0.6911  1.6311  
        edge_detect:core/ACC_GX:for:acc#3.itm                                                                                          0.0000  1.6311  
        edge_detect:core/ACC_GX:for:conc                                                                                               0.0000  1.6311  
        edge_detect:core/ACC_GX:for:conc.itm                                                                                           0.0000  1.6311  
        edge_detect:core/ACC_GX:for:rshift.rg               mgc_shift_r_90_0_7_10                                                      4.0410  5.6721  
        edge_detect:core/ACC_GX:for:rshift.itm                                                                                         0.0000  5.6721  
        edge_detect:core/ACC_GX:for:mul#1                   mgc_mul_3_1_10_0_12                                                        3.1077  8.7799  
        edge_detect:core/ACC_GX:for:mul#1.itm                                                                                          0.0000  8.7799  
        edge_detect:core/ACC_GX:for:acc#1                   mgc_add_16_0_12_1_16                                                       1.6960  10.4759 
        edge_detect:core/ACC_GX:for:acc#1.ctmp.sva                                                                                     0.0000  10.4759 
        edge_detect:core/mux#22                             mgc_mux_16_1_2                                                             0.3690  10.8449 
        edge_detect:core/mux#22.itm                                                                                                    0.0000  10.8449 
        edge_detect:core/reg(red_x(1).lpi#1)                mgc_reg_pos_16_1_0_0_0_1_1                                                 0.0000  10.8449 
                                                                                                                                                       
      8                                                     edge_detect:core/reg(FRAME:a#6.lpi#1) edge_detect:core/reg(red_y(2).lpi#1) 10.8449 9.1551  
                                                                                                                                                       
        Instance                                            Component                                                                  Delta   Delay   
        --------                                            ---------                                                                  -----   -----   
        edge_detect:core/reg(FRAME:a#6.lpi#1)               mgc_reg_pos_2_1_0_0_0_1_1                                                  0.0000  0.0000  
        edge_detect:core/FRAME:a#6.lpi#1                                                                                               0.0000  0.0000  
        edge_detect:core/ACC_GY:for:not#1                   mgc_not_2                                                                  0.0000  0.0000  
        edge_detect:core/ACC_GY:for:not#1.itm                                                                                          0.0000  0.0000  
        edge_detect:core/conc#197                                                                                                      0.0000  0.0000  
        edge_detect:core/conc#197.itm                                                                                                  0.0000  0.0000  
        edge_detect:core/ACC_GY:for:acc#13                  mgc_add_5_0_4_1_5                                                          0.9400  0.9400  
        edge_detect:core/ACC_GY:for:acc#13.psp.sva                                                                                     0.0000  0.9400  
        edge_detect:core/slc(ACC_GY:for:acc#13.psp.sva)                                                                                0.0000  0.9400  
        edge_detect:core/slc(ACC_GY:for:acc#13.psp.sva).itm                                                                            0.0000  0.9400  
        edge_detect:core/ACC_GY:for:acc#3                   mgc_add_4_0_4_1_5                                                          0.6911  1.6311  
        edge_detect:core/ACC_GY:for:acc#3.itm                                                                                          0.0000  1.6311  
        edge_detect:core/ACC_GY:for:conc                                                                                               0.0000  1.6311  
        edge_detect:core/ACC_GY:for:conc.itm                                                                                           0.0000  1.6311  
        edge_detect:core/ACC_GY:for:rshift.rg               mgc_shift_r_90_0_7_10                                                      4.0410  5.6721  
        edge_detect:core/ACC_GY:for:rshift.itm                                                                                         0.0000  5.6721  
        edge_detect:core/ACC_GY:for:mul#1                   mgc_mul_3_1_10_0_12                                                        3.1077  8.7799  
        edge_detect:core/ACC_GY:for:mul#1.itm                                                                                          0.0000  8.7799  
        edge_detect:core/ACC_GY:for:acc#1                   mgc_add_16_0_12_1_16                                                       1.6960  10.4759 
        edge_detect:core/ACC_GY:for:acc#1.ctmp.sva                                                                                     0.0000  10.4759 
        edge_detect:core/mux#12                             mgc_mux_16_1_2                                                             0.3690  10.8449 
        edge_detect:core/mux#12.itm                                                                                                    0.0000  10.8449 
        edge_detect:core/reg(red_y(2).lpi#1)                mgc_reg_pos_16_1_0_0_0_1_1                                                 0.0000  10.8449 
                                                                                                                                                       
      9                                                     edge_detect:core/reg(FRAME:a#5.lpi#1) edge_detect:core/reg(red_x(1).lpi#1) 10.8449 9.1551  
                                                                                                                                                       
        Instance                                            Component                                                                  Delta   Delay   
        --------                                            ---------                                                                  -----   -----   
        edge_detect:core/reg(FRAME:a#5.lpi#1)               mgc_reg_pos_2_1_0_0_0_1_1                                                  0.0000  0.0000  
        edge_detect:core/FRAME:a#5.lpi#1                                                                                               0.0000  0.0000  
        edge_detect:core/slc(FRAME:a#5.lpi#1)                                                                                          0.0000  0.0000  
        edge_detect:core/slc(FRAME:a#5.lpi#1).itm                                                                                      0.0000  0.0000  
        edge_detect:core/conc#200                                                                                                      0.0000  0.0000  
        edge_detect:core/conc#200.itm                                                                                                  0.0000  0.0000  
        edge_detect:core/ACC_GX:for:acc#13                  mgc_add_5_0_4_1_5                                                          0.9400  0.9400  
        edge_detect:core/ACC_GX:for:acc#13.psp.sva                                                                                     0.0000  0.9400  
        edge_detect:core/slc(ACC_GX:for:acc#13.psp.sva)                                                                                0.0000  0.9400  
        edge_detect:core/slc(ACC_GX:for:acc#13.psp.sva).itm                                                                            0.0000  0.9400  
        edge_detect:core/ACC_GX:for:acc#3                   mgc_add_4_0_4_1_5                                                          0.6911  1.6311  
        edge_detect:core/ACC_GX:for:acc#3.itm                                                                                          0.0000  1.6311  
        edge_detect:core/ACC_GX:for:conc                                                                                               0.0000  1.6311  
        edge_detect:core/ACC_GX:for:conc.itm                                                                                           0.0000  1.6311  
        edge_detect:core/ACC_GX:for:rshift.rg               mgc_shift_r_90_0_7_10                                                      4.0410  5.6721  
        edge_detect:core/ACC_GX:for:rshift.itm                                                                                         0.0000  5.6721  
        edge_detect:core/ACC_GX:for:mul#1                   mgc_mul_3_1_10_0_12                                                        3.1077  8.7799  
        edge_detect:core/ACC_GX:for:mul#1.itm                                                                                          0.0000  8.7799  
        edge_detect:core/ACC_GX:for:acc#1                   mgc_add_16_0_12_1_16                                                       1.6960  10.4759 
        edge_detect:core/ACC_GX:for:acc#1.ctmp.sva                                                                                     0.0000  10.4759 
        edge_detect:core/mux#22                             mgc_mux_16_1_2                                                             0.3690  10.8449 
        edge_detect:core/mux#22.itm                                                                                                    0.0000  10.8449 
        edge_detect:core/reg(red_x(1).lpi#1)                mgc_reg_pos_16_1_0_0_0_1_1                                                 0.0000  10.8449 
                                                                                                                                                       
      10                                                    edge_detect:core/reg(FRAME:a#6.lpi#1) edge_detect:core/reg(red_y(2).lpi#1) 10.8449 9.1551  
                                                                                                                                                       
        Instance                                            Component                                                                  Delta   Delay   
        --------                                            ---------                                                                  -----   -----   
        edge_detect:core/reg(FRAME:a#6.lpi#1)               mgc_reg_pos_2_1_0_0_0_1_1                                                  0.0000  0.0000  
        edge_detect:core/FRAME:a#6.lpi#1                                                                                               0.0000  0.0000  
        edge_detect:core/slc(FRAME:a#6.lpi#1)                                                                                          0.0000  0.0000  
        edge_detect:core/slc(FRAME:a#6.lpi#1).itm                                                                                      0.0000  0.0000  
        edge_detect:core/conc#198                                                                                                      0.0000  0.0000  
        edge_detect:core/conc#198.itm                                                                                                  0.0000  0.0000  
        edge_detect:core/ACC_GY:for:acc#13                  mgc_add_5_0_4_1_5                                                          0.9400  0.9400  
        edge_detect:core/ACC_GY:for:acc#13.psp.sva                                                                                     0.0000  0.9400  
        edge_detect:core/slc(ACC_GY:for:acc#13.psp.sva)                                                                                0.0000  0.9400  
        edge_detect:core/slc(ACC_GY:for:acc#13.psp.sva).itm                                                                            0.0000  0.9400  
        edge_detect:core/ACC_GY:for:acc#3                   mgc_add_4_0_4_1_5                                                          0.6911  1.6311  
        edge_detect:core/ACC_GY:for:acc#3.itm                                                                                          0.0000  1.6311  
        edge_detect:core/ACC_GY:for:conc                                                                                               0.0000  1.6311  
        edge_detect:core/ACC_GY:for:conc.itm                                                                                           0.0000  1.6311  
        edge_detect:core/ACC_GY:for:rshift.rg               mgc_shift_r_90_0_7_10                                                      4.0410  5.6721  
        edge_detect:core/ACC_GY:for:rshift.itm                                                                                         0.0000  5.6721  
        edge_detect:core/ACC_GY:for:mul#1                   mgc_mul_3_1_10_0_12                                                        3.1077  8.7799  
        edge_detect:core/ACC_GY:for:mul#1.itm                                                                                          0.0000  8.7799  
        edge_detect:core/ACC_GY:for:acc#1                   mgc_add_16_0_12_1_16                                                       1.6960  10.4759 
        edge_detect:core/ACC_GY:for:acc#1.ctmp.sva                                                                                     0.0000  10.4759 
        edge_detect:core/mux#12                             mgc_mux_16_1_2                                                             0.3690  10.8449 
        edge_detect:core/mux#12.itm                                                                                                    0.0000  10.8449 
        edge_detect:core/reg(red_y(2).lpi#1)                mgc_reg_pos_16_1_0_0_0_1_1                                                 0.0000  10.8449 
                                                                                                                                                       
      
    Register Input and Register-to-Output Slack
      Clock period or pin-to-reg delay constraint (clk): 20.0
      Clock uncertainty constraint (clk)               : 0.0
      
      Instance                                            Port                                Slack (Delay) Messages 
      --------------------------------------------------- --------------------------------- ------- ------- --------
      edge_detect:core/reg(vout:rsc:mgc_out_stdreg.d)     mux.itm                           10.0995  9.9005          
      edge_detect:core/reg(FRAME:a#4.lpi#1)               nor#34.itm                        16.4254  3.5746          
      edge_detect:core/reg(exit:ACC_GX:for.sva)           exit:ACC_GX:for.sva:mx0           16.0618  3.9382          
      edge_detect:core/reg(FRAME:a#6.lpi#1)               nor#36.itm                        16.0618  3.9382          
      edge_detect:core/reg(FRAME:a#5.lpi#1)               nor#38.itm                        16.0618  3.9382          
      edge_detect:core/reg(exit:SHIFT.lpi#1)              mux#3.itm                         18.6043  1.3957          
      edge_detect:core/reg(exit:ACC3.sva)                 ACC_GX:and#26.itm                 18.2737  1.7263          
      edge_detect:core/reg(exit:ACC_GX#1.lpi#1)           mux#4.itm                         17.4268  2.5732          
      edge_detect:core/reg(SHIFT:i#1.lpi#3)               mux#5.itm                         18.6043  1.3957          
      edge_detect:core/reg(blue_y(2).lpi#1)               mux#6.itm                         11.2484  8.7516          
      edge_detect:core/reg(blue_y(1).lpi#1)               mux#7.itm                         11.2484  8.7516          
      edge_detect:core/reg(blue_y(0).lpi#1)               mux#8.itm                         11.2484  8.7516          
      edge_detect:core/reg(green_y(2).lpi#1)              mux#9.itm                         10.3083  9.6917          
      edge_detect:core/reg(green_y(1).lpi#1)              mux#10.itm                        10.3083  9.6917          
      edge_detect:core/reg(green_y(0).lpi#1)              mux#11.itm                        10.3083  9.6917          
      edge_detect:core/reg(red_y(2).lpi#1)                mux#12.itm                         9.1551 10.8449          
      edge_detect:core/reg(red_y(1).lpi#1)                mux#13.itm                         9.1551 10.8449          
      edge_detect:core/reg(red_y(0).lpi#1)                mux#14.itm                         9.1551 10.8449          
      edge_detect:core/reg(blue_x(2).lpi#1)               mux#15.itm                        11.2484  8.7516          
      edge_detect:core/reg(blue_x(1).lpi#1)               mux#16.itm                        11.2484  8.7516          
      edge_detect:core/reg(blue_x(0).lpi#1)               mux#17.itm                        11.2484  8.7516          
      edge_detect:core/reg(green_x(2).lpi#1)              mux#18.itm                        10.3083  9.6917          
      edge_detect:core/reg(green_x(1).lpi#1)              mux#19.itm                        10.3083  9.6917          
      edge_detect:core/reg(green_x(0).lpi#1)              mux#20.itm                        10.3083  9.6917          
      edge_detect:core/reg(red_x(2).lpi#1)                mux#21.itm                         9.1551 10.8449          
      edge_detect:core/reg(red_x(1).lpi#1)                mux#22.itm                         9.1551 10.8449          
      edge_detect:core/reg(red_x(0).lpi#1)                mux#23.itm                         9.1551 10.8449          
      edge_detect:core/reg(bluey.lpi#1)                   mux#24.itm                        16.7423  3.2577          
      edge_detect:core/reg(greeny.lpi#1)                  mux#25.itm                        16.7423  3.2577          
      edge_detect:core/reg(redy.lpi#1)                    mux#26.itm                        16.7423  3.2577          
      edge_detect:core/reg(bluex.lpi#1)                   mux#27.itm                        16.7423  3.2577          
      edge_detect:core/reg(greenx.lpi#1)                  mux#28.itm                        16.7423  3.2577          
      edge_detect:core/reg(redx.lpi#1)                    mux#29.itm                        16.7423  3.2577          
      edge_detect:core/reg(FRAME:i#2.lpi#1)               nor#40.itm                        16.3243  3.6757          
      edge_detect:core/reg(FRAME:i#3.lpi#1)               nor#42.itm                        16.3243  3.6757          
      edge_detect:core/reg(regs.regs(2).sva)              mux#30.itm                        18.8375  1.1625          
      edge_detect:core/reg(regs.regs(1).sva)              mux#31.itm                        18.9942  1.0058          
      edge_detect:core/reg(regs.regs(0).sva)              mux#32.itm                        18.8375  1.1625          
      edge_detect:core/reg(regs.operator<<:din.lpi#1.dfm) regs.operator<<:din.lpi#1.dfm:mx0 19.2621  0.7379          
      edge_detect                                         vout:rsc.z                        20.0000  0.0000          
      
  Operator Bitwidth Summary
    Operation  Size (bits) Count 
    ---------- ----------- -----
    add                          
    -                   16    23 
    -                   10     1 
    -                    7     9 
    -                    5     8 
    -                    3     3 
    -                    2    11 
    and                          
    -                    3     4 
    -                    2    45 
    mul                          
    -                   12     6 
    mux                          
    -                    5     4 
    -                    4     3 
    -                    2    14 
    -                    1    42 
    mux1h                        
    -                    3     8 
    nand                         
    -                    2     1 
    nor                          
    -                    4     1 
    -                    3     1 
    -                    2    23 
    not                          
    -                   15     8 
    -                   10     1 
    -                    6     9 
    -                    2     2 
    -                    1    51 
    or                           
    -                    3    10 
    -                    2     8 
    read_port                    
    -                   90     1 
    reg                          
    -                   90     4 
    -                   30     1 
    -                   16    24 
    -                    2     6 
    -                    1     4 
    rshift                       
    -            906613625     2 
    write_port                   
    -                   30     1 
    
  End of Report
