-- Catapult University Version: Report                                              
-- ---------------------------- ---------------------------------------------------
-- Version:                     2011a.126 Production Release                        
-- Build Date:                  Wed Aug  8 00:52:07 PDT 2012                        
                                                                                    
-- Generated by:                rbw14@EEWS104A-005                                  
-- Generated date:              Tue May 05 15:20:50 +0100 2015                      

Solution Settings: red_tint.v6
  Current state: extract
  Project: Catapult
  
  Design Input Files Specified
    $PROJECT_HOME/shift_class.h
    $PROJECT_HOME/edge.h
      $MGC_HOME/shared/include/ac_int.h
    $PROJECT_HOME/edge3.c
      $MGC_HOME/shared/include/ac_fixed.h
        $MGC_HOME/shared/include/ac_int.h
      $PROJECT_HOME/edge.h
      $PROJECT_HOME/shift_class.h
  
  Processes/Blocks in Design
    Process        Real Operation(s) count Latency Throughput Reset Length II Comments 
    -------------- ----------------------- ------- ---------- ------------ -- --------
    /red_tint/core                      24       1          1            0  1          
    Design Total:                       24       1          1            0  1          
    
  Bill Of Materials (Datapath)
    Component Name                          Area Score Area(LUTs) Delay Post Alloc Post Assign 
    --------------------------------------- ---------- ---------- ----- ---------- -----------
    [Lib: mgc_Altera-Cyclone-III-6_beh_psr]                                                    
    mgc_add(11,0,11,1,13)                       12.000     12.000 1.043          2           2 
    mgc_add(12,0,12,0,12)                       13.224     13.224 1.434          2           2 
    mgc_add(8,0,8,1,9)                           9.000      9.000 1.001          3           3 
    mgc_and(10,2)                                7.298      7.298 0.263          2           2 
    mgc_mux(1,1,2)                               0.919      0.919 0.369          0           2 
    mgc_mux(10,1,2)                              9.194      9.194 0.369          2           2 
    mgc_not(1)                                   0.000      0.000 0.000          0           5 
    mgc_not(11)                                  0.000      0.000 0.000          0           2 
    mgc_not(8)                                   0.000      0.000 0.000          0           1 
    mgc_reg_pos(1,1,0,0,0,1,1)                   0.000      0.000 0.000          0           2 
    mgc_reg_pos(10,1,0,0,0,1,1)                  0.000      0.000 0.000          0           3 
    [Lib: mgc_ioport]                                                                          
    mgc_in_wire(1,30)                            0.000      0.000 0.000          1           1 
    mgc_in_wire(3,20)                            0.000      0.000 0.000          1           1 
    mgc_out_stdreg(2,30)                         0.000      0.000 0.000          1           1 
                                                                                               
    TOTAL AREA (After Assignment):             112.272    112.000                              
    
  Area Scores
                      Post-Scheduling Post-DP & FSM Post-Assignment 
    ----------------- --------------- ------------- ---------------
    Total Area Score:    110.4         112.3           112.3        
    Total Reg:             0.0           0.0             0.0        
                                                                    
    DataPath:            110.4 (100%)  112.3 (100%)    112.3 (100%) 
      MUX:                18.4  (17%)   20.2  (18%)     20.2  (18%) 
      FUNC:               77.4  (70%)   77.4  (69%)     77.4  (69%) 
      LOGIC:              14.6  (13%)   14.6  (13%)     14.6  (13%) 
      BUFFER:              0.0           0.0             0.0        
      MEM:                 0.0           0.0             0.0        
      ROM:                 0.0           0.0             0.0        
      REG:                 0.0           0.0             0.0        
                                                                    
    
    FSM:                   0.0           0.0             0.0        
      FSM-REG:             0.0           0.0             0.0        
      FSM-COMB:            0.0           0.0             0.0        
                                                                    
    
  Register-to-Variable Mappings
    Register                                  Size(bits) Gated Register CG Opt Done Variables                                             
    ----------------------------------------- ---------- -------------- ----------- -----------------------------------------------------
    reg(video_out:rsc:mgc_out_stdreg.d).tmp           10         Y                  reg(video_out:rsc:mgc_out_stdreg.d).tmp               
    reg(video_out:rsc:mgc_out_stdreg.d).tmp#1         10         Y                  reg(video_out:rsc:mgc_out_stdreg.d).tmp#1             
    reg(video_out:rsc:mgc_out_stdreg.d).tmp#2         10         Y                  reg(video_out:rsc:mgc_out_stdreg.d).tmp#2             
    makepos#1:else:slc.svs                             1         Y                  makepos#1:else:slc.svs                                
    makepos:else:slc.svs                               1         Y                  makepos:else:slc.svs                                  
                                                                                                                                          
    Total:                                            32             32           0 (Total Gating Ratio: 1.00, CG Opt Gating Ratio: 0.00) 
    
  Timing Report
    Critical Path
      Max Delay:  4.109858
      Slack:      15.890142
      
      Path                                                  Startpoint                               Endpoint                                            Delay  Slack   
      ----------------------------------------------------- ---------------------------------------- --------------------------------------------------- ------ -------
      1                                                     red_tint:core/mouse_xy:rsc:mgc_in_wire.d red_tint:core/reg(video_out:rsc:mgc_out_stdreg.d)#1 4.1099 15.8901 
                                                                                                                                                                        
        Instance                                            Component                                                                                    Delta  Delay   
        --------                                            ---------                                                                                    -----  -----   
        red_tint:core/mouse_xy:rsc:mgc_in_wire.d                                                                                                         0.0000 0.0000  
        red_tint:core/slc#7                                                                                                                              0.0000 0.0000  
        red_tint:core/slc#7.itm                                                                                                                          0.0000 0.0000  
        red_tint:core/acc                                   mgc_add_8_0_8_1_9                                                                            1.0006 1.0006  
        red_tint:core/acc.itm                                                                                                                            0.0000 1.0006  
        red_tint:core/not#8                                 mgc_not_8                                                                                    0.0000 1.0006  
        red_tint:core/not#8.itm                                                                                                                          0.0000 1.0006  
        red_tint:core/conc#40                                                                                                                            0.0000 1.0006  
        red_tint:core/conc#41                                                                                                                            0.0000 1.0006  
        red_tint:core/slc(conc#41)#1                                                                                                                     0.0000 1.0006  
        red_tint:core/slc(conc#41)#1.itm                                                                                                                 0.0000 1.0006  
        red_tint:core/conc#46                                                                                                                            0.0000 1.0006  
        red_tint:core/conc#46.itm                                                                                                                        0.0000 1.0006  
        red_tint:core/acc#4                                 mgc_add_11_0_11_1_13                                                                         1.0435 2.0441  
        red_tint:core/acc#4.itm                                                                                                                          0.0000 2.0441  
        red_tint:core/slc#14                                                                                                                             0.0000 2.0441  
        red_tint:core/slc#14.itm                                                                                                                         0.0000 2.0441  
        red_tint:core/makepos:else:else:not                 mgc_not_11                                                                                   0.0000 2.0441  
        red_tint:core/makepos:else:else:not.itm                                                                                                          0.0000 2.0441  
        red_tint:core/conc#50                                                                                                                            0.0000 2.0441  
        red_tint:core/conc#50.itm                                                                                                                        0.0000 2.0441  
        red_tint:core/makepos:else:else:acc                 mgc_add_12_0_12_0_12                                                                         1.4343 3.4784  
        red_tint:core/makepos:else:else:acc.itm                                                                                                          0.0000 3.4784  
        red_tint:core/makepos:else:else:slc                                                                                                              0.0000 3.4784  
        red_tint:core/makepos:else:else:slc.itm                                                                                                          0.0000 3.4784  
        red_tint:core/makepos:else:else:if:not              mgc_not_1                                                                                    0.0000 3.4784  
        red_tint:core/makepos:else:else:if:not.itm                                                                                                       0.0000 3.4784  
        red_tint:core/makepos:else:else:exs                                                                                                              0.0000 3.4784  
        red_tint:core/makepos:else:else:exs.itm                                                                                                          0.0000 3.4784  
        red_tint:core/makepos:else:mux                      mgc_mux_10_1_2                                                                               0.3690 3.8473  
        red_tint:core/makepos:else:mux.itm                                                                                                               0.0000 3.8473  
        red_tint:core/makepos:and                           mgc_and_10_2                                                                                 0.2625 4.1099  
        red_tint:core/makepos:and.itm                                                                                                                    0.0000 4.1099  
        red_tint:core/reg(video_out:rsc:mgc_out_stdreg.d)#1 mgc_reg_pos_10_1_0_0_0_1_1                                                                   0.0000 4.1099  
                                                                                                                                                                        
      2                                                     red_tint:core/mouse_xy:rsc:mgc_in_wire.d red_tint:core/reg(video_out:rsc:mgc_out_stdreg.d)#2 4.1099 15.8901 
                                                                                                                                                                        
        Instance                                            Component                                                                                    Delta  Delay   
        --------                                            ---------                                                                                    -----  -----   
        red_tint:core/mouse_xy:rsc:mgc_in_wire.d                                                                                                         0.0000 0.0000  
        red_tint:core/slc#7                                                                                                                              0.0000 0.0000  
        red_tint:core/slc#7.itm                                                                                                                          0.0000 0.0000  
        red_tint:core/acc                                   mgc_add_8_0_8_1_9                                                                            1.0006 1.0006  
        red_tint:core/acc.itm                                                                                                                            0.0000 1.0006  
        red_tint:core/not#8                                 mgc_not_8                                                                                    0.0000 1.0006  
        red_tint:core/not#8.itm                                                                                                                          0.0000 1.0006  
        red_tint:core/conc#40                                                                                                                            0.0000 1.0006  
        red_tint:core/conc#41                                                                                                                            0.0000 1.0006  
        red_tint:core/slc(conc#41)                                                                                                                       0.0000 1.0006  
        red_tint:core/slc(conc#41).itm                                                                                                                   0.0000 1.0006  
        red_tint:core/conc#48                                                                                                                            0.0000 1.0006  
        red_tint:core/conc#48.itm                                                                                                                        0.0000 1.0006  
        red_tint:core/acc#5                                 mgc_add_11_0_11_1_13                                                                         1.0435 2.0441  
        red_tint:core/acc#5.itm                                                                                                                          0.0000 2.0441  
        red_tint:core/slc#10                                                                                                                             0.0000 2.0441  
        red_tint:core/slc#10.itm                                                                                                                         0.0000 2.0441  
        red_tint:core/makepos#1:else:else:not               mgc_not_11                                                                                   0.0000 2.0441  
        red_tint:core/makepos#1:else:else:not.itm                                                                                                        0.0000 2.0441  
        red_tint:core/conc#51                                                                                                                            0.0000 2.0441  
        red_tint:core/conc#51.itm                                                                                                                        0.0000 2.0441  
        red_tint:core/makepos#1:else:else:acc               mgc_add_12_0_12_0_12                                                                         1.4343 3.4784  
        red_tint:core/makepos#1:else:else:acc.itm                                                                                                        0.0000 3.4784  
        red_tint:core/makepos#1:else:else:slc                                                                                                            0.0000 3.4784  
        red_tint:core/makepos#1:else:else:slc.itm                                                                                                        0.0000 3.4784  
        red_tint:core/makepos#1:else:else:if:not            mgc_not_1                                                                                    0.0000 3.4784  
        red_tint:core/makepos#1:else:else:if:not.itm                                                                                                     0.0000 3.4784  
        red_tint:core/makepos#1:else:else:exs                                                                                                            0.0000 3.4784  
        red_tint:core/makepos#1:else:else:exs.itm                                                                                                        0.0000 3.4784  
        red_tint:core/makepos#1:else:mux                    mgc_mux_10_1_2                                                                               0.3690 3.8473  
        red_tint:core/makepos#1:else:mux.itm                                                                                                             0.0000 3.8473  
        red_tint:core/makepos#1:and                         mgc_and_10_2                                                                                 0.2625 4.1099  
        red_tint:core/makepos#1:and.itm                                                                                                                  0.0000 4.1099  
        red_tint:core/reg(video_out:rsc:mgc_out_stdreg.d)#2 mgc_reg_pos_10_1_0_0_0_1_1                                                                   0.0000 4.1099  
                                                                                                                                                                        
      3                                                     red_tint:core/mouse_xy:rsc:mgc_in_wire.d red_tint:core/reg(video_out:rsc:mgc_out_stdreg.d)#2 4.1099 15.8901 
                                                                                                                                                                        
        Instance                                            Component                                                                                    Delta  Delay   
        --------                                            ---------                                                                                    -----  -----   
        red_tint:core/mouse_xy:rsc:mgc_in_wire.d                                                                                                         0.0000 0.0000  
        red_tint:core/slc#3                                                                                                                              0.0000 0.0000  
        red_tint:core/slc#3.itm                                                                                                                          0.0000 0.0000  
        red_tint:core/conc#49                                                                                                                            0.0000 0.0000  
        red_tint:core/conc#49.itm                                                                                                                        0.0000 0.0000  
        red_tint:core/acc                                   mgc_add_8_0_8_1_9                                                                            1.0006 1.0006  
        red_tint:core/acc.itm                                                                                                                            0.0000 1.0006  
        red_tint:core/not#8                                 mgc_not_8                                                                                    0.0000 1.0006  
        red_tint:core/not#8.itm                                                                                                                          0.0000 1.0006  
        red_tint:core/conc#40                                                                                                                            0.0000 1.0006  
        red_tint:core/conc#41                                                                                                                            0.0000 1.0006  
        red_tint:core/slc(conc#41)                                                                                                                       0.0000 1.0006  
        red_tint:core/slc(conc#41).itm                                                                                                                   0.0000 1.0006  
        red_tint:core/conc#48                                                                                                                            0.0000 1.0006  
        red_tint:core/conc#48.itm                                                                                                                        0.0000 1.0006  
        red_tint:core/acc#5                                 mgc_add_11_0_11_1_13                                                                         1.0435 2.0441  
        red_tint:core/acc#5.itm                                                                                                                          0.0000 2.0441  
        red_tint:core/slc#10                                                                                                                             0.0000 2.0441  
        red_tint:core/slc#10.itm                                                                                                                         0.0000 2.0441  
        red_tint:core/makepos#1:else:else:not               mgc_not_11                                                                                   0.0000 2.0441  
        red_tint:core/makepos#1:else:else:not.itm                                                                                                        0.0000 2.0441  
        red_tint:core/conc#51                                                                                                                            0.0000 2.0441  
        red_tint:core/conc#51.itm                                                                                                                        0.0000 2.0441  
        red_tint:core/makepos#1:else:else:acc               mgc_add_12_0_12_0_12                                                                         1.4343 3.4784  
        red_tint:core/makepos#1:else:else:acc.itm                                                                                                        0.0000 3.4784  
        red_tint:core/makepos#1:else:else:slc                                                                                                            0.0000 3.4784  
        red_tint:core/makepos#1:else:else:slc.itm                                                                                                        0.0000 3.4784  
        red_tint:core/makepos#1:else:else:if:not            mgc_not_1                                                                                    0.0000 3.4784  
        red_tint:core/makepos#1:else:else:if:not.itm                                                                                                     0.0000 3.4784  
        red_tint:core/makepos#1:else:else:exs                                                                                                            0.0000 3.4784  
        red_tint:core/makepos#1:else:else:exs.itm                                                                                                        0.0000 3.4784  
        red_tint:core/makepos#1:else:mux                    mgc_mux_10_1_2                                                                               0.3690 3.8473  
        red_tint:core/makepos#1:else:mux.itm                                                                                                             0.0000 3.8473  
        red_tint:core/makepos#1:and                         mgc_and_10_2                                                                                 0.2625 4.1099  
        red_tint:core/makepos#1:and.itm                                                                                                                  0.0000 4.1099  
        red_tint:core/reg(video_out:rsc:mgc_out_stdreg.d)#2 mgc_reg_pos_10_1_0_0_0_1_1                                                                   0.0000 4.1099  
                                                                                                                                                                        
      4                                                     red_tint:core/mouse_xy:rsc:mgc_in_wire.d red_tint:core/reg(video_out:rsc:mgc_out_stdreg.d)#1 4.0452 15.9548 
                                                                                                                                                                        
        Instance                                            Component                                                                                    Delta  Delay   
        --------                                            ---------                                                                                    -----  -----   
        red_tint:core/mouse_xy:rsc:mgc_in_wire.d                                                                                                         0.0000 0.0000  
        red_tint:core/slc#7                                                                                                                              0.0000 0.0000  
        red_tint:core/slc#7.itm                                                                                                                          0.0000 0.0000  
        red_tint:core/acc                                   mgc_add_8_0_8_1_9                                                                            1.0006 1.0006  
        red_tint:core/acc.itm                                                                                                                            0.0000 1.0006  
        red_tint:core/not#8                                 mgc_not_8                                                                                    0.0000 1.0006  
        red_tint:core/not#8.itm                                                                                                                          0.0000 1.0006  
        red_tint:core/conc#40                                                                                                                            0.0000 1.0006  
        red_tint:core/conc#41                                                                                                                            0.0000 1.0006  
        red_tint:core/slc(conc#41)#1                                                                                                                     0.0000 1.0006  
        red_tint:core/slc(conc#41)#1.itm                                                                                                                 0.0000 1.0006  
        red_tint:core/conc#46                                                                                                                            0.0000 1.0006  
        red_tint:core/conc#46.itm                                                                                                                        0.0000 1.0006  
        red_tint:core/acc#4                                 mgc_add_11_0_11_1_13                                                                         1.0435 2.0441  
        red_tint:core/acc#4.itm                                                                                                                          0.0000 2.0441  
        red_tint:core/slc#4                                                                                                                              0.0000 2.0441  
        red_tint:core/slc#4.itm                                                                                                                          0.0000 2.0441  
        red_tint:core/makepos:else:if:acc                   mgc_add_8_0_8_1_9                                                                            1.0006 3.0447  
        red_tint:core/exs                                                                                                                                0.0000 3.0447  
        red_tint:core/makepos:else:if:acc.itm                                                                                                            0.0000 3.0447  
        red_tint:core/makepos:else:slc                                                                                                                   0.0000 3.0447  
        red_tint:core/makepos:else:slc.itm                                                                                                               0.0000 3.0447  
        red_tint:core/mux                                   mgc_mux_1_1_2                                                                                0.3690 3.4137  
        red_tint:core/makepos:else:slc.svs:mx0                                                                                                           0.0000 3.4137  
        red_tint:core/makepos:else:mux                      mgc_mux_10_1_2                                                                               0.3690 3.7827  
        red_tint:core/makepos:else:mux.itm                                                                                                               0.0000 3.7827  
        red_tint:core/makepos:and                           mgc_and_10_2                                                                                 0.2625 4.0452  
        red_tint:core/makepos:and.itm                                                                                                                    0.0000 4.0452  
        red_tint:core/reg(video_out:rsc:mgc_out_stdreg.d)#1 mgc_reg_pos_10_1_0_0_0_1_1                                                                   0.0000 4.0452  
                                                                                                                                                                        
      5                                                     red_tint:core/mouse_xy:rsc:mgc_in_wire.d red_tint:core/reg(video_out:rsc:mgc_out_stdreg.d)#2 4.0452 15.9548 
                                                                                                                                                                        
        Instance                                            Component                                                                                    Delta  Delay   
        --------                                            ---------                                                                                    -----  -----   
        red_tint:core/mouse_xy:rsc:mgc_in_wire.d                                                                                                         0.0000 0.0000  
        red_tint:core/slc#7                                                                                                                              0.0000 0.0000  
        red_tint:core/slc#7.itm                                                                                                                          0.0000 0.0000  
        red_tint:core/acc                                   mgc_add_8_0_8_1_9                                                                            1.0006 1.0006  
        red_tint:core/acc.itm                                                                                                                            0.0000 1.0006  
        red_tint:core/not#8                                 mgc_not_8                                                                                    0.0000 1.0006  
        red_tint:core/not#8.itm                                                                                                                          0.0000 1.0006  
        red_tint:core/conc#40                                                                                                                            0.0000 1.0006  
        red_tint:core/conc#41                                                                                                                            0.0000 1.0006  
        red_tint:core/slc(conc#41)                                                                                                                       0.0000 1.0006  
        red_tint:core/slc(conc#41).itm                                                                                                                   0.0000 1.0006  
        red_tint:core/conc#48                                                                                                                            0.0000 1.0006  
        red_tint:core/conc#48.itm                                                                                                                        0.0000 1.0006  
        red_tint:core/acc#5                                 mgc_add_11_0_11_1_13                                                                         1.0435 2.0441  
        red_tint:core/acc#5.itm                                                                                                                          0.0000 2.0441  
        red_tint:core/slc#5                                                                                                                              0.0000 2.0441  
        red_tint:core/slc#5.itm                                                                                                                          0.0000 2.0441  
        red_tint:core/makepos#1:else:if:acc                 mgc_add_8_0_8_1_9                                                                            1.0006 3.0447  
        red_tint:core/exs#1                                                                                                                              0.0000 3.0447  
        red_tint:core/makepos#1:else:if:acc.itm                                                                                                          0.0000 3.0447  
        red_tint:core/makepos#1:else:slc                                                                                                                 0.0000 3.0447  
        red_tint:core/makepos#1:else:slc.itm                                                                                                             0.0000 3.0447  
        red_tint:core/mux#1                                 mgc_mux_1_1_2                                                                                0.3690 3.4137  
        red_tint:core/makepos#1:else:slc.svs:mx0                                                                                                         0.0000 3.4137  
        red_tint:core/makepos#1:else:mux                    mgc_mux_10_1_2                                                                               0.3690 3.7827  
        red_tint:core/makepos#1:else:mux.itm                                                                                                             0.0000 3.7827  
        red_tint:core/makepos#1:and                         mgc_and_10_2                                                                                 0.2625 4.0452  
        red_tint:core/makepos#1:and.itm                                                                                                                  0.0000 4.0452  
        red_tint:core/reg(video_out:rsc:mgc_out_stdreg.d)#2 mgc_reg_pos_10_1_0_0_0_1_1                                                                   0.0000 4.0452  
                                                                                                                                                                        
      6                                                     red_tint:core/mouse_xy:rsc:mgc_in_wire.d red_tint:core/reg(video_out:rsc:mgc_out_stdreg.d)#2 4.0452 15.9548 
                                                                                                                                                                        
        Instance                                            Component                                                                                    Delta  Delay   
        --------                                            ---------                                                                                    -----  -----   
        red_tint:core/mouse_xy:rsc:mgc_in_wire.d                                                                                                         0.0000 0.0000  
        red_tint:core/slc#3                                                                                                                              0.0000 0.0000  
        red_tint:core/slc#3.itm                                                                                                                          0.0000 0.0000  
        red_tint:core/conc#49                                                                                                                            0.0000 0.0000  
        red_tint:core/conc#49.itm                                                                                                                        0.0000 0.0000  
        red_tint:core/acc                                   mgc_add_8_0_8_1_9                                                                            1.0006 1.0006  
        red_tint:core/acc.itm                                                                                                                            0.0000 1.0006  
        red_tint:core/not#8                                 mgc_not_8                                                                                    0.0000 1.0006  
        red_tint:core/not#8.itm                                                                                                                          0.0000 1.0006  
        red_tint:core/conc#40                                                                                                                            0.0000 1.0006  
        red_tint:core/conc#41                                                                                                                            0.0000 1.0006  
        red_tint:core/slc(conc#41)                                                                                                                       0.0000 1.0006  
        red_tint:core/slc(conc#41).itm                                                                                                                   0.0000 1.0006  
        red_tint:core/conc#48                                                                                                                            0.0000 1.0006  
        red_tint:core/conc#48.itm                                                                                                                        0.0000 1.0006  
        red_tint:core/acc#5                                 mgc_add_11_0_11_1_13                                                                         1.0435 2.0441  
        red_tint:core/acc#5.itm                                                                                                                          0.0000 2.0441  
        red_tint:core/slc#5                                                                                                                              0.0000 2.0441  
        red_tint:core/slc#5.itm                                                                                                                          0.0000 2.0441  
        red_tint:core/makepos#1:else:if:acc                 mgc_add_8_0_8_1_9                                                                            1.0006 3.0447  
        red_tint:core/exs#1                                                                                                                              0.0000 3.0447  
        red_tint:core/makepos#1:else:if:acc.itm                                                                                                          0.0000 3.0447  
        red_tint:core/makepos#1:else:slc                                                                                                                 0.0000 3.0447  
        red_tint:core/makepos#1:else:slc.itm                                                                                                             0.0000 3.0447  
        red_tint:core/mux#1                                 mgc_mux_1_1_2                                                                                0.3690 3.4137  
        red_tint:core/makepos#1:else:slc.svs:mx0                                                                                                         0.0000 3.4137  
        red_tint:core/makepos#1:else:mux                    mgc_mux_10_1_2                                                                               0.3690 3.7827  
        red_tint:core/makepos#1:else:mux.itm                                                                                                             0.0000 3.7827  
        red_tint:core/makepos#1:and                         mgc_and_10_2                                                                                 0.2625 4.0452  
        red_tint:core/makepos#1:and.itm                                                                                                                  0.0000 4.0452  
        red_tint:core/reg(video_out:rsc:mgc_out_stdreg.d)#2 mgc_reg_pos_10_1_0_0_0_1_1                                                                   0.0000 4.0452  
                                                                                                                                                                        
      7                                                     red_tint:core/mouse_xy:rsc:mgc_in_wire.d red_tint:core/reg(video_out:rsc:mgc_out_stdreg.d)#1 3.0445 16.9555 
                                                                                                                                                                        
        Instance                                            Component                                                                                    Delta  Delay   
        --------                                            ---------                                                                                    -----  -----   
        red_tint:core/mouse_xy:rsc:mgc_in_wire.d                                                                                                         0.0000 0.0000  
        red_tint:core/slc#7                                                                                                                              0.0000 0.0000  
        red_tint:core/slc#7.itm                                                                                                                          0.0000 0.0000  
        red_tint:core/acc                                   mgc_add_8_0_8_1_9                                                                            1.0006 1.0006  
        red_tint:core/acc.itm                                                                                                                            0.0000 1.0006  
        red_tint:core/not#8                                 mgc_not_8                                                                                    0.0000 1.0006  
        red_tint:core/not#8.itm                                                                                                                          0.0000 1.0006  
        red_tint:core/conc#40                                                                                                                            0.0000 1.0006  
        red_tint:core/conc#41                                                                                                                            0.0000 1.0006  
        red_tint:core/slc(conc#41)#1                                                                                                                     0.0000 1.0006  
        red_tint:core/slc(conc#41)#1.itm                                                                                                                 0.0000 1.0006  
        red_tint:core/conc#46                                                                                                                            0.0000 1.0006  
        red_tint:core/conc#46.itm                                                                                                                        0.0000 1.0006  
        red_tint:core/acc#4                                 mgc_add_11_0_11_1_13                                                                         1.0435 2.0441  
        red_tint:core/acc#4.itm                                                                                                                          0.0000 2.0441  
        red_tint:core/slc#12                                                                                                                             0.0000 2.0441  
        red_tint:core/slc#12.itm                                                                                                                         0.0000 2.0441  
        red_tint:core/mux                                   mgc_mux_1_1_2                                                                                0.3690 2.4131  
        red_tint:core/makepos:else:slc.svs:mx0                                                                                                           0.0000 2.4131  
        red_tint:core/makepos:else:mux                      mgc_mux_10_1_2                                                                               0.3690 2.7820  
        red_tint:core/makepos:else:mux.itm                                                                                                               0.0000 2.7820  
        red_tint:core/makepos:and                           mgc_and_10_2                                                                                 0.2625 3.0445  
        red_tint:core/makepos:and.itm                                                                                                                    0.0000 3.0445  
        red_tint:core/reg(video_out:rsc:mgc_out_stdreg.d)#1 mgc_reg_pos_10_1_0_0_0_1_1                                                                   0.0000 3.0445  
                                                                                                                                                                        
      8                                                     red_tint:core/video_in:rsc:mgc_in_wire.d red_tint:core/reg(video_out:rsc:mgc_out_stdreg.d)#2 3.0445 16.9555 
                                                                                                                                                                        
        Instance                                            Component                                                                                    Delta  Delay   
        --------                                            ---------                                                                                    -----  -----   
        red_tint:core/video_in:rsc:mgc_in_wire.d                                                                                                         0.0000 0.0000  
        red_tint:core/slc(video_in:rsc:mgc_in_wire.d)#1                                                                                                  0.0000 0.0000  
        red_tint:core/slc(video_in:rsc:mgc_in_wire.d)#1.itm                                                                                              0.0000 0.0000  
        red_tint:core/conc#47                                                                                                                            0.0000 0.0000  
        red_tint:core/conc#47.itm                                                                                                                        0.0000 0.0000  
        red_tint:core/acc#5                                 mgc_add_11_0_11_1_13                                                                         1.0435 1.0435  
        red_tint:core/acc#5.itm                                                                                                                          0.0000 1.0435  
        red_tint:core/slc#5                                                                                                                              0.0000 1.0435  
        red_tint:core/slc#5.itm                                                                                                                          0.0000 1.0435  
        red_tint:core/makepos#1:else:if:acc                 mgc_add_8_0_8_1_9                                                                            1.0006 2.0441  
        red_tint:core/exs#1                                                                                                                              0.0000 2.0441  
        red_tint:core/makepos#1:else:if:acc.itm                                                                                                          0.0000 2.0441  
        red_tint:core/makepos#1:else:slc                                                                                                                 0.0000 2.0441  
        red_tint:core/makepos#1:else:slc.itm                                                                                                             0.0000 2.0441  
        red_tint:core/mux#1                                 mgc_mux_1_1_2                                                                                0.3690 2.4131  
        red_tint:core/makepos#1:else:slc.svs:mx0                                                                                                         0.0000 2.4131  
        red_tint:core/makepos#1:else:mux                    mgc_mux_10_1_2                                                                               0.3690 2.7820  
        red_tint:core/makepos#1:else:mux.itm                                                                                                             0.0000 2.7820  
        red_tint:core/makepos#1:and                         mgc_and_10_2                                                                                 0.2625 3.0445  
        red_tint:core/makepos#1:and.itm                                                                                                                  0.0000 3.0445  
        red_tint:core/reg(video_out:rsc:mgc_out_stdreg.d)#2 mgc_reg_pos_10_1_0_0_0_1_1                                                                   0.0000 3.0445  
                                                                                                                                                                        
      9                                                     red_tint:core/mouse_xy:rsc:mgc_in_wire.d red_tint:core/reg(video_out:rsc:mgc_out_stdreg.d)#2 3.0445 16.9555 
                                                                                                                                                                        
        Instance                                            Component                                                                                    Delta  Delay   
        --------                                            ---------                                                                                    -----  -----   
        red_tint:core/mouse_xy:rsc:mgc_in_wire.d                                                                                                         0.0000 0.0000  
        red_tint:core/slc#7                                                                                                                              0.0000 0.0000  
        red_tint:core/slc#7.itm                                                                                                                          0.0000 0.0000  
        red_tint:core/acc                                   mgc_add_8_0_8_1_9                                                                            1.0006 1.0006  
        red_tint:core/acc.itm                                                                                                                            0.0000 1.0006  
        red_tint:core/not#8                                 mgc_not_8                                                                                    0.0000 1.0006  
        red_tint:core/not#8.itm                                                                                                                          0.0000 1.0006  
        red_tint:core/conc#40                                                                                                                            0.0000 1.0006  
        red_tint:core/conc#41                                                                                                                            0.0000 1.0006  
        red_tint:core/slc(conc#41)                                                                                                                       0.0000 1.0006  
        red_tint:core/slc(conc#41).itm                                                                                                                   0.0000 1.0006  
        red_tint:core/conc#48                                                                                                                            0.0000 1.0006  
        red_tint:core/conc#48.itm                                                                                                                        0.0000 1.0006  
        red_tint:core/acc#5                                 mgc_add_11_0_11_1_13                                                                         1.0435 2.0441  
        red_tint:core/acc#5.itm                                                                                                                          0.0000 2.0441  
        red_tint:core/slc#8                                                                                                                              0.0000 2.0441  
        red_tint:core/slc#8.itm                                                                                                                          0.0000 2.0441  
        red_tint:core/mux#1                                 mgc_mux_1_1_2                                                                                0.3690 2.4131  
        red_tint:core/makepos#1:else:slc.svs:mx0                                                                                                         0.0000 2.4131  
        red_tint:core/makepos#1:else:mux                    mgc_mux_10_1_2                                                                               0.3690 2.7820  
        red_tint:core/makepos#1:else:mux.itm                                                                                                             0.0000 2.7820  
        red_tint:core/makepos#1:and                         mgc_and_10_2                                                                                 0.2625 3.0445  
        red_tint:core/makepos#1:and.itm                                                                                                                  0.0000 3.0445  
        red_tint:core/reg(video_out:rsc:mgc_out_stdreg.d)#2 mgc_reg_pos_10_1_0_0_0_1_1                                                                   0.0000 3.0445  
                                                                                                                                                                        
      10                                                    red_tint:core/mouse_xy:rsc:mgc_in_wire.d red_tint:core/reg(video_out:rsc:mgc_out_stdreg.d)#2 3.0445 16.9555 
                                                                                                                                                                        
        Instance                                            Component                                                                                    Delta  Delay   
        --------                                            ---------                                                                                    -----  -----   
        red_tint:core/mouse_xy:rsc:mgc_in_wire.d                                                                                                         0.0000 0.0000  
        red_tint:core/slc#3                                                                                                                              0.0000 0.0000  
        red_tint:core/slc#3.itm                                                                                                                          0.0000 0.0000  
        red_tint:core/conc#49                                                                                                                            0.0000 0.0000  
        red_tint:core/conc#49.itm                                                                                                                        0.0000 0.0000  
        red_tint:core/acc                                   mgc_add_8_0_8_1_9                                                                            1.0006 1.0006  
        red_tint:core/acc.itm                                                                                                                            0.0000 1.0006  
        red_tint:core/not#8                                 mgc_not_8                                                                                    0.0000 1.0006  
        red_tint:core/not#8.itm                                                                                                                          0.0000 1.0006  
        red_tint:core/conc#40                                                                                                                            0.0000 1.0006  
        red_tint:core/conc#41                                                                                                                            0.0000 1.0006  
        red_tint:core/slc(conc#41)                                                                                                                       0.0000 1.0006  
        red_tint:core/slc(conc#41).itm                                                                                                                   0.0000 1.0006  
        red_tint:core/conc#48                                                                                                                            0.0000 1.0006  
        red_tint:core/conc#48.itm                                                                                                                        0.0000 1.0006  
        red_tint:core/acc#5                                 mgc_add_11_0_11_1_13                                                                         1.0435 2.0441  
        red_tint:core/acc#5.itm                                                                                                                          0.0000 2.0441  
        red_tint:core/slc#8                                                                                                                              0.0000 2.0441  
        red_tint:core/slc#8.itm                                                                                                                          0.0000 2.0441  
        red_tint:core/mux#1                                 mgc_mux_1_1_2                                                                                0.3690 2.4131  
        red_tint:core/makepos#1:else:slc.svs:mx0                                                                                                         0.0000 2.4131  
        red_tint:core/makepos#1:else:mux                    mgc_mux_10_1_2                                                                               0.3690 2.7820  
        red_tint:core/makepos#1:else:mux.itm                                                                                                             0.0000 2.7820  
        red_tint:core/makepos#1:and                         mgc_and_10_2                                                                                 0.2625 3.0445  
        red_tint:core/makepos#1:and.itm                                                                                                                  0.0000 3.0445  
        red_tint:core/reg(video_out:rsc:mgc_out_stdreg.d)#2 mgc_reg_pos_10_1_0_0_0_1_1                                                                   0.0000 3.0445  
                                                                                                                                                                        
      
    Register Input and Register-to-Output Slack
      Clock period or pin-to-reg delay constraint (clk): 20.0
      Clock uncertainty constraint (clk)               : 0.0
      
      Instance                                            Port                                  Slack (Delay) Messages 
      --------------------------------------------------- ----------------------------------- ------- ------- --------
      red_tint:core/reg(makepos:else:slc.svs)             makepos:else:slc.svs:mx0            15.9548  4.0452          
      red_tint:core/reg(makepos#1:else:slc.svs)           makepos#1:else:slc.svs:mx0          15.9548  4.0452          
      red_tint:core/reg(video_out:rsc:mgc_out_stdreg.d)   slc(video_in:rsc:mgc_in_wire.d).itm 20.0000  0.0000          
      red_tint:core/reg(video_out:rsc:mgc_out_stdreg.d)#1 makepos:and.itm                     15.8901  4.1099          
      red_tint:core/reg(video_out:rsc:mgc_out_stdreg.d)#2 makepos#1:and.itm                   15.8901  4.1099          
      red_tint                                            video_out:rsc.z                     20.0000  0.0000          
      
  Operator Bitwidth Summary
    Operation  Size (bits) Count 
    ---------- ----------- -----
    add                          
    -                   13     2 
    -                   12     2 
    -                    9     3 
    and                          
    -                    2     2 
    mux                          
    -                    1     4 
    not                          
    -                   11     2 
    -                    8     1 
    -                    1     5 
    read_port                    
    -                   30     1 
    -                   20     1 
    reg                          
    -                   10     3 
    -                    1     2 
    write_port                   
    -                   30     1 
    
  End of Report
