-- Catapult University Version: Report                                              
-- ---------------------------- ---------------------------------------------------
-- Version:                     2011a.126 Production Release                        
-- Build Date:                  Wed Aug  8 00:52:07 PDT 2012                        
                                                                                    
-- Generated by:                rbw14@EEWS104A-013                                  
-- Generated date:              Wed May 06 12:44:50 +0100 2015                      

Solution Settings: edge_detect.v8
  Current state: schedule
  Project: Edge3
  
  Design Input Files Specified
    $PROJECT_HOME/../edge_detect_c/edge.h
      $MGC_HOME/shared/include/ac_int.h
    $PROJECT_HOME/../edge_detect_c/shift_class.h
    $PROJECT_HOME/../edge_detect_c/edge5.c
      $MGC_HOME/shared/include/ac_fixed.h
        $MGC_HOME/shared/include/ac_int.h
      $PROJECT_HOME/../edge_detect_c/edge.h
      $PROJECT_HOME/../edge_detect_c/shift_class.h
  
  Processes/Blocks in Design
    Process           Real Operation(s) count Latency Throughput Reset Length II Comments 
    ----------------- ----------------------- ------- ---------- ------------ -- --------
    /edge_detect/core                     475      12         12            0  1          
    Design Total:                         475      12         12            0  0          
    
  Clock Information
    Clock Signal Edge   Period Sharing Alloc (%) Uncertainty Used by Processes/Blocks 
    ------------ ------ ------ ----------------- ----------- ------------------------
    clk          rising 37.037             20.00    0.000000 /edge_detect/core        
    
  I/O Data Ranges
    Port       Mode DeclType DeclWidth DeclRange ActType ActWidth ActRange 
    ---------- ---- -------- --------- --------- ------- -------- --------
    vin:rsc.z  IN   Unsigned        90                                     
    clk        IN   Unsigned         1                                     
    en         IN   Unsigned         1                                     
    arst_n     IN   Unsigned         1                                     
    vout:rsc.z OUT  Unsigned        30                                     
    
  Memory Resources
    Resource Name: /edge_detect/vin:rsc
      Memory Component: mgc_in_wire                  Size:         1 x 90
      External:         true                         Packing Mode: sidebyside
      Memory Map:
      Variable         Indices Phys Memory Address     
      ---------------- ------- -----------------------
      /edge_detect/vin    0:89 00000000-00000000 (0-0) 
      
    Resource Name: /edge_detect/vout:rsc
      Memory Component: mgc_out_stdreg               Size:         1 x 30
      External:         true                         Packing Mode: sidebyside
      Memory Map:
      Variable          Indices Phys Memory Address     
      ----------------- ------- -----------------------
      /edge_detect/vout    0:29 00000000-00000000 (0-0) 
      
  Multi-Cycle (Combinational) Component Usage
    Instance Component Name Delay 
    -------- -------------- -----
    
  Loops
    Process           Loop             Iterations C-Steps Total Cycles   Duration  Unroll Init Comments 
    ----------------- ---------------- ---------- ------- ------------- ---------- ------ ---- --------
    /edge_detect/core core:rlp           Infinite       0           13  481.48 ns                       
    /edge_detect/core   main             Infinite       2           13  481.48 ns            1          
    
  Loop Execution Profile
    Process           Loop             Total Cycles % of Overall Design Cycles Throughput Cycles Comments 
    ----------------- ---------------- ------------ -------------------------- ----------------- --------
    /edge_detect/core core:rlp                   0                        0.00               12           
    /edge_detect/core   main                    13                      100.00               12           
    
  End of Report
