-- Catapult University Version: Report                                              
-- ---------------------------- ---------------------------------------------------
-- Version:                     2011a.126 Production Release                        
-- Build Date:                  Wed Aug  8 00:52:07 PDT 2012                        
                                                                                    
-- Generated by:                jb914@EEWS104A-014                                  
-- Generated date:              Wed May 06 12:45:03 +0100 2015                      

Solution Settings: red_tint.v9
  Current state: extract
  Project: MouseTintRed
  
  Design Input Files Specified
    $PROJECT_HOME/edge.h
      $MGC_HOME/shared/include/ac_int.h
    $PROJECT_HOME/MouseTintRed.c
      $MGC_HOME/shared/include/ac_fixed.h
        $MGC_HOME/shared/include/ac_int.h
      $PROJECT_HOME/edge.h
      $PROJECT_HOME/shift_class.h
    $PROJECT_HOME/shift_class.h
  
  Processes/Blocks in Design
    Process        Real Operation(s) count Latency Throughput Reset Length II Comments 
    -------------- ----------------------- ------- ---------- ------------ -- --------
    /red_tint/core                       6       1          1            0  1          
    Design Total:                        6       1          1            0  1          
    
  Bill Of Materials (Datapath)
    Component Name                          Area Score Area(LUTs) Delay Post Alloc Post Assign 
    --------------------------------------- ---------- ---------- ----- ---------- -----------
    [Lib: mgc_Altera-Cyclone-III-6_beh_psr]                                                    
    mgc_add(8,0,3,1,8)                           9.000      9.000 1.175          1           1 
    mgc_mux(10,1,2)                              9.194      9.194 0.369          1           1 
    mgc_not(7)                                   0.000      0.000 0.000          0           1 
    mgc_reg_pos(10,1,0,0,0,1,1)                  0.000      0.000 0.000          0           1 
    [Lib: mgc_ioport]                                                                          
    mgc_in_wire(1,30)                            0.000      0.000 0.000          1           1 
    mgc_in_wire(3,20)                            0.000      0.000 0.000          1           1 
    mgc_out_stdreg(2,30)                         0.000      0.000 0.000          1           1 
                                                                                               
    TOTAL AREA (After Assignment):              18.194     18.000                              
    
  Area Scores
                      Post-Scheduling Post-DP & FSM Post-Assignment 
    ----------------- --------------- ------------- ---------------
    Total Area Score:     18.2          18.2            18.2        
    Total Reg:             0.0           0.0             0.0        
                                                                    
    DataPath:             18.2 (100%)   18.2 (100%)     18.2 (100%) 
      MUX:                 9.2  (51%)    9.2  (51%)      9.2  (51%) 
      FUNC:                9.0  (49%)    9.0  (49%)      9.0  (49%) 
      LOGIC:               0.0           0.0             0.0        
      BUFFER:              0.0           0.0             0.0        
      MEM:                 0.0           0.0             0.0        
      ROM:                 0.0           0.0             0.0        
      REG:                 0.0           0.0             0.0        
                                                                    
    
    FSM:                   0.0           0.0             0.0        
      FSM-REG:             0.0           0.0             0.0        
      FSM-COMB:            0.0           0.0             0.0        
                                                                    
    
  Register-to-Variable Mappings
    Register                                Size(bits) Gated Register CG Opt Done Variables                                             
    --------------------------------------- ---------- -------------- ----------- -----------------------------------------------------
    reg(video_out:rsc:mgc_out_stdreg.d).tmp         10         Y                  reg(video_out:rsc:mgc_out_stdreg.d).tmp               
                                                                                                                                        
    Total:                                          10             10           0 (Total Gating Ratio: 1.00, CG Opt Gating Ratio: 0.00) 
    
  Timing Report
    Critical Path
      Max Delay:  1.543549
      Slack:      35.493488037
      
      Path                                                Startpoint                               Endpoint                                          Delay  Slack   
      --------------------------------------------------- ---------------------------------------- ------------------------------------------------- ------ -------
      1                                                   red_tint:core/mouse_xy:rsc:mgc_in_wire.d red_tint:core/reg(video_out:rsc:mgc_out_stdreg.d) 1.5435 35.4935 
                                                                                                                                                                    
        Instance                                          Component                                                                                  Delta  Delay   
        --------                                          ---------                                                                                  -----  -----   
        red_tint:core/mouse_xy:rsc:mgc_in_wire.d                                                                                                     0.0000 0.0000  
        red_tint:core/slc#3                                                                                                                          0.0000 0.0000  
        red_tint:core/slc#3.itm                                                                                                                      0.0000 0.0000  
        red_tint:core/not                                 mgc_not_7                                                                                  0.0000 0.0000  
        red_tint:core/not.itm                                                                                                                        0.0000 0.0000  
        red_tint:core/conc#16                                                                                                                        0.0000 0.0000  
        red_tint:core/conc#16.itm                                                                                                                    0.0000 0.0000  
        red_tint:core/if:acc                              mgc_add_8_0_3_1_8                                                                          1.1746 1.1746  
        red_tint:core/if:acc.itm                                                                                                                     0.0000 1.1746  
        red_tint:core/slc                                                                                                                            0.0000 1.1746  
        red_tint:core/slc.itm                                                                                                                        0.0000 1.1746  
        red_tint:core/mux                                 mgc_mux_10_1_2                                                                             0.3690 1.5435  
        red_tint:core/mux.itm                                                                                                                        0.0000 1.5435  
        red_tint:core/reg(video_out:rsc:mgc_out_stdreg.d) mgc_reg_pos_10_1_0_0_0_1_1                                                                 0.0000 1.5435  
                                                                                                                                                                    
      2                                                   red_tint:core/video_in:rsc:mgc_in_wire.d red_tint:core/reg(video_out:rsc:mgc_out_stdreg.d) 0.3690 36.6681 
                                                                                                                                                                    
        Instance                                          Component                                                                                  Delta  Delay   
        --------                                          ---------                                                                                  -----  -----   
        red_tint:core/video_in:rsc:mgc_in_wire.d                                                                                                     0.0000 0.0000  
        red_tint:core/slc#4                                                                                                                          0.0000 0.0000  
        red_tint:core/slc#4.itm                                                                                                                      0.0000 0.0000  
        red_tint:core/mux                                 mgc_mux_10_1_2                                                                             0.3690 0.3690  
        red_tint:core/mux.itm                                                                                                                        0.0000 0.3690  
        red_tint:core/reg(video_out:rsc:mgc_out_stdreg.d) mgc_reg_pos_10_1_0_0_0_1_1                                                                 0.0000 0.3690  
                                                                                                                                                                    
      3                                                   red_tint:core/video_in:rsc:mgc_in_wire.d red_tint:core/reg(video_out:rsc:mgc_out_stdreg.d) 0.3690 36.6681 
                                                                                                                                                                    
        Instance                                          Component                                                                                  Delta  Delay   
        --------                                          ---------                                                                                  -----  -----   
        red_tint:core/video_in:rsc:mgc_in_wire.d                                                                                                     0.0000 0.0000  
        red_tint:core/slc#5                                                                                                                          0.0000 0.0000  
        red_tint:core/slc#5.itm                                                                                                                      0.0000 0.0000  
        red_tint:core/mux                                 mgc_mux_10_1_2                                                                             0.3690 0.3690  
        red_tint:core/mux.itm                                                                                                                        0.0000 0.3690  
        red_tint:core/reg(video_out:rsc:mgc_out_stdreg.d) mgc_reg_pos_10_1_0_0_0_1_1                                                                 0.0000 0.3690  
                                                                                                                                                                    
      
    Register Input and Register-to-Output Slack
      Clock period or pin-to-reg delay constraint (clk): 37.037037037
      Clock uncertainty constraint (clk)               : 0.0
      
      Instance                                          Port              Slack (Delay) Messages 
      ------------------------------------------------- --------------- ------- ------- --------
      red_tint:core/reg(video_out:rsc:mgc_out_stdreg.d) mux.itm         35.4935  1.5435          
      red_tint                                          video_out:rsc.z 37.0370  0.0000          
      
  Operator Bitwidth Summary
    Operation  Size (bits) Count 
    ---------- ----------- -----
    add                          
    -                    8     1 
    mux                          
    -                    1     1 
    not                          
    -                    7     1 
    read_port                    
    -                   30     1 
    -                   20     1 
    reg                          
    -                   10     1 
    write_port                   
    -                   30     1 
    
  End of Report
