-- Catapult University Version: Report                                              
-- ---------------------------- ---------------------------------------------------
-- Version:                     2011a.126 Production Release                        
-- Build Date:                  Wed Aug  8 00:52:07 PDT 2012                        
                                                                                    
-- Generated by:                jb914@EEWS104A-020                                  
-- Generated date:              Mon May 11 13:50:02 +0100 2015                      

Solution Settings: absmax.v2
  Current state: extract
  Project: Edge4
  
  Design Input Files Specified
    $PROJECT_HOME/shift_class.h
    $PROJECT_HOME/../motionblur/motionblur.h
      $MGC_HOME/shared/include/ac_int.h
    $PROJECT_HOME/../motionblur/motionblur1.c
      $MGC_HOME/shared/include/ac_fixed.h
        $MGC_HOME/shared/include/ac_int.h
      $PROJECT_HOME/../motionblur/motionblur.h
      $PROJECT_HOME/../motionblur/shift_class.h
  
  Processes/Blocks in Design
    Process       Real Operation(s) count Latency Throughput Reset Length II Comments 
    ------------- ----------------------- ------- ---------- ------------ -- --------
    /absmax/core                       12       1          2            0  0          
    Design Total:                      12       1          2            0  0          
    
  Bill Of Materials (Datapath)
    Component Name                          Area Score Area(LUTs) Delay Post Alloc Post Assign 
    --------------------------------------- ---------- ---------- ----- ---------- -----------
    [Lib: mgc_Altera-Cyclone-III-6_beh_psr]                                                    
    mgc_add(16,1,2,1,17)                        17.000     17.000 1.555          2           2 
    mgc_add(6,1,2,1,7)                           7.000      7.000 0.865          1           1 
    mgc_and(1,2)                                 0.730      0.730 0.263          0           2 
    mgc_and(1,3)                                 1.054      1.054 0.416          0           1 
    mgc_mux1hot(16,3)                           35.034     35.034 0.773          1           0 
    mgc_mux1hot(16,4)                           45.271     45.271 0.876          0           1 
    mgc_nor(1,2)                                 0.730      0.730 0.263          0           1 
    mgc_not(1)                                   0.000      0.000 0.000          0           2 
    mgc_not(16)                                  0.000      0.000 0.000          0           2 
    mgc_not(6)                                   0.000      0.000 0.000          0           1 
    mgc_reg_pos(16,1,0,0,0,1,1)                  0.000      0.000 0.000          0           1 
    [Lib: mgc_ioport]                                                                          
    mgc_in_wire(1,16)                            0.000      0.000 0.000          1           1 
    mgc_out_stdreg(2,16)                         0.000      0.000 0.000          1           1 
                                                                                               
    TOTAL AREA (After Assignment):              89.515     90.000                              
    
  Area Scores
                      Post-Scheduling Post-DP & FSM Post-Assignment 
    ----------------- --------------- ------------- ---------------
    Total Area Score:     76.0          89.2            89.5        
    Total Reg:             0.0           0.0             0.0        
                                                                    
    DataPath:             76.0 (100%)   89.2 (100%)     89.5 (100%) 
      MUX:                35.0  (46%)   45.3  (51%)     45.3  (51%) 
      FUNC:               41.0  (54%)   41.0  (46%)     41.0  (46%) 
      LOGIC:               0.0           2.9   (3%)      3.2   (4%) 
      BUFFER:              0.0           0.0             0.0        
      MEM:                 0.0           0.0             0.0        
      ROM:                 0.0           0.0             0.0        
      REG:                 0.0           0.0             0.0        
                                                                    
    
    FSM:                   0.0           0.0             0.0   (0%) 
      FSM-REG:             0.0           0.0             0.0        
      FSM-COMB:            0.0           0.0             0.0 (100%) 
                                                                    
    
  Register-to-Variable Mappings
    Register                           Size(bits) Gated Register CG Opt Done Variables                                             
    ---------------------------------- ---------- -------------- ----------- -----------------------------------------------------
    absmax.return:rsc:mgc_out_stdreg.d         16         Y                  absmax.return:rsc:mgc_out_stdreg.d                    
                                                                                                                                   
    Total:                                     16             16           0 (Total Gating Ratio: 1.00, CG Opt Gating Ratio: 0.00) 
    
  Timing Report
    Critical Path
      Max Delay:  2.9561290000000002
      Slack:      17.043871
      
      Path                                                  Startpoint                       Endpoint                                            Delay  Slack   
      ----------------------------------------------------- -------------------------------- --------------------------------------------------- ------ -------
      1                                                     absmax:core/x:rsc:mgc_in_wire.d  absmax:core/reg(absmax.return:rsc:mgc_out_stdreg.d) 2.9561 17.0439 
                                                                                                                                                                
        Instance                                            Component                                                                            Delta  Delay   
        --------                                            ---------                                                                            -----  -----   
        absmax:core/x:rsc:mgc_in_wire.d                                                                                                          0.0000 0.0000  
        absmax:core/else:else:not#1                         mgc_not_16                                                                           0.0000 0.0000  
        absmax:core/else:else:not#1.itm                                                                                                          0.0000 0.0000  
        absmax:core/else:acc                                mgc_add_16_1_2_1_17                                                                  1.5555 1.5555  
        absmax:core/else:acc.itm                                                                                                                 0.0000 1.5555  
        absmax:core/else:slc                                                                                                                     0.0000 1.5555  
        absmax:core/else:slc.svs                                                                                                                 0.0000 1.5555  
        absmax:core/nor                                     mgc_nor_1_2                                                                          0.2625 1.8180  
        absmax:core/nor.itm                                                                                                                      0.0000 1.8180  
        absmax:core/and                                     mgc_and_1_2                                                                          0.2625 2.0805  
        absmax:core/and.itm                                                                                                                      0.0000 2.0805  
        absmax:core/mux1h                                   mgc_mux1hot_16_4                                                                     0.8756 2.9561  
        absmax:core/mux1h.itm                                                                                                                    0.0000 2.9561  
        absmax:core/reg(absmax.return:rsc:mgc_out_stdreg.d) mgc_reg_pos_16_1_0_0_0_1_1                                                           0.0000 2.9561  
                                                                                                                                                                
      2                                                     absmax:core/x:rsc:mgc_in_wire.d  absmax:core/reg(absmax.return:rsc:mgc_out_stdreg.d) 2.8472 17.1528 
                                                                                                                                                                
        Instance                                            Component                                                                            Delta  Delay   
        --------                                            ---------                                                                            -----  -----   
        absmax:core/x:rsc:mgc_in_wire.d                                                                                                          0.0000 0.0000  
        absmax:core/else:else:not#1                         mgc_not_16                                                                           0.0000 0.0000  
        absmax:core/else:else:not#1.itm                                                                                                          0.0000 0.0000  
        absmax:core/else:acc                                mgc_add_16_1_2_1_17                                                                  1.5555 1.5555  
        absmax:core/else:acc.itm                                                                                                                 0.0000 1.5555  
        absmax:core/else:slc                                                                                                                     0.0000 1.5555  
        absmax:core/else:slc.svs                                                                                                                 0.0000 1.5555  
        absmax:core/and#1                                   mgc_and_1_3                                                                          0.4161 1.9715  
        absmax:core/and#1.itm                                                                                                                    0.0000 1.9715  
        absmax:core/mux1h                                   mgc_mux1hot_16_4                                                                     0.8756 2.8472  
        absmax:core/mux1h.itm                                                                                                                    0.0000 2.8472  
        absmax:core/reg(absmax.return:rsc:mgc_out_stdreg.d) mgc_reg_pos_16_1_0_0_0_1_1                                                           0.0000 2.8472  
                                                                                                                                                                
      3                                                     absmax:core/x:rsc:mgc_in_wire.d  absmax:core/reg(absmax.return:rsc:mgc_out_stdreg.d) 2.4311 17.5689 
                                                                                                                                                                
        Instance                                            Component                                                                            Delta  Delay   
        --------                                            ---------                                                                            -----  -----   
        absmax:core/x:rsc:mgc_in_wire.d                                                                                                          0.0000 0.0000  
        absmax:core/else:else:not#3                         mgc_not_16                                                                           0.0000 0.0000  
        absmax:core/else:else:not#3.itm                                                                                                          0.0000 0.0000  
        absmax:core/else:else:acc                           mgc_add_16_1_2_1_17                                                                  1.5555 1.5555  
        absmax:core/else:else:acc.itm                                                                                                            0.0000 1.5555  
        absmax:core/mux1h                                   mgc_mux1hot_16_4                                                                     0.8756 2.4311  
        absmax:core/mux1h.itm                                                                                                                    0.0000 2.4311  
        absmax:core/reg(absmax.return:rsc:mgc_out_stdreg.d) mgc_reg_pos_16_1_0_0_0_1_1                                                           0.0000 2.4311  
                                                                                                                                                                
      4                                                     absmax:core/x:rsc:mgc_in_wire.d  absmax:core/reg(absmax.return:rsc:mgc_out_stdreg.d) 2.2654 17.7346 
                                                                                                                                                                
        Instance                                            Component                                                                            Delta  Delay   
        --------                                            ---------                                                                            -----  -----   
        absmax:core/x:rsc:mgc_in_wire.d                                                                                                          0.0000 0.0000  
        absmax:core/slc(x#1.sva#2)                                                                                                               0.0000 0.0000  
        absmax:core/slc(x#1.sva#2).itm                                                                                                           0.0000 0.0000  
        absmax:core/not                                     mgc_not_6                                                                            0.0000 0.0000  
        absmax:core/not.itm                                                                                                                      0.0000 0.0000  
        absmax:core/if:acc                                  mgc_add_6_1_2_1_7                                                                    0.8647 0.8647  
        absmax:core/if:acc.itm                                                                                                                   0.0000 0.8647  
        absmax:core/slc                                                                                                                          0.0000 0.8647  
        absmax:core/slc.svs                                                                                                                      0.0000 0.8647  
        absmax:core/nor                                     mgc_nor_1_2                                                                          0.2625 1.1272  
        absmax:core/nor.itm                                                                                                                      0.0000 1.1272  
        absmax:core/and                                     mgc_and_1_2                                                                          0.2625 1.3897  
        absmax:core/and.itm                                                                                                                      0.0000 1.3897  
        absmax:core/mux1h                                   mgc_mux1hot_16_4                                                                     0.8756 2.2654  
        absmax:core/mux1h.itm                                                                                                                    0.0000 2.2654  
        absmax:core/reg(absmax.return:rsc:mgc_out_stdreg.d) mgc_reg_pos_16_1_0_0_0_1_1                                                           0.0000 2.2654  
                                                                                                                                                                
      5                                                     absmax:core/x:rsc:mgc_in_wire.d  absmax:core/reg(absmax.return:rsc:mgc_out_stdreg.d) 2.1564 17.8436 
                                                                                                                                                                
        Instance                                            Component                                                                            Delta  Delay   
        --------                                            ---------                                                                            -----  -----   
        absmax:core/x:rsc:mgc_in_wire.d                                                                                                          0.0000 0.0000  
        absmax:core/slc(x#1.sva#2)                                                                                                               0.0000 0.0000  
        absmax:core/slc(x#1.sva#2).itm                                                                                                           0.0000 0.0000  
        absmax:core/not                                     mgc_not_6                                                                            0.0000 0.0000  
        absmax:core/not.itm                                                                                                                      0.0000 0.0000  
        absmax:core/if:acc                                  mgc_add_6_1_2_1_7                                                                    0.8647 0.8647  
        absmax:core/if:acc.itm                                                                                                                   0.0000 0.8647  
        absmax:core/slc                                                                                                                          0.0000 0.8647  
        absmax:core/slc.svs                                                                                                                      0.0000 0.8647  
        absmax:core/not#4                                   mgc_not_1                                                                            0.0000 0.8647  
        absmax:core/not#4.itm                                                                                                                    0.0000 0.8647  
        absmax:core/and#1                                   mgc_and_1_3                                                                          0.4161 1.2808  
        absmax:core/and#1.itm                                                                                                                    0.0000 1.2808  
        absmax:core/mux1h                                   mgc_mux1hot_16_4                                                                     0.8756 2.1564  
        absmax:core/mux1h.itm                                                                                                                    0.0000 2.1564  
        absmax:core/reg(absmax.return:rsc:mgc_out_stdreg.d) mgc_reg_pos_16_1_0_0_0_1_1                                                           0.0000 2.1564  
                                                                                                                                                                
      6                                                     absmax:core/x:rsc:mgc_in_wire.d  absmax:core/reg(absmax.return:rsc:mgc_out_stdreg.d) 2.0029 17.9972 
                                                                                                                                                                
        Instance                                            Component                                                                            Delta  Delay   
        --------                                            ---------                                                                            -----  -----   
        absmax:core/x:rsc:mgc_in_wire.d                                                                                                          0.0000 0.0000  
        absmax:core/slc(x#1.sva#2)                                                                                                               0.0000 0.0000  
        absmax:core/slc(x#1.sva#2).itm                                                                                                           0.0000 0.0000  
        absmax:core/not                                     mgc_not_6                                                                            0.0000 0.0000  
        absmax:core/not.itm                                                                                                                      0.0000 0.0000  
        absmax:core/if:acc                                  mgc_add_6_1_2_1_7                                                                    0.8647 0.8647  
        absmax:core/if:acc.itm                                                                                                                   0.0000 0.8647  
        absmax:core/slc                                                                                                                          0.0000 0.8647  
        absmax:core/slc.svs                                                                                                                      0.0000 0.8647  
        absmax:core/and#2                                   mgc_and_1_2                                                                          0.2625 1.1272  
        absmax:core/and#2.itm                                                                                                                    0.0000 1.1272  
        absmax:core/mux1h                                   mgc_mux1hot_16_4                                                                     0.8756 2.0029  
        absmax:core/mux1h.itm                                                                                                                    0.0000 2.0029  
        absmax:core/reg(absmax.return:rsc:mgc_out_stdreg.d) mgc_reg_pos_16_1_0_0_0_1_1                                                           0.0000 2.0029  
                                                                                                                                                                
      7                                                     absmax:core/absmax:core:fsm:inst absmax:core/reg(absmax.return:rsc:mgc_out_stdreg.d) 1.2917 18.7083 
                                                                                                                                                                
        Instance                                            Component                                                                            Delta  Delay   
        --------                                            ---------                                                                            -----  -----   
        absmax:core/absmax:core:fsm:inst                    absmax:core:fsm                                                                      0.0000 0.0000  
        absmax:core/fsm_output                                                                                                                   0.0000 0.0000  
        absmax:core/slc(fsm_output)#4                                                                                                            0.0000 0.0000  
        absmax:core/slc(fsm_output)#4.itm                                                                                                        0.0000 0.0000  
        absmax:core/and#1                                   mgc_and_1_3                                                                          0.4161 0.4161  
        absmax:core/and#1.itm                                                                                                                    0.0000 0.4161  
        absmax:core/mux1h                                   mgc_mux1hot_16_4                                                                     0.8756 1.2917  
        absmax:core/mux1h.itm                                                                                                                    0.0000 1.2917  
        absmax:core/reg(absmax.return:rsc:mgc_out_stdreg.d) mgc_reg_pos_16_1_0_0_0_1_1                                                           0.0000 1.2917  
                                                                                                                                                                
      8                                                     absmax:core/absmax:core:fsm:inst absmax:core/reg(absmax.return:rsc:mgc_out_stdreg.d) 1.1381 18.8619 
                                                                                                                                                                
        Instance                                            Component                                                                            Delta  Delay   
        --------                                            ---------                                                                            -----  -----   
        absmax:core/absmax:core:fsm:inst                    absmax:core:fsm                                                                      0.0000 0.0000  
        absmax:core/fsm_output                                                                                                                   0.0000 0.0000  
        absmax:core/slc(fsm_output)#3                                                                                                            0.0000 0.0000  
        absmax:core/slc(fsm_output)#3.itm                                                                                                        0.0000 0.0000  
        absmax:core/and                                     mgc_and_1_2                                                                          0.2625 0.2625  
        absmax:core/and.itm                                                                                                                      0.0000 0.2625  
        absmax:core/mux1h                                   mgc_mux1hot_16_4                                                                     0.8756 1.1381  
        absmax:core/mux1h.itm                                                                                                                    0.0000 1.1381  
        absmax:core/reg(absmax.return:rsc:mgc_out_stdreg.d) mgc_reg_pos_16_1_0_0_0_1_1                                                           0.0000 1.1381  
                                                                                                                                                                
      9                                                     absmax:core/absmax:core:fsm:inst absmax:core/reg(absmax.return:rsc:mgc_out_stdreg.d) 1.1381 18.8619 
                                                                                                                                                                
        Instance                                            Component                                                                            Delta  Delay   
        --------                                            ---------                                                                            -----  -----   
        absmax:core/absmax:core:fsm:inst                    absmax:core:fsm                                                                      0.0000 0.0000  
        absmax:core/fsm_output                                                                                                                   0.0000 0.0000  
        absmax:core/slc(fsm_output)                                                                                                              0.0000 0.0000  
        absmax:core/slc(fsm_output).itm                                                                                                          0.0000 0.0000  
        absmax:core/and#2                                   mgc_and_1_2                                                                          0.2625 0.2625  
        absmax:core/and#2.itm                                                                                                                    0.0000 0.2625  
        absmax:core/mux1h                                   mgc_mux1hot_16_4                                                                     0.8756 1.1381  
        absmax:core/mux1h.itm                                                                                                                    0.0000 1.1381  
        absmax:core/reg(absmax.return:rsc:mgc_out_stdreg.d) mgc_reg_pos_16_1_0_0_0_1_1                                                           0.0000 1.1381  
                                                                                                                                                                
      10                                                    absmax:core/absmax:core:fsm:inst absmax:core/reg(absmax.return:rsc:mgc_out_stdreg.d) 0.8756 19.1244 
                                                                                                                                                                
        Instance                                            Component                                                                            Delta  Delay   
        --------                                            ---------                                                                            -----  -----   
        absmax:core/absmax:core:fsm:inst                    absmax:core:fsm                                                                      0.0000 0.0000  
        absmax:core/fsm_output                                                                                                                   0.0000 0.0000  
        absmax:core/slc(fsm_output)#2                                                                                                            0.0000 0.0000  
        absmax:core/slc(fsm_output)#2.itm                                                                                                        0.0000 0.0000  
        absmax:core/not#6                                   mgc_not_1                                                                            0.0000 0.0000  
        absmax:core/not#6.itm                                                                                                                    0.0000 0.0000  
        absmax:core/mux1h                                   mgc_mux1hot_16_4                                                                     0.8756 0.8756  
        absmax:core/mux1h.itm                                                                                                                    0.0000 0.8756  
        absmax:core/reg(absmax.return:rsc:mgc_out_stdreg.d) mgc_reg_pos_16_1_0_0_0_1_1                                                           0.0000 0.8756  
                                                                                                                                                                
      
    Register Input and Register-to-Output Slack
      Clock period or pin-to-reg delay constraint (clk): 20.0
      Clock uncertainty constraint (clk)               : 0.0
      
      Instance                                            Port                  Slack (Delay) Messages 
      --------------------------------------------------- ------------------- ------- ------- --------
      absmax:core/reg(absmax.return:rsc:mgc_out_stdreg.d) mux1h.itm           17.0439  2.9561          
      absmax                                              absmax.return:rsc.z 20.0000  0.0000          
      
  Operator Bitwidth Summary
    Operation  Size (bits) Count 
    ---------- ----------- -----
    add                          
    -                   17     2 
    -                    7     1 
    and                          
    -                    3     1 
    -                    2     2 
    mux1h                        
    -                    4     1 
    nor                          
    -                    2     1 
    not                          
    -                   16     2 
    -                    6     1 
    -                    1     2 
    read_port                    
    -                   16     1 
    reg                          
    -                   16     1 
    write_port                   
    -                   16     1 
    
  End of Report
