-- Catapult University Version: Report                                              
-- ---------------------------- ---------------------------------------------------
-- Version:                     2011a.126 Production Release                        
-- Build Date:                  Wed Aug  8 00:52:07 PDT 2012                        
                                                                                    
-- Generated by:                jb914@EEWS104A-014                                  
-- Generated date:              Wed May 06 14:30:16 +0100 2015                      

Solution Settings: green_tint.v1
  Current state: extract
  Project: MouseTintGreen
  
  Design Input Files Specified
    $PROJECT_HOME/edge.h
      $MGC_HOME/shared/include/ac_int.h
    $PROJECT_HOME/MouseTintGreen.c
      $MGC_HOME/shared/include/ac_fixed.h
        $MGC_HOME/shared/include/ac_int.h
      $PROJECT_HOME/edge.h
      $PROJECT_HOME/shift_class.h
    $PROJECT_HOME/shift_class.h
  
  Processes/Blocks in Design
    Process          Real Operation(s) count Latency Throughput Reset Length II Comments 
    ---------------- ----------------------- ------- ---------- ------------ -- --------
    /green_tint/core                      13       1          1            0  1          
    Design Total:                         13       1          1            0  1          
    
  Bill Of Materials (Datapath)
    Component Name                          Area Score Area(LUTs) Delay Post Alloc Post Assign 
    --------------------------------------- ---------- ---------- ----- ---------- -----------
    [Lib: mgc_Altera-Cyclone-III-6_beh_psr]                                                    
    mgc_add(10,0,10,1,11)                       11.000     11.000 1.139          2           2 
    mgc_add(2,0,1,1,2)                           3.000      3.000 0.658          2           2 
    mgc_and(1,2)                                 0.730      0.730 0.263          0           2 
    mgc_and(10,2)                                7.298      7.298 0.263          2           0 
    mgc_and(9,2)                                 6.568      6.568 0.263          0           2 
    mgc_not(1)                                   0.000      0.000 0.000          0           4 
    mgc_not(8)                                   0.000      0.000 0.000          0           2 
    mgc_reg_pos(1,1,0,0,0,1,1)                   0.000      0.000 0.000          0           2 
    mgc_reg_pos(10,1,0,0,0,1,1)                  0.000      0.000 0.000          0           1 
    mgc_reg_pos(9,1,0,0,0,1,1)                   0.000      0.000 0.000          0           2 
    [Lib: mgc_ioport]                                                                          
    mgc_in_wire(1,30)                            0.000      0.000 0.000          1           1 
    mgc_in_wire(3,20)                            0.000      0.000 0.000          1           1 
    mgc_out_stdreg(2,30)                         0.000      0.000 0.000          1           1 
                                                                                               
    TOTAL AREA (After Assignment):              42.597     43.000                              
    
  Area Scores
                      Post-Scheduling Post-DP & FSM Post-Assignment 
    ----------------- --------------- ------------- ---------------
    Total Area Score:     42.6          42.6            42.6        
    Total Reg:             0.0           0.0             0.0        
                                                                    
    DataPath:             42.6 (100%)   42.6 (100%)     42.6 (100%) 
      MUX:                 0.0           0.0             0.0        
      FUNC:               28.0  (66%)   28.0  (66%)     28.0  (66%) 
      LOGIC:              14.6  (34%)   14.6  (34%)     14.6  (34%) 
      BUFFER:              0.0           0.0             0.0        
      MEM:                 0.0           0.0             0.0        
      ROM:                 0.0           0.0             0.0        
      REG:                 0.0           0.0             0.0        
                                                                    
    
    FSM:                   0.0           0.0             0.0        
      FSM-REG:             0.0           0.0             0.0        
      FSM-COMB:            0.0           0.0             0.0        
                                                                    
    
  Register-to-Variable Mappings
    Register                                  Size(bits) Gated Register CG Opt Done Variables                                             
    ----------------------------------------- ---------- -------------- ----------- -----------------------------------------------------
    reg(video_out:rsc:mgc_out_stdreg.d).tmp#2         10         Y                  reg(video_out:rsc:mgc_out_stdreg.d).tmp#2             
    reg(video_out:rsc:mgc_out_stdreg.d).tmp            9         Y                  reg(video_out:rsc:mgc_out_stdreg.d).tmp               
    reg(video_out:rsc:mgc_out_stdreg.d).tmp#3          9         Y                  reg(video_out:rsc:mgc_out_stdreg.d).tmp#3             
    reg(video_out:rsc:mgc_out_stdreg.d).tmp#1          1         Y                  reg(video_out:rsc:mgc_out_stdreg.d).tmp#1             
    reg(video_out:rsc:mgc_out_stdreg.d).tmp#4          1         Y                  reg(video_out:rsc:mgc_out_stdreg.d).tmp#4             
                                                                                                                                          
    Total:                                            30             30           0 (Total Gating Ratio: 1.00, CG Opt Gating Ratio: 0.00) 
    
  Timing Report
    Critical Path
      Max Delay:  1.401456
      Slack:      35.635581036999994
      
      Path                                                    Startpoint                                 Endpoint                                              Delay  Slack   
      ------------------------------------------------------- ------------------------------------------ ----------------------------------------------------- ------ -------
      1                                                       green_tint:core/video_in:rsc:mgc_in_wire.d green_tint:core/reg(video_out:rsc:mgc_out_stdreg.d)   1.4015 35.6356 
                                                                                                                                                                              
        Instance                                              Component                                                                                        Delta  Delay   
        --------                                              ---------                                                                                        -----  -----   
        green_tint:core/video_in:rsc:mgc_in_wire.d                                                                                                             0.0000 0.0000  
        green_tint:core/slc(video_in:rsc:mgc_in_wire.d)#4                                                                                                      0.0000 0.0000  
        green_tint:core/slc(video_in:rsc:mgc_in_wire.d)#4.itm                                                                                                  0.0000 0.0000  
        green_tint:core/conc#12                                                                                                                                0.0000 0.0000  
        green_tint:core/conc#12.itm                                                                                                                            0.0000 0.0000  
        green_tint:core/else:else:acc#4                       mgc_add_10_0_10_1_11                                                                             1.1389 1.1389  
        green_tint:core/else:else:acc#4.itm                                                                                                                    0.0000 1.1389  
        green_tint:core/else:else:slc#5                                                                                                                        0.0000 1.1389  
        green_tint:core/else:else:slc#5.itm                                                                                                                    0.0000 1.1389  
        green_tint:core/makepos:and                           mgc_and_9_2                                                                                      0.2625 1.4015  
        green_tint:core/makepos:and.itm                                                                                                                        0.0000 1.4015  
        green_tint:core/reg(video_out:rsc:mgc_out_stdreg.d)   mgc_reg_pos_9_1_0_0_0_1_1                                                                        0.0000 1.4015  
                                                                                                                                                                              
      2                                                       green_tint:core/video_in:rsc:mgc_in_wire.d green_tint:core/reg(video_out:rsc:mgc_out_stdreg.d)#3 1.4015 35.6356 
                                                                                                                                                                              
        Instance                                              Component                                                                                        Delta  Delay   
        --------                                              ---------                                                                                        -----  -----   
        green_tint:core/video_in:rsc:mgc_in_wire.d                                                                                                             0.0000 0.0000  
        green_tint:core/slc(video_in:rsc:mgc_in_wire.d)#3                                                                                                      0.0000 0.0000  
        green_tint:core/slc(video_in:rsc:mgc_in_wire.d)#3.itm                                                                                                  0.0000 0.0000  
        green_tint:core/conc#14                                                                                                                                0.0000 0.0000  
        green_tint:core/conc#14.itm                                                                                                                            0.0000 0.0000  
        green_tint:core/else:else:acc#6                       mgc_add_10_0_10_1_11                                                                             1.1389 1.1389  
        green_tint:core/else:else:acc#6.itm                                                                                                                    0.0000 1.1389  
        green_tint:core/else:else:slc#7                                                                                                                        0.0000 1.1389  
        green_tint:core/else:else:slc#7.itm                                                                                                                    0.0000 1.1389  
        green_tint:core/makepos#1:and                         mgc_and_9_2                                                                                      0.2625 1.4015  
        green_tint:core/makepos#1:and.itm                                                                                                                      0.0000 1.4015  
        green_tint:core/reg(video_out:rsc:mgc_out_stdreg.d)#3 mgc_reg_pos_9_1_0_0_0_1_1                                                                        0.0000 1.4015  
                                                                                                                                                                              
      3                                                       green_tint:core/video_in:rsc:mgc_in_wire.d green_tint:core/reg(video_out:rsc:mgc_out_stdreg.d)#4 1.4015 35.6356 
                                                                                                                                                                              
        Instance                                              Component                                                                                        Delta  Delay   
        --------                                              ---------                                                                                        -----  -----   
        green_tint:core/video_in:rsc:mgc_in_wire.d                                                                                                             0.0000 0.0000  
        green_tint:core/slc(video_in:rsc:mgc_in_wire.d)#3                                                                                                      0.0000 0.0000  
        green_tint:core/slc(video_in:rsc:mgc_in_wire.d)#3.itm                                                                                                  0.0000 0.0000  
        green_tint:core/conc#14                                                                                                                                0.0000 0.0000  
        green_tint:core/conc#14.itm                                                                                                                            0.0000 0.0000  
        green_tint:core/else:else:acc#6                       mgc_add_10_0_10_1_11                                                                             1.1389 1.1389  
        green_tint:core/else:else:acc#6.itm                                                                                                                    0.0000 1.1389  
        green_tint:core/else:else:slc#8                                                                                                                        0.0000 1.1389  
        green_tint:core/else:else:slc#8.itm                                                                                                                    0.0000 1.1389  
        green_tint:core/not#1                                 mgc_not_1                                                                                        0.0000 1.1389  
        green_tint:core/not#1.itm                                                                                                                              0.0000 1.1389  
        green_tint:core/makepos#1:and#1                       mgc_and_1_2                                                                                      0.2625 1.4015  
        green_tint:core/makepos#1:and#1.itm                                                                                                                    0.0000 1.4015  
        green_tint:core/reg(video_out:rsc:mgc_out_stdreg.d)#4 mgc_reg_pos_1_1_0_0_0_1_1                                                                        0.0000 1.4015  
                                                                                                                                                                              
      4                                                       green_tint:core/mouse_xy:rsc:mgc_in_wire.d green_tint:core/reg(video_out:rsc:mgc_out_stdreg.d)#4 1.4015 35.6356 
                                                                                                                                                                              
        Instance                                              Component                                                                                        Delta  Delay   
        --------                                              ---------                                                                                        -----  -----   
        green_tint:core/mouse_xy:rsc:mgc_in_wire.d                                                                                                             0.0000 0.0000  
        green_tint:core/slc#4                                                                                                                                  0.0000 0.0000  
        green_tint:core/slc#4.itm                                                                                                                              0.0000 0.0000  
        green_tint:core/adjust:not#4                          mgc_not_8                                                                                        0.0000 0.0000  
        green_tint:core/adjust:not#4.itm                                                                                                                       0.0000 0.0000  
        green_tint:core/conc#15                                                                                                                                0.0000 0.0000  
        green_tint:core/conc#15.itm                                                                                                                            0.0000 0.0000  
        green_tint:core/else:else:acc#6                       mgc_add_10_0_10_1_11                                                                             1.1389 1.1389  
        green_tint:core/else:else:acc#6.itm                                                                                                                    0.0000 1.1389  
        green_tint:core/else:else:slc#8                                                                                                                        0.0000 1.1389  
        green_tint:core/else:else:slc#8.itm                                                                                                                    0.0000 1.1389  
        green_tint:core/not#1                                 mgc_not_1                                                                                        0.0000 1.1389  
        green_tint:core/not#1.itm                                                                                                                              0.0000 1.1389  
        green_tint:core/makepos#1:and#1                       mgc_and_1_2                                                                                      0.2625 1.4015  
        green_tint:core/makepos#1:and#1.itm                                                                                                                    0.0000 1.4015  
        green_tint:core/reg(video_out:rsc:mgc_out_stdreg.d)#4 mgc_reg_pos_1_1_0_0_0_1_1                                                                        0.0000 1.4015  
                                                                                                                                                                              
      5                                                       green_tint:core/video_in:rsc:mgc_in_wire.d green_tint:core/reg(video_out:rsc:mgc_out_stdreg.d)   1.4015 35.6356 
                                                                                                                                                                              
        Instance                                              Component                                                                                        Delta  Delay   
        --------                                              ---------                                                                                        -----  -----   
        green_tint:core/video_in:rsc:mgc_in_wire.d                                                                                                             0.0000 0.0000  
        green_tint:core/slc(video_in:rsc:mgc_in_wire.d)#4                                                                                                      0.0000 0.0000  
        green_tint:core/slc(video_in:rsc:mgc_in_wire.d)#4.itm                                                                                                  0.0000 0.0000  
        green_tint:core/conc#12                                                                                                                                0.0000 0.0000  
        green_tint:core/conc#12.itm                                                                                                                            0.0000 0.0000  
        green_tint:core/else:else:acc#4                       mgc_add_10_0_10_1_11                                                                             1.1389 1.1389  
        green_tint:core/else:else:acc#4.itm                                                                                                                    0.0000 1.1389  
        green_tint:core/else:else:slc#1                                                                                                                        0.0000 1.1389  
        green_tint:core/else:else:slc#1.itm                                                                                                                    0.0000 1.1389  
        green_tint:core/not#2                                 mgc_not_1                                                                                        0.0000 1.1389  
        green_tint:core/not#2.itm                                                                                                                              0.0000 1.1389  
        green_tint:core/makepos:exs                                                                                                                            0.0000 1.1389  
        green_tint:core/makepos:exs.itm                                                                                                                        0.0000 1.1389  
        green_tint:core/makepos:and                           mgc_and_9_2                                                                                      0.2625 1.4015  
        green_tint:core/makepos:and.itm                                                                                                                        0.0000 1.4015  
        green_tint:core/reg(video_out:rsc:mgc_out_stdreg.d)   mgc_reg_pos_9_1_0_0_0_1_1                                                                        0.0000 1.4015  
                                                                                                                                                                              
      6                                                       green_tint:core/video_in:rsc:mgc_in_wire.d green_tint:core/reg(video_out:rsc:mgc_out_stdreg.d)#1 1.4015 35.6356 
                                                                                                                                                                              
        Instance                                              Component                                                                                        Delta  Delay   
        --------                                              ---------                                                                                        -----  -----   
        green_tint:core/video_in:rsc:mgc_in_wire.d                                                                                                             0.0000 0.0000  
        green_tint:core/slc(video_in:rsc:mgc_in_wire.d)#4                                                                                                      0.0000 0.0000  
        green_tint:core/slc(video_in:rsc:mgc_in_wire.d)#4.itm                                                                                                  0.0000 0.0000  
        green_tint:core/conc#12                                                                                                                                0.0000 0.0000  
        green_tint:core/conc#12.itm                                                                                                                            0.0000 0.0000  
        green_tint:core/else:else:acc#4                       mgc_add_10_0_10_1_11                                                                             1.1389 1.1389  
        green_tint:core/else:else:acc#4.itm                                                                                                                    0.0000 1.1389  
        green_tint:core/else:else:slc#6                                                                                                                        0.0000 1.1389  
        green_tint:core/else:else:slc#6.itm                                                                                                                    0.0000 1.1389  
        green_tint:core/not                                   mgc_not_1                                                                                        0.0000 1.1389  
        green_tint:core/not.itm                                                                                                                                0.0000 1.1389  
        green_tint:core/makepos:and#1                         mgc_and_1_2                                                                                      0.2625 1.4015  
        green_tint:core/makepos:and#1.itm                                                                                                                      0.0000 1.4015  
        green_tint:core/reg(video_out:rsc:mgc_out_stdreg.d)#1 mgc_reg_pos_1_1_0_0_0_1_1                                                                        0.0000 1.4015  
                                                                                                                                                                              
      7                                                       green_tint:core/mouse_xy:rsc:mgc_in_wire.d green_tint:core/reg(video_out:rsc:mgc_out_stdreg.d)#1 1.4015 35.6356 
                                                                                                                                                                              
        Instance                                              Component                                                                                        Delta  Delay   
        --------                                              ---------                                                                                        -----  -----   
        green_tint:core/mouse_xy:rsc:mgc_in_wire.d                                                                                                             0.0000 0.0000  
        green_tint:core/slc#3                                                                                                                                  0.0000 0.0000  
        green_tint:core/slc#3.itm                                                                                                                              0.0000 0.0000  
        green_tint:core/adjust:not#2                          mgc_not_8                                                                                        0.0000 0.0000  
        green_tint:core/adjust:not#2.itm                                                                                                                       0.0000 0.0000  
        green_tint:core/conc#13                                                                                                                                0.0000 0.0000  
        green_tint:core/conc#13.itm                                                                                                                            0.0000 0.0000  
        green_tint:core/else:else:acc#4                       mgc_add_10_0_10_1_11                                                                             1.1389 1.1389  
        green_tint:core/else:else:acc#4.itm                                                                                                                    0.0000 1.1389  
        green_tint:core/else:else:slc#6                                                                                                                        0.0000 1.1389  
        green_tint:core/else:else:slc#6.itm                                                                                                                    0.0000 1.1389  
        green_tint:core/not                                   mgc_not_1                                                                                        0.0000 1.1389  
        green_tint:core/not.itm                                                                                                                                0.0000 1.1389  
        green_tint:core/makepos:and#1                         mgc_and_1_2                                                                                      0.2625 1.4015  
        green_tint:core/makepos:and#1.itm                                                                                                                      0.0000 1.4015  
        green_tint:core/reg(video_out:rsc:mgc_out_stdreg.d)#1 mgc_reg_pos_1_1_0_0_0_1_1                                                                        0.0000 1.4015  
                                                                                                                                                                              
      8                                                       green_tint:core/video_in:rsc:mgc_in_wire.d green_tint:core/reg(video_out:rsc:mgc_out_stdreg.d)#3 1.4015 35.6356 
                                                                                                                                                                              
        Instance                                              Component                                                                                        Delta  Delay   
        --------                                              ---------                                                                                        -----  -----   
        green_tint:core/video_in:rsc:mgc_in_wire.d                                                                                                             0.0000 0.0000  
        green_tint:core/slc(video_in:rsc:mgc_in_wire.d)#3                                                                                                      0.0000 0.0000  
        green_tint:core/slc(video_in:rsc:mgc_in_wire.d)#3.itm                                                                                                  0.0000 0.0000  
        green_tint:core/conc#14                                                                                                                                0.0000 0.0000  
        green_tint:core/conc#14.itm                                                                                                                            0.0000 0.0000  
        green_tint:core/else:else:acc#6                       mgc_add_10_0_10_1_11                                                                             1.1389 1.1389  
        green_tint:core/else:else:acc#6.itm                                                                                                                    0.0000 1.1389  
        green_tint:core/else:else:slc#4                                                                                                                        0.0000 1.1389  
        green_tint:core/else:else:slc#4.itm                                                                                                                    0.0000 1.1389  
        green_tint:core/not#3                                 mgc_not_1                                                                                        0.0000 1.1389  
        green_tint:core/not#3.itm                                                                                                                              0.0000 1.1389  
        green_tint:core/makepos#1:exs                                                                                                                          0.0000 1.1389  
        green_tint:core/makepos#1:exs.itm                                                                                                                      0.0000 1.1389  
        green_tint:core/makepos#1:and                         mgc_and_9_2                                                                                      0.2625 1.4015  
        green_tint:core/makepos#1:and.itm                                                                                                                      0.0000 1.4015  
        green_tint:core/reg(video_out:rsc:mgc_out_stdreg.d)#3 mgc_reg_pos_9_1_0_0_0_1_1                                                                        0.0000 1.4015  
                                                                                                                                                                              
      9                                                       green_tint:core/mouse_xy:rsc:mgc_in_wire.d green_tint:core/reg(video_out:rsc:mgc_out_stdreg.d)#3 1.4015 35.6356 
                                                                                                                                                                              
        Instance                                              Component                                                                                        Delta  Delay   
        --------                                              ---------                                                                                        -----  -----   
        green_tint:core/mouse_xy:rsc:mgc_in_wire.d                                                                                                             0.0000 0.0000  
        green_tint:core/slc#4                                                                                                                                  0.0000 0.0000  
        green_tint:core/slc#4.itm                                                                                                                              0.0000 0.0000  
        green_tint:core/adjust:not#4                          mgc_not_8                                                                                        0.0000 0.0000  
        green_tint:core/adjust:not#4.itm                                                                                                                       0.0000 0.0000  
        green_tint:core/conc#15                                                                                                                                0.0000 0.0000  
        green_tint:core/conc#15.itm                                                                                                                            0.0000 0.0000  
        green_tint:core/else:else:acc#6                       mgc_add_10_0_10_1_11                                                                             1.1389 1.1389  
        green_tint:core/else:else:acc#6.itm                                                                                                                    0.0000 1.1389  
        green_tint:core/else:else:slc#4                                                                                                                        0.0000 1.1389  
        green_tint:core/else:else:slc#4.itm                                                                                                                    0.0000 1.1389  
        green_tint:core/not#3                                 mgc_not_1                                                                                        0.0000 1.1389  
        green_tint:core/not#3.itm                                                                                                                              0.0000 1.1389  
        green_tint:core/makepos#1:exs                                                                                                                          0.0000 1.1389  
        green_tint:core/makepos#1:exs.itm                                                                                                                      0.0000 1.1389  
        green_tint:core/makepos#1:and                         mgc_and_9_2                                                                                      0.2625 1.4015  
        green_tint:core/makepos#1:and.itm                                                                                                                      0.0000 1.4015  
        green_tint:core/reg(video_out:rsc:mgc_out_stdreg.d)#3 mgc_reg_pos_9_1_0_0_0_1_1                                                                        0.0000 1.4015  
                                                                                                                                                                              
      10                                                      green_tint:core/video_in:rsc:mgc_in_wire.d green_tint:core/reg(video_out:rsc:mgc_out_stdreg.d)#1 0.9202 36.1168 
                                                                                                                                                                              
        Instance                                              Component                                                                                        Delta  Delay   
        --------                                              ---------                                                                                        -----  -----   
        green_tint:core/video_in:rsc:mgc_in_wire.d                                                                                                             0.0000 0.0000  
        green_tint:core/slc(video_in:rsc:mgc_in_wire.d)                                                                                                        0.0000 0.0000  
        green_tint:core/slc(video_in:rsc:mgc_in_wire.d).itm                                                                                                    0.0000 0.0000  
        green_tint:core/conc#16                                                                                                                                0.0000 0.0000  
        green_tint:core/conc#16.itm                                                                                                                            0.0000 0.0000  
        green_tint:core/else:else:acc#3                       mgc_add_2_0_1_1_2                                                                                0.6577 0.6577  
        green_tint:core/else:else:acc#3.itm                                                                                                                    0.0000 0.6577  
        green_tint:core/else:else:slc                                                                                                                          0.0000 0.6577  
        green_tint:core/else:else:slc.itm                                                                                                                      0.0000 0.6577  
        green_tint:core/makepos:and#1                         mgc_and_1_2                                                                                      0.2625 0.9202  
        green_tint:core/makepos:and#1.itm                                                                                                                      0.0000 0.9202  
        green_tint:core/reg(video_out:rsc:mgc_out_stdreg.d)#1 mgc_reg_pos_1_1_0_0_0_1_1                                                                        0.0000 0.9202  
                                                                                                                                                                              
      
    Register Input and Register-to-Output Slack
      Clock period or pin-to-reg delay constraint (clk): 37.037037037
      Clock uncertainty constraint (clk)               : 0.0
      
      Instance                                              Port                                    Slack (Delay) Messages 
      ----------------------------------------------------- ------------------------------------- ------- ------- --------
      green_tint:core/reg(video_out:rsc:mgc_out_stdreg.d)   makepos:and.itm                       35.6356  1.4015          
      green_tint:core/reg(video_out:rsc:mgc_out_stdreg.d)#1 makepos:and#1.itm                     35.6356  1.4015          
      green_tint:core/reg(video_out:rsc:mgc_out_stdreg.d)#2 slc(video_in:rsc:mgc_in_wire.d)#1.itm 37.0370  0.0000          
      green_tint:core/reg(video_out:rsc:mgc_out_stdreg.d)#3 makepos#1:and.itm                     35.6356  1.4015          
      green_tint:core/reg(video_out:rsc:mgc_out_stdreg.d)#4 makepos#1:and#1.itm                   35.6356  1.4015          
      green_tint                                            video_out:rsc.z                       37.0370  0.0000          
      
  Operator Bitwidth Summary
    Operation  Size (bits) Count 
    ---------- ----------- -----
    add                          
    -                   11     2 
    -                    2     2 
    and                          
    -                    2     4 
    not                          
    -                    8     2 
    -                    1     4 
    read_port                    
    -                   30     1 
    -                   20     1 
    reg                          
    -                   10     1 
    -                    9     2 
    -                    1     2 
    write_port                   
    -                   30     1 
    
  End of Report
