-- Catapult University Version: Report                                              
-- ---------------------------- ---------------------------------------------------
-- Version:                     2011a.126 Production Release                        
-- Build Date:                  Wed Aug  8 00:52:07 PDT 2012                        
                                                                                    
-- Generated by:                rbw14@EEWS104A-005                                  
-- Generated date:              Fri May 01 16:45:46 +0100 2015                      

Solution Settings: sharpen.v4
  Current state: extract
  Project: Catapult
  
  Design Input Files Specified
    $PROJECT_HOME/sharpen1.c
      $MGC_HOME/shared/include/ac_fixed.h
        $MGC_HOME/shared/include/ac_int.h
      $PROJECT_HOME/sharpen.h
      $PROJECT_HOME/shift_class.h
    $PROJECT_HOME/sharpen.h
      $MGC_HOME/shared/include/ac_int.h
    $PROJECT_HOME/shift_class.h
  
  Processes/Blocks in Design
    Process       Real Operation(s) count Latency Throughput Reset Length II Comments 
    ------------- ----------------------- ------- ---------- ------------ -- --------
    /sharpen/core                     243      70         70            0  1          
    Design Total:                     243      70         70            0  0          
    
  Bill Of Materials (Datapath)
    Component Name                          Area Score Area(LUTs) Delay Post Alloc Post Assign 
    --------------------------------------- ---------- ---------- ----- ---------- -----------
    [Lib: mgc_Altera-Cyclone-III-6_beh_psr]                                                    
    mgc_add(1,0,1,0,2)                           2.319      2.319 0.506          0           1 
    mgc_add(10,1,2,1,11)                        11.000     11.000 1.158          4           4 
    mgc_add(15,0,2,1,16)                        16.000     16.000 1.491          2           2 
    mgc_add(16,0,11,1,16)                       17.000     17.000 1.698          3           3 
    mgc_add(16,0,16,0,16)                       17.189     17.189 1.690          3           3 
    mgc_add(2,0,1,0,2)                           3.315      3.315 0.658          1           0 
    mgc_add(2,0,1,1,2)                           3.000      3.000 0.658          1           1 
    mgc_add(3,0,2,0,3)                           4.306      4.306 0.764          1           4 
    mgc_add(3,0,2,1,3)                           4.000      4.000 0.764          4           4 
    mgc_add(4,0,3,0,4)                           5.297      5.297 0.856          3           0 
    mgc_add(4,0,3,0,5)                           5.297      5.297 0.856          2           2 
    mgc_add(5,0,4,1,6)                           6.000      6.000 0.778          1           1 
    mgc_add(6,0,4,1,6)                           7.000      7.000 1.021          2           2 
    mgc_add(6,1,2,1,7)                           7.000      7.000 0.865          3           3 
    mgc_and(1,2)                                 0.730      0.730 0.263          0          12 
    mgc_and(1,3)                                 1.054      1.054 0.416          0           5 
    mgc_and(11,2)                                8.028      8.028 0.263          3           3 
    mgc_and(16,2)                               11.677     11.677 0.263         18          18 
    mgc_and(2,2)                                 1.460      1.460 0.263          1           1 
    mgc_and(3,2)                                 2.189      2.189 0.263          4           0 
    mgc_and(5,2)                                 3.649      3.649 0.263          1           1 
    mgc_mux(1,1,2)                               0.919      0.919 0.369          7          10 
    mgc_mux(1,5,32)                             20.516     20.516 2.639          2           2 
    mgc_mux(10,1,2)                              9.194      9.194 0.369          1           1 
    mgc_mux(10,6,64)                           414.197    414.197 3.206          2           2 
    mgc_mux(150,1,2)                           137.913    137.913 0.369          6           6 
    mgc_mux(150,2,4)                           333.882    333.882 0.936          1           1 
    mgc_mux(150,3,8)                           725.820    725.820 1.504          1           1 
    mgc_mux(16,1,2)                             14.711     14.711 0.369         19          19 
    mgc_mux(16,3,8)                             77.421     77.421 1.504          6           6 
    mgc_mux(2,1,2)                               1.839      1.839 0.369          1           1 
    mgc_mux(3,1,2)                               2.758      2.758 0.369          0           6 
    mgc_mux(30,1,2)                             27.583     27.583 0.369          0           1 
    mgc_mux(4,1,2)                               3.678      3.678 0.369          2           0 
    mgc_mux1hot(16,3)                           35.034     35.034 0.773          1           1 
    mgc_mux1hot(3,3)                             6.569      6.569 0.773          2           0 
    mgc_mux1hot(3,4)                             8.488      8.488 0.876          1           0 
    mgc_nand(1,2)                                0.730      0.730 0.268          0           4 
    mgc_nor(1,2)                                 0.730      0.730 0.263          0           5 
    mgc_nor(1,3)                                 1.054      1.054 0.416          0           1 
    mgc_nor(1,4)                                 1.379      1.379 0.525          0           1 
    mgc_nor(3,2)                                 2.189      2.189 0.263          0           6 
    mgc_not(1)                                   0.000      0.000 0.000          0          47 
    mgc_not(10)                                  0.000      0.000 0.000          0         123 
    mgc_not(15)                                  0.000      0.000 0.000          0           2 
    mgc_not(150)                                 0.000      0.000 0.000          0           1 
    mgc_not(3)                                   0.000      0.000 0.000          0           1 
    mgc_not(6)                                   0.000      0.000 0.000          0           3 
    mgc_or(1,2)                                  0.730      0.730 0.268          0           9 
    mgc_or(1,3)                                  1.054      1.054 0.425          0          10 
    mgc_or(1,4)                                  1.379      1.379 0.536          0           1 
    mgc_or(10,2)                                 7.298      7.298 0.268          2           2 
    mgc_or(10,4)                                13.791     13.791 0.536          1           1 
    mgc_reg_pos(1,1,0,0,0,1,1)                   0.000      0.000 0.000          0           6 
    mgc_reg_pos(150,1,0,0,0,1,1)                 0.000      0.000 0.000          0           6 
    mgc_reg_pos(16,1,0,0,0,1,1)                  0.000      0.000 0.000          0          18 
    mgc_reg_pos(2,1,0,0,0,1,1)                   0.000      0.000 0.000          0           1 
    mgc_reg_pos(3,1,0,0,0,1,1)                   0.000      0.000 0.000          0           4 
    mgc_reg_pos(30,1,0,0,0,1,1)                  0.000      0.000 0.000          0           1 
    mgc_shift_r(150,1,8,10)                    488.063    449.692 4.797          1           1 
    [Lib: mgc_ioport]                                                                          
    mgc_in_wire(1,150)                           0.000      0.000 0.000          1           1 
    mgc_out_stdreg(2,30)                         0.000      0.000 0.000          1           1 
                                                                                               
    TOTAL AREA (After Assignment):            4679.235   4641.000                              
    
  Area Scores
                      Post-Scheduling   Post-DP & FSM Post-Assignment 
    ----------------- --------------- --------------- ---------------
    Total Area Score:   4619.4          4828.1          4679.2        
    Total Reg:             0.0             0.0             0.0        
                                                                      
    DataPath:           4619.4 (100%)   4828.1 (100%)   4679.2 (100%) 
      MUX:              3582.1  (78%)   3743.9  (78%)   3600.0  (77%) 
      FUNC:              760.7  (16%)    760.7  (16%)    756.8  (16%) 
      LOGIC:             276.5   (6%)    323.5   (7%)    322.4   (7%) 
      BUFFER:              0.0             0.0             0.0        
      MEM:                 0.0             0.0             0.0        
      ROM:                 0.0             0.0             0.0        
      REG:                 0.0             0.0             0.0        
                                                                      
    
    FSM:                   0.0             0.0             0.0        
      FSM-REG:             0.0             0.0             0.0        
      FSM-COMB:            0.0             0.0             0.0        
                                                                      
    
  Register-to-Variable Mappings
    Register                      Size(bits) Gated Register CG Opt Done Variables                                             
    ----------------------------- ---------- -------------- ----------- -----------------------------------------------------
    regs.operator<<:din.lpi#1.dfm        150         Y                  regs.operator<<:din.lpi#1.dfm                         
    regs.regs(0).sva                     150         Y                  regs.regs(0).sva                                      
    regs.regs(1).sva                     150         Y                  regs.regs(1).sva                                      
    regs.regs(2).sva                     150         Y                  regs.regs(2).sva                                      
    regs.regs(3).sva                     150         Y                  regs.regs(3).sva                                      
    regs.regs(4).sva                     150         Y                  regs.regs(4).sva                                      
    vout:rsc:mgc_out_stdreg.d             30         Y                  vout:rsc:mgc_out_stdreg.d                             
    blue.lpi#1                            16         Y                  blue.lpi#1                                            
    bluearray(0).lpi#1                    16         Y                  bluearray(0).lpi#1                                    
    bluearray(1).lpi#1                    16         Y                  bluearray(1).lpi#1                                    
    bluearray(2).lpi#1                    16         Y                  bluearray(2).lpi#1                                    
    bluearray(3).lpi#1                    16         Y                  bluearray(3).lpi#1                                    
    bluearray(4).lpi#1                    16         Y                  bluearray(4).lpi#1                                    
    green.lpi#1                           16         Y                  green.lpi#1                                           
    greenarray(0).lpi#1                   16         Y                  greenarray(0).lpi#1                                   
    greenarray(1).lpi#1                   16         Y                  greenarray(1).lpi#1                                   
    greenarray(2).lpi#1                   16         Y                  greenarray(2).lpi#1                                   
    greenarray(3).lpi#1                   16         Y                  greenarray(3).lpi#1                                   
    greenarray(4).lpi#1                   16         Y                  greenarray(4).lpi#1                                   
    red.lpi#1                             16         Y                  red.lpi#1                                             
    redarray(0).lpi#1                     16         Y                  redarray(0).lpi#1                                     
    redarray(1).lpi#1                     16         Y                  redarray(1).lpi#1                                     
    redarray(2).lpi#1                     16         Y                  redarray(2).lpi#1                                     
    redarray(3).lpi#1                     16         Y                  redarray(3).lpi#1                                     
    redarray(4).lpi#1                     16         Y                  redarray(4).lpi#1                                     
    FRAME:a#3.lpi#1                        3         Y                  FRAME:a#3.lpi#1                                       
    FRAME:a#4.lpi#1                        3         Y                  FRAME:a#4.lpi#1                                       
    FRAME:i#1.lpi#1                        3         Y                  FRAME:i#1.lpi#1                                       
    SHIFT:i#1.lpi#3                        3         Y                  SHIFT:i#1.lpi#3                                       
    FRAME:p#1.lpi#1.dfm#3                  2         Y                  FRAME:p#1.lpi#1.dfm#3                                 
    exit:ACC3.lpi#1.dfm#5                  1         Y                  exit:ACC3.lpi#1.dfm#5                                 
    exit:ACC_GX#1.lpi#1                    1         Y                  exit:ACC_GX#1.lpi#1                                   
    exit:ACC_GX:for.sva                    1         Y                  exit:ACC_GX:for.sva                                   
    exit:FRAME#1.sva                       1         Y                  exit:FRAME#1.sva                                      
    exit:FRAME.lpi#1.dfm#3                 1         Y                  exit:FRAME.lpi#1.dfm#3                                
    exit:SHIFT.lpi#1                       1         Y                  exit:SHIFT.lpi#1                                      
                                                                                                                              
    Total:                              1238           1238           0 (Total Gating Ratio: 1.00, CG Opt Gating Ratio: 0.00) 
    
  Timing Report
    Critical Path
      Max Delay:  10.082595000000001
      Slack:      9.917404999999999
      
      Path                                                  Startpoint                         Endpoint                            Delay   Slack   
      ----------------------------------------------------- ---------------------------------- ----------------------------------- ------- -------
      1                                                     sharpen:core/reg(FRAME:a#4.lpi#1)  sharpen:core/reg(redarray(4).lpi#1) 10.0826 9.9174  
                                                                                                                                                   
        Instance                                            Component                                                              Delta   Delay   
        --------                                            ---------                                                              -----   -----   
        sharpen:core/reg(FRAME:a#4.lpi#1)                   mgc_reg_pos_3_1_0_0_0_1_1                                              0.0000  0.0000  
        sharpen:core/FRAME:a#4.lpi#1                                                                                               0.0000  0.0000  
        sharpen:core/ACC_GX:for:not#4                       mgc_not_3                                                              0.0000  0.0000  
        sharpen:core/ACC_GX:for:not#4.itm                                                                                          0.0000  0.0000  
        sharpen:core/conc#156                                                                                                      0.0000  0.0000  
        sharpen:core/conc#156.itm                                                                                                  0.0000  0.0000  
        sharpen:core/ACC_GX:for:acc#16                      mgc_add_6_0_4_1_6                                                      1.0209  1.0209  
        sharpen:core/ACC_GX:for:acc#16.psp.sva                                                                                     0.0000  1.0209  
        sharpen:core/slc(ACC_GX:for:acc#16.psp.sva)                                                                                0.0000  1.0209  
        sharpen:core/slc(ACC_GX:for:acc#16.psp.sva).itm                                                                            0.0000  1.0209  
        sharpen:core/ACC_GX:for:acc#3                       mgc_add_5_0_4_1_6                                                      0.7776  1.7984  
        sharpen:core/ACC_GX:for:acc#3.itm                                                                                          0.0000  1.7984  
        sharpen:core/ACC_GX:for:conc                                                                                               0.0000  1.7984  
        sharpen:core/ACC_GX:for:conc.itm                                                                                           0.0000  1.7984  
        sharpen:core/ACC_GX:for:rshift.rg                   mgc_shift_r_150_1_8_10                                                 4.7975  6.5959  
        sharpen:core/ACC_GX:for:rshift.itm                                                                                         0.0000  6.5959  
        sharpen:core/ACC_GX:for:acc#2                       mgc_add_10_1_2_1_11                                                    1.1575  7.7534  
        sharpen:core/ACC_GX:for:acc#2.itm                                                                                          0.0000  7.7534  
        sharpen:core/and#87                                 mgc_and_11_2                                                           0.2625  8.0159  
        sharpen:core/and#87.itm                                                                                                    0.0000  8.0159  
        sharpen:core/ACC_GX:for:acc#1                       mgc_add_16_0_11_1_16                                                   1.6977  9.7136  
        sharpen:core/ACC_GX:for:acc#1.ctmp.sva                                                                                     0.0000  9.7136  
        sharpen:core/mux#17                                 mgc_mux_16_1_2                                                         0.3690  10.0826 
        sharpen:core/mux#17.itm                                                                                                    0.0000  10.0826 
        sharpen:core/reg(redarray(4).lpi#1)                 mgc_reg_pos_16_1_0_0_0_1_1                                             0.0000  10.0826 
                                                                                                                                                   
      2                                                     sharpen:core/reg(FRAME:a#4.lpi#1)  sharpen:core/reg(redarray(3).lpi#1) 10.0826 9.9174  
                                                                                                                                                   
        Instance                                            Component                                                              Delta   Delay   
        --------                                            ---------                                                              -----   -----   
        sharpen:core/reg(FRAME:a#4.lpi#1)                   mgc_reg_pos_3_1_0_0_0_1_1                                              0.0000  0.0000  
        sharpen:core/FRAME:a#4.lpi#1                                                                                               0.0000  0.0000  
        sharpen:core/ACC_GX:for:not#4                       mgc_not_3                                                              0.0000  0.0000  
        sharpen:core/ACC_GX:for:not#4.itm                                                                                          0.0000  0.0000  
        sharpen:core/conc#156                                                                                                      0.0000  0.0000  
        sharpen:core/conc#156.itm                                                                                                  0.0000  0.0000  
        sharpen:core/ACC_GX:for:acc#16                      mgc_add_6_0_4_1_6                                                      1.0209  1.0209  
        sharpen:core/ACC_GX:for:acc#16.psp.sva                                                                                     0.0000  1.0209  
        sharpen:core/slc(ACC_GX:for:acc#16.psp.sva)                                                                                0.0000  1.0209  
        sharpen:core/slc(ACC_GX:for:acc#16.psp.sva).itm                                                                            0.0000  1.0209  
        sharpen:core/ACC_GX:for:acc#3                       mgc_add_5_0_4_1_6                                                      0.7776  1.7984  
        sharpen:core/ACC_GX:for:acc#3.itm                                                                                          0.0000  1.7984  
        sharpen:core/ACC_GX:for:conc                                                                                               0.0000  1.7984  
        sharpen:core/ACC_GX:for:conc.itm                                                                                           0.0000  1.7984  
        sharpen:core/ACC_GX:for:rshift.rg                   mgc_shift_r_150_1_8_10                                                 4.7975  6.5959  
        sharpen:core/ACC_GX:for:rshift.itm                                                                                         0.0000  6.5959  
        sharpen:core/ACC_GX:for:acc#2                       mgc_add_10_1_2_1_11                                                    1.1575  7.7534  
        sharpen:core/ACC_GX:for:acc#2.itm                                                                                          0.0000  7.7534  
        sharpen:core/and#87                                 mgc_and_11_2                                                           0.2625  8.0159  
        sharpen:core/and#87.itm                                                                                                    0.0000  8.0159  
        sharpen:core/ACC_GX:for:acc#1                       mgc_add_16_0_11_1_16                                                   1.6977  9.7136  
        sharpen:core/ACC_GX:for:acc#1.ctmp.sva                                                                                     0.0000  9.7136  
        sharpen:core/mux#18                                 mgc_mux_16_1_2                                                         0.3690  10.0826 
        sharpen:core/mux#18.itm                                                                                                    0.0000  10.0826 
        sharpen:core/reg(redarray(3).lpi#1)                 mgc_reg_pos_16_1_0_0_0_1_1                                             0.0000  10.0826 
                                                                                                                                                   
      3                                                     sharpen:core/reg(FRAME:a#4.lpi#1)  sharpen:core/reg(redarray(3).lpi#1) 10.0826 9.9174  
                                                                                                                                                   
        Instance                                            Component                                                              Delta   Delay   
        --------                                            ---------                                                              -----   -----   
        sharpen:core/reg(FRAME:a#4.lpi#1)                   mgc_reg_pos_3_1_0_0_0_1_1                                              0.0000  0.0000  
        sharpen:core/FRAME:a#4.lpi#1                                                                                               0.0000  0.0000  
        sharpen:core/slc(FRAME:a#4.lpi#1)#2                                                                                        0.0000  0.0000  
        sharpen:core/slc(FRAME:a#4.lpi#1)#2.itm                                                                                    0.0000  0.0000  
        sharpen:core/conc#157                                                                                                      0.0000  0.0000  
        sharpen:core/conc#157.itm                                                                                                  0.0000  0.0000  
        sharpen:core/ACC_GX:for:acc#16                      mgc_add_6_0_4_1_6                                                      1.0209  1.0209  
        sharpen:core/ACC_GX:for:acc#16.psp.sva                                                                                     0.0000  1.0209  
        sharpen:core/slc(ACC_GX:for:acc#16.psp.sva)                                                                                0.0000  1.0209  
        sharpen:core/slc(ACC_GX:for:acc#16.psp.sva).itm                                                                            0.0000  1.0209  
        sharpen:core/ACC_GX:for:acc#3                       mgc_add_5_0_4_1_6                                                      0.7776  1.7984  
        sharpen:core/ACC_GX:for:acc#3.itm                                                                                          0.0000  1.7984  
        sharpen:core/ACC_GX:for:conc                                                                                               0.0000  1.7984  
        sharpen:core/ACC_GX:for:conc.itm                                                                                           0.0000  1.7984  
        sharpen:core/ACC_GX:for:rshift.rg                   mgc_shift_r_150_1_8_10                                                 4.7975  6.5959  
        sharpen:core/ACC_GX:for:rshift.itm                                                                                         0.0000  6.5959  
        sharpen:core/ACC_GX:for:acc#2                       mgc_add_10_1_2_1_11                                                    1.1575  7.7534  
        sharpen:core/ACC_GX:for:acc#2.itm                                                                                          0.0000  7.7534  
        sharpen:core/and#87                                 mgc_and_11_2                                                           0.2625  8.0159  
        sharpen:core/and#87.itm                                                                                                    0.0000  8.0159  
        sharpen:core/ACC_GX:for:acc#1                       mgc_add_16_0_11_1_16                                                   1.6977  9.7136  
        sharpen:core/ACC_GX:for:acc#1.ctmp.sva                                                                                     0.0000  9.7136  
        sharpen:core/mux#18                                 mgc_mux_16_1_2                                                         0.3690  10.0826 
        sharpen:core/mux#18.itm                                                                                                    0.0000  10.0826 
        sharpen:core/reg(redarray(3).lpi#1)                 mgc_reg_pos_16_1_0_0_0_1_1                                             0.0000  10.0826 
                                                                                                                                                   
      4                                                     sharpen:core/reg(FRAME:a#4.lpi#1)  sharpen:core/reg(redarray(1).lpi#1) 10.0826 9.9174  
                                                                                                                                                   
        Instance                                            Component                                                              Delta   Delay   
        --------                                            ---------                                                              -----   -----   
        sharpen:core/reg(FRAME:a#4.lpi#1)                   mgc_reg_pos_3_1_0_0_0_1_1                                              0.0000  0.0000  
        sharpen:core/FRAME:a#4.lpi#1                                                                                               0.0000  0.0000  
        sharpen:core/ACC_GX:for:not#4                       mgc_not_3                                                              0.0000  0.0000  
        sharpen:core/ACC_GX:for:not#4.itm                                                                                          0.0000  0.0000  
        sharpen:core/conc#156                                                                                                      0.0000  0.0000  
        sharpen:core/conc#156.itm                                                                                                  0.0000  0.0000  
        sharpen:core/ACC_GX:for:acc#16                      mgc_add_6_0_4_1_6                                                      1.0209  1.0209  
        sharpen:core/ACC_GX:for:acc#16.psp.sva                                                                                     0.0000  1.0209  
        sharpen:core/slc(ACC_GX:for:acc#16.psp.sva)                                                                                0.0000  1.0209  
        sharpen:core/slc(ACC_GX:for:acc#16.psp.sva).itm                                                                            0.0000  1.0209  
        sharpen:core/ACC_GX:for:acc#3                       mgc_add_5_0_4_1_6                                                      0.7776  1.7984  
        sharpen:core/ACC_GX:for:acc#3.itm                                                                                          0.0000  1.7984  
        sharpen:core/ACC_GX:for:conc                                                                                               0.0000  1.7984  
        sharpen:core/ACC_GX:for:conc.itm                                                                                           0.0000  1.7984  
        sharpen:core/ACC_GX:for:rshift.rg                   mgc_shift_r_150_1_8_10                                                 4.7975  6.5959  
        sharpen:core/ACC_GX:for:rshift.itm                                                                                         0.0000  6.5959  
        sharpen:core/ACC_GX:for:acc#2                       mgc_add_10_1_2_1_11                                                    1.1575  7.7534  
        sharpen:core/ACC_GX:for:acc#2.itm                                                                                          0.0000  7.7534  
        sharpen:core/and#87                                 mgc_and_11_2                                                           0.2625  8.0159  
        sharpen:core/and#87.itm                                                                                                    0.0000  8.0159  
        sharpen:core/ACC_GX:for:acc#1                       mgc_add_16_0_11_1_16                                                   1.6977  9.7136  
        sharpen:core/ACC_GX:for:acc#1.ctmp.sva                                                                                     0.0000  9.7136  
        sharpen:core/mux#20                                 mgc_mux_16_1_2                                                         0.3690  10.0826 
        sharpen:core/mux#20.itm                                                                                                    0.0000  10.0826 
        sharpen:core/reg(redarray(1).lpi#1)                 mgc_reg_pos_16_1_0_0_0_1_1                                             0.0000  10.0826 
                                                                                                                                                   
      5                                                     sharpen:core/reg(FRAME:a#4.lpi#1)  sharpen:core/reg(redarray(2).lpi#1) 10.0826 9.9174  
                                                                                                                                                   
        Instance                                            Component                                                              Delta   Delay   
        --------                                            ---------                                                              -----   -----   
        sharpen:core/reg(FRAME:a#4.lpi#1)                   mgc_reg_pos_3_1_0_0_0_1_1                                              0.0000  0.0000  
        sharpen:core/FRAME:a#4.lpi#1                                                                                               0.0000  0.0000  
        sharpen:core/ACC_GX:for:not#4                       mgc_not_3                                                              0.0000  0.0000  
        sharpen:core/ACC_GX:for:not#4.itm                                                                                          0.0000  0.0000  
        sharpen:core/conc#156                                                                                                      0.0000  0.0000  
        sharpen:core/conc#156.itm                                                                                                  0.0000  0.0000  
        sharpen:core/ACC_GX:for:acc#16                      mgc_add_6_0_4_1_6                                                      1.0209  1.0209  
        sharpen:core/ACC_GX:for:acc#16.psp.sva                                                                                     0.0000  1.0209  
        sharpen:core/slc(ACC_GX:for:acc#16.psp.sva)                                                                                0.0000  1.0209  
        sharpen:core/slc(ACC_GX:for:acc#16.psp.sva).itm                                                                            0.0000  1.0209  
        sharpen:core/ACC_GX:for:acc#3                       mgc_add_5_0_4_1_6                                                      0.7776  1.7984  
        sharpen:core/ACC_GX:for:acc#3.itm                                                                                          0.0000  1.7984  
        sharpen:core/ACC_GX:for:conc                                                                                               0.0000  1.7984  
        sharpen:core/ACC_GX:for:conc.itm                                                                                           0.0000  1.7984  
        sharpen:core/ACC_GX:for:rshift.rg                   mgc_shift_r_150_1_8_10                                                 4.7975  6.5959  
        sharpen:core/ACC_GX:for:rshift.itm                                                                                         0.0000  6.5959  
        sharpen:core/ACC_GX:for:acc#2                       mgc_add_10_1_2_1_11                                                    1.1575  7.7534  
        sharpen:core/ACC_GX:for:acc#2.itm                                                                                          0.0000  7.7534  
        sharpen:core/and#87                                 mgc_and_11_2                                                           0.2625  8.0159  
        sharpen:core/and#87.itm                                                                                                    0.0000  8.0159  
        sharpen:core/ACC_GX:for:acc#1                       mgc_add_16_0_11_1_16                                                   1.6977  9.7136  
        sharpen:core/ACC_GX:for:acc#1.ctmp.sva                                                                                     0.0000  9.7136  
        sharpen:core/mux#19                                 mgc_mux_16_1_2                                                         0.3690  10.0826 
        sharpen:core/mux#19.itm                                                                                                    0.0000  10.0826 
        sharpen:core/reg(redarray(2).lpi#1)                 mgc_reg_pos_16_1_0_0_0_1_1                                             0.0000  10.0826 
                                                                                                                                                   
      6                                                     sharpen:core/reg(FRAME:a#4.lpi#1)  sharpen:core/reg(redarray(2).lpi#1) 10.0826 9.9174  
                                                                                                                                                   
        Instance                                            Component                                                              Delta   Delay   
        --------                                            ---------                                                              -----   -----   
        sharpen:core/reg(FRAME:a#4.lpi#1)                   mgc_reg_pos_3_1_0_0_0_1_1                                              0.0000  0.0000  
        sharpen:core/FRAME:a#4.lpi#1                                                                                               0.0000  0.0000  
        sharpen:core/slc(FRAME:a#4.lpi#1)#2                                                                                        0.0000  0.0000  
        sharpen:core/slc(FRAME:a#4.lpi#1)#2.itm                                                                                    0.0000  0.0000  
        sharpen:core/conc#157                                                                                                      0.0000  0.0000  
        sharpen:core/conc#157.itm                                                                                                  0.0000  0.0000  
        sharpen:core/ACC_GX:for:acc#16                      mgc_add_6_0_4_1_6                                                      1.0209  1.0209  
        sharpen:core/ACC_GX:for:acc#16.psp.sva                                                                                     0.0000  1.0209  
        sharpen:core/slc(ACC_GX:for:acc#16.psp.sva)                                                                                0.0000  1.0209  
        sharpen:core/slc(ACC_GX:for:acc#16.psp.sva).itm                                                                            0.0000  1.0209  
        sharpen:core/ACC_GX:for:acc#3                       mgc_add_5_0_4_1_6                                                      0.7776  1.7984  
        sharpen:core/ACC_GX:for:acc#3.itm                                                                                          0.0000  1.7984  
        sharpen:core/ACC_GX:for:conc                                                                                               0.0000  1.7984  
        sharpen:core/ACC_GX:for:conc.itm                                                                                           0.0000  1.7984  
        sharpen:core/ACC_GX:for:rshift.rg                   mgc_shift_r_150_1_8_10                                                 4.7975  6.5959  
        sharpen:core/ACC_GX:for:rshift.itm                                                                                         0.0000  6.5959  
        sharpen:core/ACC_GX:for:acc#2                       mgc_add_10_1_2_1_11                                                    1.1575  7.7534  
        sharpen:core/ACC_GX:for:acc#2.itm                                                                                          0.0000  7.7534  
        sharpen:core/and#87                                 mgc_and_11_2                                                           0.2625  8.0159  
        sharpen:core/and#87.itm                                                                                                    0.0000  8.0159  
        sharpen:core/ACC_GX:for:acc#1                       mgc_add_16_0_11_1_16                                                   1.6977  9.7136  
        sharpen:core/ACC_GX:for:acc#1.ctmp.sva                                                                                     0.0000  9.7136  
        sharpen:core/mux#19                                 mgc_mux_16_1_2                                                         0.3690  10.0826 
        sharpen:core/mux#19.itm                                                                                                    0.0000  10.0826 
        sharpen:core/reg(redarray(2).lpi#1)                 mgc_reg_pos_16_1_0_0_0_1_1                                             0.0000  10.0826 
                                                                                                                                                   
      7                                                     sharpen:core/reg(FRAME:a#4.lpi#1)  sharpen:core/reg(redarray(0).lpi#1) 10.0826 9.9174  
                                                                                                                                                   
        Instance                                            Component                                                              Delta   Delay   
        --------                                            ---------                                                              -----   -----   
        sharpen:core/reg(FRAME:a#4.lpi#1)                   mgc_reg_pos_3_1_0_0_0_1_1                                              0.0000  0.0000  
        sharpen:core/FRAME:a#4.lpi#1                                                                                               0.0000  0.0000  
        sharpen:core/ACC_GX:for:not#4                       mgc_not_3                                                              0.0000  0.0000  
        sharpen:core/ACC_GX:for:not#4.itm                                                                                          0.0000  0.0000  
        sharpen:core/conc#156                                                                                                      0.0000  0.0000  
        sharpen:core/conc#156.itm                                                                                                  0.0000  0.0000  
        sharpen:core/ACC_GX:for:acc#16                      mgc_add_6_0_4_1_6                                                      1.0209  1.0209  
        sharpen:core/ACC_GX:for:acc#16.psp.sva                                                                                     0.0000  1.0209  
        sharpen:core/slc(ACC_GX:for:acc#16.psp.sva)                                                                                0.0000  1.0209  
        sharpen:core/slc(ACC_GX:for:acc#16.psp.sva).itm                                                                            0.0000  1.0209  
        sharpen:core/ACC_GX:for:acc#3                       mgc_add_5_0_4_1_6                                                      0.7776  1.7984  
        sharpen:core/ACC_GX:for:acc#3.itm                                                                                          0.0000  1.7984  
        sharpen:core/ACC_GX:for:conc                                                                                               0.0000  1.7984  
        sharpen:core/ACC_GX:for:conc.itm                                                                                           0.0000  1.7984  
        sharpen:core/ACC_GX:for:rshift.rg                   mgc_shift_r_150_1_8_10                                                 4.7975  6.5959  
        sharpen:core/ACC_GX:for:rshift.itm                                                                                         0.0000  6.5959  
        sharpen:core/ACC_GX:for:acc#2                       mgc_add_10_1_2_1_11                                                    1.1575  7.7534  
        sharpen:core/ACC_GX:for:acc#2.itm                                                                                          0.0000  7.7534  
        sharpen:core/and#87                                 mgc_and_11_2                                                           0.2625  8.0159  
        sharpen:core/and#87.itm                                                                                                    0.0000  8.0159  
        sharpen:core/ACC_GX:for:acc#1                       mgc_add_16_0_11_1_16                                                   1.6977  9.7136  
        sharpen:core/ACC_GX:for:acc#1.ctmp.sva                                                                                     0.0000  9.7136  
        sharpen:core/mux#21                                 mgc_mux_16_1_2                                                         0.3690  10.0826 
        sharpen:core/mux#21.itm                                                                                                    0.0000  10.0826 
        sharpen:core/reg(redarray(0).lpi#1)                 mgc_reg_pos_16_1_0_0_0_1_1                                             0.0000  10.0826 
                                                                                                                                                   
      8                                                     sharpen:core/reg(FRAME:a#4.lpi#1)  sharpen:core/reg(redarray(0).lpi#1) 10.0826 9.9174  
                                                                                                                                                   
        Instance                                            Component                                                              Delta   Delay   
        --------                                            ---------                                                              -----   -----   
        sharpen:core/reg(FRAME:a#4.lpi#1)                   mgc_reg_pos_3_1_0_0_0_1_1                                              0.0000  0.0000  
        sharpen:core/FRAME:a#4.lpi#1                                                                                               0.0000  0.0000  
        sharpen:core/slc(FRAME:a#4.lpi#1)#2                                                                                        0.0000  0.0000  
        sharpen:core/slc(FRAME:a#4.lpi#1)#2.itm                                                                                    0.0000  0.0000  
        sharpen:core/conc#157                                                                                                      0.0000  0.0000  
        sharpen:core/conc#157.itm                                                                                                  0.0000  0.0000  
        sharpen:core/ACC_GX:for:acc#16                      mgc_add_6_0_4_1_6                                                      1.0209  1.0209  
        sharpen:core/ACC_GX:for:acc#16.psp.sva                                                                                     0.0000  1.0209  
        sharpen:core/slc(ACC_GX:for:acc#16.psp.sva)                                                                                0.0000  1.0209  
        sharpen:core/slc(ACC_GX:for:acc#16.psp.sva).itm                                                                            0.0000  1.0209  
        sharpen:core/ACC_GX:for:acc#3                       mgc_add_5_0_4_1_6                                                      0.7776  1.7984  
        sharpen:core/ACC_GX:for:acc#3.itm                                                                                          0.0000  1.7984  
        sharpen:core/ACC_GX:for:conc                                                                                               0.0000  1.7984  
        sharpen:core/ACC_GX:for:conc.itm                                                                                           0.0000  1.7984  
        sharpen:core/ACC_GX:for:rshift.rg                   mgc_shift_r_150_1_8_10                                                 4.7975  6.5959  
        sharpen:core/ACC_GX:for:rshift.itm                                                                                         0.0000  6.5959  
        sharpen:core/ACC_GX:for:acc#2                       mgc_add_10_1_2_1_11                                                    1.1575  7.7534  
        sharpen:core/ACC_GX:for:acc#2.itm                                                                                          0.0000  7.7534  
        sharpen:core/and#87                                 mgc_and_11_2                                                           0.2625  8.0159  
        sharpen:core/and#87.itm                                                                                                    0.0000  8.0159  
        sharpen:core/ACC_GX:for:acc#1                       mgc_add_16_0_11_1_16                                                   1.6977  9.7136  
        sharpen:core/ACC_GX:for:acc#1.ctmp.sva                                                                                     0.0000  9.7136  
        sharpen:core/mux#21                                 mgc_mux_16_1_2                                                         0.3690  10.0826 
        sharpen:core/mux#21.itm                                                                                                    0.0000  10.0826 
        sharpen:core/reg(redarray(0).lpi#1)                 mgc_reg_pos_16_1_0_0_0_1_1                                             0.0000  10.0826 
                                                                                                                                                   
      9                                                     sharpen:core/reg(regs.regs(4).sva) sharpen:core/reg(redarray(0).lpi#1) 9.7881  10.2119 
                                                                                                                                                   
        Instance                                            Component                                                              Delta   Delay   
        --------                                            ---------                                                              -----   -----   
        sharpen:core/reg(regs.regs(4).sva)                  mgc_reg_pos_150_1_0_0_0_1_1                                            0.0000  0.0000  
        sharpen:core/regs.regs(4).sva                                                                                              0.0000  0.0000  
        sharpen:core/regs.operator[]:mux                    mgc_mux_150_3_8                                                        1.5039  1.5039  
        sharpen:core/regs.operator[]:slc(regs.regs).cse.sva                                                                        0.0000  1.5039  
        sharpen:core/ACC_GX:for:not#1                       mgc_not_150                                                            0.0000  1.5039  
        sharpen:core/ACC_GX:for:not#1.itm                                                                                          0.0000  1.5039  
        sharpen:core/ACC_GX:for:rshift.rg                   mgc_shift_r_150_1_8_10                                                 4.7975  6.3014  
        sharpen:core/ACC_GX:for:rshift.itm                                                                                         0.0000  6.3014  
        sharpen:core/ACC_GX:for:acc#2                       mgc_add_10_1_2_1_11                                                    1.1575  7.4589  
        sharpen:core/ACC_GX:for:acc#2.itm                                                                                          0.0000  7.4589  
        sharpen:core/and#87                                 mgc_and_11_2                                                           0.2625  7.7214  
        sharpen:core/and#87.itm                                                                                                    0.0000  7.7214  
        sharpen:core/ACC_GX:for:acc#1                       mgc_add_16_0_11_1_16                                                   1.6977  9.4191  
        sharpen:core/ACC_GX:for:acc#1.ctmp.sva                                                                                     0.0000  9.4191  
        sharpen:core/mux#21                                 mgc_mux_16_1_2                                                         0.3690  9.7881  
        sharpen:core/mux#21.itm                                                                                                    0.0000  9.7881  
        sharpen:core/reg(redarray(0).lpi#1)                 mgc_reg_pos_16_1_0_0_0_1_1                                             0.0000  9.7881  
                                                                                                                                                   
      10                                                    sharpen:core/reg(regs.regs(3).sva) sharpen:core/reg(redarray(0).lpi#1) 9.7881  10.2119 
                                                                                                                                                   
        Instance                                            Component                                                              Delta   Delay   
        --------                                            ---------                                                              -----   -----   
        sharpen:core/reg(regs.regs(3).sva)                  mgc_reg_pos_150_1_0_0_0_1_1                                            0.0000  0.0000  
        sharpen:core/regs.regs(3).sva                                                                                              0.0000  0.0000  
        sharpen:core/regs.operator[]:mux                    mgc_mux_150_3_8                                                        1.5039  1.5039  
        sharpen:core/regs.operator[]:slc(regs.regs).cse.sva                                                                        0.0000  1.5039  
        sharpen:core/ACC_GX:for:not#1                       mgc_not_150                                                            0.0000  1.5039  
        sharpen:core/ACC_GX:for:not#1.itm                                                                                          0.0000  1.5039  
        sharpen:core/ACC_GX:for:rshift.rg                   mgc_shift_r_150_1_8_10                                                 4.7975  6.3014  
        sharpen:core/ACC_GX:for:rshift.itm                                                                                         0.0000  6.3014  
        sharpen:core/ACC_GX:for:acc#2                       mgc_add_10_1_2_1_11                                                    1.1575  7.4589  
        sharpen:core/ACC_GX:for:acc#2.itm                                                                                          0.0000  7.4589  
        sharpen:core/and#87                                 mgc_and_11_2                                                           0.2625  7.7214  
        sharpen:core/and#87.itm                                                                                                    0.0000  7.7214  
        sharpen:core/ACC_GX:for:acc#1                       mgc_add_16_0_11_1_16                                                   1.6977  9.4191  
        sharpen:core/ACC_GX:for:acc#1.ctmp.sva                                                                                     0.0000  9.4191  
        sharpen:core/mux#21                                 mgc_mux_16_1_2                                                         0.3690  9.7881  
        sharpen:core/mux#21.itm                                                                                                    0.0000  9.7881  
        sharpen:core/reg(redarray(0).lpi#1)                 mgc_reg_pos_16_1_0_0_0_1_1                                             0.0000  9.7881  
                                                                                                                                                   
      
    Register Input and Register-to-Output Slack
      Clock period or pin-to-reg delay constraint (clk): 20.0
      Clock uncertainty constraint (clk)               : 0.0
      
      Instance                                        Port                                Slack (Delay) Messages 
      ----------------------------------------------- --------------------------------- ------- ------- --------
      sharpen:core/reg(vout:rsc:mgc_out_stdreg.d)     mux.itm                           13.1070  6.8930          
      sharpen:core/reg(FRAME:a#3.lpi#1)               nor#26.itm                        16.4693  3.5307          
      sharpen:core/reg(exit:ACC_GX:for.sva)           exit:ACC_GX:for.sva:mx0           16.2671  3.7329          
      sharpen:core/reg(FRAME:a#4.lpi#1)               nor#28.itm                        16.2671  3.7329          
      sharpen:core/reg(exit:SHIFT.lpi#1)              mux#4.itm                         18.2351  1.7649          
      sharpen:core/reg(exit:ACC_GX#1.lpi#1)           mux#5.itm                         17.4707  2.5293          
      sharpen:core/reg(SHIFT:i#1.lpi#3)               mux#6.itm                         18.2351  1.7649          
      sharpen:core/reg(bluearray(4).lpi#1)            mux#7.itm                         11.8031  8.1969          
      sharpen:core/reg(bluearray(3).lpi#1)            mux#8.itm                         11.8031  8.1969          
      sharpen:core/reg(bluearray(2).lpi#1)            mux#9.itm                         11.8031  8.1969          
      sharpen:core/reg(bluearray(1).lpi#1)            mux#10.itm                        11.8031  8.1969          
      sharpen:core/reg(bluearray(0).lpi#1)            mux#11.itm                        11.8031  8.1969          
      sharpen:core/reg(greenarray(4).lpi#1)           mux#12.itm                        11.2653  8.7347          
      sharpen:core/reg(greenarray(3).lpi#1)           mux#13.itm                        11.2653  8.7347          
      sharpen:core/reg(greenarray(2).lpi#1)           mux#14.itm                        11.2653  8.7347          
      sharpen:core/reg(greenarray(1).lpi#1)           mux#15.itm                        11.2653  8.7347          
      sharpen:core/reg(greenarray(0).lpi#1)           mux#16.itm                        11.2653  8.7347          
      sharpen:core/reg(redarray(4).lpi#1)             mux#17.itm                         9.9174 10.0826          
      sharpen:core/reg(redarray(3).lpi#1)             mux#18.itm                         9.9174 10.0826          
      sharpen:core/reg(redarray(2).lpi#1)             mux#19.itm                         9.9174 10.0826          
      sharpen:core/reg(redarray(1).lpi#1)             mux#20.itm                         9.9174 10.0826          
      sharpen:core/reg(redarray(0).lpi#1)             mux#21.itm                         9.9174 10.0826          
      sharpen:core/reg(blue.lpi#1)                    mux#22.itm                        15.9070  4.0930          
      sharpen:core/reg(green.lpi#1)                   mux#23.itm                        15.9070  4.0930          
      sharpen:core/reg(red.lpi#1)                     mux#24.itm                        15.9070  4.0930          
      sharpen:core/reg(exit:ACC3.lpi#1.dfm#5)         exit:ACC3.lpi#1.dfm#5:mx0         17.1558  2.8442          
      sharpen:core/reg(exit:FRAME#1.sva)              FRAME:and.itm                     17.1018  2.8982          
      sharpen:core/reg(FRAME:p#1.lpi#1.dfm#3)         mux#26.itm                        17.6776  2.3224          
      sharpen:core/reg(FRAME:i#1.lpi#1)               nor#30.itm                        16.4207  3.5793          
      sharpen:core/reg(regs.regs(4).sva)              mux#28.itm                        17.4054  2.5946          
      sharpen:core/reg(regs.regs(3).sva)              mux#29.itm                        17.4054  2.5946          
      sharpen:core/reg(regs.regs(2).sva)              mux#30.itm                        17.4054  2.5946          
      sharpen:core/reg(regs.regs(1).sva)              mux#31.itm                        17.4054  2.5946          
      sharpen:core/reg(regs.regs(0).sva)              mux#32.itm                        18.3017  1.6983          
      sharpen:core/reg(exit:FRAME.lpi#1.dfm#3)        exit:FRAME.lpi#1.dfm#3:mx0        17.1018  2.8982          
      sharpen:core/reg(regs.operator<<:din.lpi#1.dfm) regs.operator<<:din.lpi#1.dfm:mx0 18.9996  1.0004          
      sharpen                                         vout:rsc.z                        20.0000  0.0000          
      
  Operator Bitwidth Summary
    Operation  Size (bits) Count 
    ---------- ----------- -----
    add                          
    -                   16     8 
    -                   11     4 
    -                    7     3 
    -                    6     3 
    -                    5     2 
    -                    3     8 
    -                    2     2 
    and                          
    -                    3     5 
    -                    2    35 
    mux                          
    -                    6     2 
    -                    5     2 
    -                    3     7 
    -                    2     1 
    -                    1    44 
    mux1h                        
    -                    3     1 
    nand                         
    -                    2     4 
    nor                          
    -                    4     1 
    -                    3     1 
    -                    2    11 
    not                          
    -                  150     1 
    -                   15     2 
    -                   10   123 
    -                    6     3 
    -                    3     1 
    -                    1    47 
    or                           
    -                    4     2 
    -                    3    10 
    -                    2    11 
    read_port                    
    -                  150     1 
    reg                          
    -                  150     6 
    -                   30     1 
    -                   16    18 
    -                    3     4 
    -                    2     1 
    -                    1     6 
    rshift                       
    -            536693291     1 
    write_port                   
    -                   30     1 
    
  End of Report
