-- Catapult University Version: Report                                              
-- ---------------------------- ---------------------------------------------------
-- Version:                     2011a.126 Production Release                        
-- Build Date:                  Wed Aug  8 00:52:07 PDT 2012                        
                                                                                    
-- Generated by:                jb914@EEWS104A-014                                  
-- Generated date:              Wed May 06 13:26:40 +0100 2015                      

Solution Settings: red_tint.v15
  Current state: extract
  Project: MouseTintRed
  
  Design Input Files Specified
    $PROJECT_HOME/edge.h
      $MGC_HOME/shared/include/ac_int.h
    $PROJECT_HOME/MouseTintRed.c
      $MGC_HOME/shared/include/ac_fixed.h
        $MGC_HOME/shared/include/ac_int.h
      $PROJECT_HOME/edge.h
      $PROJECT_HOME/shift_class.h
    $PROJECT_HOME/shift_class.h
  
  Processes/Blocks in Design
    Process        Real Operation(s) count Latency Throughput Reset Length II Comments 
    -------------- ----------------------- ------- ---------- ------------ -- --------
    /red_tint/core                      42       1          1            0  1          
    Design Total:                       42       1          1            0  1          
    
  Bill Of Materials (Datapath)
    Component Name                          Area Score Area(LUTs) Delay Post Alloc Post Assign 
    --------------------------------------- ---------- ---------- ----- ---------- -----------
    [Lib: mgc_Altera-Cyclone-III-6_beh_psr]                                                    
    mgc_add(8,0,4,1,9)                           9.000      9.000 1.009          1           1 
    mgc_add(9,0,9,1,11)                         10.000     10.000 0.908          3           3 
    mgc_and(10,2)                                7.298      7.298 0.263          2           0 
    mgc_and(10,3)                               10.545     10.545 0.416          0           1 
    mgc_and(2,2)                                 1.460      1.460 0.263          6           1 
    mgc_and(2,3)                                 2.109      2.109 0.416          0           1 
    mgc_and(2,4)                                 2.758      2.758 0.525          0           1 
    mgc_and(8,2)                                 5.839      5.839 0.263          6           1 
    mgc_and(8,3)                                 8.436      8.436 0.416          0           1 
    mgc_and(8,4)                                11.033     11.033 0.525          0           1 
    mgc_mux(1,1,2)                               0.919      0.919 0.369          0           1 
    mgc_mux(2,1,2)                               1.839      1.839 0.369          2           2 
    mgc_mux(8,1,2)                               7.355      7.355 0.369          2           2 
    mgc_not(1)                                   0.000      0.000 0.000          0          14 
    mgc_not(8)                                   0.000      0.000 0.000          0           3 
    mgc_reg_pos(1,1,0,0,0,1,1)                   0.000      0.000 0.000          0           1 
    mgc_reg_pos(10,1,0,0,0,1,1)                  0.000      0.000 0.000          0           1 
    mgc_reg_pos(2,1,0,0,0,1,1)                   0.000      0.000 0.000          0           2 
    mgc_reg_pos(8,1,0,0,0,1,1)                   0.000      0.000 0.000          0           2 
    [Lib: mgc_ioport]                                                                          
    mgc_in_wire(1,30)                            0.000      0.000 0.000          1           1 
    mgc_in_wire(3,20)                            0.000      0.000 0.000          1           1 
    mgc_out_stdreg(2,30)                         0.000      0.000 0.000          1           1 
                                                                                               
    TOTAL AREA (After Assignment):             100.487    100.000                              
    
  Area Scores
                      Post-Scheduling Post-DP & FSM Post-Assignment 
    ----------------- --------------- ------------- ---------------
    Total Area Score:    115.8          87.5           100.5        
    Total Reg:             0.0           0.0             0.0        
                                                                    
    DataPath:            115.8 (100%)   87.5 (100%)    100.5 (100%) 
      MUX:                18.4  (16%)   19.3  (22%)     19.3  (19%) 
      FUNC:               39.0  (34%)   39.0  (45%)     39.0  (39%) 
      LOGIC:              58.4  (50%)   29.2  (33%)     42.2  (42%) 
      BUFFER:              0.0           0.0             0.0        
      MEM:                 0.0           0.0             0.0        
      ROM:                 0.0           0.0             0.0        
      REG:                 0.0           0.0             0.0        
                                                                    
    
    FSM:                   0.0           0.0             0.0        
      FSM-REG:             0.0           0.0             0.0        
      FSM-COMB:            0.0           0.0             0.0        
                                                                    
    
  Register-to-Variable Mappings
    Register                                  Size(bits) Gated Register CG Opt Done Variables                                             
    ----------------------------------------- ---------- -------------- ----------- -----------------------------------------------------
    reg(video_out:rsc:mgc_out_stdreg.d).tmp           10         Y                  reg(video_out:rsc:mgc_out_stdreg.d).tmp               
    reg(video_out:rsc:mgc_out_stdreg.d).tmp#1          8         Y                  reg(video_out:rsc:mgc_out_stdreg.d).tmp#1             
    reg(video_out:rsc:mgc_out_stdreg.d).tmp#3          8         Y                  reg(video_out:rsc:mgc_out_stdreg.d).tmp#3             
    reg(video_out:rsc:mgc_out_stdreg.d).tmp#2          2         Y                  reg(video_out:rsc:mgc_out_stdreg.d).tmp#2             
    reg(video_out:rsc:mgc_out_stdreg.d).tmp#4          2         Y                  reg(video_out:rsc:mgc_out_stdreg.d).tmp#4             
    else:slc.svs                                       1         Y                  else:slc.svs                                          
                                                                                                                                          
    Total:                                            31             31           0 (Total Gating Ratio: 1.00, CG Opt Gating Ratio: 0.00) 
    
  Timing Report
    Critical Path
      Max Delay:  2.00972
      Slack:      35.027317036999996
      
      Path                                                  Startpoint                               Endpoint                                            Delay  Slack   
      ----------------------------------------------------- ---------------------------------------- --------------------------------------------------- ------ -------
      1                                                     red_tint:core/mouse_xy:rsc:mgc_in_wire.d red_tint:core/reg(video_out:rsc:mgc_out_stdreg.d)#3 2.0097 35.0273 
                                                                                                                                                                        
        Instance                                            Component                                                                                    Delta  Delay   
        --------                                            ---------                                                                                    -----  -----   
        red_tint:core/mouse_xy:rsc:mgc_in_wire.d                                                                                                         0.0000 0.0000  
        red_tint:core/slc#4                                                                                                                              0.0000 0.0000  
        red_tint:core/slc#4.itm                                                                                                                          0.0000 0.0000  
        red_tint:core/acc                                   mgc_add_8_0_4_1_9                                                                            1.0093 1.0093  
        red_tint:core/acc.itm                                                                                                                            0.0000 1.0093  
        red_tint:core/slc                                                                                                                                0.0000 1.0093  
        red_tint:core/slc.itm                                                                                                                            0.0000 1.0093  
        red_tint:core/mux#2                                 mgc_mux_1_1_2                                                                                0.3690 1.3782  
        red_tint:core/else:slc.svs:mx0                                                                                                                   0.0000 1.3782  
        red_tint:core/else:mux#5                            mgc_mux_8_1_2                                                                                0.3690 1.7472  
        red_tint:core/else:mux#5.itm                                                                                                                     0.0000 1.7472  
        red_tint:core/and#1                                 mgc_and_8_2                                                                                  0.2625 2.0097  
        red_tint:core/and#1.itm                                                                                                                          0.0000 2.0097  
        red_tint:core/reg(video_out:rsc:mgc_out_stdreg.d)#3 mgc_reg_pos_8_1_0_0_0_1_1                                                                    0.0000 2.0097  
                                                                                                                                                                        
      2                                                     red_tint:core/mouse_xy:rsc:mgc_in_wire.d red_tint:core/reg(video_out:rsc:mgc_out_stdreg.d)#4 2.0097 35.0273 
                                                                                                                                                                        
        Instance                                            Component                                                                                    Delta  Delay   
        --------                                            ---------                                                                                    -----  -----   
        red_tint:core/mouse_xy:rsc:mgc_in_wire.d                                                                                                         0.0000 0.0000  
        red_tint:core/slc#4                                                                                                                              0.0000 0.0000  
        red_tint:core/slc#4.itm                                                                                                                          0.0000 0.0000  
        red_tint:core/acc                                   mgc_add_8_0_4_1_9                                                                            1.0093 1.0093  
        red_tint:core/acc.itm                                                                                                                            0.0000 1.0093  
        red_tint:core/slc                                                                                                                                0.0000 1.0093  
        red_tint:core/slc.itm                                                                                                                            0.0000 1.0093  
        red_tint:core/mux#2                                 mgc_mux_1_1_2                                                                                0.3690 1.3782  
        red_tint:core/else:slc.svs:mx0                                                                                                                   0.0000 1.3782  
        red_tint:core/else:mux#6                            mgc_mux_2_1_2                                                                                0.3690 1.7472  
        red_tint:core/else:mux#6.itm                                                                                                                     0.0000 1.7472  
        red_tint:core/and#2                                 mgc_and_2_2                                                                                  0.2625 2.0097  
        red_tint:core/and#2.itm                                                                                                                          0.0000 2.0097  
        red_tint:core/reg(video_out:rsc:mgc_out_stdreg.d)#4 mgc_reg_pos_2_1_0_0_0_1_1                                                                    0.0000 2.0097  
                                                                                                                                                                        
      3                                                     red_tint:core/video_in:rsc:mgc_in_wire.d red_tint:core/reg(video_out:rsc:mgc_out_stdreg.d)#3 1.9557 35.0814 
                                                                                                                                                                        
        Instance                                            Component                                                                                    Delta  Delay   
        --------                                            ---------                                                                                    -----  -----   
        red_tint:core/video_in:rsc:mgc_in_wire.d                                                                                                         0.0000 0.0000  
        red_tint:core/slc(video_in:rsc:mgc_in_wire.d)#5                                                                                                  0.0000 0.0000  
        red_tint:core/slc(video_in:rsc:mgc_in_wire.d)#5.itm                                                                                              0.0000 0.0000  
        red_tint:core/conc#23                                                                                                                            0.0000 0.0000  
        red_tint:core/conc#23.itm                                                                                                                        0.0000 0.0000  
        red_tint:core/else:else:acc                         mgc_add_9_0_9_1_11                                                                           0.9081 0.9081  
        red_tint:core/else:else:acc.itm                                                                                                                  0.0000 0.9081  
        red_tint:core/else:else:slc#1                                                                                                                    0.0000 0.9081  
        red_tint:core/else:else:acc#2.psp.sva                                                                                                            0.0000 0.9081  
        red_tint:core/slc(else:else:acc#2.psp.sva)#1                                                                                                     0.0000 0.9081  
        red_tint:core/slc(else:else:acc#2.psp.sva)#1.itm                                                                                                 0.0000 0.9081  
        red_tint:core/makepos#1:and                         mgc_and_8_3                                                                                  0.4161 1.3242  
        red_tint:core/makepos#1:and.itm                                                                                                                  0.0000 1.3242  
        red_tint:core/else:mux#5                            mgc_mux_8_1_2                                                                                0.3690 1.6932  
        red_tint:core/else:mux#5.itm                                                                                                                     0.0000 1.6932  
        red_tint:core/and#1                                 mgc_and_8_2                                                                                  0.2625 1.9557  
        red_tint:core/and#1.itm                                                                                                                          0.0000 1.9557  
        red_tint:core/reg(video_out:rsc:mgc_out_stdreg.d)#3 mgc_reg_pos_8_1_0_0_0_1_1                                                                    0.0000 1.9557  
                                                                                                                                                                        
      4                                                     red_tint:core/video_in:rsc:mgc_in_wire.d red_tint:core/reg(video_out:rsc:mgc_out_stdreg.d)#4 1.9557 35.0814 
                                                                                                                                                                        
        Instance                                            Component                                                                                    Delta  Delay   
        --------                                            ---------                                                                                    -----  -----   
        red_tint:core/video_in:rsc:mgc_in_wire.d                                                                                                         0.0000 0.0000  
        red_tint:core/slc(video_in:rsc:mgc_in_wire.d)#5                                                                                                  0.0000 0.0000  
        red_tint:core/slc(video_in:rsc:mgc_in_wire.d)#5.itm                                                                                              0.0000 0.0000  
        red_tint:core/conc#23                                                                                                                            0.0000 0.0000  
        red_tint:core/conc#23.itm                                                                                                                        0.0000 0.0000  
        red_tint:core/else:else:acc                         mgc_add_9_0_9_1_11                                                                           0.9081 0.9081  
        red_tint:core/else:else:acc.itm                                                                                                                  0.0000 0.9081  
        red_tint:core/else:else:slc#1                                                                                                                    0.0000 0.9081  
        red_tint:core/else:else:acc#2.psp.sva                                                                                                            0.0000 0.9081  
        red_tint:core/slc(else:else:acc#2.psp.sva)#4                                                                                                     0.0000 0.9081  
        red_tint:core/slc(else:else:acc#2.psp.sva)#4.itm                                                                                                 0.0000 0.9081  
        red_tint:core/makepos#1:else:not#4                  mgc_not_1                                                                                    0.0000 0.9081  
        red_tint:core/makepos#1:else:not#4.itm                                                                                                           0.0000 0.9081  
        red_tint:core/makepos#1:else:exs#1                                                                                                               0.0000 0.9081  
        red_tint:core/makepos#1:else:exs#1.itm                                                                                                           0.0000 0.9081  
        red_tint:core/makepos#1:and#1                       mgc_and_2_3                                                                                  0.4161 1.3242  
        red_tint:core/makepos#1:and#1.itm                                                                                                                0.0000 1.3242  
        red_tint:core/else:mux#6                            mgc_mux_2_1_2                                                                                0.3690 1.6932  
        red_tint:core/else:mux#6.itm                                                                                                                     0.0000 1.6932  
        red_tint:core/and#2                                 mgc_and_2_2                                                                                  0.2625 1.9557  
        red_tint:core/and#2.itm                                                                                                                          0.0000 1.9557  
        red_tint:core/reg(video_out:rsc:mgc_out_stdreg.d)#4 mgc_reg_pos_2_1_0_0_0_1_1                                                                    0.0000 1.9557  
                                                                                                                                                                        
      5                                                     red_tint:core/mouse_xy:rsc:mgc_in_wire.d red_tint:core/reg(video_out:rsc:mgc_out_stdreg.d)#4 1.9557 35.0814 
                                                                                                                                                                        
        Instance                                            Component                                                                                    Delta  Delay   
        --------                                            ---------                                                                                    -----  -----   
        red_tint:core/mouse_xy:rsc:mgc_in_wire.d                                                                                                         0.0000 0.0000  
        red_tint:core/slc#17                                                                                                                             0.0000 0.0000  
        red_tint:core/slc#17.itm                                                                                                                         0.0000 0.0000  
        red_tint:core/adjust:not#2                          mgc_not_8                                                                                    0.0000 0.0000  
        red_tint:core/adjust:not#2.itm                                                                                                                   0.0000 0.0000  
        red_tint:core/conc#24                                                                                                                            0.0000 0.0000  
        red_tint:core/conc#24.itm                                                                                                                        0.0000 0.0000  
        red_tint:core/else:else:acc                         mgc_add_9_0_9_1_11                                                                           0.9081 0.9081  
        red_tint:core/else:else:acc.itm                                                                                                                  0.0000 0.9081  
        red_tint:core/else:else:slc#1                                                                                                                    0.0000 0.9081  
        red_tint:core/else:else:acc#2.psp.sva                                                                                                            0.0000 0.9081  
        red_tint:core/slc(else:else:acc#2.psp.sva)#4                                                                                                     0.0000 0.9081  
        red_tint:core/slc(else:else:acc#2.psp.sva)#4.itm                                                                                                 0.0000 0.9081  
        red_tint:core/makepos#1:else:not#4                  mgc_not_1                                                                                    0.0000 0.9081  
        red_tint:core/makepos#1:else:not#4.itm                                                                                                           0.0000 0.9081  
        red_tint:core/makepos#1:else:exs#1                                                                                                               0.0000 0.9081  
        red_tint:core/makepos#1:else:exs#1.itm                                                                                                           0.0000 0.9081  
        red_tint:core/makepos#1:and#1                       mgc_and_2_3                                                                                  0.4161 1.3242  
        red_tint:core/makepos#1:and#1.itm                                                                                                                0.0000 1.3242  
        red_tint:core/else:mux#6                            mgc_mux_2_1_2                                                                                0.3690 1.6932  
        red_tint:core/else:mux#6.itm                                                                                                                     0.0000 1.6932  
        red_tint:core/and#2                                 mgc_and_2_2                                                                                  0.2625 1.9557  
        red_tint:core/and#2.itm                                                                                                                          0.0000 1.9557  
        red_tint:core/reg(video_out:rsc:mgc_out_stdreg.d)#4 mgc_reg_pos_2_1_0_0_0_1_1                                                                    0.0000 1.9557  
                                                                                                                                                                        
      6                                                     red_tint:core/video_in:rsc:mgc_in_wire.d red_tint:core/reg(video_out:rsc:mgc_out_stdreg.d)#4 1.9557 35.0814 
                                                                                                                                                                        
        Instance                                            Component                                                                                    Delta  Delay   
        --------                                            ---------                                                                                    -----  -----   
        red_tint:core/video_in:rsc:mgc_in_wire.d                                                                                                         0.0000 0.0000  
        red_tint:core/slc(video_in:rsc:mgc_in_wire.d)#5                                                                                                  0.0000 0.0000  
        red_tint:core/slc(video_in:rsc:mgc_in_wire.d)#5.itm                                                                                              0.0000 0.0000  
        red_tint:core/conc#23                                                                                                                            0.0000 0.0000  
        red_tint:core/conc#23.itm                                                                                                                        0.0000 0.0000  
        red_tint:core/else:else:acc                         mgc_add_9_0_9_1_11                                                                           0.9081 0.9081  
        red_tint:core/else:else:acc.itm                                                                                                                  0.0000 0.9081  
        red_tint:core/else:else:slc#1                                                                                                                    0.0000 0.9081  
        red_tint:core/else:else:acc#2.psp.sva                                                                                                            0.0000 0.9081  
        red_tint:core/slc(else:else:acc#2.psp.sva)#3                                                                                                     0.0000 0.9081  
        red_tint:core/slc(else:else:acc#2.psp.sva)#3.itm                                                                                                 0.0000 0.9081  
        red_tint:core/not#32                                mgc_not_1                                                                                    0.0000 0.9081  
        red_tint:core/not#32.itm                                                                                                                         0.0000 0.9081  
        red_tint:core/makepos#1:exs#1                                                                                                                    0.0000 0.9081  
        red_tint:core/makepos#1:exs#1.itm                                                                                                                0.0000 0.9081  
        red_tint:core/makepos#1:and#1                       mgc_and_2_3                                                                                  0.4161 1.3242  
        red_tint:core/makepos#1:and#1.itm                                                                                                                0.0000 1.3242  
        red_tint:core/else:mux#6                            mgc_mux_2_1_2                                                                                0.3690 1.6932  
        red_tint:core/else:mux#6.itm                                                                                                                     0.0000 1.6932  
        red_tint:core/and#2                                 mgc_and_2_2                                                                                  0.2625 1.9557  
        red_tint:core/and#2.itm                                                                                                                          0.0000 1.9557  
        red_tint:core/reg(video_out:rsc:mgc_out_stdreg.d)#4 mgc_reg_pos_2_1_0_0_0_1_1                                                                    0.0000 1.9557  
                                                                                                                                                                        
      7                                                     red_tint:core/video_in:rsc:mgc_in_wire.d red_tint:core/reg(video_out:rsc:mgc_out_stdreg.d)#3 1.9557 35.0814 
                                                                                                                                                                        
        Instance                                            Component                                                                                    Delta  Delay   
        --------                                            ---------                                                                                    -----  -----   
        red_tint:core/video_in:rsc:mgc_in_wire.d                                                                                                         0.0000 0.0000  
        red_tint:core/slc(video_in:rsc:mgc_in_wire.d)#5                                                                                                  0.0000 0.0000  
        red_tint:core/slc(video_in:rsc:mgc_in_wire.d)#5.itm                                                                                              0.0000 0.0000  
        red_tint:core/conc#23                                                                                                                            0.0000 0.0000  
        red_tint:core/conc#23.itm                                                                                                                        0.0000 0.0000  
        red_tint:core/else:else:acc                         mgc_add_9_0_9_1_11                                                                           0.9081 0.9081  
        red_tint:core/else:else:acc.itm                                                                                                                  0.0000 0.9081  
        red_tint:core/else:else:slc#1                                                                                                                    0.0000 0.9081  
        red_tint:core/else:else:acc#2.psp.sva                                                                                                            0.0000 0.9081  
        red_tint:core/slc(else:else:acc#2.psp.sva)                                                                                                       0.0000 0.9081  
        red_tint:core/slc(else:else:acc#2.psp.sva).itm                                                                                                   0.0000 0.9081  
        red_tint:core/makepos#1:else:not#2                  mgc_not_1                                                                                    0.0000 0.9081  
        red_tint:core/makepos#1:else:not#2.itm                                                                                                           0.0000 0.9081  
        red_tint:core/makepos#1:else:exs                                                                                                                 0.0000 0.9081  
        red_tint:core/makepos#1:else:exs.itm                                                                                                             0.0000 0.9081  
        red_tint:core/makepos#1:and                         mgc_and_8_3                                                                                  0.4161 1.3242  
        red_tint:core/makepos#1:and.itm                                                                                                                  0.0000 1.3242  
        red_tint:core/else:mux#5                            mgc_mux_8_1_2                                                                                0.3690 1.6932  
        red_tint:core/else:mux#5.itm                                                                                                                     0.0000 1.6932  
        red_tint:core/and#1                                 mgc_and_8_2                                                                                  0.2625 1.9557  
        red_tint:core/and#1.itm                                                                                                                          0.0000 1.9557  
        red_tint:core/reg(video_out:rsc:mgc_out_stdreg.d)#3 mgc_reg_pos_8_1_0_0_0_1_1                                                                    0.0000 1.9557  
                                                                                                                                                                        
      8                                                     red_tint:core/mouse_xy:rsc:mgc_in_wire.d red_tint:core/reg(video_out:rsc:mgc_out_stdreg.d)#3 1.9557 35.0814 
                                                                                                                                                                        
        Instance                                            Component                                                                                    Delta  Delay   
        --------                                            ---------                                                                                    -----  -----   
        red_tint:core/mouse_xy:rsc:mgc_in_wire.d                                                                                                         0.0000 0.0000  
        red_tint:core/slc#17                                                                                                                             0.0000 0.0000  
        red_tint:core/slc#17.itm                                                                                                                         0.0000 0.0000  
        red_tint:core/adjust:not#2                          mgc_not_8                                                                                    0.0000 0.0000  
        red_tint:core/adjust:not#2.itm                                                                                                                   0.0000 0.0000  
        red_tint:core/conc#24                                                                                                                            0.0000 0.0000  
        red_tint:core/conc#24.itm                                                                                                                        0.0000 0.0000  
        red_tint:core/else:else:acc                         mgc_add_9_0_9_1_11                                                                           0.9081 0.9081  
        red_tint:core/else:else:acc.itm                                                                                                                  0.0000 0.9081  
        red_tint:core/else:else:slc#1                                                                                                                    0.0000 0.9081  
        red_tint:core/else:else:acc#2.psp.sva                                                                                                            0.0000 0.9081  
        red_tint:core/slc(else:else:acc#2.psp.sva)                                                                                                       0.0000 0.9081  
        red_tint:core/slc(else:else:acc#2.psp.sva).itm                                                                                                   0.0000 0.9081  
        red_tint:core/makepos#1:else:not#2                  mgc_not_1                                                                                    0.0000 0.9081  
        red_tint:core/makepos#1:else:not#2.itm                                                                                                           0.0000 0.9081  
        red_tint:core/makepos#1:else:exs                                                                                                                 0.0000 0.9081  
        red_tint:core/makepos#1:else:exs.itm                                                                                                             0.0000 0.9081  
        red_tint:core/makepos#1:and                         mgc_and_8_3                                                                                  0.4161 1.3242  
        red_tint:core/makepos#1:and.itm                                                                                                                  0.0000 1.3242  
        red_tint:core/else:mux#5                            mgc_mux_8_1_2                                                                                0.3690 1.6932  
        red_tint:core/else:mux#5.itm                                                                                                                     0.0000 1.6932  
        red_tint:core/and#1                                 mgc_and_8_2                                                                                  0.2625 1.9557  
        red_tint:core/and#1.itm                                                                                                                          0.0000 1.9557  
        red_tint:core/reg(video_out:rsc:mgc_out_stdreg.d)#3 mgc_reg_pos_8_1_0_0_0_1_1                                                                    0.0000 1.9557  
                                                                                                                                                                        
      9                                                     red_tint:core/video_in:rsc:mgc_in_wire.d red_tint:core/reg(video_out:rsc:mgc_out_stdreg.d)#3 1.9557 35.0814 
                                                                                                                                                                        
        Instance                                            Component                                                                                    Delta  Delay   
        --------                                            ---------                                                                                    -----  -----   
        red_tint:core/video_in:rsc:mgc_in_wire.d                                                                                                         0.0000 0.0000  
        red_tint:core/slc(video_in:rsc:mgc_in_wire.d)#5                                                                                                  0.0000 0.0000  
        red_tint:core/slc(video_in:rsc:mgc_in_wire.d)#5.itm                                                                                              0.0000 0.0000  
        red_tint:core/conc#23                                                                                                                            0.0000 0.0000  
        red_tint:core/conc#23.itm                                                                                                                        0.0000 0.0000  
        red_tint:core/else:else:acc                         mgc_add_9_0_9_1_11                                                                           0.9081 0.9081  
        red_tint:core/else:else:acc.itm                                                                                                                  0.0000 0.9081  
        red_tint:core/else:else:slc#1                                                                                                                    0.0000 0.9081  
        red_tint:core/else:else:acc#2.psp.sva                                                                                                            0.0000 0.9081  
        red_tint:core/slc(else:else:acc#2.psp.sva)#2                                                                                                     0.0000 0.9081  
        red_tint:core/slc(else:else:acc#2.psp.sva)#2.itm                                                                                                 0.0000 0.9081  
        red_tint:core/not#28                                mgc_not_1                                                                                    0.0000 0.9081  
        red_tint:core/not#28.itm                                                                                                                         0.0000 0.9081  
        red_tint:core/makepos#1:exs                                                                                                                      0.0000 0.9081  
        red_tint:core/makepos#1:exs.itm                                                                                                                  0.0000 0.9081  
        red_tint:core/makepos#1:and                         mgc_and_8_3                                                                                  0.4161 1.3242  
        red_tint:core/makepos#1:and.itm                                                                                                                  0.0000 1.3242  
        red_tint:core/else:mux#5                            mgc_mux_8_1_2                                                                                0.3690 1.6932  
        red_tint:core/else:mux#5.itm                                                                                                                     0.0000 1.6932  
        red_tint:core/and#1                                 mgc_and_8_2                                                                                  0.2625 1.9557  
        red_tint:core/and#1.itm                                                                                                                          0.0000 1.9557  
        red_tint:core/reg(video_out:rsc:mgc_out_stdreg.d)#3 mgc_reg_pos_8_1_0_0_0_1_1                                                                    0.0000 1.9557  
                                                                                                                                                                        
      10                                                    red_tint:core/mouse_xy:rsc:mgc_in_wire.d red_tint:core/reg(video_out:rsc:mgc_out_stdreg.d)#3 1.9557 35.0814 
                                                                                                                                                                        
        Instance                                            Component                                                                                    Delta  Delay   
        --------                                            ---------                                                                                    -----  -----   
        red_tint:core/mouse_xy:rsc:mgc_in_wire.d                                                                                                         0.0000 0.0000  
        red_tint:core/slc#17                                                                                                                             0.0000 0.0000  
        red_tint:core/slc#17.itm                                                                                                                         0.0000 0.0000  
        red_tint:core/adjust:not#2                          mgc_not_8                                                                                    0.0000 0.0000  
        red_tint:core/adjust:not#2.itm                                                                                                                   0.0000 0.0000  
        red_tint:core/conc#24                                                                                                                            0.0000 0.0000  
        red_tint:core/conc#24.itm                                                                                                                        0.0000 0.0000  
        red_tint:core/else:else:acc                         mgc_add_9_0_9_1_11                                                                           0.9081 0.9081  
        red_tint:core/else:else:acc.itm                                                                                                                  0.0000 0.9081  
        red_tint:core/else:else:slc#1                                                                                                                    0.0000 0.9081  
        red_tint:core/else:else:acc#2.psp.sva                                                                                                            0.0000 0.9081  
        red_tint:core/slc(else:else:acc#2.psp.sva)#2                                                                                                     0.0000 0.9081  
        red_tint:core/slc(else:else:acc#2.psp.sva)#2.itm                                                                                                 0.0000 0.9081  
        red_tint:core/not#28                                mgc_not_1                                                                                    0.0000 0.9081  
        red_tint:core/not#28.itm                                                                                                                         0.0000 0.9081  
        red_tint:core/makepos#1:exs                                                                                                                      0.0000 0.9081  
        red_tint:core/makepos#1:exs.itm                                                                                                                  0.0000 0.9081  
        red_tint:core/makepos#1:and                         mgc_and_8_3                                                                                  0.4161 1.3242  
        red_tint:core/makepos#1:and.itm                                                                                                                  0.0000 1.3242  
        red_tint:core/else:mux#5                            mgc_mux_8_1_2                                                                                0.3690 1.6932  
        red_tint:core/else:mux#5.itm                                                                                                                     0.0000 1.6932  
        red_tint:core/and#1                                 mgc_and_8_2                                                                                  0.2625 1.9557  
        red_tint:core/and#1.itm                                                                                                                          0.0000 1.9557  
        red_tint:core/reg(video_out:rsc:mgc_out_stdreg.d)#3 mgc_reg_pos_8_1_0_0_0_1_1                                                                    0.0000 1.9557  
                                                                                                                                                                        
      
    Register Input and Register-to-Output Slack
      Clock period or pin-to-reg delay constraint (clk): 37.037037037
      Clock uncertainty constraint (clk)               : 0.0
      
      Instance                                            Port               Slack (Delay) Messages 
      --------------------------------------------------- ---------------- ------- ------- --------
      red_tint:core/reg(else:slc.svs)                     else:slc.svs:mx0 35.0273  2.0097          
      red_tint:core/reg(video_out:rsc:mgc_out_stdreg.d)   and.itm          35.6117  1.4253          
      red_tint:core/reg(video_out:rsc:mgc_out_stdreg.d)#1 mux#1.itm        35.2349  1.8021          
      red_tint:core/reg(video_out:rsc:mgc_out_stdreg.d)#2 mux.itm          35.2349  1.8021          
      red_tint:core/reg(video_out:rsc:mgc_out_stdreg.d)#3 and#1.itm        35.0273  2.0097          
      red_tint:core/reg(video_out:rsc:mgc_out_stdreg.d)#4 and#2.itm        35.0273  2.0097          
      red_tint                                            video_out:rsc.z  37.0370  0.0000          
      
  Operator Bitwidth Summary
    Operation  Size (bits) Count 
    ---------- ----------- -----
    add                          
    -                   11     3 
    -                    9     1 
    and                          
    -                    4     2 
    -                    3     3 
    -                    2     2 
    mux                          
    -                    1     5 
    not                          
    -                    8     3 
    -                    1    14 
    read_port                    
    -                   30     1 
    -                   20     1 
    reg                          
    -                   10     1 
    -                    8     2 
    -                    2     2 
    -                    1     1 
    write_port                   
    -                   30     1 
    
  End of Report
