-- Catapult University Version: Report                                              
-- ---------------------------- ---------------------------------------------------
-- Version:                     2011a.126 Production Release                        
-- Build Date:                  Wed Aug  8 00:52:07 PDT 2012                        
                                                                                    
-- Generated by:                jb914@EEWS104A-014                                  
-- Generated date:              Wed May 06 13:20:30 +0100 2015                      

Solution Settings: red_tint.v14
  Current state: extract
  Project: MouseTintRed
  
  Design Input Files Specified
    $PROJECT_HOME/edge.h
      $MGC_HOME/shared/include/ac_int.h
    $PROJECT_HOME/MouseTintRed.c
      $MGC_HOME/shared/include/ac_fixed.h
        $MGC_HOME/shared/include/ac_int.h
      $PROJECT_HOME/edge.h
      $PROJECT_HOME/shift_class.h
    $PROJECT_HOME/shift_class.h
  
  Processes/Blocks in Design
    Process        Real Operation(s) count Latency Throughput Reset Length II Comments 
    -------------- ----------------------- ------- ---------- ------------ -- --------
    /red_tint/core                      40       1          1            0  1          
    Design Total:                       40       1          1            0  1          
    
  Bill Of Materials (Datapath)
    Component Name                          Area Score Area(LUTs) Delay Post Alloc Post Assign 
    --------------------------------------- ---------- ---------- ----- ---------- -----------
    [Lib: mgc_Altera-Cyclone-III-6_beh_psr]                                                    
    mgc_add(10,0,4,1,10)                        11.000     11.000 1.314          2           2 
    mgc_add(8,0,4,1,9)                           9.000      9.000 1.009          1           1 
    mgc_add(9,0,9,1,11)                         10.000     10.000 0.908          3           3 
    mgc_and(1,2)                                 0.730      0.730 0.263          0           1 
    mgc_and(10,2)                                7.298      7.298 0.263          2           0 
    mgc_and(10,3)                               10.545     10.545 0.416          0           1 
    mgc_and(2,2)                                 1.460      1.460 0.263          4           1 
    mgc_and(8,2)                                 5.839      5.839 0.263          2           1 
    mgc_mux(1,1,2)                               0.919      0.919 0.369          0           3 
    mgc_mux(2,1,2)                               1.839      1.839 0.369          2           2 
    mgc_mux(8,1,2)                               7.355      7.355 0.369          2           2 
    mgc_mux1hot(8,3)                            17.517     17.517 0.773          1           1 
    mgc_nor(1,2)                                 0.730      0.730 0.263          0           1 
    mgc_nor(2,2)                                 1.460      1.460 0.263          0           3 
    mgc_nor(2,3)                                 2.109      2.109 0.416          0           1 
    mgc_nor(8,2)                                 5.839      5.839 0.263          0           2 
    mgc_not(1)                                   0.000      0.000 0.000          0           5 
    mgc_not(8)                                   0.000      0.000 0.000          0           3 
    mgc_or(1,2)                                  0.730      0.730 0.268          0           1 
    mgc_or(2,2)                                  1.460      1.460 0.268          2           0 
    mgc_or(8,2)                                  5.839      5.839 0.268          2           1 
    mgc_reg_pos(1,1,0,0,0,1,1)                   0.000      0.000 0.000          0           2 
    mgc_reg_pos(10,1,0,0,0,1,1)                  0.000      0.000 0.000          0           1 
    mgc_reg_pos(2,1,0,0,0,1,1)                   0.000      0.000 0.000          0           2 
    mgc_reg_pos(8,1,0,0,0,1,1)                   0.000      0.000 0.000          0           2 
    [Lib: mgc_ioport]                                                                          
    mgc_in_wire(1,30)                            0.000      0.000 0.000          1           1 
    mgc_in_wire(3,20)                            0.000      0.000 0.000          1           1 
    mgc_out_stdreg(2,30)                         0.000      0.000 0.000          1           1 
                                                                                               
    TOTAL AREA (After Assignment):             143.700    144.000                              
    
  Area Scores
                      Post-Scheduling Post-DP & FSM Post-Assignment 
    ----------------- --------------- ------------- ---------------
    Total Area Score:    143.6         140.5           143.7        
    Total Reg:             0.0           0.0             0.0        
                                                                    
    DataPath:            143.6 (100%)  140.5 (100%)    143.7 (100%) 
      MUX:                35.9  (25%)   38.7  (28%)     38.7  (27%) 
      FUNC:               61.0  (42%)   61.0  (43%)     61.0  (42%) 
      LOGIC:              46.7  (33%)   40.8  (29%)     44.0  (31%) 
      BUFFER:              0.0           0.0             0.0        
      MEM:                 0.0           0.0             0.0        
      ROM:                 0.0           0.0             0.0        
      REG:                 0.0           0.0             0.0        
                                                                    
    
    FSM:                   0.0           0.0             0.0        
      FSM-REG:             0.0           0.0             0.0        
      FSM-COMB:            0.0           0.0             0.0        
                                                                    
    
  Register-to-Variable Mappings
    Register                                  Size(bits) Gated Register CG Opt Done Variables                                             
    ----------------------------------------- ---------- -------------- ----------- -----------------------------------------------------
    reg(video_out:rsc:mgc_out_stdreg.d).tmp           10         Y                  reg(video_out:rsc:mgc_out_stdreg.d).tmp               
    reg(video_out:rsc:mgc_out_stdreg.d).tmp#1          8         Y                  reg(video_out:rsc:mgc_out_stdreg.d).tmp#1             
    reg(video_out:rsc:mgc_out_stdreg.d).tmp#3          8         Y                  reg(video_out:rsc:mgc_out_stdreg.d).tmp#3             
    reg(video_out:rsc:mgc_out_stdreg.d).tmp#2          2         Y                  reg(video_out:rsc:mgc_out_stdreg.d).tmp#2             
    reg(video_out:rsc:mgc_out_stdreg.d).tmp#4          2         Y                  reg(video_out:rsc:mgc_out_stdreg.d).tmp#4             
    else:slc.svs                                       1         Y                  else:slc.svs                                          
    makepos:slc.svs                                    1         Y                  makepos:slc.svs                                       
                                                                                                                                          
    Total:                                            32             32           0 (Total Gating Ratio: 1.00, CG Opt Gating Ratio: 0.00) 
    
  Timing Report
    Critical Path
      Max Delay:  3.5912200000000003
      Slack:      33.445817037
      
      Path                                                  Startpoint                               Endpoint                                            Delay  Slack   
      ----------------------------------------------------- ---------------------------------------- --------------------------------------------------- ------ -------
      1                                                     red_tint:core/video_in:rsc:mgc_in_wire.d red_tint:core/reg(video_out:rsc:mgc_out_stdreg.d)#1 3.5912 33.4458 
                                                                                                                                                                        
        Instance                                            Component                                                                                    Delta  Delay   
        --------                                            ---------                                                                                    -----  -----   
        red_tint:core/video_in:rsc:mgc_in_wire.d                                                                                                         0.0000 0.0000  
        red_tint:core/slc(video_in:rsc:mgc_in_wire.d)#6                                                                                                  0.0000 0.0000  
        red_tint:core/slc(video_in:rsc:mgc_in_wire.d)#6.itm                                                                                              0.0000 0.0000  
        red_tint:core/conc#19                                                                                                                            0.0000 0.0000  
        red_tint:core/conc#19.itm                                                                                                                        0.0000 0.0000  
        red_tint:core/else:else:acc#3                       mgc_add_9_0_9_1_11                                                                           0.9081 0.9081  
        red_tint:core/else:else:acc#3.itm                                                                                                                0.0000 0.9081  
        red_tint:core/else:else:slc#7                                                                                                                    0.0000 0.9081  
        red_tint:core/else:else:slc#7.itm                                                                                                                0.0000 0.9081  
        red_tint:core/makepos:if:acc                        mgc_add_10_0_4_1_10                                                                          1.3137 2.2218  
        red_tint:core/makepos:if:acc.itm                                                                                                                 0.0000 2.2218  
        red_tint:core/makepos:slc                                                                                                                        0.0000 2.2218  
        red_tint:core/makepos:slc.svs:mx0w0                                                                                                              0.0000 2.2218  
        red_tint:core/mux#3                                 mgc_mux_1_1_2                                                                                0.3690 2.5908  
        red_tint:core/mux#3.itm                                                                                                                          0.0000 2.5908  
        red_tint:core/makepos:mux                           mgc_mux_8_1_2                                                                                0.3690 2.9597  
        red_tint:core/makepos:mux.itm                                                                                                                    0.0000 2.9597  
        red_tint:core/else:nor#1                            mgc_nor_8_2                                                                                  0.2625 3.2223  
        red_tint:core/else:nor#1.itm                                                                                                                     0.0000 3.2223  
        red_tint:core/mux#1                                 mgc_mux_8_1_2                                                                                0.3690 3.5912  
        red_tint:core/mux#1.itm                                                                                                                          0.0000 3.5912  
        red_tint:core/reg(video_out:rsc:mgc_out_stdreg.d)#1 mgc_reg_pos_8_1_0_0_0_1_1                                                                    0.0000 3.5912  
                                                                                                                                                                        
      2                                                     red_tint:core/mouse_xy:rsc:mgc_in_wire.d red_tint:core/reg(video_out:rsc:mgc_out_stdreg.d)#1 3.5912 33.4458 
                                                                                                                                                                        
        Instance                                            Component                                                                                    Delta  Delay   
        --------                                            ---------                                                                                    -----  -----   
        red_tint:core/mouse_xy:rsc:mgc_in_wire.d                                                                                                         0.0000 0.0000  
        red_tint:core/slc#17                                                                                                                             0.0000 0.0000  
        red_tint:core/slc#17.itm                                                                                                                         0.0000 0.0000  
        red_tint:core/adjust:not#2                          mgc_not_8                                                                                    0.0000 0.0000  
        red_tint:core/adjust:not#2.itm                                                                                                                   0.0000 0.0000  
        red_tint:core/conc#20                                                                                                                            0.0000 0.0000  
        red_tint:core/conc#20.itm                                                                                                                        0.0000 0.0000  
        red_tint:core/else:else:acc#3                       mgc_add_9_0_9_1_11                                                                           0.9081 0.9081  
        red_tint:core/else:else:acc#3.itm                                                                                                                0.0000 0.9081  
        red_tint:core/else:else:slc#7                                                                                                                    0.0000 0.9081  
        red_tint:core/else:else:slc#7.itm                                                                                                                0.0000 0.9081  
        red_tint:core/makepos:if:acc                        mgc_add_10_0_4_1_10                                                                          1.3137 2.2218  
        red_tint:core/makepos:if:acc.itm                                                                                                                 0.0000 2.2218  
        red_tint:core/makepos:slc                                                                                                                        0.0000 2.2218  
        red_tint:core/makepos:slc.svs:mx0w0                                                                                                              0.0000 2.2218  
        red_tint:core/mux#3                                 mgc_mux_1_1_2                                                                                0.3690 2.5908  
        red_tint:core/mux#3.itm                                                                                                                          0.0000 2.5908  
        red_tint:core/makepos:mux                           mgc_mux_8_1_2                                                                                0.3690 2.9597  
        red_tint:core/makepos:mux.itm                                                                                                                    0.0000 2.9597  
        red_tint:core/else:nor#1                            mgc_nor_8_2                                                                                  0.2625 3.2223  
        red_tint:core/else:nor#1.itm                                                                                                                     0.0000 3.2223  
        red_tint:core/mux#1                                 mgc_mux_8_1_2                                                                                0.3690 3.5912  
        red_tint:core/mux#1.itm                                                                                                                          0.0000 3.5912  
        red_tint:core/reg(video_out:rsc:mgc_out_stdreg.d)#1 mgc_reg_pos_8_1_0_0_0_1_1                                                                    0.0000 3.5912  
                                                                                                                                                                        
      3                                                     red_tint:core/video_in:rsc:mgc_in_wire.d red_tint:core/reg(video_out:rsc:mgc_out_stdreg.d)#3 3.5200 33.5171 
                                                                                                                                                                        
        Instance                                            Component                                                                                    Delta  Delay   
        --------                                            ---------                                                                                    -----  -----   
        red_tint:core/video_in:rsc:mgc_in_wire.d                                                                                                         0.0000 0.0000  
        red_tint:core/slc(video_in:rsc:mgc_in_wire.d)#2                                                                                                  0.0000 0.0000  
        red_tint:core/slc(video_in:rsc:mgc_in_wire.d)#2.itm                                                                                              0.0000 0.0000  
        red_tint:core/conc#21                                                                                                                            0.0000 0.0000  
        red_tint:core/conc#21.itm                                                                                                                        0.0000 0.0000  
        red_tint:core/else:else:acc                         mgc_add_9_0_9_1_11                                                                           0.9081 0.9081  
        red_tint:core/else:else:acc.itm                                                                                                                  0.0000 0.9081  
        red_tint:core/else:else:slc#4                                                                                                                    0.0000 0.9081  
        red_tint:core/else:else:slc#4.itm                                                                                                                0.0000 0.9081  
        red_tint:core/makepos#1:if:acc                      mgc_add_10_0_4_1_10                                                                          1.3137 2.2218  
        red_tint:core/makepos#1:if:acc.itm                                                                                                               0.0000 2.2218  
        red_tint:core/makepos#1:slc                                                                                                                      0.0000 2.2218  
        red_tint:core/makepos#1:slc.svs                                                                                                                  0.0000 2.2218  
        red_tint:core/else:nor                              mgc_nor_1_2                                                                                  0.2625 2.4843  
        red_tint:core/else:nor.itm                                                                                                                       0.0000 2.4843  
        red_tint:core/else:mux1h                            mgc_mux1hot_8_3                                                                              0.7732 3.2575  
        red_tint:core/else:mux1h.itm                                                                                                                     0.0000 3.2575  
        red_tint:core/and#1                                 mgc_and_8_2                                                                                  0.2625 3.5200  
        red_tint:core/and#1.itm                                                                                                                          0.0000 3.5200  
        red_tint:core/reg(video_out:rsc:mgc_out_stdreg.d)#3 mgc_reg_pos_8_1_0_0_0_1_1                                                                    0.0000 3.5200  
                                                                                                                                                                        
      4                                                     red_tint:core/video_in:rsc:mgc_in_wire.d red_tint:core/reg(video_out:rsc:mgc_out_stdreg.d)#3 3.5200 33.5171 
                                                                                                                                                                        
        Instance                                            Component                                                                                    Delta  Delay   
        --------                                            ---------                                                                                    -----  -----   
        red_tint:core/video_in:rsc:mgc_in_wire.d                                                                                                         0.0000 0.0000  
        red_tint:core/slc(video_in:rsc:mgc_in_wire.d)#2                                                                                                  0.0000 0.0000  
        red_tint:core/slc(video_in:rsc:mgc_in_wire.d)#2.itm                                                                                              0.0000 0.0000  
        red_tint:core/conc#21                                                                                                                            0.0000 0.0000  
        red_tint:core/conc#21.itm                                                                                                                        0.0000 0.0000  
        red_tint:core/else:else:acc                         mgc_add_9_0_9_1_11                                                                           0.9081 0.9081  
        red_tint:core/else:else:acc.itm                                                                                                                  0.0000 0.9081  
        red_tint:core/else:else:slc#4                                                                                                                    0.0000 0.9081  
        red_tint:core/else:else:slc#4.itm                                                                                                                0.0000 0.9081  
        red_tint:core/makepos#1:if:acc                      mgc_add_10_0_4_1_10                                                                          1.3137 2.2218  
        red_tint:core/makepos#1:if:acc.itm                                                                                                               0.0000 2.2218  
        red_tint:core/makepos#1:slc                                                                                                                      0.0000 2.2218  
        red_tint:core/makepos#1:slc.svs                                                                                                                  0.0000 2.2218  
        red_tint:core/else:and#4                            mgc_and_1_2                                                                                  0.2625 2.4843  
        red_tint:core/else:and#4.itm                                                                                                                     0.0000 2.4843  
        red_tint:core/else:mux1h                            mgc_mux1hot_8_3                                                                              0.7732 3.2575  
        red_tint:core/else:mux1h.itm                                                                                                                     0.0000 3.2575  
        red_tint:core/and#1                                 mgc_and_8_2                                                                                  0.2625 3.5200  
        red_tint:core/and#1.itm                                                                                                                          0.0000 3.5200  
        red_tint:core/reg(video_out:rsc:mgc_out_stdreg.d)#3 mgc_reg_pos_8_1_0_0_0_1_1                                                                    0.0000 3.5200  
                                                                                                                                                                        
      5                                                     red_tint:core/mouse_xy:rsc:mgc_in_wire.d red_tint:core/reg(video_out:rsc:mgc_out_stdreg.d)#3 3.5200 33.5171 
                                                                                                                                                                        
        Instance                                            Component                                                                                    Delta  Delay   
        --------                                            ---------                                                                                    -----  -----   
        red_tint:core/mouse_xy:rsc:mgc_in_wire.d                                                                                                         0.0000 0.0000  
        red_tint:core/slc#21                                                                                                                             0.0000 0.0000  
        red_tint:core/slc#21.itm                                                                                                                         0.0000 0.0000  
        red_tint:core/adjust:not#4                          mgc_not_8                                                                                    0.0000 0.0000  
        red_tint:core/adjust:not#4.itm                                                                                                                   0.0000 0.0000  
        red_tint:core/conc#22                                                                                                                            0.0000 0.0000  
        red_tint:core/conc#22.itm                                                                                                                        0.0000 0.0000  
        red_tint:core/else:else:acc                         mgc_add_9_0_9_1_11                                                                           0.9081 0.9081  
        red_tint:core/else:else:acc.itm                                                                                                                  0.0000 0.9081  
        red_tint:core/else:else:slc#4                                                                                                                    0.0000 0.9081  
        red_tint:core/else:else:slc#4.itm                                                                                                                0.0000 0.9081  
        red_tint:core/makepos#1:if:acc                      mgc_add_10_0_4_1_10                                                                          1.3137 2.2218  
        red_tint:core/makepos#1:if:acc.itm                                                                                                               0.0000 2.2218  
        red_tint:core/makepos#1:slc                                                                                                                      0.0000 2.2218  
        red_tint:core/makepos#1:slc.svs                                                                                                                  0.0000 2.2218  
        red_tint:core/else:and#4                            mgc_and_1_2                                                                                  0.2625 2.4843  
        red_tint:core/else:and#4.itm                                                                                                                     0.0000 2.4843  
        red_tint:core/else:mux1h                            mgc_mux1hot_8_3                                                                              0.7732 3.2575  
        red_tint:core/else:mux1h.itm                                                                                                                     0.0000 3.2575  
        red_tint:core/and#1                                 mgc_and_8_2                                                                                  0.2625 3.5200  
        red_tint:core/and#1.itm                                                                                                                          0.0000 3.5200  
        red_tint:core/reg(video_out:rsc:mgc_out_stdreg.d)#3 mgc_reg_pos_8_1_0_0_0_1_1                                                                    0.0000 3.5200  
                                                                                                                                                                        
      6                                                     red_tint:core/video_in:rsc:mgc_in_wire.d red_tint:core/reg(video_out:rsc:mgc_out_stdreg.d)#4 3.1158 33.9212 
                                                                                                                                                                        
        Instance                                            Component                                                                                    Delta  Delay   
        --------                                            ---------                                                                                    -----  -----   
        red_tint:core/video_in:rsc:mgc_in_wire.d                                                                                                         0.0000 0.0000  
        red_tint:core/slc(video_in:rsc:mgc_in_wire.d)#2                                                                                                  0.0000 0.0000  
        red_tint:core/slc(video_in:rsc:mgc_in_wire.d)#2.itm                                                                                              0.0000 0.0000  
        red_tint:core/conc#21                                                                                                                            0.0000 0.0000  
        red_tint:core/conc#21.itm                                                                                                                        0.0000 0.0000  
        red_tint:core/else:else:acc                         mgc_add_9_0_9_1_11                                                                           0.9081 0.9081  
        red_tint:core/else:else:acc.itm                                                                                                                  0.0000 0.9081  
        red_tint:core/else:else:slc#4                                                                                                                    0.0000 0.9081  
        red_tint:core/else:else:slc#4.itm                                                                                                                0.0000 0.9081  
        red_tint:core/makepos#1:if:acc                      mgc_add_10_0_4_1_10                                                                          1.3137 2.2218  
        red_tint:core/makepos#1:if:acc.itm                                                                                                               0.0000 2.2218  
        red_tint:core/makepos#1:slc                                                                                                                      0.0000 2.2218  
        red_tint:core/makepos#1:slc.svs                                                                                                                  0.0000 2.2218  
        red_tint:core/makepos#1:exs                                                                                                                      0.0000 2.2218  
        red_tint:core/makepos#1:exs.itm                                                                                                                  0.0000 2.2218  
        red_tint:core/makepos#1:nor                         mgc_nor_2_2                                                                                  0.2625 2.4843  
        red_tint:core/makepos#1:nor.itm                                                                                                                  0.0000 2.4843  
        red_tint:core/else:mux#6                            mgc_mux_2_1_2                                                                                0.3690 2.8533  
        red_tint:core/else:mux#6.itm                                                                                                                     0.0000 2.8533  
        red_tint:core/and#2                                 mgc_and_2_2                                                                                  0.2625 3.1158  
        red_tint:core/and#2.itm                                                                                                                          0.0000 3.1158  
        red_tint:core/reg(video_out:rsc:mgc_out_stdreg.d)#4 mgc_reg_pos_2_1_0_0_0_1_1                                                                    0.0000 3.1158  
                                                                                                                                                                        
      7                                                     red_tint:core/mouse_xy:rsc:mgc_in_wire.d red_tint:core/reg(video_out:rsc:mgc_out_stdreg.d)#4 3.1158 33.9212 
                                                                                                                                                                        
        Instance                                            Component                                                                                    Delta  Delay   
        --------                                            ---------                                                                                    -----  -----   
        red_tint:core/mouse_xy:rsc:mgc_in_wire.d                                                                                                         0.0000 0.0000  
        red_tint:core/slc#21                                                                                                                             0.0000 0.0000  
        red_tint:core/slc#21.itm                                                                                                                         0.0000 0.0000  
        red_tint:core/adjust:not#4                          mgc_not_8                                                                                    0.0000 0.0000  
        red_tint:core/adjust:not#4.itm                                                                                                                   0.0000 0.0000  
        red_tint:core/conc#22                                                                                                                            0.0000 0.0000  
        red_tint:core/conc#22.itm                                                                                                                        0.0000 0.0000  
        red_tint:core/else:else:acc                         mgc_add_9_0_9_1_11                                                                           0.9081 0.9081  
        red_tint:core/else:else:acc.itm                                                                                                                  0.0000 0.9081  
        red_tint:core/else:else:slc#4                                                                                                                    0.0000 0.9081  
        red_tint:core/else:else:slc#4.itm                                                                                                                0.0000 0.9081  
        red_tint:core/makepos#1:if:acc                      mgc_add_10_0_4_1_10                                                                          1.3137 2.2218  
        red_tint:core/makepos#1:if:acc.itm                                                                                                               0.0000 2.2218  
        red_tint:core/makepos#1:slc                                                                                                                      0.0000 2.2218  
        red_tint:core/makepos#1:slc.svs                                                                                                                  0.0000 2.2218  
        red_tint:core/makepos#1:exs                                                                                                                      0.0000 2.2218  
        red_tint:core/makepos#1:exs.itm                                                                                                                  0.0000 2.2218  
        red_tint:core/makepos#1:nor                         mgc_nor_2_2                                                                                  0.2625 2.4843  
        red_tint:core/makepos#1:nor.itm                                                                                                                  0.0000 2.4843  
        red_tint:core/else:mux#6                            mgc_mux_2_1_2                                                                                0.3690 2.8533  
        red_tint:core/else:mux#6.itm                                                                                                                     0.0000 2.8533  
        red_tint:core/and#2                                 mgc_and_2_2                                                                                  0.2625 3.1158  
        red_tint:core/and#2.itm                                                                                                                          0.0000 3.1158  
        red_tint:core/reg(video_out:rsc:mgc_out_stdreg.d)#4 mgc_reg_pos_2_1_0_0_0_1_1                                                                    0.0000 3.1158  
                                                                                                                                                                        
      8                                                     red_tint:core/video_in:rsc:mgc_in_wire.d red_tint:core/reg(video_out:rsc:mgc_out_stdreg.d)#2 3.0068 34.0302 
                                                                                                                                                                        
        Instance                                            Component                                                                                    Delta  Delay   
        --------                                            ---------                                                                                    -----  -----   
        red_tint:core/video_in:rsc:mgc_in_wire.d                                                                                                         0.0000 0.0000  
        red_tint:core/slc(video_in:rsc:mgc_in_wire.d)#6                                                                                                  0.0000 0.0000  
        red_tint:core/slc(video_in:rsc:mgc_in_wire.d)#6.itm                                                                                              0.0000 0.0000  
        red_tint:core/conc#19                                                                                                                            0.0000 0.0000  
        red_tint:core/conc#19.itm                                                                                                                        0.0000 0.0000  
        red_tint:core/else:else:acc#3                       mgc_add_9_0_9_1_11                                                                           0.9081 0.9081  
        red_tint:core/else:else:acc#3.itm                                                                                                                0.0000 0.9081  
        red_tint:core/else:else:slc#7                                                                                                                    0.0000 0.9081  
        red_tint:core/else:else:slc#7.itm                                                                                                                0.0000 0.9081  
        red_tint:core/makepos:if:acc                        mgc_add_10_0_4_1_10                                                                          1.3137 2.2218  
        red_tint:core/makepos:if:acc.itm                                                                                                                 0.0000 2.2218  
        red_tint:core/makepos:slc                                                                                                                        0.0000 2.2218  
        red_tint:core/makepos:slc.svs:mx0w0                                                                                                              0.0000 2.2218  
        red_tint:core/makepos:exs                                                                                                                        0.0000 2.2218  
        red_tint:core/makepos:exs.itm                                                                                                                    0.0000 2.2218  
        red_tint:core/else:nor#2                            mgc_nor_2_3                                                                                  0.4161 2.6379  
        red_tint:core/else:nor#2.itm                                                                                                                     0.0000 2.6379  
        red_tint:core/mux                                   mgc_mux_2_1_2                                                                                0.3690 3.0068  
        red_tint:core/mux.itm                                                                                                                            0.0000 3.0068  
        red_tint:core/reg(video_out:rsc:mgc_out_stdreg.d)#2 mgc_reg_pos_2_1_0_0_0_1_1                                                                    0.0000 3.0068  
                                                                                                                                                                        
      9                                                     red_tint:core/mouse_xy:rsc:mgc_in_wire.d red_tint:core/reg(video_out:rsc:mgc_out_stdreg.d)#2 3.0068 34.0302 
                                                                                                                                                                        
        Instance                                            Component                                                                                    Delta  Delay   
        --------                                            ---------                                                                                    -----  -----   
        red_tint:core/mouse_xy:rsc:mgc_in_wire.d                                                                                                         0.0000 0.0000  
        red_tint:core/slc#17                                                                                                                             0.0000 0.0000  
        red_tint:core/slc#17.itm                                                                                                                         0.0000 0.0000  
        red_tint:core/adjust:not#2                          mgc_not_8                                                                                    0.0000 0.0000  
        red_tint:core/adjust:not#2.itm                                                                                                                   0.0000 0.0000  
        red_tint:core/conc#20                                                                                                                            0.0000 0.0000  
        red_tint:core/conc#20.itm                                                                                                                        0.0000 0.0000  
        red_tint:core/else:else:acc#3                       mgc_add_9_0_9_1_11                                                                           0.9081 0.9081  
        red_tint:core/else:else:acc#3.itm                                                                                                                0.0000 0.9081  
        red_tint:core/else:else:slc#7                                                                                                                    0.0000 0.9081  
        red_tint:core/else:else:slc#7.itm                                                                                                                0.0000 0.9081  
        red_tint:core/makepos:if:acc                        mgc_add_10_0_4_1_10                                                                          1.3137 2.2218  
        red_tint:core/makepos:if:acc.itm                                                                                                                 0.0000 2.2218  
        red_tint:core/makepos:slc                                                                                                                        0.0000 2.2218  
        red_tint:core/makepos:slc.svs:mx0w0                                                                                                              0.0000 2.2218  
        red_tint:core/makepos:exs                                                                                                                        0.0000 2.2218  
        red_tint:core/makepos:exs.itm                                                                                                                    0.0000 2.2218  
        red_tint:core/else:nor#2                            mgc_nor_2_3                                                                                  0.4161 2.6379  
        red_tint:core/else:nor#2.itm                                                                                                                     0.0000 2.6379  
        red_tint:core/mux                                   mgc_mux_2_1_2                                                                                0.3690 3.0068  
        red_tint:core/mux.itm                                                                                                                            0.0000 3.0068  
        red_tint:core/reg(video_out:rsc:mgc_out_stdreg.d)#2 mgc_reg_pos_2_1_0_0_0_1_1                                                                    0.0000 3.0068  
                                                                                                                                                                        
      10                                                    red_tint:core/mouse_xy:rsc:mgc_in_wire.d red_tint:core/reg(video_out:rsc:mgc_out_stdreg.d)#3 2.6764 34.3606 
                                                                                                                                                                        
        Instance                                            Component                                                                                    Delta  Delay   
        --------                                            ---------                                                                                    -----  -----   
        red_tint:core/mouse_xy:rsc:mgc_in_wire.d                                                                                                         0.0000 0.0000  
        red_tint:core/slc#4                                                                                                                              0.0000 0.0000  
        red_tint:core/slc#4.itm                                                                                                                          0.0000 0.0000  
        red_tint:core/acc                                   mgc_add_8_0_4_1_9                                                                            1.0093 1.0093  
        red_tint:core/acc.itm                                                                                                                            0.0000 1.0093  
        red_tint:core/slc                                                                                                                                0.0000 1.0093  
        red_tint:core/slc.itm                                                                                                                            0.0000 1.0093  
        red_tint:core/mux#2                                 mgc_mux_1_1_2                                                                                0.3690 1.3782  
        red_tint:core/else:slc.svs:mx0                                                                                                                   0.0000 1.3782  
        red_tint:core/not                                   mgc_not_1                                                                                    0.0000 1.3782  
        red_tint:core/not.itm                                                                                                                            0.0000 1.3782  
        red_tint:core/else:and#4                            mgc_and_1_2                                                                                  0.2625 1.6408  
        red_tint:core/else:and#4.itm                                                                                                                     0.0000 1.6408  
        red_tint:core/else:mux1h                            mgc_mux1hot_8_3                                                                              0.7732 2.4139  
        red_tint:core/else:mux1h.itm                                                                                                                     0.0000 2.4139  
        red_tint:core/and#1                                 mgc_and_8_2                                                                                  0.2625 2.6764  
        red_tint:core/and#1.itm                                                                                                                          0.0000 2.6764  
        red_tint:core/reg(video_out:rsc:mgc_out_stdreg.d)#3 mgc_reg_pos_8_1_0_0_0_1_1                                                                    0.0000 2.6764  
                                                                                                                                                                        
      
    Register Input and Register-to-Output Slack
      Clock period or pin-to-reg delay constraint (clk): 37.037037037
      Clock uncertainty constraint (clk)               : 0.0
      
      Instance                                            Port               Slack (Delay) Messages 
      --------------------------------------------------- ---------------- ------- ------- --------
      red_tint:core/reg(else:slc.svs)                     else:slc.svs:mx0 34.3606  2.6764          
      red_tint:core/reg(makepos:slc.svs)                  mux#4.itm        34.4463  2.5908          
      red_tint:core/reg(video_out:rsc:mgc_out_stdreg.d)   and.itm          35.6117  1.4253          
      red_tint:core/reg(video_out:rsc:mgc_out_stdreg.d)#1 mux#1.itm        33.4458  3.5912          
      red_tint:core/reg(video_out:rsc:mgc_out_stdreg.d)#2 mux.itm          34.0302  3.0068          
      red_tint:core/reg(video_out:rsc:mgc_out_stdreg.d)#3 and#1.itm        33.5171  3.5200          
      red_tint:core/reg(video_out:rsc:mgc_out_stdreg.d)#4 and#2.itm        33.9212  3.1158          
      red_tint                                            video_out:rsc.z  37.0370  0.0000          
      
  Operator Bitwidth Summary
    Operation  Size (bits) Count 
    ---------- ----------- -----
    add                          
    -                   11     3 
    -                   10     2 
    -                    9     1 
    and                          
    -                    3     1 
    -                    2     3 
    mux                          
    -                    1     7 
    mux1h                        
    -                    3     1 
    nor                          
    -                    3     1 
    -                    2     6 
    not                          
    -                    8     3 
    -                    1     5 
    or                           
    -                    2     2 
    read_port                    
    -                   30     1 
    -                   20     1 
    reg                          
    -                   10     1 
    -                    8     2 
    -                    2     2 
    -                    1     2 
    write_port                   
    -                   30     1 
    
  End of Report
