-- Catapult University Version: Report                                              
-- ---------------------------- ---------------------------------------------------
-- Version:                     2011a.126 Production Release                        
-- Build Date:                  Wed Aug  8 00:52:07 PDT 2012                        
                                                                                    
-- Generated by:                jb914@EEWS104A-020                                  
-- Generated date:              Mon May 11 12:45:25 +0100 2015                      

Solution Settings: motion_blur.v3
  Current state: schedule
  Project: MBlur1
  
  Design Input Files Specified
    $PROJECT_HOME/shift_class.h
    $PROJECT_HOME/motionblur.h
      $MGC_HOME/shared/include/ac_int.h
    $PROJECT_HOME/motionblur1.c
      $MGC_HOME/shared/include/ac_fixed.h
        $MGC_HOME/shared/include/ac_int.h
      $PROJECT_HOME/motionblur.h
      $PROJECT_HOME/shift_class.h
  
  Processes/Blocks in Design
    Process           Real Operation(s) count Latency Throughput Reset Length II Comments 
    ----------------- ----------------------- ------- ---------- ------------ -- --------
    /motion_blur/core                     192       2          1            0  1          
    Design Total:                         192       2          1            0  0          
    
  Clock Information
    Clock Signal Edge   Period Sharing Alloc (%) Uncertainty Used by Processes/Blocks 
    ------------ ------ ------ ----------------- ----------- ------------------------
    clk          rising 20.000             20.00    0.000000 /motion_blur/core        
    
  I/O Data Ranges
    Port         Mode DeclType DeclWidth DeclRange ActType ActWidth ActRange 
    ------------ ---- -------- --------- --------- ------- -------- --------
    vin:rsc.z    IN   Unsigned       150                                     
    offset:rsc.z IN   Unsigned         2                                     
    clk          IN   Unsigned         1                                     
    en           IN   Unsigned         1                                     
    arst_n       IN   Unsigned         1                                     
    vout:rsc.z   OUT  Unsigned        30                                     
    
  Memory Resources
    Resource Name: /motion_blur/vin:rsc
      Memory Component: mgc_in_wire                  Size:         1 x 150
      External:         true                         Packing Mode: sidebyside
      Memory Map:
      Variable         Indices Phys Memory Address     
      ---------------- ------- -----------------------
      /motion_blur/vin   0:149 00000000-00000000 (0-0) 
      
    Resource Name: /motion_blur/vout:rsc
      Memory Component: mgc_out_stdreg               Size:         1 x 30
      External:         true                         Packing Mode: sidebyside
      Memory Map:
      Variable          Indices Phys Memory Address     
      ----------------- ------- -----------------------
      /motion_blur/vout    0:29 00000000-00000000 (0-0) 
      
    Resource Name: /motion_blur/offset:rsc
      Memory Component: mgc_in_wire                  Size:         1 x 2
      External:         true                         Packing Mode: sidebyside
      Memory Map:
      Variable            Indices Phys Memory Address     
      ------------------- ------- -----------------------
      /motion_blur/offset     0:1 00000000-00000000 (0-0) 
      
  Multi-Cycle (Combinational) Component Usage
    Instance Component Name Delay 
    -------- -------------- -----
    
  Loops
    Process           Loop             Iterations C-Steps Total Cycles  Duration  Unroll Init Comments 
    ----------------- ---------------- ---------- ------- ------------- --------- ------ ---- --------
    /motion_blur/core core:rlp           Infinite       0            3  60.00 ns                       
    /motion_blur/core   main             Infinite       3            3  60.00 ns            1          
    
  Loop Execution Profile
    Process           Loop             Total Cycles % of Overall Design Cycles Throughput Cycles Comments 
    ----------------- ---------------- ------------ -------------------------- ----------------- --------
    /motion_blur/core core:rlp                   0                        0.00                1           
    /motion_blur/core   main                     3                      100.00                1           
    
  End of Report
