-- Catapult University Version: Report                                              
-- ---------------------------- ---------------------------------------------------
-- Version:                     2011a.126 Production Release                        
-- Build Date:                  Wed Aug  8 00:52:07 PDT 2012                        
                                                                                    
-- Generated by:                rbw14@EEWS104A-015                                  
-- Generated date:              Thu Apr 30 13:04:26 +0100 2015                      

Solution Settings: diff_detect.v2
  Current state: schedule
  Project: Catapult
  
  Design Input Files Specified
    $PROJECT_HOME/../../diff_detect1/diff_detect.c
      $MGC_HOME/shared/include/ac_fixed.h
        $MGC_HOME/shared/include/ac_int.h
      $PROJECT_HOME/../../diff_detect1/diff_detect.h
      $PROJECT_HOME/../../diff_detect1/shift_class.h
    $PROJECT_HOME/../../diff_detect1/diff_detect.h
      $MGC_HOME/shared/include/ac_int.h
  
  Processes/Blocks in Design
    Process           Real Operation(s) count Latency Throughput Reset Length II Comments 
    ----------------- ----------------------- ------- ---------- ------------ -- --------
    /diff_detect/core                      68      10         10            0  1          
    Design Total:                          68      10         10            0  0          
    
  Clock Information
    Clock Signal Edge   Period Sharing Alloc (%) Uncertainty Used by Processes/Blocks 
    ------------ ------ ------ ----------------- ----------- ------------------------
    clk          rising 20.000             20.00    0.000000 /diff_detect/core        
    
  I/O Data Ranges
    Port          Mode DeclType DeclWidth DeclRange ActType ActWidth ActRange 
    ------------- ---- -------- --------- --------- ------- -------- --------
    vin:rsc_0_0.z IN   Unsigned        30                                     
    vin:rsc_1_0.z IN   Unsigned        30                                     
    vin:rsc_2_0.z IN   Unsigned        30                                     
    vin:rsc_3_0.z IN   Unsigned        30                                     
    vin:rsc_4_0.z IN   Unsigned        30                                     
    clk           IN   Unsigned         1                                     
    en            IN   Unsigned         1                                     
    arst_n        IN   Unsigned         1                                     
    vout:rsc.z    OUT  Unsigned        30                                     
    
  Memory Resources
    Resource Name: /diff_detect/vin:rsc
      Memory Component: mgc_in_wire                  Size:         5 x 30
      External:         true                         Packing Mode: sidebyside
      Memory Map:
      Variable         Indices Phys Memory Address     
      ---------------- ------- -----------------------
      /diff_detect/vin    0:29 00000004-00000000 (4-0) 
      
      Splitting: 
      Block       Original Addresses 
      ----------- ------------------
      vin:rsc_0_0   0                
      vin:rsc_1_0   1                
      vin:rsc_2_0   2                
      vin:rsc_3_0   3                
      vin:rsc_4_0   4                
      
    Resource Name: /diff_detect/vout:rsc
      Memory Component: mgc_out_stdreg               Size:         1 x 30
      External:         true                         Packing Mode: sidebyside
      Memory Map:
      Variable          Indices Phys Memory Address     
      ----------------- ------- -----------------------
      /diff_detect/vout    0:29 00000000-00000000 (0-0) 
      
  Multi-Cycle (Combinational) Component Usage
    Instance Component Name Delay 
    -------- -------------- -----
    
  Loops
    Process           Loop             Iterations C-Steps Total Cycles   Duration  Unroll Init Comments 
    ----------------- ---------------- ---------- ------- ------------- ---------- ------ ---- --------
    /diff_detect/core core:rlp           Infinite       0           11  220.00 ns                       
    /diff_detect/core   main             Infinite       2           11  220.00 ns            1          
    
  Loop Execution Profile
    Process           Loop             Total Cycles % of Overall Design Cycles Throughput Cycles Comments 
    ----------------- ---------------- ------------ -------------------------- ----------------- --------
    /diff_detect/core core:rlp                   0                        0.00               10           
    /diff_detect/core   main                    11                      100.00               10           
    
  End of Report
