-- Catapult University Version: Report                                              
-- ---------------------------- ---------------------------------------------------
-- Version:                     2011a.126 Production Release                        
-- Build Date:                  Wed Aug  8 00:52:07 PDT 2012                        
                                                                                    
-- Generated by:                rbw14@EEWS104A-013                                  
-- Generated date:              Wed May 06 12:05:45 +0100 2015                      

Solution Settings: edge_detect.v2
  Current state: extract
  Project: Edge3
  
  Design Input Files Specified
    $PROJECT_HOME/../edge_detect_c/edge3.c
      $MGC_HOME/shared/include/ac_fixed.h
        $MGC_HOME/shared/include/ac_int.h
      $PROJECT_HOME/../edge_detect_c/edge.h
      $PROJECT_HOME/../edge_detect_c/shift_class.h
    $PROJECT_HOME/../edge_detect_c/edge.h
      $MGC_HOME/shared/include/ac_int.h
    $PROJECT_HOME/../edge_detect_c/shift_class.h
  
  Processes/Blocks in Design
    Process           Real Operation(s) count Latency Throughput Reset Length II Comments 
    ----------------- ----------------------- ------- ---------- ------------ -- --------
    /edge_detect/core                     385      16         15            0  1          
    Design Total:                         385      16         15            0  0          
    
  Bill Of Materials (Datapath)
    Component Name                          Area Score Area(DSP_block_9-bit_elems) Area(LUTs) Delay Post Alloc Post Assign 
    --------------------------------------- ---------- --------------------------- ---------- ----- ---------- -----------
    [Lib: mgc_Altera-Cyclone-III-6_beh_psr]                                                                                
    mgc_add(1,0,1,0,2)                           2.319                       0.000      2.319 0.506          0           1 
    mgc_add(10,0,9,0,11)                        11.245                       0.000     11.245 1.303          1           0 
    mgc_add(10,0,9,1,11)                        11.000                       0.000     11.000 1.141          1           1 
    mgc_add(11,0,10,0,12)                       12.236                       0.000     12.236 1.370          1           0 
    mgc_add(12,0,11,1,13)                       13.000                       0.000     13.000 1.273          1           1 
    mgc_add(12,0,9,0,12)                        13.235                       0.000     13.235 1.439          0           1 
    mgc_add(13,0,13,1,15)                       14.000                       0.000     14.000 1.174          2           1 
    mgc_add(15,0,14,0,16)                       16.202                       0.000     16.202 1.628          1           1 
    mgc_add(15,0,2,1,16)                        16.000                       0.000     16.000 1.491          9           9 
    mgc_add(16,0,15,1,16)                       17.000                       0.000     17.000 1.691          7           7 
    mgc_add(16,0,16,0,16)                       17.189                       0.000     17.189 1.690          9           9 
    mgc_add(16,0,16,0,17)                       17.189                       0.000     17.189 1.690          1           1 
    mgc_add(17,0,16,0,17)                       18.184                       0.000     18.184 1.754          1           1 
    mgc_add(2,0,1,0,2)                           3.315                       0.000      3.315 0.658          0           5 
    mgc_add(2,0,1,1,2)                           3.000                       0.000      3.000 0.658          1           1 
    mgc_add(2,0,2,0,2)                           3.311                       0.000      3.311 0.653          5           5 
    mgc_add(2,0,2,0,3)                           3.311                       0.000      3.311 0.653          7           8 
    mgc_add(3,0,3,0,3)                           4.302                       0.000      4.302 0.761          7           2 
    mgc_add(3,0,3,0,4)                           4.302                       0.000      4.302 0.761          4           3 
    mgc_add(4,0,4,0,5)                           5.293                       0.000      5.293 0.854          1           1 
    mgc_add(4,0,4,1,5)                           5.000                       0.000      5.000 0.691          5           5 
    mgc_add(5,0,4,0,5)                           6.288                       0.000      6.288 0.940          0           1 
    mgc_add(5,0,5,1,6)                           6.000                       0.000      6.000 0.775          6           6 
    mgc_add(6,0,6,0,7)                           7.276                       0.000      7.276 1.016          2           1 
    mgc_add(6,1,2,1,7)                           7.000                       0.000      7.000 0.865          9           9 
    mgc_add(7,0,6,1,8)                           8.000                       0.000      8.000 0.931          1           1 
    mgc_add(8,0,7,0,9)                           9.262                       0.000      9.262 1.165          1           1 
    mgc_add(8,0,8,0,9)                           9.259                       0.000      9.259 1.163          0           1 
    mgc_add(9,0,8,1,10)                         10.000                       0.000     10.000 1.072          1           1 
    mgc_and(1,2)                                 0.730                       0.000      0.730 0.263          0          22 
    mgc_and(1,3)                                 1.054                       0.000      1.054 0.416          0           4 
    mgc_and(16,2)                               11.677                       0.000     11.677 0.263         24          24 
    mgc_and(2,2)                                 1.460                       0.000      1.460 0.263          7           0 
    mgc_mul(2,0,11,0,12)                       330.250                       2.000     10.250 3.181          0           1 
    mgc_mul(3,1,10,0,12)                       335.000                       2.000     15.000 3.108          6           6 
    mgc_mux(1,1,2)                               0.919                       0.000      0.919 0.369          3           4 
    mgc_mux(10,5,32)                           205.163                       0.000    205.163 2.639          4           4 
    mgc_mux(16,1,2)                             14.711                       0.000     14.711 0.369         24          24 
    mgc_mux(16,2,4)                             35.614                       0.000     35.614 0.936         12          12 
    mgc_mux(2,1,2)                               1.839                       0.000      1.839 0.369          0           8 
    mgc_mux(3,1,2)                               2.758                       0.000      2.758 0.369          2           0 
    mgc_mux(3,4,16)                             30.194                       0.000     30.194 2.071          3           3 
    mgc_mux(30,1,2)                             27.583                       0.000     27.583 0.369          0           1 
    mgc_mux(90,1,2)                             82.748                       0.000     82.748 0.369          5           4 
    mgc_mux(90,2,4)                            200.329                       0.000    200.329 0.936          2           2 
    mgc_mux1hot(16,3)                           35.034                       0.000     35.034 0.773          9           9 
    mgc_mux1hot(2,3)                             4.379                       0.000      4.379 0.773          3           0 
    mgc_mux1hot(2,4)                             5.659                       0.000      5.659 0.876          2           0 
    mgc_nand(1,2)                                0.730                       0.000      0.730 0.268          0           3 
    mgc_nor(1,2)                                 0.730                       0.000      0.730 0.263          0          14 
    mgc_nor(1,3)                                 1.054                       0.000      1.054 0.416          0           1 
    mgc_nor(1,4)                                 1.379                       0.000      1.379 0.525          0           1 
    mgc_nor(2,2)                                 1.460                       0.000      1.460 0.263          0          10 
    mgc_not(1)                                   0.000                       0.000      0.000 0.000          0          69 
    mgc_not(15)                                  0.000                       0.000      0.000 0.000          0           9 
    mgc_not(2)                                   0.000                       0.000      0.000 0.000          0           2 
    mgc_not(6)                                   0.000                       0.000      0.000 0.000          0           9 
    mgc_or(1,2)                                  0.730                       0.000      0.730 0.268          0           8 
    mgc_or(1,3)                                  1.054                       0.000      1.054 0.425          0           8 
    mgc_or(10,2)                                 7.298                       0.000      7.298 0.268          1           1 
    mgc_or(6,2)                                  4.379                       0.000      4.379 0.268          1           1 
    mgc_reg_pos(1,1,0,0,0,1,1)                   0.000                       0.000      0.000 0.000          0          22 
    mgc_reg_pos(16,1,0,0,0,1,1)                  0.000                       0.000      0.000 0.000          0          25 
    mgc_reg_pos(2,1,0,0,0,1,1)                   0.000                       0.000      0.000 0.000          0           6 
    mgc_reg_pos(3,1,0,0,0,1,1)                   0.000                       0.000      0.000 0.000          0           2 
    mgc_reg_pos(30,1,0,0,0,1,1)                  0.000                       0.000      0.000 0.000          0           1 
    mgc_reg_pos(5,1,0,0,0,1,1)                   0.000                       0.000      0.000 0.000          0           1 
    mgc_reg_pos(90,1,0,0,0,1,1)                  0.000                       0.000      0.000 0.000          0           4 
    mgc_shift_r(90,0,7,10)                     282.912                       0.000    265.435 4.041          2           2 
    [Lib: mgc_ioport]                                                                                                      
    mgc_in_wire(1,90)                            0.000                       0.000      0.000 0.000          1           1 
    mgc_out_stdreg(2,30)                         0.000                       0.000      0.000 0.000          1           1 
                                                                                                                           
    TOTAL AREA (After Assignment):            6832.916                      14.000   4558.000                              
    
  Area Scores
                      Post-Scheduling   Post-DP & FSM Post-Assignment 
    ----------------- --------------- --------------- ---------------
    Total Area Score:   6538.0          6968.5          6832.9        
    Total Reg:             0.0             0.0             0.0        
                                                                      
    DataPath:           6538.0 (100%)   6968.5 (100%)   6832.9 (100%) 
      MUX:              2854.1  (44%)   2911.1  (42%)   2784.6  (41%) 
      FUNC:             3381.7  (52%)   3698.3  (53%)   3692.4  (54%) 
      LOGIC:             302.2   (5%)    359.1   (5%)    355.9   (5%) 
      BUFFER:              0.0             0.0             0.0        
      MEM:                 0.0             0.0             0.0        
      ROM:                 0.0             0.0             0.0        
      REG:                 0.0             0.0             0.0        
                                                                      
    
    FSM:                   0.0             0.0             0.0        
      FSM-REG:             0.0             0.0             0.0        
      FSM-COMB:            0.0             0.0             0.0        
                                                                      
    
  Register-to-Variable Mappings
    Register                      Size(bits) Gated Register CG Opt Done Variables                                             
    ----------------------------- ---------- -------------- ----------- -----------------------------------------------------
    regs.operator<<:din.lpi#1.dfm         90         Y                  regs.operator<<:din.lpi#1.dfm                         
    regs.regs(0).sva                      90         Y                  regs.regs(0).sva                                      
    regs.regs(1).sva                      90         Y                  regs.regs(1).sva                                      
    regs.regs(2).sva                      90         Y                  regs.regs(2).sva                                      
    vout:rsc:mgc_out_stdreg.d             30         Y                  vout:rsc:mgc_out_stdreg.d                             
    FRAME:acc#32.itm#1                    16         Y                  FRAME:acc#32.itm#1                                    
    blue_x(0).lpi#1                       16         Y                  blue_x(0).lpi#1                                       
    blue_x(1).lpi#1                       16         Y                  blue_x(1).lpi#1                                       
    blue_x(2).lpi#1                       16         Y                  blue_x(2).lpi#1                                       
    blue_y(0).lpi#1                       16         Y                  blue_y(0).lpi#1                                       
    blue_y(1).lpi#1                       16         Y                  blue_y(1).lpi#1                                       
    blue_y(2).lpi#1                       16         Y                  blue_y(2).lpi#1                                       
    bluex.lpi#1                           16         Y                  bluex.lpi#1                                           
    bluey.lpi#1                           16         Y                  bluey.lpi#1                                           
    green_x(0).lpi#1                      16         Y                  green_x(0).lpi#1                                      
    green_x(1).lpi#1                      16         Y                  green_x(1).lpi#1                                      
    green_x(2).lpi#1                      16         Y                  green_x(2).lpi#1                                      
    green_y(0).lpi#1                      16         Y                  green_y(0).lpi#1                                      
    green_y(1).lpi#1                      16         Y                  green_y(1).lpi#1                                      
    green_y(2).lpi#1                      16         Y                  green_y(2).lpi#1                                      
    greenx.lpi#1                          16         Y                  greenx.lpi#1                                          
    greeny.lpi#1                          16         Y                  greeny.lpi#1                                          
    red_x(0).lpi#1                        16         Y                  red_x(0).lpi#1                                        
    red_x(1).lpi#1                        16         Y                  red_x(1).lpi#1                                        
    red_x(2).lpi#1                        16         Y                  red_x(2).lpi#1                                        
    red_y(0).lpi#1                        16         Y                  red_y(0).lpi#1                                        
    red_y(1).lpi#1                        16         Y                  red_y(1).lpi#1                                        
    red_y(2).lpi#1                        16         Y                  red_y(2).lpi#1                                        
    redx.lpi#1                            16         Y                  redx.lpi#1                                            
    redy.lpi#1                            16         Y                  redy.lpi#1                                            
    FRAME:slc#14.itm#1                     5         Y                  FRAME:slc#14.itm#1                                    
    FRAME:slc#8.itm#1                      3         Y                  FRAME:slc#8.itm#1                                     
    FRAME:slc#9.itm#1                      3         Y                  FRAME:slc#9.itm#1                                     
    FRAME:a#4.lpi#1                        2         Y                  FRAME:a#4.lpi#1                                       
    FRAME:a#5.lpi#1                        2         Y                  FRAME:a#5.lpi#1                                       
    FRAME:a#6.lpi#1                        2         Y                  FRAME:a#6.lpi#1                                       
    FRAME:i#2.lpi#1                        2         Y                  FRAME:i#2.lpi#1                                       
    FRAME:i#3.lpi#1                        2         Y                  FRAME:i#3.lpi#1                                       
    SHIFT:i#1.lpi#3                        2         Y                  SHIFT:i#1.lpi#3                                       
    FRAME:slc(acc.idiv)#22.itm#1           1         Y                  FRAME:slc(acc.idiv)#22.itm#1                          
    FRAME:slc(acc.idiv)#37.itm#1           1         Y                  FRAME:slc(acc.idiv)#37.itm#1                          
    FRAME:slc(acc.idiv)#38.itm#1           1         Y                  FRAME:slc(acc.idiv)#38.itm#1                          
    FRAME:slc(acc.idiv)#53.itm#1           1         Y                  FRAME:slc(acc.idiv)#53.itm#1                          
    FRAME:slc(acc.idiv)#54.itm#1           1         Y                  FRAME:slc(acc.idiv)#54.itm#1                          
    FRAME:slc(acc.idiv)#57.itm#1           1         Y                  FRAME:slc(acc.idiv)#57.itm#1                          
    FRAME:slc(acc.idiv)#59.itm#1           1         Y                  FRAME:slc(acc.idiv)#59.itm#1                          
    FRAME:slc(acc.idiv)#61.itm#1           1         Y                  FRAME:slc(acc.idiv)#61.itm#1                          
    FRAME:slc(acc.idiv)#64.itm#1           1         Y                  FRAME:slc(acc.idiv)#64.itm#1                          
    FRAME:slc(acc.idiv)#67.itm#1           1         Y                  FRAME:slc(acc.idiv)#67.itm#1                          
    FRAME:slc(acc.idiv)#71.itm#1           1         Y                  FRAME:slc(acc.idiv)#71.itm#1                          
    FRAME:slc(acc.idiv)#76.itm#1           1         Y                  FRAME:slc(acc.idiv)#76.itm#1                          
    FRAME:slc(acc.idiv)#80.itm#1           1         Y                  FRAME:slc(acc.idiv)#80.itm#1                          
    FRAME:slc(acc.idiv)#85.itm#1           1         Y                  FRAME:slc(acc.idiv)#85.itm#1                          
    exit:ACC3.sva                          1         Y                  exit:ACC3.sva                                         
    exit:ACC3.sva#2.st#1                   1         Y                  exit:ACC3.sva#2.st#1                                  
    exit:ACC_GX#1.lpi#1                    1         Y                  exit:ACC_GX#1.lpi#1                                   
    exit:ACC_GX#1.lpi#1.dfm.st#1           1         Y                  exit:ACC_GX#1.lpi#1.dfm.st#1                          
    exit:ACC_GX:for.sva                    1         Y                  exit:ACC_GX:for.sva                                   
    exit:SHIFT.lpi#1                       1         Y                  exit:SHIFT.lpi#1                                      
    exit:SHIFT.lpi#1.dfm.st#1              1         Y                  exit:SHIFT.lpi#1.dfm.st#1                             
    main.stage_0#2                         1         Y                  main.stage_0#2                                        
                                                                                                                              
    Total:                               835            835           0 (Total Gating Ratio: 1.00, CG Opt Gating Ratio: 0.00) 
    
  Timing Report
    Critical Path
      Max Delay:  14.178755
      Slack:      5.821244999999999
      
      Path                                            Startpoint                             Endpoint                                 Delay   Slack   
      ----------------------------------------------- -------------------------------------- ---------------------------------------- ------- -------
      1                                               edge_detect:core/reg(blue_x(2).lpi#1)  edge_detect:core/reg(FRAME:acc#32.itm#1) 14.1788 5.8212  
                                                                                                                                                      
        Instance                                      Component                                                                       Delta   Delay   
        --------                                      ---------                                                                       -----   -----   
        edge_detect:core/reg(blue_x(2).lpi#1)         mgc_reg_pos_16_1_0_0_0_1_1                                                      0.0000  0.0000  
        edge_detect:core/blue_x(2).lpi#1                                                                                              0.0000  0.0000  
        edge_detect:core/and#133                      mgc_and_16_2                                                                    0.2625  0.2625  
        edge_detect:core/blue_x(2).lpi#1.dfm#1                                                                                        0.0000  0.2625  
        edge_detect:core/ACC3:mux#17                  mgc_mux_16_2_4                                                                  0.9364  1.1990  
        edge_detect:core/ACC3:mux#17.itm                                                                                              0.0000  1.1990  
        edge_detect:core/ACC3:acc#3                   mgc_add_16_0_16_0_16                                                            1.6898  2.8887  
        edge_detect:core/bluex.sva#2                                                                                                  0.0000  2.8887  
        edge_detect:core/slc(bluex.sva#1)                                                                                             0.0000  2.8887  
        edge_detect:core/slc(bluex.sva#1).itm                                                                                         0.0000  2.8887  
        edge_detect:core/AbsAndMax#4:else:if:not      mgc_not_15                                                                      0.0000  2.8887  
        edge_detect:core/AbsAndMax#4:else:if:not.itm                                                                                  0.0000  2.8887  
        edge_detect:core/AbsAndMax#4:else:if:acc      mgc_add_15_0_2_1_16                                                             1.4911  4.3798  
        edge_detect:core/AbsAndMax#4:else:if:acc.itm                                                                                  0.0000  4.3798  
        edge_detect:core/AbsAndMax#4:mux1h            mgc_mux1hot_16_3                                                                0.7732  5.1530  
        edge_detect:core/AbsAndMax#4:mux1h.itm                                                                                        0.0000  5.1530  
        edge_detect:core/FRAME:acc#3                  mgc_add_16_0_16_0_16                                                            1.6898  6.8427  
        edge_detect:core/AbsAndMax:x#7.sva                                                                                            0.0000  6.8427  
        edge_detect:core/slc(AbsAndMax:x#7.sva)#1                                                                                     0.0000  6.8427  
        edge_detect:core/slc(AbsAndMax:x#7.sva)#1.itm                                                                                 0.0000  6.8427  
        edge_detect:core/AbsAndMax#7:else:if:not      mgc_not_15                                                                      0.0000  6.8427  
        edge_detect:core/AbsAndMax#7:else:if:not.itm                                                                                  0.0000  6.8427  
        edge_detect:core/AbsAndMax#7:else:if:acc      mgc_add_15_0_2_1_16                                                             1.4911  8.3338  
        edge_detect:core/AbsAndMax#7:else:if:acc.itm                                                                                  0.0000  8.3338  
        edge_detect:core/AbsAndMax#7:mux1h            mgc_mux1hot_16_3                                                                0.7732  9.1070  
        edge_detect:core/AbsAndMax#7:mux1h.itm                                                                                        0.0000  9.1070  
        edge_detect:core/FRAME:acc                    mgc_add_16_0_16_0_17                                                            1.6898  10.7967 
        edge_detect:core/FRAME:acc.itm                                                                                                0.0000  10.7967 
        edge_detect:core/acc                          mgc_add_17_0_16_0_17                                                            1.7536  12.5503 
        edge_detect:core/acc.psp.sva                                                                                                  0.0000  12.5503 
        edge_detect:core/slc(acc.psp.sva)#48                                                                                          0.0000  12.5503 
        edge_detect:core/slc(acc.psp.sva)#48.itm                                                                                      0.0000  12.5503 
        edge_detect:core/conc#255                                                                                                     0.0000  12.5503 
        edge_detect:core/conc#255.itm                                                                                                 0.0000  12.5503 
        edge_detect:core/FRAME:acc#32                 mgc_add_15_0_14_0_16                                                            1.6284  14.1788 
        edge_detect:core/FRAME:acc#32.itm                                                                                             0.0000  14.1788 
        edge_detect:core/reg(FRAME:acc#32.itm#1)      mgc_reg_pos_16_1_0_0_0_1_1                                                      0.0000  14.1788 
                                                                                                                                                      
      2                                               edge_detect:core/reg(blue_x(2).lpi#1)  edge_detect:core/reg(FRAME:acc#32.itm#1) 14.1788 5.8212  
                                                                                                                                                      
        Instance                                      Component                                                                       Delta   Delay   
        --------                                      ---------                                                                       -----   -----   
        edge_detect:core/reg(blue_x(2).lpi#1)         mgc_reg_pos_16_1_0_0_0_1_1                                                      0.0000  0.0000  
        edge_detect:core/blue_x(2).lpi#1                                                                                              0.0000  0.0000  
        edge_detect:core/and#133                      mgc_and_16_2                                                                    0.2625  0.2625  
        edge_detect:core/blue_x(2).lpi#1.dfm#1                                                                                        0.0000  0.2625  
        edge_detect:core/ACC3:mux#17                  mgc_mux_16_2_4                                                                  0.9364  1.1990  
        edge_detect:core/ACC3:mux#17.itm                                                                                              0.0000  1.1990  
        edge_detect:core/ACC3:acc#3                   mgc_add_16_0_16_0_16                                                            1.6898  2.8887  
        edge_detect:core/bluex.sva#2                                                                                                  0.0000  2.8887  
        edge_detect:core/slc(bluex.sva#1)                                                                                             0.0000  2.8887  
        edge_detect:core/slc(bluex.sva#1).itm                                                                                         0.0000  2.8887  
        edge_detect:core/AbsAndMax#4:else:if:not      mgc_not_15                                                                      0.0000  2.8887  
        edge_detect:core/AbsAndMax#4:else:if:not.itm                                                                                  0.0000  2.8887  
        edge_detect:core/AbsAndMax#4:else:if:acc      mgc_add_15_0_2_1_16                                                             1.4911  4.3798  
        edge_detect:core/AbsAndMax#4:else:if:acc.itm                                                                                  0.0000  4.3798  
        edge_detect:core/AbsAndMax#4:mux1h            mgc_mux1hot_16_3                                                                0.7732  5.1530  
        edge_detect:core/AbsAndMax#4:mux1h.itm                                                                                        0.0000  5.1530  
        edge_detect:core/FRAME:acc#3                  mgc_add_16_0_16_0_16                                                            1.6898  6.8427  
        edge_detect:core/AbsAndMax:x#7.sva                                                                                            0.0000  6.8427  
        edge_detect:core/slc(AbsAndMax:x#7.sva)#1                                                                                     0.0000  6.8427  
        edge_detect:core/slc(AbsAndMax:x#7.sva)#1.itm                                                                                 0.0000  6.8427  
        edge_detect:core/AbsAndMax#7:else:if:not      mgc_not_15                                                                      0.0000  6.8427  
        edge_detect:core/AbsAndMax#7:else:if:not.itm                                                                                  0.0000  6.8427  
        edge_detect:core/AbsAndMax#7:else:if:acc      mgc_add_15_0_2_1_16                                                             1.4911  8.3338  
        edge_detect:core/AbsAndMax#7:else:if:acc.itm                                                                                  0.0000  8.3338  
        edge_detect:core/AbsAndMax#7:mux1h            mgc_mux1hot_16_3                                                                0.7732  9.1070  
        edge_detect:core/AbsAndMax#7:mux1h.itm                                                                                        0.0000  9.1070  
        edge_detect:core/FRAME:acc                    mgc_add_16_0_16_0_17                                                            1.6898  10.7967 
        edge_detect:core/FRAME:acc.itm                                                                                                0.0000  10.7967 
        edge_detect:core/acc                          mgc_add_17_0_16_0_17                                                            1.7536  12.5503 
        edge_detect:core/acc.psp.sva                                                                                                  0.0000  12.5503 
        edge_detect:core/slc(acc.psp.sva)#104                                                                                         0.0000  12.5503 
        edge_detect:core/slc(acc.psp.sva)#104.itm                                                                                     0.0000  12.5503 
        edge_detect:core/conc#256                                                                                                     0.0000  12.5503 
        edge_detect:core/conc#256.itm                                                                                                 0.0000  12.5503 
        edge_detect:core/FRAME:acc#32                 mgc_add_15_0_14_0_16                                                            1.6284  14.1788 
        edge_detect:core/FRAME:acc#32.itm                                                                                             0.0000  14.1788 
        edge_detect:core/reg(FRAME:acc#32.itm#1)      mgc_reg_pos_16_1_0_0_0_1_1                                                      0.0000  14.1788 
                                                                                                                                                      
      3                                               edge_detect:core/reg(blue_x(2).lpi#1)  edge_detect:core/reg(FRAME:acc#32.itm#1) 14.1788 5.8212  
                                                                                                                                                      
        Instance                                      Component                                                                       Delta   Delay   
        --------                                      ---------                                                                       -----   -----   
        edge_detect:core/reg(blue_x(2).lpi#1)         mgc_reg_pos_16_1_0_0_0_1_1                                                      0.0000  0.0000  
        edge_detect:core/blue_x(2).lpi#1                                                                                              0.0000  0.0000  
        edge_detect:core/and#133                      mgc_and_16_2                                                                    0.2625  0.2625  
        edge_detect:core/blue_x(2).lpi#1.dfm#1                                                                                        0.0000  0.2625  
        edge_detect:core/ACC3:mux#17                  mgc_mux_16_2_4                                                                  0.9364  1.1990  
        edge_detect:core/ACC3:mux#17.itm                                                                                              0.0000  1.1990  
        edge_detect:core/ACC3:acc#3                   mgc_add_16_0_16_0_16                                                            1.6898  2.8887  
        edge_detect:core/bluex.sva#2                                                                                                  0.0000  2.8887  
        edge_detect:core/slc(bluex.sva#1)                                                                                             0.0000  2.8887  
        edge_detect:core/slc(bluex.sva#1).itm                                                                                         0.0000  2.8887  
        edge_detect:core/AbsAndMax#4:else:if:not      mgc_not_15                                                                      0.0000  2.8887  
        edge_detect:core/AbsAndMax#4:else:if:not.itm                                                                                  0.0000  2.8887  
        edge_detect:core/AbsAndMax#4:else:if:acc      mgc_add_15_0_2_1_16                                                             1.4911  4.3798  
        edge_detect:core/AbsAndMax#4:else:if:acc.itm                                                                                  0.0000  4.3798  
        edge_detect:core/AbsAndMax#4:mux1h            mgc_mux1hot_16_3                                                                0.7732  5.1530  
        edge_detect:core/AbsAndMax#4:mux1h.itm                                                                                        0.0000  5.1530  
        edge_detect:core/FRAME:acc#3                  mgc_add_16_0_16_0_16                                                            1.6898  6.8427  
        edge_detect:core/AbsAndMax:x#7.sva                                                                                            0.0000  6.8427  
        edge_detect:core/slc(AbsAndMax:x#7.sva)#1                                                                                     0.0000  6.8427  
        edge_detect:core/slc(AbsAndMax:x#7.sva)#1.itm                                                                                 0.0000  6.8427  
        edge_detect:core/AbsAndMax#7:else:if:not      mgc_not_15                                                                      0.0000  6.8427  
        edge_detect:core/AbsAndMax#7:else:if:not.itm                                                                                  0.0000  6.8427  
        edge_detect:core/AbsAndMax#7:else:if:acc      mgc_add_15_0_2_1_16                                                             1.4911  8.3338  
        edge_detect:core/AbsAndMax#7:else:if:acc.itm                                                                                  0.0000  8.3338  
        edge_detect:core/AbsAndMax#7:mux1h            mgc_mux1hot_16_3                                                                0.7732  9.1070  
        edge_detect:core/AbsAndMax#7:mux1h.itm                                                                                        0.0000  9.1070  
        edge_detect:core/FRAME:acc                    mgc_add_16_0_16_0_17                                                            1.6898  10.7967 
        edge_detect:core/FRAME:acc.itm                                                                                                0.0000  10.7967 
        edge_detect:core/acc                          mgc_add_17_0_16_0_17                                                            1.7536  12.5503 
        edge_detect:core/acc.psp.sva                                                                                                  0.0000  12.5503 
        edge_detect:core/slc(acc.psp.sva)#125                                                                                         0.0000  12.5503 
        edge_detect:core/slc(acc.psp.sva)#125.itm                                                                                     0.0000  12.5503 
        edge_detect:core/conc#256                                                                                                     0.0000  12.5503 
        edge_detect:core/conc#256.itm                                                                                                 0.0000  12.5503 
        edge_detect:core/FRAME:acc#32                 mgc_add_15_0_14_0_16                                                            1.6284  14.1788 
        edge_detect:core/FRAME:acc#32.itm                                                                                             0.0000  14.1788 
        edge_detect:core/reg(FRAME:acc#32.itm#1)      mgc_reg_pos_16_1_0_0_0_1_1                                                      0.0000  14.1788 
                                                                                                                                                      
      4                                               edge_detect:core/reg(green_x(2).lpi#1) edge_detect:core/reg(FRAME:acc#32.itm#1) 14.1788 5.8212  
                                                                                                                                                      
        Instance                                      Component                                                                       Delta   Delay   
        --------                                      ---------                                                                       -----   -----   
        edge_detect:core/reg(green_x(2).lpi#1)        mgc_reg_pos_16_1_0_0_0_1_1                                                      0.0000  0.0000  
        edge_detect:core/green_x(2).lpi#1                                                                                             0.0000  0.0000  
        edge_detect:core/and#125                      mgc_and_16_2                                                                    0.2625  0.2625  
        edge_detect:core/green_x(2).lpi#1.dfm#1                                                                                       0.0000  0.2625  
        edge_detect:core/ACC3:mux#19                  mgc_mux_16_2_4                                                                  0.9364  1.1990  
        edge_detect:core/ACC3:mux#19.itm                                                                                              0.0000  1.1990  
        edge_detect:core/ACC3:acc#5                   mgc_add_16_0_16_0_16                                                            1.6898  2.8887  
        edge_detect:core/greenx.sva#2                                                                                                 0.0000  2.8887  
        edge_detect:core/slc(greenx.sva#1)                                                                                            0.0000  2.8887  
        edge_detect:core/slc(greenx.sva#1).itm                                                                                        0.0000  2.8887  
        edge_detect:core/AbsAndMax#2:else:if:not      mgc_not_15                                                                      0.0000  2.8887  
        edge_detect:core/AbsAndMax#2:else:if:not.itm                                                                                  0.0000  2.8887  
        edge_detect:core/AbsAndMax#2:else:if:acc      mgc_add_15_0_2_1_16                                                             1.4911  4.3798  
        edge_detect:core/AbsAndMax#2:else:if:acc.itm                                                                                  0.0000  4.3798  
        edge_detect:core/AbsAndMax#2:mux1h            mgc_mux1hot_16_3                                                                0.7732  5.1530  
        edge_detect:core/AbsAndMax#2:mux1h.itm                                                                                        0.0000  5.1530  
        edge_detect:core/FRAME:acc#4                  mgc_add_16_0_16_0_16                                                            1.6898  6.8427  
        edge_detect:core/AbsAndMax:x#8.sva                                                                                            0.0000  6.8427  
        edge_detect:core/slc(AbsAndMax:x#8.sva)#1                                                                                     0.0000  6.8427  
        edge_detect:core/slc(AbsAndMax:x#8.sva)#1.itm                                                                                 0.0000  6.8427  
        edge_detect:core/AbsAndMax#8:else:if:not      mgc_not_15                                                                      0.0000  6.8427  
        edge_detect:core/AbsAndMax#8:else:if:not.itm                                                                                  0.0000  6.8427  
        edge_detect:core/AbsAndMax#8:else:if:acc      mgc_add_15_0_2_1_16                                                             1.4911  8.3338  
        edge_detect:core/AbsAndMax#8:else:if:acc.itm                                                                                  0.0000  8.3338  
        edge_detect:core/AbsAndMax#8:mux1h            mgc_mux1hot_16_3                                                                0.7732  9.1070  
        edge_detect:core/AbsAndMax#8:mux1h.itm                                                                                        0.0000  9.1070  
        edge_detect:core/FRAME:acc                    mgc_add_16_0_16_0_17                                                            1.6898  10.7967 
        edge_detect:core/FRAME:acc.itm                                                                                                0.0000  10.7967 
        edge_detect:core/acc                          mgc_add_17_0_16_0_17                                                            1.7536  12.5503 
        edge_detect:core/acc.psp.sva                                                                                                  0.0000  12.5503 
        edge_detect:core/slc(acc.psp.sva)#125                                                                                         0.0000  12.5503 
        edge_detect:core/slc(acc.psp.sva)#125.itm                                                                                     0.0000  12.5503 
        edge_detect:core/conc#256                                                                                                     0.0000  12.5503 
        edge_detect:core/conc#256.itm                                                                                                 0.0000  12.5503 
        edge_detect:core/FRAME:acc#32                 mgc_add_15_0_14_0_16                                                            1.6284  14.1788 
        edge_detect:core/FRAME:acc#32.itm                                                                                             0.0000  14.1788 
        edge_detect:core/reg(FRAME:acc#32.itm#1)      mgc_reg_pos_16_1_0_0_0_1_1                                                      0.0000  14.1788 
                                                                                                                                                      
      5                                               edge_detect:core/reg(blue_x(2).lpi#1)  edge_detect:core/reg(FRAME:acc#32.itm#1) 14.1788 5.8212  
                                                                                                                                                      
        Instance                                      Component                                                                       Delta   Delay   
        --------                                      ---------                                                                       -----   -----   
        edge_detect:core/reg(blue_x(2).lpi#1)         mgc_reg_pos_16_1_0_0_0_1_1                                                      0.0000  0.0000  
        edge_detect:core/blue_x(2).lpi#1                                                                                              0.0000  0.0000  
        edge_detect:core/and#133                      mgc_and_16_2                                                                    0.2625  0.2625  
        edge_detect:core/blue_x(2).lpi#1.dfm#1                                                                                        0.0000  0.2625  
        edge_detect:core/ACC3:mux#17                  mgc_mux_16_2_4                                                                  0.9364  1.1990  
        edge_detect:core/ACC3:mux#17.itm                                                                                              0.0000  1.1990  
        edge_detect:core/ACC3:acc#3                   mgc_add_16_0_16_0_16                                                            1.6898  2.8887  
        edge_detect:core/bluex.sva#2                                                                                                  0.0000  2.8887  
        edge_detect:core/slc(bluex.sva#1)                                                                                             0.0000  2.8887  
        edge_detect:core/slc(bluex.sva#1).itm                                                                                         0.0000  2.8887  
        edge_detect:core/AbsAndMax#4:else:if:not      mgc_not_15                                                                      0.0000  2.8887  
        edge_detect:core/AbsAndMax#4:else:if:not.itm                                                                                  0.0000  2.8887  
        edge_detect:core/AbsAndMax#4:else:if:acc      mgc_add_15_0_2_1_16                                                             1.4911  4.3798  
        edge_detect:core/AbsAndMax#4:else:if:acc.itm                                                                                  0.0000  4.3798  
        edge_detect:core/AbsAndMax#4:mux1h            mgc_mux1hot_16_3                                                                0.7732  5.1530  
        edge_detect:core/AbsAndMax#4:mux1h.itm                                                                                        0.0000  5.1530  
        edge_detect:core/FRAME:acc#3                  mgc_add_16_0_16_0_16                                                            1.6898  6.8427  
        edge_detect:core/AbsAndMax:x#7.sva                                                                                            0.0000  6.8427  
        edge_detect:core/slc(AbsAndMax:x#7.sva)#1                                                                                     0.0000  6.8427  
        edge_detect:core/slc(AbsAndMax:x#7.sva)#1.itm                                                                                 0.0000  6.8427  
        edge_detect:core/AbsAndMax#7:else:if:not      mgc_not_15                                                                      0.0000  6.8427  
        edge_detect:core/AbsAndMax#7:else:if:not.itm                                                                                  0.0000  6.8427  
        edge_detect:core/AbsAndMax#7:else:if:acc      mgc_add_15_0_2_1_16                                                             1.4911  8.3338  
        edge_detect:core/AbsAndMax#7:else:if:acc.itm                                                                                  0.0000  8.3338  
        edge_detect:core/AbsAndMax#7:mux1h            mgc_mux1hot_16_3                                                                0.7732  9.1070  
        edge_detect:core/AbsAndMax#7:mux1h.itm                                                                                        0.0000  9.1070  
        edge_detect:core/FRAME:acc                    mgc_add_16_0_16_0_17                                                            1.6898  10.7967 
        edge_detect:core/FRAME:acc.itm                                                                                                0.0000  10.7967 
        edge_detect:core/acc                          mgc_add_17_0_16_0_17                                                            1.7536  12.5503 
        edge_detect:core/acc.psp.sva                                                                                                  0.0000  12.5503 
        edge_detect:core/slc(acc.psp.sva)#96                                                                                          0.0000  12.5503 
        edge_detect:core/slc(acc.psp.sva)#96.itm                                                                                      0.0000  12.5503 
        edge_detect:core/conc#255                                                                                                     0.0000  12.5503 
        edge_detect:core/conc#255.itm                                                                                                 0.0000  12.5503 
        edge_detect:core/FRAME:acc#32                 mgc_add_15_0_14_0_16                                                            1.6284  14.1788 
        edge_detect:core/FRAME:acc#32.itm                                                                                             0.0000  14.1788 
        edge_detect:core/reg(FRAME:acc#32.itm#1)      mgc_reg_pos_16_1_0_0_0_1_1                                                      0.0000  14.1788 
                                                                                                                                                      
      6                                               edge_detect:core/reg(blue_x(2).lpi#1)  edge_detect:core/reg(FRAME:acc#32.itm#1) 14.1788 5.8212  
                                                                                                                                                      
        Instance                                      Component                                                                       Delta   Delay   
        --------                                      ---------                                                                       -----   -----   
        edge_detect:core/reg(blue_x(2).lpi#1)         mgc_reg_pos_16_1_0_0_0_1_1                                                      0.0000  0.0000  
        edge_detect:core/blue_x(2).lpi#1                                                                                              0.0000  0.0000  
        edge_detect:core/and#133                      mgc_and_16_2                                                                    0.2625  0.2625  
        edge_detect:core/blue_x(2).lpi#1.dfm#1                                                                                        0.0000  0.2625  
        edge_detect:core/ACC3:mux#17                  mgc_mux_16_2_4                                                                  0.9364  1.1990  
        edge_detect:core/ACC3:mux#17.itm                                                                                              0.0000  1.1990  
        edge_detect:core/ACC3:acc#3                   mgc_add_16_0_16_0_16                                                            1.6898  2.8887  
        edge_detect:core/bluex.sva#2                                                                                                  0.0000  2.8887  
        edge_detect:core/slc(bluex.sva#1)                                                                                             0.0000  2.8887  
        edge_detect:core/slc(bluex.sva#1).itm                                                                                         0.0000  2.8887  
        edge_detect:core/AbsAndMax#4:else:if:not      mgc_not_15                                                                      0.0000  2.8887  
        edge_detect:core/AbsAndMax#4:else:if:not.itm                                                                                  0.0000  2.8887  
        edge_detect:core/AbsAndMax#4:else:if:acc      mgc_add_15_0_2_1_16                                                             1.4911  4.3798  
        edge_detect:core/AbsAndMax#4:else:if:acc.itm                                                                                  0.0000  4.3798  
        edge_detect:core/AbsAndMax#4:mux1h            mgc_mux1hot_16_3                                                                0.7732  5.1530  
        edge_detect:core/AbsAndMax#4:mux1h.itm                                                                                        0.0000  5.1530  
        edge_detect:core/FRAME:acc#3                  mgc_add_16_0_16_0_16                                                            1.6898  6.8427  
        edge_detect:core/AbsAndMax:x#7.sva                                                                                            0.0000  6.8427  
        edge_detect:core/slc(AbsAndMax:x#7.sva)#1                                                                                     0.0000  6.8427  
        edge_detect:core/slc(AbsAndMax:x#7.sva)#1.itm                                                                                 0.0000  6.8427  
        edge_detect:core/AbsAndMax#7:else:if:not      mgc_not_15                                                                      0.0000  6.8427  
        edge_detect:core/AbsAndMax#7:else:if:not.itm                                                                                  0.0000  6.8427  
        edge_detect:core/AbsAndMax#7:else:if:acc      mgc_add_15_0_2_1_16                                                             1.4911  8.3338  
        edge_detect:core/AbsAndMax#7:else:if:acc.itm                                                                                  0.0000  8.3338  
        edge_detect:core/AbsAndMax#7:mux1h            mgc_mux1hot_16_3                                                                0.7732  9.1070  
        edge_detect:core/AbsAndMax#7:mux1h.itm                                                                                        0.0000  9.1070  
        edge_detect:core/FRAME:acc                    mgc_add_16_0_16_0_17                                                            1.6898  10.7967 
        edge_detect:core/FRAME:acc.itm                                                                                                0.0000  10.7967 
        edge_detect:core/acc                          mgc_add_17_0_16_0_17                                                            1.7536  12.5503 
        edge_detect:core/acc.psp.sva                                                                                                  0.0000  12.5503 
        edge_detect:core/slc(acc.psp.sva)#140                                                                                         0.0000  12.5503 
        edge_detect:core/slc(acc.psp.sva)#140.itm                                                                                     0.0000  12.5503 
        edge_detect:core/FRAME:exs#6                                                                                                  0.0000  12.5503 
        edge_detect:core/FRAME:exs#6.itm                                                                                              0.0000  12.5503 
        edge_detect:core/conc#256                                                                                                     0.0000  12.5503 
        edge_detect:core/conc#256.itm                                                                                                 0.0000  12.5503 
        edge_detect:core/FRAME:acc#32                 mgc_add_15_0_14_0_16                                                            1.6284  14.1788 
        edge_detect:core/FRAME:acc#32.itm                                                                                             0.0000  14.1788 
        edge_detect:core/reg(FRAME:acc#32.itm#1)      mgc_reg_pos_16_1_0_0_0_1_1                                                      0.0000  14.1788 
                                                                                                                                                      
      7                                               edge_detect:core/reg(blue_x(2).lpi#1)  edge_detect:core/reg(FRAME:acc#32.itm#1) 14.1788 5.8212  
                                                                                                                                                      
        Instance                                      Component                                                                       Delta   Delay   
        --------                                      ---------                                                                       -----   -----   
        edge_detect:core/reg(blue_x(2).lpi#1)         mgc_reg_pos_16_1_0_0_0_1_1                                                      0.0000  0.0000  
        edge_detect:core/blue_x(2).lpi#1                                                                                              0.0000  0.0000  
        edge_detect:core/and#133                      mgc_and_16_2                                                                    0.2625  0.2625  
        edge_detect:core/blue_x(2).lpi#1.dfm#1                                                                                        0.0000  0.2625  
        edge_detect:core/ACC3:mux#17                  mgc_mux_16_2_4                                                                  0.9364  1.1990  
        edge_detect:core/ACC3:mux#17.itm                                                                                              0.0000  1.1990  
        edge_detect:core/ACC3:acc#3                   mgc_add_16_0_16_0_16                                                            1.6898  2.8887  
        edge_detect:core/bluex.sva#2                                                                                                  0.0000  2.8887  
        edge_detect:core/slc(bluex.sva#1)                                                                                             0.0000  2.8887  
        edge_detect:core/slc(bluex.sva#1).itm                                                                                         0.0000  2.8887  
        edge_detect:core/AbsAndMax#4:else:if:not      mgc_not_15                                                                      0.0000  2.8887  
        edge_detect:core/AbsAndMax#4:else:if:not.itm                                                                                  0.0000  2.8887  
        edge_detect:core/AbsAndMax#4:else:if:acc      mgc_add_15_0_2_1_16                                                             1.4911  4.3798  
        edge_detect:core/AbsAndMax#4:else:if:acc.itm                                                                                  0.0000  4.3798  
        edge_detect:core/AbsAndMax#4:mux1h            mgc_mux1hot_16_3                                                                0.7732  5.1530  
        edge_detect:core/AbsAndMax#4:mux1h.itm                                                                                        0.0000  5.1530  
        edge_detect:core/FRAME:acc#3                  mgc_add_16_0_16_0_16                                                            1.6898  6.8427  
        edge_detect:core/AbsAndMax:x#7.sva                                                                                            0.0000  6.8427  
        edge_detect:core/slc(AbsAndMax:x#7.sva)#1                                                                                     0.0000  6.8427  
        edge_detect:core/slc(AbsAndMax:x#7.sva)#1.itm                                                                                 0.0000  6.8427  
        edge_detect:core/AbsAndMax#7:else:if:not      mgc_not_15                                                                      0.0000  6.8427  
        edge_detect:core/AbsAndMax#7:else:if:not.itm                                                                                  0.0000  6.8427  
        edge_detect:core/AbsAndMax#7:else:if:acc      mgc_add_15_0_2_1_16                                                             1.4911  8.3338  
        edge_detect:core/AbsAndMax#7:else:if:acc.itm                                                                                  0.0000  8.3338  
        edge_detect:core/AbsAndMax#7:mux1h            mgc_mux1hot_16_3                                                                0.7732  9.1070  
        edge_detect:core/AbsAndMax#7:mux1h.itm                                                                                        0.0000  9.1070  
        edge_detect:core/FRAME:acc                    mgc_add_16_0_16_0_17                                                            1.6898  10.7967 
        edge_detect:core/FRAME:acc.itm                                                                                                0.0000  10.7967 
        edge_detect:core/acc                          mgc_add_17_0_16_0_17                                                            1.7536  12.5503 
        edge_detect:core/acc.psp.sva                                                                                                  0.0000  12.5503 
        edge_detect:core/slc(acc.psp.sva)#118                                                                                         0.0000  12.5503 
        edge_detect:core/slc(acc.psp.sva)#118.itm                                                                                     0.0000  12.5503 
        edge_detect:core/conc#256                                                                                                     0.0000  12.5503 
        edge_detect:core/conc#256.itm                                                                                                 0.0000  12.5503 
        edge_detect:core/FRAME:acc#32                 mgc_add_15_0_14_0_16                                                            1.6284  14.1788 
        edge_detect:core/FRAME:acc#32.itm                                                                                             0.0000  14.1788 
        edge_detect:core/reg(FRAME:acc#32.itm#1)      mgc_reg_pos_16_1_0_0_0_1_1                                                      0.0000  14.1788 
                                                                                                                                                      
      8                                               edge_detect:core/reg(green_x(1).lpi#1) edge_detect:core/reg(FRAME:acc#32.itm#1) 14.1788 5.8212  
                                                                                                                                                      
        Instance                                      Component                                                                       Delta   Delay   
        --------                                      ---------                                                                       -----   -----   
        edge_detect:core/reg(green_x(1).lpi#1)        mgc_reg_pos_16_1_0_0_0_1_1                                                      0.0000  0.0000  
        edge_detect:core/green_x(1).lpi#1                                                                                             0.0000  0.0000  
        edge_detect:core/and#126                      mgc_and_16_2                                                                    0.2625  0.2625  
        edge_detect:core/green_x(1).lpi#1.dfm#1                                                                                       0.0000  0.2625  
        edge_detect:core/ACC3:mux#19                  mgc_mux_16_2_4                                                                  0.9364  1.1990  
        edge_detect:core/ACC3:mux#19.itm                                                                                              0.0000  1.1990  
        edge_detect:core/ACC3:acc#5                   mgc_add_16_0_16_0_16                                                            1.6898  2.8887  
        edge_detect:core/greenx.sva#2                                                                                                 0.0000  2.8887  
        edge_detect:core/slc(greenx.sva#1)                                                                                            0.0000  2.8887  
        edge_detect:core/slc(greenx.sva#1).itm                                                                                        0.0000  2.8887  
        edge_detect:core/AbsAndMax#2:else:if:not      mgc_not_15                                                                      0.0000  2.8887  
        edge_detect:core/AbsAndMax#2:else:if:not.itm                                                                                  0.0000  2.8887  
        edge_detect:core/AbsAndMax#2:else:if:acc      mgc_add_15_0_2_1_16                                                             1.4911  4.3798  
        edge_detect:core/AbsAndMax#2:else:if:acc.itm                                                                                  0.0000  4.3798  
        edge_detect:core/AbsAndMax#2:mux1h            mgc_mux1hot_16_3                                                                0.7732  5.1530  
        edge_detect:core/AbsAndMax#2:mux1h.itm                                                                                        0.0000  5.1530  
        edge_detect:core/FRAME:acc#4                  mgc_add_16_0_16_0_16                                                            1.6898  6.8427  
        edge_detect:core/AbsAndMax:x#8.sva                                                                                            0.0000  6.8427  
        edge_detect:core/slc(AbsAndMax:x#8.sva)#1                                                                                     0.0000  6.8427  
        edge_detect:core/slc(AbsAndMax:x#8.sva)#1.itm                                                                                 0.0000  6.8427  
        edge_detect:core/AbsAndMax#8:else:if:not      mgc_not_15                                                                      0.0000  6.8427  
        edge_detect:core/AbsAndMax#8:else:if:not.itm                                                                                  0.0000  6.8427  
        edge_detect:core/AbsAndMax#8:else:if:acc      mgc_add_15_0_2_1_16                                                             1.4911  8.3338  
        edge_detect:core/AbsAndMax#8:else:if:acc.itm                                                                                  0.0000  8.3338  
        edge_detect:core/AbsAndMax#8:mux1h            mgc_mux1hot_16_3                                                                0.7732  9.1070  
        edge_detect:core/AbsAndMax#8:mux1h.itm                                                                                        0.0000  9.1070  
        edge_detect:core/FRAME:acc                    mgc_add_16_0_16_0_17                                                            1.6898  10.7967 
        edge_detect:core/FRAME:acc.itm                                                                                                0.0000  10.7967 
        edge_detect:core/acc                          mgc_add_17_0_16_0_17                                                            1.7536  12.5503 
        edge_detect:core/acc.psp.sva                                                                                                  0.0000  12.5503 
        edge_detect:core/slc(acc.psp.sva)#125                                                                                         0.0000  12.5503 
        edge_detect:core/slc(acc.psp.sva)#125.itm                                                                                     0.0000  12.5503 
        edge_detect:core/conc#256                                                                                                     0.0000  12.5503 
        edge_detect:core/conc#256.itm                                                                                                 0.0000  12.5503 
        edge_detect:core/FRAME:acc#32                 mgc_add_15_0_14_0_16                                                            1.6284  14.1788 
        edge_detect:core/FRAME:acc#32.itm                                                                                             0.0000  14.1788 
        edge_detect:core/reg(FRAME:acc#32.itm#1)      mgc_reg_pos_16_1_0_0_0_1_1                                                      0.0000  14.1788 
                                                                                                                                                      
      9                                               edge_detect:core/reg(blue_x(2).lpi#1)  edge_detect:core/reg(FRAME:acc#32.itm#1) 14.1788 5.8212  
                                                                                                                                                      
        Instance                                      Component                                                                       Delta   Delay   
        --------                                      ---------                                                                       -----   -----   
        edge_detect:core/reg(blue_x(2).lpi#1)         mgc_reg_pos_16_1_0_0_0_1_1                                                      0.0000  0.0000  
        edge_detect:core/blue_x(2).lpi#1                                                                                              0.0000  0.0000  
        edge_detect:core/and#133                      mgc_and_16_2                                                                    0.2625  0.2625  
        edge_detect:core/blue_x(2).lpi#1.dfm#1                                                                                        0.0000  0.2625  
        edge_detect:core/ACC3:mux#17                  mgc_mux_16_2_4                                                                  0.9364  1.1990  
        edge_detect:core/ACC3:mux#17.itm                                                                                              0.0000  1.1990  
        edge_detect:core/ACC3:acc#3                   mgc_add_16_0_16_0_16                                                            1.6898  2.8887  
        edge_detect:core/bluex.sva#2                                                                                                  0.0000  2.8887  
        edge_detect:core/slc(bluex.sva#1)                                                                                             0.0000  2.8887  
        edge_detect:core/slc(bluex.sva#1).itm                                                                                         0.0000  2.8887  
        edge_detect:core/AbsAndMax#4:else:if:not      mgc_not_15                                                                      0.0000  2.8887  
        edge_detect:core/AbsAndMax#4:else:if:not.itm                                                                                  0.0000  2.8887  
        edge_detect:core/AbsAndMax#4:else:if:acc      mgc_add_15_0_2_1_16                                                             1.4911  4.3798  
        edge_detect:core/AbsAndMax#4:else:if:acc.itm                                                                                  0.0000  4.3798  
        edge_detect:core/AbsAndMax#4:mux1h            mgc_mux1hot_16_3                                                                0.7732  5.1530  
        edge_detect:core/AbsAndMax#4:mux1h.itm                                                                                        0.0000  5.1530  
        edge_detect:core/FRAME:acc#3                  mgc_add_16_0_16_0_16                                                            1.6898  6.8427  
        edge_detect:core/AbsAndMax:x#7.sva                                                                                            0.0000  6.8427  
        edge_detect:core/slc(AbsAndMax:x#7.sva)#1                                                                                     0.0000  6.8427  
        edge_detect:core/slc(AbsAndMax:x#7.sva)#1.itm                                                                                 0.0000  6.8427  
        edge_detect:core/AbsAndMax#7:else:if:not      mgc_not_15                                                                      0.0000  6.8427  
        edge_detect:core/AbsAndMax#7:else:if:not.itm                                                                                  0.0000  6.8427  
        edge_detect:core/AbsAndMax#7:else:if:acc      mgc_add_15_0_2_1_16                                                             1.4911  8.3338  
        edge_detect:core/AbsAndMax#7:else:if:acc.itm                                                                                  0.0000  8.3338  
        edge_detect:core/AbsAndMax#7:mux1h            mgc_mux1hot_16_3                                                                0.7732  9.1070  
        edge_detect:core/AbsAndMax#7:mux1h.itm                                                                                        0.0000  9.1070  
        edge_detect:core/FRAME:acc                    mgc_add_16_0_16_0_17                                                            1.6898  10.7967 
        edge_detect:core/FRAME:acc.itm                                                                                                0.0000  10.7967 
        edge_detect:core/acc                          mgc_add_17_0_16_0_17                                                            1.7536  12.5503 
        edge_detect:core/acc.psp.sva                                                                                                  0.0000  12.5503 
        edge_detect:core/slc(acc.psp.sva)#14                                                                                          0.0000  12.5503 
        edge_detect:core/slc(acc.psp.sva)#14.itm                                                                                      0.0000  12.5503 
        edge_detect:core/conc#255                                                                                                     0.0000  12.5503 
        edge_detect:core/conc#255.itm                                                                                                 0.0000  12.5503 
        edge_detect:core/FRAME:acc#32                 mgc_add_15_0_14_0_16                                                            1.6284  14.1788 
        edge_detect:core/FRAME:acc#32.itm                                                                                             0.0000  14.1788 
        edge_detect:core/reg(FRAME:acc#32.itm#1)      mgc_reg_pos_16_1_0_0_0_1_1                                                      0.0000  14.1788 
                                                                                                                                                      
      10                                              edge_detect:core/reg(blue_x(2).lpi#1)  edge_detect:core/reg(FRAME:acc#32.itm#1) 14.1788 5.8212  
                                                                                                                                                      
        Instance                                      Component                                                                       Delta   Delay   
        --------                                      ---------                                                                       -----   -----   
        edge_detect:core/reg(blue_x(2).lpi#1)         mgc_reg_pos_16_1_0_0_0_1_1                                                      0.0000  0.0000  
        edge_detect:core/blue_x(2).lpi#1                                                                                              0.0000  0.0000  
        edge_detect:core/and#133                      mgc_and_16_2                                                                    0.2625  0.2625  
        edge_detect:core/blue_x(2).lpi#1.dfm#1                                                                                        0.0000  0.2625  
        edge_detect:core/ACC3:mux#17                  mgc_mux_16_2_4                                                                  0.9364  1.1990  
        edge_detect:core/ACC3:mux#17.itm                                                                                              0.0000  1.1990  
        edge_detect:core/ACC3:acc#3                   mgc_add_16_0_16_0_16                                                            1.6898  2.8887  
        edge_detect:core/bluex.sva#2                                                                                                  0.0000  2.8887  
        edge_detect:core/slc(bluex.sva#1)                                                                                             0.0000  2.8887  
        edge_detect:core/slc(bluex.sva#1).itm                                                                                         0.0000  2.8887  
        edge_detect:core/AbsAndMax#4:else:if:not      mgc_not_15                                                                      0.0000  2.8887  
        edge_detect:core/AbsAndMax#4:else:if:not.itm                                                                                  0.0000  2.8887  
        edge_detect:core/AbsAndMax#4:else:if:acc      mgc_add_15_0_2_1_16                                                             1.4911  4.3798  
        edge_detect:core/AbsAndMax#4:else:if:acc.itm                                                                                  0.0000  4.3798  
        edge_detect:core/AbsAndMax#4:mux1h            mgc_mux1hot_16_3                                                                0.7732  5.1530  
        edge_detect:core/AbsAndMax#4:mux1h.itm                                                                                        0.0000  5.1530  
        edge_detect:core/FRAME:acc#3                  mgc_add_16_0_16_0_16                                                            1.6898  6.8427  
        edge_detect:core/AbsAndMax:x#7.sva                                                                                            0.0000  6.8427  
        edge_detect:core/slc(AbsAndMax:x#7.sva)#1                                                                                     0.0000  6.8427  
        edge_detect:core/slc(AbsAndMax:x#7.sva)#1.itm                                                                                 0.0000  6.8427  
        edge_detect:core/AbsAndMax#7:else:if:not      mgc_not_15                                                                      0.0000  6.8427  
        edge_detect:core/AbsAndMax#7:else:if:not.itm                                                                                  0.0000  6.8427  
        edge_detect:core/AbsAndMax#7:else:if:acc      mgc_add_15_0_2_1_16                                                             1.4911  8.3338  
        edge_detect:core/AbsAndMax#7:else:if:acc.itm                                                                                  0.0000  8.3338  
        edge_detect:core/AbsAndMax#7:mux1h            mgc_mux1hot_16_3                                                                0.7732  9.1070  
        edge_detect:core/AbsAndMax#7:mux1h.itm                                                                                        0.0000  9.1070  
        edge_detect:core/FRAME:acc                    mgc_add_16_0_16_0_17                                                            1.6898  10.7967 
        edge_detect:core/FRAME:acc.itm                                                                                                0.0000  10.7967 
        edge_detect:core/acc                          mgc_add_17_0_16_0_17                                                            1.7536  12.5503 
        edge_detect:core/acc.psp.sva                                                                                                  0.0000  12.5503 
        edge_detect:core/slc(acc.psp.sva)#88                                                                                          0.0000  12.5503 
        edge_detect:core/slc(acc.psp.sva)#88.itm                                                                                      0.0000  12.5503 
        edge_detect:core/conc#255                                                                                                     0.0000  12.5503 
        edge_detect:core/conc#255.itm                                                                                                 0.0000  12.5503 
        edge_detect:core/FRAME:acc#32                 mgc_add_15_0_14_0_16                                                            1.6284  14.1788 
        edge_detect:core/FRAME:acc#32.itm                                                                                             0.0000  14.1788 
        edge_detect:core/reg(FRAME:acc#32.itm#1)      mgc_reg_pos_16_1_0_0_0_1_1                                                      0.0000  14.1788 
                                                                                                                                                      
      
    Register Input and Register-to-Output Slack
      Clock period or pin-to-reg delay constraint (clk): 20.0
      Clock uncertainty constraint (clk)               : 0.0
      
      Instance                                            Port                                Slack (Delay) Messages 
      --------------------------------------------------- --------------------------------- ------- ------- --------
      edge_detect:core/reg(vout:rsc:mgc_out_stdreg.d)     mux.itm                            8.8206 11.1794          
      edge_detect:core/reg(FRAME:acc#32.itm#1)            FRAME:acc#32.itm                   5.8212 14.1788          
      edge_detect:core/reg(FRAME:slc(acc.idiv)#85.itm#1)  slc(acc.psp.sva)#13.itm            7.4497 12.5503          
      edge_detect:core/reg(FRAME:slc(acc.idiv)#76.itm#1)  slc(acc.psp.sva)#12.itm            7.4497 12.5503          
      edge_detect:core/reg(FRAME:slc(acc.idiv)#67.itm#1)  slc(acc.psp.sva)#11.itm            7.4497 12.5503          
      edge_detect:core/reg(FRAME:slc(acc.idiv)#61.itm#1)  slc(acc.psp.sva)#10.itm            7.4497 12.5503          
      edge_detect:core/reg(FRAME:slc#14.itm#1)            FRAME:slc#14.itm                   6.6746 13.3254          
      edge_detect:core/reg(FRAME:slc(acc.idiv)#57.itm#1)  slc(acc.psp.sva)#6.itm             7.4497 12.5503          
      edge_detect:core/reg(FRAME:slc(acc.idiv)#80.itm#1)  slc(acc.psp.sva)#5.itm             7.4497 12.5503          
      edge_detect:core/reg(FRAME:slc(acc.idiv)#71.itm#1)  slc(acc.psp.sva)#4.itm             7.4497 12.5503          
      edge_detect:core/reg(FRAME:slc(acc.idiv)#64.itm#1)  slc(acc.psp.sva)#3.itm             7.4497 12.5503          
      edge_detect:core/reg(FRAME:slc(acc.idiv)#59.itm#1)  slc(acc.psp.sva)#2.itm             7.4497 12.5503          
      edge_detect:core/reg(FRAME:slc(acc.idiv)#54.itm#1)  slc(acc.psp.sva)#1.itm             7.4497 12.5503          
      edge_detect:core/reg(FRAME:slc(acc.idiv)#53.itm#1)  slc(acc.psp.sva).itm               7.4497 12.5503          
      edge_detect:core/reg(FRAME:slc#8.itm#1)             FRAME:slc#8.itm                    6.0362 13.9638          
      edge_detect:core/reg(FRAME:slc#9.itm#1)             FRAME:slc#9.itm                    6.0362 13.9638          
      edge_detect:core/reg(FRAME:slc(acc.idiv)#37.itm#1)  slc(acc.psp.sva)#38.itm            7.4497 12.5503          
      edge_detect:core/reg(FRAME:slc(acc.idiv)#22.itm#1)  slc(acc.psp.sva)#16.itm            7.4497 12.5503          
      edge_detect:core/reg(FRAME:slc(acc.idiv)#38.itm#1)  slc(acc.psp.sva)#30.itm            7.4497 12.5503          
      edge_detect:core/reg(exit:ACC3.sva#2.st#1)          ACC3:not#30.itm                   18.6898  1.3102          
      edge_detect:core/reg(exit:ACC_GX#1.lpi#1.dfm.st#1)  exit:ACC_GX#1.lpi#1.dfm           17.7410  2.2590          
      edge_detect:core/reg(exit:SHIFT.lpi#1.dfm.st#1)     exit:SHIFT.lpi#1.dfm#1            17.7410  2.2590          
      edge_detect:core/reg(FRAME:a#4.lpi#1)               nor#34.itm                        16.4254  3.5746          
      edge_detect:core/reg(exit:ACC_GX:for.sva)           exit:ACC_GX:for.sva:mx0           16.0618  3.9382          
      edge_detect:core/reg(FRAME:a#6.lpi#1)               nor#36.itm                        16.0618  3.9382          
      edge_detect:core/reg(FRAME:a#5.lpi#1)               nor#38.itm                        16.0618  3.9382          
      edge_detect:core/reg(exit:SHIFT.lpi#1)              mux#3.itm                         18.6043  1.3957          
      edge_detect:core/reg(exit:ACC3.sva)                 ACC_GX:and#26.itm                 18.2737  1.7263          
      edge_detect:core/reg(exit:ACC_GX#1.lpi#1)           mux#4.itm                         17.4268  2.5732          
      edge_detect:core/reg(SHIFT:i#1.lpi#3)               mux#5.itm                         18.6043  1.3957          
      edge_detect:core/reg(blue_y(2).lpi#1)               mux#6.itm                         11.2567  8.7433          
      edge_detect:core/reg(blue_y(1).lpi#1)               mux#7.itm                         11.2567  8.7433          
      edge_detect:core/reg(blue_y(0).lpi#1)               mux#8.itm                         11.2567  8.7433          
      edge_detect:core/reg(green_y(2).lpi#1)              mux#9.itm                         10.6429  9.3571          
      edge_detect:core/reg(green_y(1).lpi#1)              mux#10.itm                        10.6429  9.3571          
      edge_detect:core/reg(green_y(0).lpi#1)              mux#11.itm                        10.6429  9.3571          
      edge_detect:core/reg(red_y(2).lpi#1)                mux#12.itm                         9.3248 10.6752          
      edge_detect:core/reg(red_y(1).lpi#1)                mux#13.itm                         9.3248 10.6752          
      edge_detect:core/reg(red_y(0).lpi#1)                mux#14.itm                         9.3248 10.6752          
      edge_detect:core/reg(blue_x(2).lpi#1)               mux#15.itm                        11.2567  8.7433          
      edge_detect:core/reg(blue_x(1).lpi#1)               mux#16.itm                        11.2567  8.7433          
      edge_detect:core/reg(blue_x(0).lpi#1)               mux#17.itm                        11.2567  8.7433          
      edge_detect:core/reg(green_x(2).lpi#1)              mux#18.itm                        10.6429  9.3571          
      edge_detect:core/reg(green_x(1).lpi#1)              mux#19.itm                        10.6429  9.3571          
      edge_detect:core/reg(green_x(0).lpi#1)              mux#20.itm                        10.6429  9.3571          
      edge_detect:core/reg(red_x(2).lpi#1)                mux#21.itm                         9.3248 10.6752          
      edge_detect:core/reg(red_x(1).lpi#1)                mux#22.itm                         9.3248 10.6752          
      edge_detect:core/reg(red_x(0).lpi#1)                mux#23.itm                         9.3248 10.6752          
      edge_detect:core/reg(bluey.lpi#1)                   mux#24.itm                        16.7423  3.2577          
      edge_detect:core/reg(greeny.lpi#1)                  mux#25.itm                        16.7423  3.2577          
      edge_detect:core/reg(redy.lpi#1)                    mux#26.itm                        16.7423  3.2577          
      edge_detect:core/reg(bluex.lpi#1)                   mux#27.itm                        16.7423  3.2577          
      edge_detect:core/reg(greenx.lpi#1)                  mux#28.itm                        16.7423  3.2577          
      edge_detect:core/reg(redx.lpi#1)                    mux#29.itm                        16.7423  3.2577          
      edge_detect:core/reg(main.stage_0#2)                C1_1_Not_Not_Not_Not              20.0000  0.0000          
      edge_detect:core/reg(FRAME:i#2.lpi#1)               nor#40.itm                        16.3243  3.6757          
      edge_detect:core/reg(FRAME:i#3.lpi#1)               nor#42.itm                        16.3243  3.6757          
      edge_detect:core/reg(regs.regs(2).sva)              mux#30.itm                        18.8375  1.1625          
      edge_detect:core/reg(regs.regs(1).sva)              mux#31.itm                        18.9942  1.0058          
      edge_detect:core/reg(regs.regs(0).sva)              mux#32.itm                        18.8375  1.1625          
      edge_detect:core/reg(regs.operator<<:din.lpi#1.dfm) regs.operator<<:din.lpi#1.dfm:mx0 19.2621  0.7379          
      edge_detect                                         vout:rsc.z                        20.0000  0.0000          
      
  Operator Bitwidth Summary
    Operation  Size (bits) Count 
    ---------- ----------- -----
    add                          
    -                   17     2 
    -                   16    26 
    -                   15     1 
    -                   13     1 
    -                   12     1 
    -                   11     1 
    -                   10     1 
    -                    9     2 
    -                    8     1 
    -                    7    10 
    -                    6     6 
    -                    5     7 
    -                    4     3 
    -                    3    10 
    -                    2    12 
    and                          
    -                    3     4 
    -                    2    46 
    mul                          
    -                   12     7 
    mux                          
    -                    5     4 
    -                    4     3 
    -                    2    14 
    -                    1    41 
    mux1h                        
    -                    3     9 
    nand                         
    -                    2     3 
    nor                          
    -                    4     1 
    -                    3     1 
    -                    2    24 
    not                          
    -                   15     9 
    -                    6     9 
    -                    2     2 
    -                    1    69 
    or                           
    -                    3     8 
    -                    2    10 
    read_port                    
    -                   90     1 
    reg                          
    -                   90     4 
    -                   30     1 
    -                   16    25 
    -                    5     1 
    -                    3     2 
    -                    2     6 
    -                    1    22 
    rshift                       
    -            906613625     2 
    write_port                   
    -                   30     1 
    
  End of Report
