-- Catapult University Version: Report                                              
-- ---------------------------- ---------------------------------------------------
-- Version:                     2011a.126 Production Release                        
-- Build Date:                  Wed Aug  8 00:52:07 PDT 2012                        
                                                                                    
-- Generated by:                rbw14@EEWS104A-013                                  
-- Generated date:              Wed May 06 11:22:01 +0100 2015                      

Solution Settings: sharpen1.v5
  Current state: extract
  Project: Sharpen1
  
  Design Input Files Specified
    $PROJECT_HOME/catapult_proj/vga_blur/shift_class.h
    $PROJECT_HOME/catapult_proj/vga_blur/sharpen.c
      $MGC_HOME/shared/include/ac_fixed.h
        $MGC_HOME/shared/include/ac_int.h
      $PROJECT_HOME/catapult_proj/vga_blur/sharpen.h
      $PROJECT_HOME/catapult_proj/vga_blur/shift_class.h
    $PROJECT_HOME/catapult_proj/vga_blur/sharpen.h
      $MGC_HOME/shared/include/ac_int.h
  
  Processes/Blocks in Design
    Process        Real Operation(s) count Latency Throughput Reset Length II Comments 
    -------------- ----------------------- ------- ---------- ------------ -- --------
    /sharpen1/core                     190       9          9            0  1          
    Design Total:                      190       9          9            0  0          
    
  Bill Of Materials (Datapath)
    Component Name                          Area Score Area(LUTs) Delay Post Alloc Post Assign 
    --------------------------------------- ---------- ---------- ----- ---------- -----------
    [Lib: mgc_Altera-Cyclone-III-6_beh_psr]                                                    
    mgc_add(10,0,2,1,10)                        11.000     11.000 1.320          1           1 
    mgc_add(10,0,8,0,11)                        11.249     11.249 1.305          0           3 
    mgc_add(12,0,10,0,13)                       13.231     13.231 1.438          3           0 
    mgc_add(15,0,2,1,16)                        16.000     16.000 1.491          2           2 
    mgc_add(16,0,16,0,16)                       17.189     17.189 1.690          6           6 
    mgc_add(17,0,12,1,17)                       18.000     18.000 1.760          9           9 
    mgc_add(2,0,1,0,2)                           3.315      3.315 0.658          0           2 
    mgc_add(2,0,1,1,2)                           3.000      3.000 0.658          1           1 
    mgc_add(2,0,2,0,2)                           3.311      3.311 0.653          2           2 
    mgc_add(3,0,3,0,3)                           4.302      4.302 0.761          2           0 
    mgc_add(6,1,2,1,7)                           7.000      7.000 0.865          3           3 
    mgc_and(1,2)                                 0.730      0.730 0.263          0          14 
    mgc_and(1,3)                                 1.054      1.054 0.416          0           2 
    mgc_and(16,2)                               11.677     11.677 0.263         12          12 
    mgc_and(2,2)                                 1.460      1.460 0.263          2           0 
    mgc_and(5,2)                                 3.649      3.649 0.263          1           1 
    mgc_mux(1,1,2)                               0.919      0.919 0.369          3           3 
    mgc_mux(10,1,2)                              9.194      9.194 0.369          4           4 
    mgc_mux(16,1,2)                             14.711     14.711 0.369         13          10 
    mgc_mux(16,2,4)                             35.614     35.614 0.936          3           3 
    mgc_mux(2,1,2)                               1.839      1.839 0.369          0           5 
    mgc_mux(3,1,2)                               2.758      2.758 0.369          2           0 
    mgc_mux(30,1,2)                             27.583     27.583 0.369          0           2 
    mgc_mux(90,1,2)                             82.748     82.748 0.369          5           3 
    mgc_mux1hot(16,3)                           35.034     35.034 0.773          4           4 
    mgc_mux1hot(2,3)                             4.379      4.379 0.773          2           0 
    mgc_nand(1,2)                                0.730      0.730 0.268          0           6 
    mgc_nor(1,2)                                 0.730      0.730 0.263          0           5 
    mgc_nor(1,3)                                 1.054      1.054 0.416          0           1 
    mgc_nor(2,2)                                 1.460      1.460 0.263          0           4 
    mgc_not(1)                                   0.000      0.000 0.000          0          32 
    mgc_not(10)                                  0.000      0.000 0.000          0          10 
    mgc_not(15)                                  0.000      0.000 0.000          0           2 
    mgc_not(6)                                   0.000      0.000 0.000          0           3 
    mgc_or(1,2)                                  0.730      0.730 0.268          0           4 
    mgc_or(1,3)                                  1.054      1.054 0.425          0           3 
    mgc_or(1,4)                                  1.379      1.379 0.536          0           1 
    mgc_or(10,2)                                 7.298      7.298 0.268          2           2 
    mgc_or(10,4)                                13.791     13.791 0.536          1           1 
    mgc_reg_pos(1,1,0,0,0,1,1)                   0.000      0.000 0.000          0           3 
    mgc_reg_pos(16,1,0,0,0,1,1)                  0.000      0.000 0.000          0          12 
    mgc_reg_pos(2,1,0,0,0,1,1)                   0.000      0.000 0.000          0           3 
    mgc_reg_pos(30,1,0,0,0,1,1)                  0.000      0.000 0.000          0           2 
    mgc_reg_pos(90,1,0,0,0,1,1)                  0.000      0.000 0.000          0           3 
    [Lib: mgc_ioport]                                                                          
    mgc_in_wire(1,90)                            0.000      0.000 0.000          1           1 
    mgc_out_stdreg(2,30)                         0.000      0.000 0.000          1           1 
                                                                                               
    TOTAL AREA (After Assignment):            1332.231   1332.000                              
    
  Area Scores
                      Post-Scheduling  Post-DP & FSM Post-Assignment 
    ----------------- --------------- -------------- ---------------
    Total Area Score:   1467.9         1417.9          1332.2        
    Total Reg:             0.0            0.0             0.0        
                                                                     
    DataPath:           1467.9 (100%)  1417.9 (100%)   1332.2 (100%) 
      MUX:               905.8  (62%)   829.9  (59%)    746.2  (56%) 
      FUNC:              387.1  (26%)   381.1  (27%)    379.1  (28%) 
      LOGIC:             175.1  (12%)   206.9  (15%)    206.9  (16%) 
      BUFFER:              0.0            0.0             0.0        
      MEM:                 0.0            0.0             0.0        
      ROM:                 0.0            0.0             0.0        
      REG:                 0.0            0.0             0.0        
                                                                     
    
    FSM:                   0.0            0.0             0.0        
      FSM-REG:             0.0            0.0             0.0        
      FSM-COMB:            0.0            0.0             0.0        
                                                                     
    
  Register-to-Variable Mappings
    Register                      Size(bits) Gated Register CG Opt Done Variables                                             
    ----------------------------- ---------- -------------- ----------- -----------------------------------------------------
    regs.operator<<:din.lpi#1.dfm         90         Y                  regs.operator<<:din.lpi#1.dfm                         
    regs.regs(0).sva                      90         Y                  regs.regs(0).sva                                      
    regs.regs(1).sva                      90         Y                  regs.regs(1).sva                                      
    regs.regs(2).sva.sg1                  30         Y                  regs.regs(2).sva.sg1                                  
    vout:rsc:mgc_out_stdreg.d             30         Y                  vout:rsc:mgc_out_stdreg.d                             
    b(0).lpi#1                            16         Y                  b(0).lpi#1                                            
    b(1).lpi#1                            16         Y                  b(1).lpi#1                                            
    b(2).lpi#1                            16         Y                  b(2).lpi#1                                            
    blue.lpi#1                            16         Y                  blue.lpi#1                                            
    g(0).lpi#1                            16         Y                  g(0).lpi#1                                            
    g(1).lpi#1                            16         Y                  g(1).lpi#1                                            
    g(2).lpi#1                            16         Y                  g(2).lpi#1                                            
    green.lpi#1                           16         Y                  green.lpi#1                                           
    r(0).lpi#1                            16         Y                  r(0).lpi#1                                            
    r(1).lpi#1                            16         Y                  r(1).lpi#1                                            
    r(2).lpi#1                            16         Y                  r(2).lpi#1                                            
    red.lpi#1                             16         Y                  red.lpi#1                                             
    SHIFT:i#1.lpi#3                        2         Y                  SHIFT:i#1.lpi#3                                       
    i#3.lpi#1                              2         Y                  i#3.lpi#1                                             
    i#4.lpi#1                              2         Y                  i#4.lpi#1                                             
    exit:ACC1.lpi#1                        1         Y                  exit:ACC1.lpi#1                                       
    exit:ACC2.sva                          1         Y                  exit:ACC2.sva                                         
    exit:SHIFT.lpi#1                       1         Y                  exit:SHIFT.lpi#1                                      
                                                                                                                              
    Total:                               531            531           0 (Total Gating Ratio: 1.00, CG Opt Gating Ratio: 0.00) 
    
  Timing Report
    Critical Path
      Max Delay:  6.057683999999999
      Slack:      13.942316000000002
      
      Path                                                                  Startpoint                       Endpoint                                     Delay  Slack   
      --------------------------------------------------------------------- -------------------------------- -------------------------------------------- ------ -------
      1                                                                     sharpen1:core/reg(g(2).lpi#1)    sharpen1:core/reg(vout:rsc:mgc_out_stdreg.d) 6.0577 13.9423 
                                                                                                                                                                         
        Instance                                                            Component                                                                     Delta  Delay   
        --------                                                            ---------                                                                     -----  -----   
        sharpen1:core/reg(g(2).lpi#1)                                       mgc_reg_pos_16_1_0_0_0_1_1                                                    0.0000 0.0000  
        sharpen1:core/g(2).lpi#1                                                                                                                          0.0000 0.0000  
        sharpen1:core/and#25                                                mgc_and_16_2                                                                  0.2625 0.2625  
        sharpen1:core/g(2).lpi#1.dfm#1                                                                                                                    0.0000 0.2625  
        sharpen1:core/ACC2:mux#3                                            mgc_mux_16_2_4                                                                0.9364 1.1990  
        sharpen1:core/ACC2:mux#3.itm                                                                                                                      0.0000 1.1990  
        sharpen1:core/ACC2:acc#2                                            mgc_add_16_0_16_0_16                                                          1.6898 2.8887  
        sharpen1:core/green.sva#2                                                                                                                         0.0000 2.8887  
        sharpen1:core/slc(green.sva#1)                                                                                                                    0.0000 2.8887  
        sharpen1:core/slc(green.sva#1).itm                                                                                                                0.0000 2.8887  
        sharpen1:core/AbsAndMax#2:else:if:not                               mgc_not_15                                                                    0.0000 2.8887  
        sharpen1:core/AbsAndMax#2:else:if:not.itm                                                                                                         0.0000 2.8887  
        sharpen1:core/AbsAndMax#2:else:if:acc                               mgc_add_15_0_2_1_16                                                           1.4911 4.3798  
        sharpen1:core/AbsAndMax#2:else:if:acc.itm                                                                                                         0.0000 4.3798  
        sharpen1:core/AbsAndMax#2:mux1h                                     mgc_mux1hot_16_3                                                              0.7732 5.1530  
        sharpen1:core/AbsAndMax:AbsAndMax:return#2.lpi#1.dfm#1                                                                                            0.0000 5.1530  
        sharpen1:core/slc(AbsAndMax:AbsAndMax:return#2.lpi#1.dfm#1)                                                                                       0.0000 5.1530  
        sharpen1:core/slc(AbsAndMax:AbsAndMax:return#2.lpi#1.dfm#1).itm                                                                                   0.0000 5.1530  
        sharpen1:core/FRAME:exs                                                                                                                           0.0000 5.1530  
        sharpen1:core/FRAME:exs.itm                                                                                                                       0.0000 5.1530  
        sharpen1:core/FRAME:or                                              mgc_or_10_4                                                                   0.5358 5.6887  
        sharpen1:core/FRAME:or.itm                                                                                                                        0.0000 5.6887  
        sharpen1:core/FRAME:conc                                                                                                                          0.0000 5.6887  
        sharpen1:core/FRAME:conc.itm                                                                                                                      0.0000 5.6887  
        sharpen1:core/mux                                                   mgc_mux_30_1_2                                                                0.3690 6.0577  
        sharpen1:core/mux.itm                                                                                                                             0.0000 6.0577  
        sharpen1:core/reg(vout:rsc:mgc_out_stdreg.d)                        mgc_reg_pos_30_1_0_0_0_1_1                                                    0.0000 6.0577  
                                                                                                                                                                         
      2                                                                     sharpen1:core/reg(g(1).lpi#1)    sharpen1:core/reg(vout:rsc:mgc_out_stdreg.d) 6.0577 13.9423 
                                                                                                                                                                         
        Instance                                                            Component                                                                     Delta  Delay   
        --------                                                            ---------                                                                     -----  -----   
        sharpen1:core/reg(g(1).lpi#1)                                       mgc_reg_pos_16_1_0_0_0_1_1                                                    0.0000 0.0000  
        sharpen1:core/g(1).lpi#1                                                                                                                          0.0000 0.0000  
        sharpen1:core/and#26                                                mgc_and_16_2                                                                  0.2625 0.2625  
        sharpen1:core/g(1).lpi#1.dfm#1                                                                                                                    0.0000 0.2625  
        sharpen1:core/ACC2:mux#3                                            mgc_mux_16_2_4                                                                0.9364 1.1990  
        sharpen1:core/ACC2:mux#3.itm                                                                                                                      0.0000 1.1990  
        sharpen1:core/ACC2:acc#2                                            mgc_add_16_0_16_0_16                                                          1.6898 2.8887  
        sharpen1:core/green.sva#2                                                                                                                         0.0000 2.8887  
        sharpen1:core/slc(green.sva#1)                                                                                                                    0.0000 2.8887  
        sharpen1:core/slc(green.sva#1).itm                                                                                                                0.0000 2.8887  
        sharpen1:core/AbsAndMax#2:else:if:not                               mgc_not_15                                                                    0.0000 2.8887  
        sharpen1:core/AbsAndMax#2:else:if:not.itm                                                                                                         0.0000 2.8887  
        sharpen1:core/AbsAndMax#2:else:if:acc                               mgc_add_15_0_2_1_16                                                           1.4911 4.3798  
        sharpen1:core/AbsAndMax#2:else:if:acc.itm                                                                                                         0.0000 4.3798  
        sharpen1:core/AbsAndMax#2:mux1h                                     mgc_mux1hot_16_3                                                              0.7732 5.1530  
        sharpen1:core/AbsAndMax:AbsAndMax:return#2.lpi#1.dfm#1                                                                                            0.0000 5.1530  
        sharpen1:core/slc(AbsAndMax:AbsAndMax:return#2.lpi#1.dfm#1)                                                                                       0.0000 5.1530  
        sharpen1:core/slc(AbsAndMax:AbsAndMax:return#2.lpi#1.dfm#1).itm                                                                                   0.0000 5.1530  
        sharpen1:core/FRAME:exs                                                                                                                           0.0000 5.1530  
        sharpen1:core/FRAME:exs.itm                                                                                                                       0.0000 5.1530  
        sharpen1:core/FRAME:or                                              mgc_or_10_4                                                                   0.5358 5.6887  
        sharpen1:core/FRAME:or.itm                                                                                                                        0.0000 5.6887  
        sharpen1:core/FRAME:conc                                                                                                                          0.0000 5.6887  
        sharpen1:core/FRAME:conc.itm                                                                                                                      0.0000 5.6887  
        sharpen1:core/mux                                                   mgc_mux_30_1_2                                                                0.3690 6.0577  
        sharpen1:core/mux.itm                                                                                                                             0.0000 6.0577  
        sharpen1:core/reg(vout:rsc:mgc_out_stdreg.d)                        mgc_reg_pos_30_1_0_0_0_1_1                                                    0.0000 6.0577  
                                                                                                                                                                         
      3                                                                     sharpen1:core/reg(g(0).lpi#1)    sharpen1:core/reg(vout:rsc:mgc_out_stdreg.d) 6.0577 13.9423 
                                                                                                                                                                         
        Instance                                                            Component                                                                     Delta  Delay   
        --------                                                            ---------                                                                     -----  -----   
        sharpen1:core/reg(g(0).lpi#1)                                       mgc_reg_pos_16_1_0_0_0_1_1                                                    0.0000 0.0000  
        sharpen1:core/g(0).lpi#1                                                                                                                          0.0000 0.0000  
        sharpen1:core/and#27                                                mgc_and_16_2                                                                  0.2625 0.2625  
        sharpen1:core/g(0).lpi#1.dfm#1                                                                                                                    0.0000 0.2625  
        sharpen1:core/ACC2:mux#3                                            mgc_mux_16_2_4                                                                0.9364 1.1990  
        sharpen1:core/ACC2:mux#3.itm                                                                                                                      0.0000 1.1990  
        sharpen1:core/ACC2:acc#2                                            mgc_add_16_0_16_0_16                                                          1.6898 2.8887  
        sharpen1:core/green.sva#2                                                                                                                         0.0000 2.8887  
        sharpen1:core/slc(green.sva#1)                                                                                                                    0.0000 2.8887  
        sharpen1:core/slc(green.sva#1).itm                                                                                                                0.0000 2.8887  
        sharpen1:core/AbsAndMax#2:else:if:not                               mgc_not_15                                                                    0.0000 2.8887  
        sharpen1:core/AbsAndMax#2:else:if:not.itm                                                                                                         0.0000 2.8887  
        sharpen1:core/AbsAndMax#2:else:if:acc                               mgc_add_15_0_2_1_16                                                           1.4911 4.3798  
        sharpen1:core/AbsAndMax#2:else:if:acc.itm                                                                                                         0.0000 4.3798  
        sharpen1:core/AbsAndMax#2:mux1h                                     mgc_mux1hot_16_3                                                              0.7732 5.1530  
        sharpen1:core/AbsAndMax:AbsAndMax:return#2.lpi#1.dfm#1                                                                                            0.0000 5.1530  
        sharpen1:core/slc(AbsAndMax:AbsAndMax:return#2.lpi#1.dfm#1)                                                                                       0.0000 5.1530  
        sharpen1:core/slc(AbsAndMax:AbsAndMax:return#2.lpi#1.dfm#1).itm                                                                                   0.0000 5.1530  
        sharpen1:core/FRAME:exs                                                                                                                           0.0000 5.1530  
        sharpen1:core/FRAME:exs.itm                                                                                                                       0.0000 5.1530  
        sharpen1:core/FRAME:or                                              mgc_or_10_4                                                                   0.5358 5.6887  
        sharpen1:core/FRAME:or.itm                                                                                                                        0.0000 5.6887  
        sharpen1:core/FRAME:conc                                                                                                                          0.0000 5.6887  
        sharpen1:core/FRAME:conc.itm                                                                                                                      0.0000 5.6887  
        sharpen1:core/mux                                                   mgc_mux_30_1_2                                                                0.3690 6.0577  
        sharpen1:core/mux.itm                                                                                                                             0.0000 6.0577  
        sharpen1:core/reg(vout:rsc:mgc_out_stdreg.d)                        mgc_reg_pos_30_1_0_0_0_1_1                                                    0.0000 6.0577  
                                                                                                                                                                         
      4                                                                     sharpen1:core/reg(exit:ACC2.sva) sharpen1:core/reg(vout:rsc:mgc_out_stdreg.d) 6.0577 13.9423 
                                                                                                                                                                         
        Instance                                                            Component                                                                     Delta  Delay   
        --------                                                            ---------                                                                     -----  -----   
        sharpen1:core/reg(exit:ACC2.sva)                                    mgc_reg_pos_1_1_0_0_0_1_1                                                     0.0000 0.0000  
        sharpen1:core/exit:ACC2.sva                                                                                                                       0.0000 0.0000  
        sharpen1:core/not#118                                               mgc_not_1                                                                     0.0000 0.0000  
        sharpen1:core/not#118.itm                                                                                                                         0.0000 0.0000  
        sharpen1:core/exs#7                                                                                                                               0.0000 0.0000  
        sharpen1:core/exs#7.itm                                                                                                                           0.0000 0.0000  
        sharpen1:core/and#25                                                mgc_and_16_2                                                                  0.2625 0.2625  
        sharpen1:core/g(2).lpi#1.dfm#1                                                                                                                    0.0000 0.2625  
        sharpen1:core/ACC2:mux#3                                            mgc_mux_16_2_4                                                                0.9364 1.1990  
        sharpen1:core/ACC2:mux#3.itm                                                                                                                      0.0000 1.1990  
        sharpen1:core/ACC2:acc#2                                            mgc_add_16_0_16_0_16                                                          1.6898 2.8887  
        sharpen1:core/green.sva#2                                                                                                                         0.0000 2.8887  
        sharpen1:core/slc(green.sva#1)                                                                                                                    0.0000 2.8887  
        sharpen1:core/slc(green.sva#1).itm                                                                                                                0.0000 2.8887  
        sharpen1:core/AbsAndMax#2:else:if:not                               mgc_not_15                                                                    0.0000 2.8887  
        sharpen1:core/AbsAndMax#2:else:if:not.itm                                                                                                         0.0000 2.8887  
        sharpen1:core/AbsAndMax#2:else:if:acc                               mgc_add_15_0_2_1_16                                                           1.4911 4.3798  
        sharpen1:core/AbsAndMax#2:else:if:acc.itm                                                                                                         0.0000 4.3798  
        sharpen1:core/AbsAndMax#2:mux1h                                     mgc_mux1hot_16_3                                                              0.7732 5.1530  
        sharpen1:core/AbsAndMax:AbsAndMax:return#2.lpi#1.dfm#1                                                                                            0.0000 5.1530  
        sharpen1:core/slc(AbsAndMax:AbsAndMax:return#2.lpi#1.dfm#1)                                                                                       0.0000 5.1530  
        sharpen1:core/slc(AbsAndMax:AbsAndMax:return#2.lpi#1.dfm#1).itm                                                                                   0.0000 5.1530  
        sharpen1:core/FRAME:exs                                                                                                                           0.0000 5.1530  
        sharpen1:core/FRAME:exs.itm                                                                                                                       0.0000 5.1530  
        sharpen1:core/FRAME:or                                              mgc_or_10_4                                                                   0.5358 5.6887  
        sharpen1:core/FRAME:or.itm                                                                                                                        0.0000 5.6887  
        sharpen1:core/FRAME:conc                                                                                                                          0.0000 5.6887  
        sharpen1:core/FRAME:conc.itm                                                                                                                      0.0000 5.6887  
        sharpen1:core/mux                                                   mgc_mux_30_1_2                                                                0.3690 6.0577  
        sharpen1:core/mux.itm                                                                                                                             0.0000 6.0577  
        sharpen1:core/reg(vout:rsc:mgc_out_stdreg.d)                        mgc_reg_pos_30_1_0_0_0_1_1                                                    0.0000 6.0577  
                                                                                                                                                                         
      5                                                                     sharpen1:core/reg(exit:ACC2.sva) sharpen1:core/reg(vout:rsc:mgc_out_stdreg.d) 6.0577 13.9423 
                                                                                                                                                                         
        Instance                                                            Component                                                                     Delta  Delay   
        --------                                                            ---------                                                                     -----  -----   
        sharpen1:core/reg(exit:ACC2.sva)                                    mgc_reg_pos_1_1_0_0_0_1_1                                                     0.0000 0.0000  
        sharpen1:core/exit:ACC2.sva                                                                                                                       0.0000 0.0000  
        sharpen1:core/not#119                                               mgc_not_1                                                                     0.0000 0.0000  
        sharpen1:core/not#119.itm                                                                                                                         0.0000 0.0000  
        sharpen1:core/exs#8                                                                                                                               0.0000 0.0000  
        sharpen1:core/exs#8.itm                                                                                                                           0.0000 0.0000  
        sharpen1:core/and#26                                                mgc_and_16_2                                                                  0.2625 0.2625  
        sharpen1:core/g(1).lpi#1.dfm#1                                                                                                                    0.0000 0.2625  
        sharpen1:core/ACC2:mux#3                                            mgc_mux_16_2_4                                                                0.9364 1.1990  
        sharpen1:core/ACC2:mux#3.itm                                                                                                                      0.0000 1.1990  
        sharpen1:core/ACC2:acc#2                                            mgc_add_16_0_16_0_16                                                          1.6898 2.8887  
        sharpen1:core/green.sva#2                                                                                                                         0.0000 2.8887  
        sharpen1:core/slc(green.sva#1)                                                                                                                    0.0000 2.8887  
        sharpen1:core/slc(green.sva#1).itm                                                                                                                0.0000 2.8887  
        sharpen1:core/AbsAndMax#2:else:if:not                               mgc_not_15                                                                    0.0000 2.8887  
        sharpen1:core/AbsAndMax#2:else:if:not.itm                                                                                                         0.0000 2.8887  
        sharpen1:core/AbsAndMax#2:else:if:acc                               mgc_add_15_0_2_1_16                                                           1.4911 4.3798  
        sharpen1:core/AbsAndMax#2:else:if:acc.itm                                                                                                         0.0000 4.3798  
        sharpen1:core/AbsAndMax#2:mux1h                                     mgc_mux1hot_16_3                                                              0.7732 5.1530  
        sharpen1:core/AbsAndMax:AbsAndMax:return#2.lpi#1.dfm#1                                                                                            0.0000 5.1530  
        sharpen1:core/slc(AbsAndMax:AbsAndMax:return#2.lpi#1.dfm#1)                                                                                       0.0000 5.1530  
        sharpen1:core/slc(AbsAndMax:AbsAndMax:return#2.lpi#1.dfm#1).itm                                                                                   0.0000 5.1530  
        sharpen1:core/FRAME:exs                                                                                                                           0.0000 5.1530  
        sharpen1:core/FRAME:exs.itm                                                                                                                       0.0000 5.1530  
        sharpen1:core/FRAME:or                                              mgc_or_10_4                                                                   0.5358 5.6887  
        sharpen1:core/FRAME:or.itm                                                                                                                        0.0000 5.6887  
        sharpen1:core/FRAME:conc                                                                                                                          0.0000 5.6887  
        sharpen1:core/FRAME:conc.itm                                                                                                                      0.0000 5.6887  
        sharpen1:core/mux                                                   mgc_mux_30_1_2                                                                0.3690 6.0577  
        sharpen1:core/mux.itm                                                                                                                             0.0000 6.0577  
        sharpen1:core/reg(vout:rsc:mgc_out_stdreg.d)                        mgc_reg_pos_30_1_0_0_0_1_1                                                    0.0000 6.0577  
                                                                                                                                                                         
      6                                                                     sharpen1:core/reg(exit:ACC2.sva) sharpen1:core/reg(vout:rsc:mgc_out_stdreg.d) 6.0577 13.9423 
                                                                                                                                                                         
        Instance                                                            Component                                                                     Delta  Delay   
        --------                                                            ---------                                                                     -----  -----   
        sharpen1:core/reg(exit:ACC2.sva)                                    mgc_reg_pos_1_1_0_0_0_1_1                                                     0.0000 0.0000  
        sharpen1:core/exit:ACC2.sva                                                                                                                       0.0000 0.0000  
        sharpen1:core/not#120                                               mgc_not_1                                                                     0.0000 0.0000  
        sharpen1:core/not#120.itm                                                                                                                         0.0000 0.0000  
        sharpen1:core/exs#9                                                                                                                               0.0000 0.0000  
        sharpen1:core/exs#9.itm                                                                                                                           0.0000 0.0000  
        sharpen1:core/and#27                                                mgc_and_16_2                                                                  0.2625 0.2625  
        sharpen1:core/g(0).lpi#1.dfm#1                                                                                                                    0.0000 0.2625  
        sharpen1:core/ACC2:mux#3                                            mgc_mux_16_2_4                                                                0.9364 1.1990  
        sharpen1:core/ACC2:mux#3.itm                                                                                                                      0.0000 1.1990  
        sharpen1:core/ACC2:acc#2                                            mgc_add_16_0_16_0_16                                                          1.6898 2.8887  
        sharpen1:core/green.sva#2                                                                                                                         0.0000 2.8887  
        sharpen1:core/slc(green.sva#1)                                                                                                                    0.0000 2.8887  
        sharpen1:core/slc(green.sva#1).itm                                                                                                                0.0000 2.8887  
        sharpen1:core/AbsAndMax#2:else:if:not                               mgc_not_15                                                                    0.0000 2.8887  
        sharpen1:core/AbsAndMax#2:else:if:not.itm                                                                                                         0.0000 2.8887  
        sharpen1:core/AbsAndMax#2:else:if:acc                               mgc_add_15_0_2_1_16                                                           1.4911 4.3798  
        sharpen1:core/AbsAndMax#2:else:if:acc.itm                                                                                                         0.0000 4.3798  
        sharpen1:core/AbsAndMax#2:mux1h                                     mgc_mux1hot_16_3                                                              0.7732 5.1530  
        sharpen1:core/AbsAndMax:AbsAndMax:return#2.lpi#1.dfm#1                                                                                            0.0000 5.1530  
        sharpen1:core/slc(AbsAndMax:AbsAndMax:return#2.lpi#1.dfm#1)                                                                                       0.0000 5.1530  
        sharpen1:core/slc(AbsAndMax:AbsAndMax:return#2.lpi#1.dfm#1).itm                                                                                   0.0000 5.1530  
        sharpen1:core/FRAME:exs                                                                                                                           0.0000 5.1530  
        sharpen1:core/FRAME:exs.itm                                                                                                                       0.0000 5.1530  
        sharpen1:core/FRAME:or                                              mgc_or_10_4                                                                   0.5358 5.6887  
        sharpen1:core/FRAME:or.itm                                                                                                                        0.0000 5.6887  
        sharpen1:core/FRAME:conc                                                                                                                          0.0000 5.6887  
        sharpen1:core/FRAME:conc.itm                                                                                                                      0.0000 5.6887  
        sharpen1:core/mux                                                   mgc_mux_30_1_2                                                                0.3690 6.0577  
        sharpen1:core/mux.itm                                                                                                                             0.0000 6.0577  
        sharpen1:core/reg(vout:rsc:mgc_out_stdreg.d)                        mgc_reg_pos_30_1_0_0_0_1_1                                                    0.0000 6.0577  
                                                                                                                                                                         
      7                                                                     sharpen1:core/reg(b(2).lpi#1)    sharpen1:core/reg(vout:rsc:mgc_out_stdreg.d) 5.9160 14.0840 
                                                                                                                                                                         
        Instance                                                            Component                                                                     Delta  Delay   
        --------                                                            ---------                                                                     -----  -----   
        sharpen1:core/reg(b(2).lpi#1)                                       mgc_reg_pos_16_1_0_0_0_1_1                                                    0.0000 0.0000  
        sharpen1:core/b(2).lpi#1                                                                                                                          0.0000 0.0000  
        sharpen1:core/and#21                                                mgc_and_16_2                                                                  0.2625 0.2625  
        sharpen1:core/b(2).lpi#1.dfm                                                                                                                      0.0000 0.2625  
        sharpen1:core/ACC2:mux#4                                            mgc_mux_16_2_4                                                                0.9364 1.1990  
        sharpen1:core/ACC2:mux#4.itm                                                                                                                      0.0000 1.1990  
        sharpen1:core/ACC2:acc#3                                            mgc_add_16_0_16_0_16                                                          1.6898 2.8887  
        sharpen1:core/ACC2:acc#3.tmp                                                                                                                      0.0000 2.8887  
        sharpen1:core/slc(blue.sva#1)                                                                                                                     0.0000 2.8887  
        sharpen1:core/slc(blue.sva#1).itm                                                                                                                 0.0000 2.8887  
        sharpen1:core/AbsAndMax#1:else:if:not                               mgc_not_15                                                                    0.0000 2.8887  
        sharpen1:core/AbsAndMax#1:else:if:not.itm                                                                                                         0.0000 2.8887  
        sharpen1:core/AbsAndMax#1:else:if:acc                               mgc_add_15_0_2_1_16                                                           1.4911 4.3798  
        sharpen1:core/AbsAndMax#1:else:if:acc.itm                                                                                                         0.0000 4.3798  
        sharpen1:core/mux#1                                                 mgc_mux_16_1_2                                                                0.3690 4.7488  
        sharpen1:core/AbsAndMax:AbsAndMax:return#1.lpi#1.dfm:mx0                                                                                          0.0000 4.7488  
        sharpen1:core/slc(AbsAndMax:AbsAndMax:return#1.lpi#1.dfm:mx0)#2                                                                                   0.0000 4.7488  
        sharpen1:core/slc(AbsAndMax:AbsAndMax:return#1.lpi#1.dfm:mx0)#2.itm                                                                               0.0000 4.7488  
        sharpen1:core/AbsAndMax#1:and#1                                     mgc_and_1_2                                                                   0.2625 5.0113  
        sharpen1:core/AbsAndMax#1:and.seb                                                                                                                 0.0000 5.0113  
        sharpen1:core/FRAME:exs#2                                                                                                                         0.0000 5.0113  
        sharpen1:core/FRAME:exs#2.itm                                                                                                                     0.0000 5.0113  
        sharpen1:core/FRAME:or                                              mgc_or_10_4                                                                   0.5358 5.5470  
        sharpen1:core/FRAME:or.itm                                                                                                                        0.0000 5.5470  
        sharpen1:core/FRAME:conc                                                                                                                          0.0000 5.5470  
        sharpen1:core/FRAME:conc.itm                                                                                                                      0.0000 5.5470  
        sharpen1:core/mux                                                   mgc_mux_30_1_2                                                                0.3690 5.9160  
        sharpen1:core/mux.itm                                                                                                                             0.0000 5.9160  
        sharpen1:core/reg(vout:rsc:mgc_out_stdreg.d)                        mgc_reg_pos_30_1_0_0_0_1_1                                                    0.0000 5.9160  
                                                                                                                                                                         
      8                                                                     sharpen1:core/reg(b(0).lpi#1)    sharpen1:core/reg(vout:rsc:mgc_out_stdreg.d) 5.9160 14.0840 
                                                                                                                                                                         
        Instance                                                            Component                                                                     Delta  Delay   
        --------                                                            ---------                                                                     -----  -----   
        sharpen1:core/reg(b(0).lpi#1)                                       mgc_reg_pos_16_1_0_0_0_1_1                                                    0.0000 0.0000  
        sharpen1:core/b(0).lpi#1                                                                                                                          0.0000 0.0000  
        sharpen1:core/and#23                                                mgc_and_16_2                                                                  0.2625 0.2625  
        sharpen1:core/b(0).lpi#1.dfm                                                                                                                      0.0000 0.2625  
        sharpen1:core/ACC2:mux#4                                            mgc_mux_16_2_4                                                                0.9364 1.1990  
        sharpen1:core/ACC2:mux#4.itm                                                                                                                      0.0000 1.1990  
        sharpen1:core/ACC2:acc#3                                            mgc_add_16_0_16_0_16                                                          1.6898 2.8887  
        sharpen1:core/ACC2:acc#3.tmp                                                                                                                      0.0000 2.8887  
        sharpen1:core/slc(blue.sva#1)                                                                                                                     0.0000 2.8887  
        sharpen1:core/slc(blue.sva#1).itm                                                                                                                 0.0000 2.8887  
        sharpen1:core/AbsAndMax#1:else:if:not                               mgc_not_15                                                                    0.0000 2.8887  
        sharpen1:core/AbsAndMax#1:else:if:not.itm                                                                                                         0.0000 2.8887  
        sharpen1:core/AbsAndMax#1:else:if:acc                               mgc_add_15_0_2_1_16                                                           1.4911 4.3798  
        sharpen1:core/AbsAndMax#1:else:if:acc.itm                                                                                                         0.0000 4.3798  
        sharpen1:core/mux#1                                                 mgc_mux_16_1_2                                                                0.3690 4.7488  
        sharpen1:core/AbsAndMax:AbsAndMax:return#1.lpi#1.dfm:mx0                                                                                          0.0000 4.7488  
        sharpen1:core/slc(AbsAndMax:AbsAndMax:return#1.lpi#1.dfm:mx0)#2                                                                                   0.0000 4.7488  
        sharpen1:core/slc(AbsAndMax:AbsAndMax:return#1.lpi#1.dfm:mx0)#2.itm                                                                               0.0000 4.7488  
        sharpen1:core/AbsAndMax#1:and#1                                     mgc_and_1_2                                                                   0.2625 5.0113  
        sharpen1:core/AbsAndMax#1:and.seb                                                                                                                 0.0000 5.0113  
        sharpen1:core/FRAME:exs#2                                                                                                                         0.0000 5.0113  
        sharpen1:core/FRAME:exs#2.itm                                                                                                                     0.0000 5.0113  
        sharpen1:core/FRAME:or                                              mgc_or_10_4                                                                   0.5358 5.5470  
        sharpen1:core/FRAME:or.itm                                                                                                                        0.0000 5.5470  
        sharpen1:core/FRAME:conc                                                                                                                          0.0000 5.5470  
        sharpen1:core/FRAME:conc.itm                                                                                                                      0.0000 5.5470  
        sharpen1:core/mux                                                   mgc_mux_30_1_2                                                                0.3690 5.9160  
        sharpen1:core/mux.itm                                                                                                                             0.0000 5.9160  
        sharpen1:core/reg(vout:rsc:mgc_out_stdreg.d)                        mgc_reg_pos_30_1_0_0_0_1_1                                                    0.0000 5.9160  
                                                                                                                                                                         
      9                                                                     sharpen1:core/reg(b(1).lpi#1)    sharpen1:core/reg(vout:rsc:mgc_out_stdreg.d) 5.9160 14.0840 
                                                                                                                                                                         
        Instance                                                            Component                                                                     Delta  Delay   
        --------                                                            ---------                                                                     -----  -----   
        sharpen1:core/reg(b(1).lpi#1)                                       mgc_reg_pos_16_1_0_0_0_1_1                                                    0.0000 0.0000  
        sharpen1:core/b(1).lpi#1                                                                                                                          0.0000 0.0000  
        sharpen1:core/and#22                                                mgc_and_16_2                                                                  0.2625 0.2625  
        sharpen1:core/b(1).lpi#1.dfm                                                                                                                      0.0000 0.2625  
        sharpen1:core/ACC2:mux#4                                            mgc_mux_16_2_4                                                                0.9364 1.1990  
        sharpen1:core/ACC2:mux#4.itm                                                                                                                      0.0000 1.1990  
        sharpen1:core/ACC2:acc#3                                            mgc_add_16_0_16_0_16                                                          1.6898 2.8887  
        sharpen1:core/ACC2:acc#3.tmp                                                                                                                      0.0000 2.8887  
        sharpen1:core/slc(blue.sva#1)                                                                                                                     0.0000 2.8887  
        sharpen1:core/slc(blue.sva#1).itm                                                                                                                 0.0000 2.8887  
        sharpen1:core/AbsAndMax#1:else:if:not                               mgc_not_15                                                                    0.0000 2.8887  
        sharpen1:core/AbsAndMax#1:else:if:not.itm                                                                                                         0.0000 2.8887  
        sharpen1:core/AbsAndMax#1:else:if:acc                               mgc_add_15_0_2_1_16                                                           1.4911 4.3798  
        sharpen1:core/AbsAndMax#1:else:if:acc.itm                                                                                                         0.0000 4.3798  
        sharpen1:core/mux#1                                                 mgc_mux_16_1_2                                                                0.3690 4.7488  
        sharpen1:core/AbsAndMax:AbsAndMax:return#1.lpi#1.dfm:mx0                                                                                          0.0000 4.7488  
        sharpen1:core/slc(AbsAndMax:AbsAndMax:return#1.lpi#1.dfm:mx0)#2                                                                                   0.0000 4.7488  
        sharpen1:core/slc(AbsAndMax:AbsAndMax:return#1.lpi#1.dfm:mx0)#2.itm                                                                               0.0000 4.7488  
        sharpen1:core/AbsAndMax#1:and#1                                     mgc_and_1_2                                                                   0.2625 5.0113  
        sharpen1:core/AbsAndMax#1:and.seb                                                                                                                 0.0000 5.0113  
        sharpen1:core/FRAME:exs#2                                                                                                                         0.0000 5.0113  
        sharpen1:core/FRAME:exs#2.itm                                                                                                                     0.0000 5.0113  
        sharpen1:core/FRAME:or                                              mgc_or_10_4                                                                   0.5358 5.5470  
        sharpen1:core/FRAME:or.itm                                                                                                                        0.0000 5.5470  
        sharpen1:core/FRAME:conc                                                                                                                          0.0000 5.5470  
        sharpen1:core/FRAME:conc.itm                                                                                                                      0.0000 5.5470  
        sharpen1:core/mux                                                   mgc_mux_30_1_2                                                                0.3690 5.9160  
        sharpen1:core/mux.itm                                                                                                                             0.0000 5.9160  
        sharpen1:core/reg(vout:rsc:mgc_out_stdreg.d)                        mgc_reg_pos_30_1_0_0_0_1_1                                                    0.0000 5.9160  
                                                                                                                                                                         
      10                                                                    sharpen1:core/reg(exit:ACC2.sva) sharpen1:core/reg(vout:rsc:mgc_out_stdreg.d) 5.9160 14.0840 
                                                                                                                                                                         
        Instance                                                            Component                                                                     Delta  Delay   
        --------                                                            ---------                                                                     -----  -----   
        sharpen1:core/reg(exit:ACC2.sva)                                    mgc_reg_pos_1_1_0_0_0_1_1                                                     0.0000 0.0000  
        sharpen1:core/exit:ACC2.sva                                                                                                                       0.0000 0.0000  
        sharpen1:core/not#114                                               mgc_not_1                                                                     0.0000 0.0000  
        sharpen1:core/not#114.itm                                                                                                                         0.0000 0.0000  
        sharpen1:core/exs#3                                                                                                                               0.0000 0.0000  
        sharpen1:core/exs#3.itm                                                                                                                           0.0000 0.0000  
        sharpen1:core/and#21                                                mgc_and_16_2                                                                  0.2625 0.2625  
        sharpen1:core/b(2).lpi#1.dfm                                                                                                                      0.0000 0.2625  
        sharpen1:core/ACC2:mux#4                                            mgc_mux_16_2_4                                                                0.9364 1.1990  
        sharpen1:core/ACC2:mux#4.itm                                                                                                                      0.0000 1.1990  
        sharpen1:core/ACC2:acc#3                                            mgc_add_16_0_16_0_16                                                          1.6898 2.8887  
        sharpen1:core/ACC2:acc#3.tmp                                                                                                                      0.0000 2.8887  
        sharpen1:core/slc(blue.sva#1)                                                                                                                     0.0000 2.8887  
        sharpen1:core/slc(blue.sva#1).itm                                                                                                                 0.0000 2.8887  
        sharpen1:core/AbsAndMax#1:else:if:not                               mgc_not_15                                                                    0.0000 2.8887  
        sharpen1:core/AbsAndMax#1:else:if:not.itm                                                                                                         0.0000 2.8887  
        sharpen1:core/AbsAndMax#1:else:if:acc                               mgc_add_15_0_2_1_16                                                           1.4911 4.3798  
        sharpen1:core/AbsAndMax#1:else:if:acc.itm                                                                                                         0.0000 4.3798  
        sharpen1:core/mux#1                                                 mgc_mux_16_1_2                                                                0.3690 4.7488  
        sharpen1:core/AbsAndMax:AbsAndMax:return#1.lpi#1.dfm:mx0                                                                                          0.0000 4.7488  
        sharpen1:core/slc(AbsAndMax:AbsAndMax:return#1.lpi#1.dfm:mx0)#2                                                                                   0.0000 4.7488  
        sharpen1:core/slc(AbsAndMax:AbsAndMax:return#1.lpi#1.dfm:mx0)#2.itm                                                                               0.0000 4.7488  
        sharpen1:core/AbsAndMax#1:and#1                                     mgc_and_1_2                                                                   0.2625 5.0113  
        sharpen1:core/AbsAndMax#1:and.seb                                                                                                                 0.0000 5.0113  
        sharpen1:core/FRAME:exs#2                                                                                                                         0.0000 5.0113  
        sharpen1:core/FRAME:exs#2.itm                                                                                                                     0.0000 5.0113  
        sharpen1:core/FRAME:or                                              mgc_or_10_4                                                                   0.5358 5.5470  
        sharpen1:core/FRAME:or.itm                                                                                                                        0.0000 5.5470  
        sharpen1:core/FRAME:conc                                                                                                                          0.0000 5.5470  
        sharpen1:core/FRAME:conc.itm                                                                                                                      0.0000 5.5470  
        sharpen1:core/mux                                                   mgc_mux_30_1_2                                                                0.3690 5.9160  
        sharpen1:core/mux.itm                                                                                                                             0.0000 5.9160  
        sharpen1:core/reg(vout:rsc:mgc_out_stdreg.d)                        mgc_reg_pos_30_1_0_0_0_1_1                                                    0.0000 5.9160  
                                                                                                                                                                         
      
    Register Input and Register-to-Output Slack
      Clock period or pin-to-reg delay constraint (clk): 20.0
      Clock uncertainty constraint (clk)               : 0.0
      
      Instance                                         Port                                Slack (Delay) Messages 
      ------------------------------------------------ --------------------------------- ------- ------- --------
      sharpen1:core/reg(vout:rsc:mgc_out_stdreg.d)     mux.itm                           13.9423  6.0577          
      sharpen1:core/reg(i#3.lpi#1)                     nor#15.itm                        17.1040  2.8960          
      sharpen1:core/reg(i#4.lpi#1)                     nor#17.itm                        17.5018  2.4982          
      sharpen1:core/reg(exit:SHIFT.lpi#1)              mux#3.itm                         18.6043  1.3957          
      sharpen1:core/reg(exit:ACC2.sva)                 ACC1:and#19.itm                   18.2737  1.7263          
      sharpen1:core/reg(exit:ACC1.lpi#1)               mux#4.itm                         17.9518  2.0482          
      sharpen1:core/reg(SHIFT:i#1.lpi#3)               mux#5.itm                         18.6043  1.3957          
      sharpen1:core/reg(b(2).lpi#1)                    mux#6.itm                         17.6086  2.3914          
      sharpen1:core/reg(b(1).lpi#1)                    SHIFT:mux1h#4.itm                 16.2321  3.7679          
      sharpen1:core/reg(b(0).lpi#1)                    mux#7.itm                         17.6086  2.3914          
      sharpen1:core/reg(g(2).lpi#1)                    mux#8.itm                         17.6086  2.3914          
      sharpen1:core/reg(g(1).lpi#1)                    SHIFT:mux1h#3.itm                 16.2321  3.7679          
      sharpen1:core/reg(g(0).lpi#1)                    mux#9.itm                         17.6086  2.3914          
      sharpen1:core/reg(r(2).lpi#1)                    mux#10.itm                        17.6086  2.3914          
      sharpen1:core/reg(r(1).lpi#1)                    SHIFT:mux1h#2.itm                 16.2321  3.7679          
      sharpen1:core/reg(r(0).lpi#1)                    mux#11.itm                        17.6086  2.3914          
      sharpen1:core/reg(blue.lpi#1)                    mux#12.itm                        16.7423  3.2577          
      sharpen1:core/reg(green.lpi#1)                   mux#13.itm                        16.7423  3.2577          
      sharpen1:core/reg(red.lpi#1)                     mux#14.itm                        16.7423  3.2577          
      sharpen1:core/reg(regs.regs(0).sva)              mux#15.itm                        18.8375  1.1625          
      sharpen1:core/reg(regs.regs(2).sva.sg1)          mux#16.itm                        18.8375  1.1625          
      sharpen1:core/reg(regs.regs(1).sva)              mux#17.itm                        18.9942  1.0058          
      sharpen1:core/reg(regs.operator<<:din.lpi#1.dfm) regs.operator<<:din.lpi#1.dfm:mx0 19.2621  0.7379          
      sharpen1                                         vout:rsc.z                        20.0000  0.0000          
      
  Operator Bitwidth Summary
    Operation  Size (bits) Count 
    ---------- ----------- -----
    add                          
    -                   17     9 
    -                   16     8 
    -                   11     3 
    -                   10     1 
    -                    7     3 
    -                    2     5 
    and                          
    -                    3     2 
    -                    2    27 
    mux                          
    -                    2     3 
    -                    1    27 
    mux1h                        
    -                    3     4 
    nand                         
    -                    2     6 
    nor                          
    -                    3     1 
    -                    2     9 
    not                          
    -                   15     2 
    -                   10    10 
    -                    6     3 
    -                    1    32 
    or                           
    -                    4     2 
    -                    3     3 
    -                    2     6 
    read_port                    
    -                   90     1 
    reg                          
    -                   90     3 
    -                   30     2 
    -                   16    12 
    -                    2     3 
    -                    1     3 
    write_port                   
    -                   30     1 
    
  End of Report
