-- Catapult University Version: Report                                              
-- ---------------------------- ---------------------------------------------------
-- Version:                     2011a.126 Production Release                        
-- Build Date:                  Wed Aug  8 00:52:07 PDT 2012                        
                                                                                    
-- Generated by:                jb914@EEWS104A-014                                  
-- Generated date:              Wed May 06 12:26:49 +0100 2015                      

Solution Settings: red_tint.v5
  Current state: extract
  Project: MouseTintRed
  
  Design Input Files Specified
    $PROJECT_HOME/edge.h
      $MGC_HOME/shared/include/ac_int.h
    $PROJECT_HOME/MouseTintRed.c
      $MGC_HOME/shared/include/ac_fixed.h
        $MGC_HOME/shared/include/ac_int.h
      $PROJECT_HOME/edge.h
      $PROJECT_HOME/shift_class.h
    $PROJECT_HOME/shift_class.h
  
  Processes/Blocks in Design
    Process        Real Operation(s) count Latency Throughput Reset Length II Comments 
    -------------- ----------------------- ------- ---------- ------------ -- --------
    /red_tint/core                      21       1          1            0  1          
    Design Total:                       21       1          1            0  1          
    
  Bill Of Materials (Datapath)
    Component Name                          Area Score Area(LUTs) Delay Post Alloc Post Assign 
    --------------------------------------- ---------- ---------- ----- ---------- -----------
    [Lib: mgc_Altera-Cyclone-III-6_beh_psr]                                                    
    mgc_add(11,0,11,1,13)                       12.000     12.000 1.043          2           2 
    mgc_add(8,0,6,0,8)                           9.266      9.266 1.167          1           1 
    mgc_add(9,0,8,1,9)                          10.000     10.000 1.235          1           1 
    mgc_and(10,2)                                7.298      7.298 0.263          5           3 
    mgc_nor(10,2)                                7.298      7.298 0.263          0           4 
    mgc_not(2)                                   0.000      0.000 0.000          0           2 
    mgc_not(8)                                   0.000      0.000 0.000          0           3 
    mgc_or(10,2)                                 7.298      7.298 0.268          2           0 
    mgc_reg_pos(10,1,0,0,0,1,1)                  0.000      0.000 0.000          0           3 
    [Lib: mgc_ioport]                                                                          
    mgc_in_wire(1,30)                            0.000      0.000 0.000          1           1 
    mgc_in_wire(3,20)                            0.000      0.000 0.000          1           1 
    mgc_out_stdreg(2,30)                         0.000      0.000 0.000          1           1 
                                                                                               
    TOTAL AREA (After Assignment):              94.354     94.000                              
    
  Area Scores
                      Post-Scheduling Post-DP & FSM Post-Assignment 
    ----------------- --------------- ------------- ---------------
    Total Area Score:     94.4          94.4            94.4        
    Total Reg:             0.0           0.0             0.0        
                                                                    
    DataPath:             94.4 (100%)   94.4 (100%)     94.4 (100%) 
      MUX:                 0.0           0.0             0.0        
      FUNC:               43.3  (46%)   43.3  (46%)     43.3  (46%) 
      LOGIC:              51.1  (54%)   51.1  (54%)     51.1  (54%) 
      BUFFER:              0.0           0.0             0.0        
      MEM:                 0.0           0.0             0.0        
      ROM:                 0.0           0.0             0.0        
      REG:                 0.0           0.0             0.0        
                                                                    
    
    FSM:                   0.0           0.0             0.0        
      FSM-REG:             0.0           0.0             0.0        
      FSM-COMB:            0.0           0.0             0.0        
                                                                    
    
  Register-to-Variable Mappings
    Register                                  Size(bits) Gated Register CG Opt Done Variables                                             
    ----------------------------------------- ---------- -------------- ----------- -----------------------------------------------------
    reg(video_out:rsc:mgc_out_stdreg.d).tmp           10         Y                  reg(video_out:rsc:mgc_out_stdreg.d).tmp               
    reg(video_out:rsc:mgc_out_stdreg.d).tmp#1         10         Y                  reg(video_out:rsc:mgc_out_stdreg.d).tmp#1             
    reg(video_out:rsc:mgc_out_stdreg.d).tmp#2         10         Y                  reg(video_out:rsc:mgc_out_stdreg.d).tmp#2             
                                                                                                                                          
    Total:                                            30             30           0 (Total Gating Ratio: 1.00, CG Opt Gating Ratio: 0.00) 
    
  Timing Report
    Critical Path
      Max Delay:  2.9980690000000005
      Slack:      34.038968037
      
      Path                                                  Startpoint                               Endpoint                                            Delay  Slack   
      ----------------------------------------------------- ---------------------------------------- --------------------------------------------------- ------ -------
      1                                                     red_tint:core/mouse_xy:rsc:mgc_in_wire.d red_tint:core/reg(video_out:rsc:mgc_out_stdreg.d)#1 2.9981 34.0390 
                                                                                                                                                                        
        Instance                                            Component                                                                                    Delta  Delay   
        --------                                            ---------                                                                                    -----  -----   
        red_tint:core/mouse_xy:rsc:mgc_in_wire.d                                                                                                         0.0000 0.0000  
        red_tint:core/slc#6                                                                                                                              0.0000 0.0000  
        red_tint:core/slc#6.itm                                                                                                                          0.0000 0.0000  
        red_tint:core/acc#1                                 mgc_add_8_0_6_0_8                                                                            1.1671 1.1671  
        red_tint:core/acc#1.psp.sva                                                                                                                      0.0000 1.1671  
        red_tint:core/if:not#8                              mgc_not_8                                                                                    0.0000 1.1671  
        red_tint:core/if:not#8.itm                                                                                                                       0.0000 1.1671  
        red_tint:core/conc#15                                                                                                                            0.0000 1.1671  
        red_tint:core/conc#15.itm                                                                                                                        0.0000 1.1671  
        red_tint:core/if:acc#2                              mgc_add_11_0_11_1_13                                                                         1.0435 2.2105  
        red_tint:core/if:acc#2.itm                                                                                                                       0.0000 2.2105  
        red_tint:core/if:slc                                                                                                                             0.0000 2.2105  
        red_tint:core/if:acc.psp.sva                                                                                                                     0.0000 2.2105  
        red_tint:core/slc(if:acc.psp.sva)                                                                                                                0.0000 2.2105  
        red_tint:core/slc(if:acc.psp.sva).itm                                                                                                            0.0000 2.2105  
        red_tint:core/nor                                   mgc_nor_10_2                                                                                 0.2625 2.4731  
        red_tint:core/nor.itm                                                                                                                            0.0000 2.4731  
        red_tint:core/makepos:nor                           mgc_nor_10_2                                                                                 0.2625 2.7356  
        red_tint:core/makepos:nor.itm                                                                                                                    0.0000 2.7356  
        red_tint:core/and#1                                 mgc_and_10_2                                                                                 0.2625 2.9981  
        red_tint:core/and#1.itm                                                                                                                          0.0000 2.9981  
        red_tint:core/reg(video_out:rsc:mgc_out_stdreg.d)#1 mgc_reg_pos_10_1_0_0_0_1_1                                                                   0.0000 2.9981  
                                                                                                                                                                        
      2                                                     red_tint:core/mouse_xy:rsc:mgc_in_wire.d red_tint:core/reg(video_out:rsc:mgc_out_stdreg.d)#2 2.9981 34.0390 
                                                                                                                                                                        
        Instance                                            Component                                                                                    Delta  Delay   
        --------                                            ---------                                                                                    -----  -----   
        red_tint:core/mouse_xy:rsc:mgc_in_wire.d                                                                                                         0.0000 0.0000  
        red_tint:core/slc#6                                                                                                                              0.0000 0.0000  
        red_tint:core/slc#6.itm                                                                                                                          0.0000 0.0000  
        red_tint:core/acc#1                                 mgc_add_8_0_6_0_8                                                                            1.1671 1.1671  
        red_tint:core/acc#1.psp.sva                                                                                                                      0.0000 1.1671  
        red_tint:core/if:not#4                              mgc_not_8                                                                                    0.0000 1.1671  
        red_tint:core/if:not#4.itm                                                                                                                       0.0000 1.1671  
        red_tint:core/conc#17                                                                                                                            0.0000 1.1671  
        red_tint:core/conc#17.itm                                                                                                                        0.0000 1.1671  
        red_tint:core/if:acc                                mgc_add_11_0_11_1_13                                                                         1.0435 2.2105  
        red_tint:core/if:acc.itm                                                                                                                         0.0000 2.2105  
        red_tint:core/if:slc#1                                                                                                                           0.0000 2.2105  
        red_tint:core/if:acc#1.psp.sva                                                                                                                   0.0000 2.2105  
        red_tint:core/slc(if:acc#1.psp.sva)                                                                                                              0.0000 2.2105  
        red_tint:core/slc(if:acc#1.psp.sva).itm                                                                                                          0.0000 2.2105  
        red_tint:core/nor#1                                 mgc_nor_10_2                                                                                 0.2625 2.4731  
        red_tint:core/nor#1.itm                                                                                                                          0.0000 2.4731  
        red_tint:core/makepos#1:nor                         mgc_nor_10_2                                                                                 0.2625 2.7356  
        red_tint:core/makepos#1:nor.itm                                                                                                                  0.0000 2.7356  
        red_tint:core/and#2                                 mgc_and_10_2                                                                                 0.2625 2.9981  
        red_tint:core/and#2.itm                                                                                                                          0.0000 2.9981  
        red_tint:core/reg(video_out:rsc:mgc_out_stdreg.d)#2 mgc_reg_pos_10_1_0_0_0_1_1                                                                   0.0000 2.9981  
                                                                                                                                                                        
      3                                                     red_tint:core/mouse_xy:rsc:mgc_in_wire.d red_tint:core/reg(video_out:rsc:mgc_out_stdreg.d)#2 2.9981 34.0390 
                                                                                                                                                                        
        Instance                                            Component                                                                                    Delta  Delay   
        --------                                            ---------                                                                                    -----  -----   
        red_tint:core/mouse_xy:rsc:mgc_in_wire.d                                                                                                         0.0000 0.0000  
        red_tint:core/slc#7                                                                                                                              0.0000 0.0000  
        red_tint:core/slc#7.itm                                                                                                                          0.0000 0.0000  
        red_tint:core/acc#1                                 mgc_add_8_0_6_0_8                                                                            1.1671 1.1671  
        red_tint:core/acc#1.psp.sva                                                                                                                      0.0000 1.1671  
        red_tint:core/if:not#4                              mgc_not_8                                                                                    0.0000 1.1671  
        red_tint:core/if:not#4.itm                                                                                                                       0.0000 1.1671  
        red_tint:core/conc#17                                                                                                                            0.0000 1.1671  
        red_tint:core/conc#17.itm                                                                                                                        0.0000 1.1671  
        red_tint:core/if:acc                                mgc_add_11_0_11_1_13                                                                         1.0435 2.2105  
        red_tint:core/if:acc.itm                                                                                                                         0.0000 2.2105  
        red_tint:core/if:slc#1                                                                                                                           0.0000 2.2105  
        red_tint:core/if:acc#1.psp.sva                                                                                                                   0.0000 2.2105  
        red_tint:core/slc(if:acc#1.psp.sva)                                                                                                              0.0000 2.2105  
        red_tint:core/slc(if:acc#1.psp.sva).itm                                                                                                          0.0000 2.2105  
        red_tint:core/nor#1                                 mgc_nor_10_2                                                                                 0.2625 2.4731  
        red_tint:core/nor#1.itm                                                                                                                          0.0000 2.4731  
        red_tint:core/makepos#1:nor                         mgc_nor_10_2                                                                                 0.2625 2.7356  
        red_tint:core/makepos#1:nor.itm                                                                                                                  0.0000 2.7356  
        red_tint:core/and#2                                 mgc_and_10_2                                                                                 0.2625 2.9981  
        red_tint:core/and#2.itm                                                                                                                          0.0000 2.9981  
        red_tint:core/reg(video_out:rsc:mgc_out_stdreg.d)#2 mgc_reg_pos_10_1_0_0_0_1_1                                                                   0.0000 2.9981  
                                                                                                                                                                        
      4                                                     red_tint:core/mouse_xy:rsc:mgc_in_wire.d red_tint:core/reg(video_out:rsc:mgc_out_stdreg.d)#1 2.9981 34.0390 
                                                                                                                                                                        
        Instance                                            Component                                                                                    Delta  Delay   
        --------                                            ---------                                                                                    -----  -----   
        red_tint:core/mouse_xy:rsc:mgc_in_wire.d                                                                                                         0.0000 0.0000  
        red_tint:core/slc#6                                                                                                                              0.0000 0.0000  
        red_tint:core/slc#6.itm                                                                                                                          0.0000 0.0000  
        red_tint:core/acc#1                                 mgc_add_8_0_6_0_8                                                                            1.1671 1.1671  
        red_tint:core/acc#1.psp.sva                                                                                                                      0.0000 1.1671  
        red_tint:core/if:not#8                              mgc_not_8                                                                                    0.0000 1.1671  
        red_tint:core/if:not#8.itm                                                                                                                       0.0000 1.1671  
        red_tint:core/conc#15                                                                                                                            0.0000 1.1671  
        red_tint:core/conc#15.itm                                                                                                                        0.0000 1.1671  
        red_tint:core/if:acc#2                              mgc_add_11_0_11_1_13                                                                         1.0435 2.2105  
        red_tint:core/if:acc#2.itm                                                                                                                       0.0000 2.2105  
        red_tint:core/if:slc                                                                                                                             0.0000 2.2105  
        red_tint:core/if:acc.psp.sva                                                                                                                     0.0000 2.2105  
        red_tint:core/slc(if:acc.psp.sva)#1                                                                                                              0.0000 2.2105  
        red_tint:core/slc(if:acc.psp.sva)#1.itm                                                                                                          0.0000 2.2105  
        red_tint:core/makepos:else:exs                                                                                                                   0.0000 2.2105  
        red_tint:core/makepos:else:exs.itm                                                                                                               0.0000 2.2105  
        red_tint:core/nor                                   mgc_nor_10_2                                                                                 0.2625 2.4731  
        red_tint:core/nor.itm                                                                                                                            0.0000 2.4731  
        red_tint:core/makepos:nor                           mgc_nor_10_2                                                                                 0.2625 2.7356  
        red_tint:core/makepos:nor.itm                                                                                                                    0.0000 2.7356  
        red_tint:core/and#1                                 mgc_and_10_2                                                                                 0.2625 2.9981  
        red_tint:core/and#1.itm                                                                                                                          0.0000 2.9981  
        red_tint:core/reg(video_out:rsc:mgc_out_stdreg.d)#1 mgc_reg_pos_10_1_0_0_0_1_1                                                                   0.0000 2.9981  
                                                                                                                                                                        
      5                                                     red_tint:core/mouse_xy:rsc:mgc_in_wire.d red_tint:core/reg(video_out:rsc:mgc_out_stdreg.d)#2 2.9981 34.0390 
                                                                                                                                                                        
        Instance                                            Component                                                                                    Delta  Delay   
        --------                                            ---------                                                                                    -----  -----   
        red_tint:core/mouse_xy:rsc:mgc_in_wire.d                                                                                                         0.0000 0.0000  
        red_tint:core/slc#6                                                                                                                              0.0000 0.0000  
        red_tint:core/slc#6.itm                                                                                                                          0.0000 0.0000  
        red_tint:core/acc#1                                 mgc_add_8_0_6_0_8                                                                            1.1671 1.1671  
        red_tint:core/acc#1.psp.sva                                                                                                                      0.0000 1.1671  
        red_tint:core/if:not#4                              mgc_not_8                                                                                    0.0000 1.1671  
        red_tint:core/if:not#4.itm                                                                                                                       0.0000 1.1671  
        red_tint:core/conc#17                                                                                                                            0.0000 1.1671  
        red_tint:core/conc#17.itm                                                                                                                        0.0000 1.1671  
        red_tint:core/if:acc                                mgc_add_11_0_11_1_13                                                                         1.0435 2.2105  
        red_tint:core/if:acc.itm                                                                                                                         0.0000 2.2105  
        red_tint:core/if:slc#1                                                                                                                           0.0000 2.2105  
        red_tint:core/if:acc#1.psp.sva                                                                                                                   0.0000 2.2105  
        red_tint:core/slc(if:acc#1.psp.sva)#1                                                                                                            0.0000 2.2105  
        red_tint:core/slc(if:acc#1.psp.sva)#1.itm                                                                                                        0.0000 2.2105  
        red_tint:core/makepos#1:else:exs                                                                                                                 0.0000 2.2105  
        red_tint:core/makepos#1:else:exs.itm                                                                                                             0.0000 2.2105  
        red_tint:core/nor#1                                 mgc_nor_10_2                                                                                 0.2625 2.4731  
        red_tint:core/nor#1.itm                                                                                                                          0.0000 2.4731  
        red_tint:core/makepos#1:nor                         mgc_nor_10_2                                                                                 0.2625 2.7356  
        red_tint:core/makepos#1:nor.itm                                                                                                                  0.0000 2.7356  
        red_tint:core/and#2                                 mgc_and_10_2                                                                                 0.2625 2.9981  
        red_tint:core/and#2.itm                                                                                                                          0.0000 2.9981  
        red_tint:core/reg(video_out:rsc:mgc_out_stdreg.d)#2 mgc_reg_pos_10_1_0_0_0_1_1                                                                   0.0000 2.9981  
                                                                                                                                                                        
      6                                                     red_tint:core/mouse_xy:rsc:mgc_in_wire.d red_tint:core/reg(video_out:rsc:mgc_out_stdreg.d)#2 2.9981 34.0390 
                                                                                                                                                                        
        Instance                                            Component                                                                                    Delta  Delay   
        --------                                            ---------                                                                                    -----  -----   
        red_tint:core/mouse_xy:rsc:mgc_in_wire.d                                                                                                         0.0000 0.0000  
        red_tint:core/slc#7                                                                                                                              0.0000 0.0000  
        red_tint:core/slc#7.itm                                                                                                                          0.0000 0.0000  
        red_tint:core/acc#1                                 mgc_add_8_0_6_0_8                                                                            1.1671 1.1671  
        red_tint:core/acc#1.psp.sva                                                                                                                      0.0000 1.1671  
        red_tint:core/if:not#4                              mgc_not_8                                                                                    0.0000 1.1671  
        red_tint:core/if:not#4.itm                                                                                                                       0.0000 1.1671  
        red_tint:core/conc#17                                                                                                                            0.0000 1.1671  
        red_tint:core/conc#17.itm                                                                                                                        0.0000 1.1671  
        red_tint:core/if:acc                                mgc_add_11_0_11_1_13                                                                         1.0435 2.2105  
        red_tint:core/if:acc.itm                                                                                                                         0.0000 2.2105  
        red_tint:core/if:slc#1                                                                                                                           0.0000 2.2105  
        red_tint:core/if:acc#1.psp.sva                                                                                                                   0.0000 2.2105  
        red_tint:core/slc(if:acc#1.psp.sva)#1                                                                                                            0.0000 2.2105  
        red_tint:core/slc(if:acc#1.psp.sva)#1.itm                                                                                                        0.0000 2.2105  
        red_tint:core/makepos#1:else:exs                                                                                                                 0.0000 2.2105  
        red_tint:core/makepos#1:else:exs.itm                                                                                                             0.0000 2.2105  
        red_tint:core/nor#1                                 mgc_nor_10_2                                                                                 0.2625 2.4731  
        red_tint:core/nor#1.itm                                                                                                                          0.0000 2.4731  
        red_tint:core/makepos#1:nor                         mgc_nor_10_2                                                                                 0.2625 2.7356  
        red_tint:core/makepos#1:nor.itm                                                                                                                  0.0000 2.7356  
        red_tint:core/and#2                                 mgc_and_10_2                                                                                 0.2625 2.9981  
        red_tint:core/and#2.itm                                                                                                                          0.0000 2.9981  
        red_tint:core/reg(video_out:rsc:mgc_out_stdreg.d)#2 mgc_reg_pos_10_1_0_0_0_1_1                                                                   0.0000 2.9981  
                                                                                                                                                                        
      7                                                     red_tint:core/mouse_xy:rsc:mgc_in_wire.d red_tint:core/reg(video_out:rsc:mgc_out_stdreg.d)#2 2.7356 34.3015 
                                                                                                                                                                        
        Instance                                            Component                                                                                    Delta  Delay   
        --------                                            ---------                                                                                    -----  -----   
        red_tint:core/mouse_xy:rsc:mgc_in_wire.d                                                                                                         0.0000 0.0000  
        red_tint:core/slc#6                                                                                                                              0.0000 0.0000  
        red_tint:core/slc#6.itm                                                                                                                          0.0000 0.0000  
        red_tint:core/acc#1                                 mgc_add_8_0_6_0_8                                                                            1.1671 1.1671  
        red_tint:core/acc#1.psp.sva                                                                                                                      0.0000 1.1671  
        red_tint:core/if:not#4                              mgc_not_8                                                                                    0.0000 1.1671  
        red_tint:core/if:not#4.itm                                                                                                                       0.0000 1.1671  
        red_tint:core/conc#17                                                                                                                            0.0000 1.1671  
        red_tint:core/conc#17.itm                                                                                                                        0.0000 1.1671  
        red_tint:core/if:acc                                mgc_add_11_0_11_1_13                                                                         1.0435 2.2105  
        red_tint:core/if:acc.itm                                                                                                                         0.0000 2.2105  
        red_tint:core/if:slc#1                                                                                                                           0.0000 2.2105  
        red_tint:core/if:acc#1.psp.sva                                                                                                                   0.0000 2.2105  
        red_tint:core/slc(if:acc#1.psp.sva)#2                                                                                                            0.0000 2.2105  
        red_tint:core/slc(if:acc#1.psp.sva)#2.itm                                                                                                        0.0000 2.2105  
        red_tint:core/makepos#1:exs                                                                                                                      0.0000 2.2105  
        red_tint:core/makepos#1:exs.itm                                                                                                                  0.0000 2.2105  
        red_tint:core/makepos#1:nor                         mgc_nor_10_2                                                                                 0.2625 2.4731  
        red_tint:core/makepos#1:nor.itm                                                                                                                  0.0000 2.4731  
        red_tint:core/and#2                                 mgc_and_10_2                                                                                 0.2625 2.7356  
        red_tint:core/and#2.itm                                                                                                                          0.0000 2.7356  
        red_tint:core/reg(video_out:rsc:mgc_out_stdreg.d)#2 mgc_reg_pos_10_1_0_0_0_1_1                                                                   0.0000 2.7356  
                                                                                                                                                                        
      8                                                     red_tint:core/mouse_xy:rsc:mgc_in_wire.d red_tint:core/reg(video_out:rsc:mgc_out_stdreg.d)#1 2.7356 34.3015 
                                                                                                                                                                        
        Instance                                            Component                                                                                    Delta  Delay   
        --------                                            ---------                                                                                    -----  -----   
        red_tint:core/mouse_xy:rsc:mgc_in_wire.d                                                                                                         0.0000 0.0000  
        red_tint:core/slc#6                                                                                                                              0.0000 0.0000  
        red_tint:core/slc#6.itm                                                                                                                          0.0000 0.0000  
        red_tint:core/acc#1                                 mgc_add_8_0_6_0_8                                                                            1.1671 1.1671  
        red_tint:core/acc#1.psp.sva                                                                                                                      0.0000 1.1671  
        red_tint:core/if:not#8                              mgc_not_8                                                                                    0.0000 1.1671  
        red_tint:core/if:not#8.itm                                                                                                                       0.0000 1.1671  
        red_tint:core/conc#15                                                                                                                            0.0000 1.1671  
        red_tint:core/conc#15.itm                                                                                                                        0.0000 1.1671  
        red_tint:core/if:acc#2                              mgc_add_11_0_11_1_13                                                                         1.0435 2.2105  
        red_tint:core/if:acc#2.itm                                                                                                                       0.0000 2.2105  
        red_tint:core/if:slc                                                                                                                             0.0000 2.2105  
        red_tint:core/if:acc.psp.sva                                                                                                                     0.0000 2.2105  
        red_tint:core/slc(if:acc.psp.sva)#2                                                                                                              0.0000 2.2105  
        red_tint:core/slc(if:acc.psp.sva)#2.itm                                                                                                          0.0000 2.2105  
        red_tint:core/makepos:exs                                                                                                                        0.0000 2.2105  
        red_tint:core/makepos:exs.itm                                                                                                                    0.0000 2.2105  
        red_tint:core/makepos:nor                           mgc_nor_10_2                                                                                 0.2625 2.4731  
        red_tint:core/makepos:nor.itm                                                                                                                    0.0000 2.4731  
        red_tint:core/and#1                                 mgc_and_10_2                                                                                 0.2625 2.7356  
        red_tint:core/and#1.itm                                                                                                                          0.0000 2.7356  
        red_tint:core/reg(video_out:rsc:mgc_out_stdreg.d)#1 mgc_reg_pos_10_1_0_0_0_1_1                                                                   0.0000 2.7356  
                                                                                                                                                                        
      9                                                     red_tint:core/mouse_xy:rsc:mgc_in_wire.d red_tint:core/reg(video_out:rsc:mgc_out_stdreg.d)#1 2.7356 34.3015 
                                                                                                                                                                        
        Instance                                            Component                                                                                    Delta  Delay   
        --------                                            ---------                                                                                    -----  -----   
        red_tint:core/mouse_xy:rsc:mgc_in_wire.d                                                                                                         0.0000 0.0000  
        red_tint:core/slc#7                                                                                                                              0.0000 0.0000  
        red_tint:core/slc#7.itm                                                                                                                          0.0000 0.0000  
        red_tint:core/acc#1                                 mgc_add_8_0_6_0_8                                                                            1.1671 1.1671  
        red_tint:core/acc#1.psp.sva                                                                                                                      0.0000 1.1671  
        red_tint:core/if:not#8                              mgc_not_8                                                                                    0.0000 1.1671  
        red_tint:core/if:not#8.itm                                                                                                                       0.0000 1.1671  
        red_tint:core/conc#15                                                                                                                            0.0000 1.1671  
        red_tint:core/conc#15.itm                                                                                                                        0.0000 1.1671  
        red_tint:core/if:acc#2                              mgc_add_11_0_11_1_13                                                                         1.0435 2.2105  
        red_tint:core/if:acc#2.itm                                                                                                                       0.0000 2.2105  
        red_tint:core/if:slc                                                                                                                             0.0000 2.2105  
        red_tint:core/if:acc.psp.sva                                                                                                                     0.0000 2.2105  
        red_tint:core/slc(if:acc.psp.sva)#2                                                                                                              0.0000 2.2105  
        red_tint:core/slc(if:acc.psp.sva)#2.itm                                                                                                          0.0000 2.2105  
        red_tint:core/makepos:exs                                                                                                                        0.0000 2.2105  
        red_tint:core/makepos:exs.itm                                                                                                                    0.0000 2.2105  
        red_tint:core/makepos:nor                           mgc_nor_10_2                                                                                 0.2625 2.4731  
        red_tint:core/makepos:nor.itm                                                                                                                    0.0000 2.4731  
        red_tint:core/and#1                                 mgc_and_10_2                                                                                 0.2625 2.7356  
        red_tint:core/and#1.itm                                                                                                                          0.0000 2.7356  
        red_tint:core/reg(video_out:rsc:mgc_out_stdreg.d)#1 mgc_reg_pos_10_1_0_0_0_1_1                                                                   0.0000 2.7356  
                                                                                                                                                                        
      10                                                    red_tint:core/mouse_xy:rsc:mgc_in_wire.d red_tint:core/reg(video_out:rsc:mgc_out_stdreg.d)#2 1.5685 35.4686 
                                                                                                                                                                        
        Instance                                            Component                                                                                    Delta  Delay   
        --------                                            ---------                                                                                    -----  -----   
        red_tint:core/mouse_xy:rsc:mgc_in_wire.d                                                                                                         0.0000 0.0000  
        red_tint:core/slc#5                                                                                                                              0.0000 0.0000  
        red_tint:core/slc#5.itm                                                                                                                          0.0000 0.0000  
        red_tint:core/if:not#6                              mgc_not_2                                                                                    0.0000 0.0000  
        red_tint:core/if:not#6.itm                                                                                                                       0.0000 0.0000  
        red_tint:core/conc#17                                                                                                                            0.0000 0.0000  
        red_tint:core/conc#17.itm                                                                                                                        0.0000 0.0000  
        red_tint:core/if:acc                                mgc_add_11_0_11_1_13                                                                         1.0435 1.0435  
        red_tint:core/if:acc.itm                                                                                                                         0.0000 1.0435  
        red_tint:core/if:slc#1                                                                                                                           0.0000 1.0435  
        red_tint:core/if:acc#1.psp.sva                                                                                                                   0.0000 1.0435  
        red_tint:core/slc(if:acc#1.psp.sva)#2                                                                                                            0.0000 1.0435  
        red_tint:core/slc(if:acc#1.psp.sva)#2.itm                                                                                                        0.0000 1.0435  
        red_tint:core/makepos#1:exs                                                                                                                      0.0000 1.0435  
        red_tint:core/makepos#1:exs.itm                                                                                                                  0.0000 1.0435  
        red_tint:core/makepos#1:nor                         mgc_nor_10_2                                                                                 0.2625 1.3060  
        red_tint:core/makepos#1:nor.itm                                                                                                                  0.0000 1.3060  
        red_tint:core/and#2                                 mgc_and_10_2                                                                                 0.2625 1.5685  
        red_tint:core/and#2.itm                                                                                                                          0.0000 1.5685  
        red_tint:core/reg(video_out:rsc:mgc_out_stdreg.d)#2 mgc_reg_pos_10_1_0_0_0_1_1                                                                   0.0000 1.5685  
                                                                                                                                                                        
      
    Register Input and Register-to-Output Slack
      Clock period or pin-to-reg delay constraint (clk): 37.037037037
      Clock uncertainty constraint (clk)               : 0.0
      
      Instance                                            Port              Slack (Delay) Messages 
      --------------------------------------------------- --------------- ------- ------- --------
      red_tint:core/reg(video_out:rsc:mgc_out_stdreg.d)   and.itm         35.5396  1.4974          
      red_tint:core/reg(video_out:rsc:mgc_out_stdreg.d)#1 and#1.itm       34.0390  2.9981          
      red_tint:core/reg(video_out:rsc:mgc_out_stdreg.d)#2 and#2.itm       34.0390  2.9981          
      red_tint                                            video_out:rsc.z 37.0370  0.0000          
      
  Operator Bitwidth Summary
    Operation  Size (bits) Count 
    ---------- ----------- -----
    add                          
    -                   13     2 
    -                    9     1 
    -                    8     1 
    and                          
    -                    2     3 
    nor                          
    -                    2     4 
    not                          
    -                    8     3 
    -                    2     2 
    read_port                    
    -                   30     1 
    -                   20     1 
    reg                          
    -                   10     3 
    write_port                   
    -                   30     1 
    
  End of Report
