-- Catapult University Version: Report                                              
-- ---------------------------- ---------------------------------------------------
-- Version:                     2011a.126 Production Release                        
-- Build Date:                  Wed Aug  8 00:52:07 PDT 2012                        
                                                                                    
-- Generated by:                rbw14@EEWS104A-013                                  
-- Generated date:              Wed May 06 10:47:32 +0100 2015                      

Solution Settings: sharpen1.v1
  Current state: schedule
  Project: Sharpen1
  
  Design Input Files Specified
    $PROJECT_HOME/catapult_proj/vga_blur/shift_class.h
    $PROJECT_HOME/catapult_proj/vga_blur/sharpen.c
      $MGC_HOME/shared/include/ac_fixed.h
        $MGC_HOME/shared/include/ac_int.h
      $PROJECT_HOME/catapult_proj/vga_blur/sharpen.h
      $PROJECT_HOME/catapult_proj/vga_blur/shift_class.h
    $PROJECT_HOME/catapult_proj/vga_blur/sharpen.h
      $MGC_HOME/shared/include/ac_int.h
  
  Processes/Blocks in Design
    Process        Real Operation(s) count Latency Throughput Reset Length II Comments 
    -------------- ----------------------- ------- ---------- ------------ -- --------
    /sharpen1/core                     211       9          9            0  1          
    Design Total:                      211       9          9            0  0          
    
  Clock Information
    Clock Signal Edge   Period Sharing Alloc (%) Uncertainty Used by Processes/Blocks 
    ------------ ------ ------ ----------------- ----------- ------------------------
    clk          rising 20.000             20.00    0.000000 /sharpen1/core           
    
  I/O Data Ranges
    Port       Mode DeclType DeclWidth DeclRange ActType ActWidth ActRange 
    ---------- ---- -------- --------- --------- ------- -------- --------
    vin:rsc.z  IN   Unsigned        90                                     
    clk        IN   Unsigned         1                                     
    en         IN   Unsigned         1                                     
    arst_n     IN   Unsigned         1                                     
    vout:rsc.z OUT  Unsigned        30                                     
    
  Memory Resources
    Resource Name: /sharpen1/vin:rsc
      Memory Component: mgc_in_wire                  Size:         1 x 90
      External:         true                         Packing Mode: sidebyside
      Memory Map:
      Variable      Indices Phys Memory Address     
      ------------- ------- -----------------------
      /sharpen1/vin    0:89 00000000-00000000 (0-0) 
      
    Resource Name: /sharpen1/vout:rsc
      Memory Component: mgc_out_stdreg               Size:         1 x 30
      External:         true                         Packing Mode: sidebyside
      Memory Map:
      Variable       Indices Phys Memory Address     
      -------------- ------- -----------------------
      /sharpen1/vout    0:29 00000000-00000000 (0-0) 
      
  Multi-Cycle (Combinational) Component Usage
    Instance Component Name Delay 
    -------- -------------- -----
    
  Loops
    Process        Loop             Iterations C-Steps Total Cycles   Duration  Unroll Init Comments 
    -------------- ---------------- ---------- ------- ------------- ---------- ------ ---- --------
    /sharpen1/core core:rlp           Infinite       0           10  200.00 ns                       
    /sharpen1/core   main             Infinite       2           10  200.00 ns            1          
    
  Loop Execution Profile
    Process        Loop             Total Cycles % of Overall Design Cycles Throughput Cycles Comments 
    -------------- ---------------- ------------ -------------------------- ----------------- --------
    /sharpen1/core core:rlp                   0                        0.00                9           
    /sharpen1/core   main                    10                      100.00                9           
    
  End of Report
