-- Catapult University Version: Report                                              
-- ---------------------------- ---------------------------------------------------
-- Version:                     2011a.126 Production Release                        
-- Build Date:                  Wed Aug  8 00:52:07 PDT 2012                        
                                                                                    
-- Generated by:                jb914@EEWS104A-020                                  
-- Generated date:              Mon May 11 13:05:25 +0100 2015                      

Solution Settings: motion_blur.v7
  Current state: extract
  Project: MBlur1
  
  Design Input Files Specified
    $PROJECT_HOME/shift_class.h
    $PROJECT_HOME/motionblur.h
      $MGC_HOME/shared/include/ac_int.h
    $PROJECT_HOME/motionblur1.c
      $MGC_HOME/shared/include/ac_fixed.h
        $MGC_HOME/shared/include/ac_int.h
      $PROJECT_HOME/motionblur.h
      $PROJECT_HOME/shift_class.h
  
  Processes/Blocks in Design
    Process           Real Operation(s) count Latency Throughput Reset Length II Comments 
    ----------------- ----------------------- ------- ---------- ------------ -- --------
    /motion_blur/core                      11       1          1            0  1          
    Design Total:                          11       1          1            0  0          
    
  Bill Of Materials (Datapath)
    Component Name                          Area Score Area(LUTs) Delay Post Alloc Post Assign 
    --------------------------------------- ---------- ---------- ----- ---------- -----------
    [Lib: mgc_Altera-Cyclone-III-6_beh_psr]                                                    
    mgc_add(11,0,2,1,11)                        12.000     12.000 1.389          3           3 
    mgc_and(10,2)                                7.298      7.298 0.263          3           3 
    mgc_not(10)                                  0.000      0.000 0.000          0           3 
    mgc_reg_pos(10,1,0,0,0,1,1)                  0.000      0.000 0.000          0           6 
    mgc_reg_pos(30,1,0,0,0,1,1)                  0.000      0.000 0.000          0           1 
    [Lib: mgc_ioport]                                                                          
    mgc_in_wire(1,150)                           0.000      0.000 0.000          1           1 
    mgc_out_stdreg(2,30)                         0.000      0.000 0.000          1           1 
                                                                                               
    TOTAL AREA (After Assignment):              57.895     58.000                              
    
  Area Scores
                      Post-Scheduling Post-DP & FSM Post-Assignment 
    ----------------- --------------- ------------- ---------------
    Total Area Score:     57.9          57.9            57.9        
    Total Reg:             0.0           0.0             0.0        
                                                                    
    DataPath:             57.9 (100%)   57.9 (100%)     57.9 (100%) 
      MUX:                 0.0           0.0             0.0        
      FUNC:               36.0  (62%)   36.0  (62%)     36.0  (62%) 
      LOGIC:              21.9  (38%)   21.9  (38%)     21.9  (38%) 
      BUFFER:              0.0           0.0             0.0        
      MEM:                 0.0           0.0             0.0        
      ROM:                 0.0           0.0             0.0        
      REG:                 0.0           0.0             0.0        
                                                                    
    
    FSM:                   0.0           0.0             0.0        
      FSM-REG:             0.0           0.0             0.0        
      FSM-COMB:            0.0           0.0             0.0        
                                                                    
    
  Register-to-Variable Mappings
    Register                              Size(bits) Gated Register CG Opt Done Variables                                             
    ------------------------------------- ---------- -------------- ----------- -----------------------------------------------------
    regs.regs(1).sg1.sva                          30         Y                  regs.regs(1).sg1.sva                                  
    reg(vout:rsc:mgc_out_stdreg.d).tmp            10         Y                  reg(vout:rsc:mgc_out_stdreg.d).tmp                    
    reg(vout:rsc:mgc_out_stdreg.d).tmp#1          10         Y                  reg(vout:rsc:mgc_out_stdreg.d).tmp#1                  
    reg(vout:rsc:mgc_out_stdreg.d).tmp#2          10         Y                  reg(vout:rsc:mgc_out_stdreg.d).tmp#2                  
    regs.regs:slc(regs.regs(2).sg1)#2.itm         10         Y                  regs.regs:slc(regs.regs(2).sg1)#2.itm                 
    regs.regs:slc(regs.regs(2).sg1)#4.itm         10         Y                  regs.regs:slc(regs.regs(2).sg1)#4.itm                 
    regs.regs:slc(regs.regs(2).sg1)#6.itm         10         Y                  regs.regs:slc(regs.regs(2).sg1)#6.itm                 
                                                                                                                                      
    Total:                                        90             90           0 (Total Gating Ratio: 1.00, CG Opt Gating Ratio: 0.00) 
    
  Timing Report
    Critical Path
      Max Delay:  1.6512030000000002
      Slack:      18.348797
      
      Path                                                          Startpoint                                                  Endpoint                                          Delay  Slack   
      ------------------------------------------------------------- ----------------------------------------------------------- ------------------------------------------------- ------ -------
      1                                                             motion_blur:core/reg(regs.regs:slc(regs.regs(2).sg1)#2.itm) motion_blur:core/reg(vout:rsc:mgc_out_stdreg.d)   1.6512 18.3488 
                                                                                                                                                                                                 
        Instance                                                    Component                                                                                                     Delta  Delay   
        --------                                                    ---------                                                                                                     -----  -----   
        motion_blur:core/reg(regs.regs:slc(regs.regs(2).sg1)#2.itm) mgc_reg_pos_10_1_0_0_0_1_1                                                                                    0.0000 0.0000  
        motion_blur:core/regs.regs:slc(regs.regs(2).sg1)#2.itm                                                                                                                    0.0000 0.0000  
        motion_blur:core/absmax:else:not                            mgc_not_10                                                                                                    0.0000 0.0000  
        motion_blur:core/absmax:else:not.itm                                                                                                                                      0.0000 0.0000  
        motion_blur:core/conc                                                                                                                                                     0.0000 0.0000  
        motion_blur:core/conc.itm                                                                                                                                                 0.0000 0.0000  
        motion_blur:core/absmax:else:acc                            mgc_add_11_0_2_1_11                                                                                           1.3887 1.3887  
        motion_blur:core/absmax:else:acc.itm                                                                                                                                      0.0000 1.3887  
        motion_blur:core/absmax:else:slc                                                                                                                                          0.0000 1.3887  
        motion_blur:core/absmax:else:slc.itm                                                                                                                                      0.0000 1.3887  
        motion_blur:core/absmax:else:exs                                                                                                                                          0.0000 1.3887  
        motion_blur:core/absmax:else:exs.itm                                                                                                                                      0.0000 1.3887  
        motion_blur:core/absmax:else:and                            mgc_and_10_2                                                                                                  0.2625 1.6512  
        motion_blur:core/absmax:else:and.itm                                                                                                                                      0.0000 1.6512  
        motion_blur:core/reg(vout:rsc:mgc_out_stdreg.d)             mgc_reg_pos_10_1_0_0_0_1_1                                                                                    0.0000 1.6512  
                                                                                                                                                                                                 
      2                                                             motion_blur:core/reg(regs.regs:slc(regs.regs(2).sg1)#6.itm) motion_blur:core/reg(vout:rsc:mgc_out_stdreg.d)#1 1.6512 18.3488 
                                                                                                                                                                                                 
        Instance                                                    Component                                                                                                     Delta  Delay   
        --------                                                    ---------                                                                                                     -----  -----   
        motion_blur:core/reg(regs.regs:slc(regs.regs(2).sg1)#6.itm) mgc_reg_pos_10_1_0_0_0_1_1                                                                                    0.0000 0.0000  
        motion_blur:core/regs.regs:slc(regs.regs(2).sg1)#6.itm                                                                                                                    0.0000 0.0000  
        motion_blur:core/absmax#2:else:not                          mgc_not_10                                                                                                    0.0000 0.0000  
        motion_blur:core/absmax#2:else:not.itm                                                                                                                                    0.0000 0.0000  
        motion_blur:core/conc#4                                                                                                                                                   0.0000 0.0000  
        motion_blur:core/conc#4.itm                                                                                                                                               0.0000 0.0000  
        motion_blur:core/absmax#2:else:acc                          mgc_add_11_0_2_1_11                                                                                           1.3887 1.3887  
        motion_blur:core/absmax#2:else:acc.itm                                                                                                                                    0.0000 1.3887  
        motion_blur:core/absmax#2:else:slc                                                                                                                                        0.0000 1.3887  
        motion_blur:core/absmax#2:else:slc.itm                                                                                                                                    0.0000 1.3887  
        motion_blur:core/absmax#2:else:exs                                                                                                                                        0.0000 1.3887  
        motion_blur:core/absmax#2:else:exs.itm                                                                                                                                    0.0000 1.3887  
        motion_blur:core/absmax#2:else:and                          mgc_and_10_2                                                                                                  0.2625 1.6512  
        motion_blur:core/absmax#2:else:and.itm                                                                                                                                    0.0000 1.6512  
        motion_blur:core/reg(vout:rsc:mgc_out_stdreg.d)#1           mgc_reg_pos_10_1_0_0_0_1_1                                                                                    0.0000 1.6512  
                                                                                                                                                                                                 
      3                                                             motion_blur:core/reg(regs.regs:slc(regs.regs(2).sg1)#4.itm) motion_blur:core/reg(vout:rsc:mgc_out_stdreg.d)#2 1.6512 18.3488 
                                                                                                                                                                                                 
        Instance                                                    Component                                                                                                     Delta  Delay   
        --------                                                    ---------                                                                                                     -----  -----   
        motion_blur:core/reg(regs.regs:slc(regs.regs(2).sg1)#4.itm) mgc_reg_pos_10_1_0_0_0_1_1                                                                                    0.0000 0.0000  
        motion_blur:core/regs.regs:slc(regs.regs(2).sg1)#4.itm                                                                                                                    0.0000 0.0000  
        motion_blur:core/absmax#1:else:not                          mgc_not_10                                                                                                    0.0000 0.0000  
        motion_blur:core/absmax#1:else:not.itm                                                                                                                                    0.0000 0.0000  
        motion_blur:core/conc#5                                                                                                                                                   0.0000 0.0000  
        motion_blur:core/conc#5.itm                                                                                                                                               0.0000 0.0000  
        motion_blur:core/absmax#1:else:acc                          mgc_add_11_0_2_1_11                                                                                           1.3887 1.3887  
        motion_blur:core/absmax#1:else:acc.itm                                                                                                                                    0.0000 1.3887  
        motion_blur:core/absmax#1:else:slc                                                                                                                                        0.0000 1.3887  
        motion_blur:core/absmax#1:else:slc.itm                                                                                                                                    0.0000 1.3887  
        motion_blur:core/absmax#1:else:exs                                                                                                                                        0.0000 1.3887  
        motion_blur:core/absmax#1:else:exs.itm                                                                                                                                    0.0000 1.3887  
        motion_blur:core/absmax#1:else:and                          mgc_and_10_2                                                                                                  0.2625 1.6512  
        motion_blur:core/absmax#1:else:and.itm                                                                                                                                    0.0000 1.6512  
        motion_blur:core/reg(vout:rsc:mgc_out_stdreg.d)#2           mgc_reg_pos_10_1_0_0_0_1_1                                                                                    0.0000 1.6512  
                                                                                                                                                                                                 
      4                                                             motion_blur:core/reg(regs.regs:slc(regs.regs(2).sg1)#2.itm) motion_blur:core/reg(vout:rsc:mgc_out_stdreg.d)   0.2625 19.7375 
                                                                                                                                                                                                 
        Instance                                                    Component                                                                                                     Delta  Delay   
        --------                                                    ---------                                                                                                     -----  -----   
        motion_blur:core/reg(regs.regs:slc(regs.regs(2).sg1)#2.itm) mgc_reg_pos_10_1_0_0_0_1_1                                                                                    0.0000 0.0000  
        motion_blur:core/regs.regs:slc(regs.regs(2).sg1)#2.itm                                                                                                                    0.0000 0.0000  
        motion_blur:core/absmax:else:and                            mgc_and_10_2                                                                                                  0.2625 0.2625  
        motion_blur:core/absmax:else:and.itm                                                                                                                                      0.0000 0.2625  
        motion_blur:core/reg(vout:rsc:mgc_out_stdreg.d)             mgc_reg_pos_10_1_0_0_0_1_1                                                                                    0.0000 0.2625  
                                                                                                                                                                                                 
      5                                                             motion_blur:core/reg(regs.regs:slc(regs.regs(2).sg1)#6.itm) motion_blur:core/reg(vout:rsc:mgc_out_stdreg.d)#1 0.2625 19.7375 
                                                                                                                                                                                                 
        Instance                                                    Component                                                                                                     Delta  Delay   
        --------                                                    ---------                                                                                                     -----  -----   
        motion_blur:core/reg(regs.regs:slc(regs.regs(2).sg1)#6.itm) mgc_reg_pos_10_1_0_0_0_1_1                                                                                    0.0000 0.0000  
        motion_blur:core/regs.regs:slc(regs.regs(2).sg1)#6.itm                                                                                                                    0.0000 0.0000  
        motion_blur:core/absmax#2:else:and                          mgc_and_10_2                                                                                                  0.2625 0.2625  
        motion_blur:core/absmax#2:else:and.itm                                                                                                                                    0.0000 0.2625  
        motion_blur:core/reg(vout:rsc:mgc_out_stdreg.d)#1           mgc_reg_pos_10_1_0_0_0_1_1                                                                                    0.0000 0.2625  
                                                                                                                                                                                                 
      6                                                             motion_blur:core/reg(regs.regs:slc(regs.regs(2).sg1)#4.itm) motion_blur:core/reg(vout:rsc:mgc_out_stdreg.d)#2 0.2625 19.7375 
                                                                                                                                                                                                 
        Instance                                                    Component                                                                                                     Delta  Delay   
        --------                                                    ---------                                                                                                     -----  -----   
        motion_blur:core/reg(regs.regs:slc(regs.regs(2).sg1)#4.itm) mgc_reg_pos_10_1_0_0_0_1_1                                                                                    0.0000 0.0000  
        motion_blur:core/regs.regs:slc(regs.regs(2).sg1)#4.itm                                                                                                                    0.0000 0.0000  
        motion_blur:core/absmax#1:else:and                          mgc_and_10_2                                                                                                  0.2625 0.2625  
        motion_blur:core/absmax#1:else:and.itm                                                                                                                                    0.0000 0.2625  
        motion_blur:core/reg(vout:rsc:mgc_out_stdreg.d)#2           mgc_reg_pos_10_1_0_0_0_1_1                                                                                    0.0000 0.2625  
                                                                                                                                                                                                 
      
    Register Input and Register-to-Output Slack
      Clock period or pin-to-reg delay constraint (clk): 20.0
      Clock uncertainty constraint (clk)               : 0.0
      
      Instance                                                    Port                              Slack (Delay) Messages 
      ----------------------------------------------------------- ------------------------------- ------- ------- --------
      motion_blur:core/reg(regs.regs:slc(regs.regs(2).sg1)#2.itm) slc(regs.regs(1).sg1.sva)#2.itm 20.0000  0.0000          
      motion_blur:core/reg(regs.regs:slc(regs.regs(2).sg1)#6.itm) slc(regs.regs(1).sg1.sva)#1.itm 20.0000  0.0000          
      motion_blur:core/reg(regs.regs:slc(regs.regs(2).sg1)#4.itm) slc(regs.regs(1).sg1.sva).itm   20.0000  0.0000          
      motion_blur:core/reg(regs.regs(1).sg1.sva)                  SHIFT:if:else:else:if:slc.itm   20.0000  0.0000          
      motion_blur:core/reg(vout:rsc:mgc_out_stdreg.d)             absmax:else:and.itm             18.3488  1.6512          
      motion_blur:core/reg(vout:rsc:mgc_out_stdreg.d)#1           absmax#2:else:and.itm           18.3488  1.6512          
      motion_blur:core/reg(vout:rsc:mgc_out_stdreg.d)#2           absmax#1:else:and.itm           18.3488  1.6512          
      motion_blur                                                 vout:rsc.z                      20.0000  0.0000          
      
  Operator Bitwidth Summary
    Operation  Size (bits) Count 
    ---------- ----------- -----
    add                          
    -                   11     3 
    and                          
    -                    2     3 
    not                          
    -                   10     3 
    read_port                    
    -                  150     1 
    reg                          
    -                   30     1 
    -                   10     6 
    write_port                   
    -                   30     1 
    
  End of Report
