-- Catapult University Version: Report                                              
-- ---------------------------- ---------------------------------------------------
-- Version:                     2011a.126 Production Release                        
-- Build Date:                  Wed Aug  8 00:52:07 PDT 2012                        
                                                                                    
-- Generated by:                jb914@EEWS104A-014                                  
-- Generated date:              Wed May 06 14:03:41 +0100 2015                      

Solution Settings: blue_tint.v1
  Current state: schedule
  Project: MouseTintBlue
  
  Design Input Files Specified
    $PROJECT_HOME/edge.h
      $MGC_HOME/shared/include/ac_int.h
    $PROJECT_HOME/MouseTintBlue.c
      $MGC_HOME/shared/include/ac_fixed.h
        $MGC_HOME/shared/include/ac_int.h
      $PROJECT_HOME/edge.h
      $PROJECT_HOME/shift_class.h
    $PROJECT_HOME/shift_class.h
  
  Processes/Blocks in Design
    Process         Real Operation(s) count Latency Throughput Reset Length II Comments 
    --------------- ----------------------- ------- ---------- ------------ -- --------
    /blue_tint/core                      13       1          2            0  0          
    Design Total:                        13       1          2            0  0          
    
  Clock Information
    Clock Signal Edge   Period Sharing Alloc (%) Uncertainty Used by Processes/Blocks 
    ------------ ------ ------ ----------------- ----------- ------------------------
    clk          rising 37.037             20.00    0.000000 /blue_tint/core          
    
  I/O Data Ranges
    Port            Mode DeclType DeclWidth DeclRange ActType ActWidth ActRange 
    --------------- ---- -------- --------- --------- ------- -------- --------
    video_in:rsc.z  IN   Unsigned        30                                     
    mouse_xy:rsc.z  IN   Unsigned        20                                     
    clk             IN   Unsigned         1                                     
    en              IN   Unsigned         1                                     
    arst_n          IN   Unsigned         1                                     
    video_out:rsc.z OUT  Unsigned        30                                     
    
  Memory Resources
    Resource Name: /blue_tint/video_in:rsc
      Memory Component: mgc_in_wire                  Size:         1 x 30
      External:         true                         Packing Mode: sidebyside
      Memory Map:
      Variable            Indices Phys Memory Address     
      ------------------- ------- -----------------------
      /blue_tint/video_in    0:29 00000000-00000000 (0-0) 
      
    Resource Name: /blue_tint/video_out:rsc
      Memory Component: mgc_out_stdreg               Size:         1 x 30
      External:         true                         Packing Mode: sidebyside
      Memory Map:
      Variable             Indices Phys Memory Address     
      -------------------- ------- -----------------------
      /blue_tint/video_out    0:29 00000000-00000000 (0-0) 
      
    Resource Name: /blue_tint/mouse_xy:rsc
      Memory Component: mgc_in_wire                  Size:         1 x 20
      External:         true                         Packing Mode: sidebyside
      Memory Map:
      Variable            Indices Phys Memory Address     
      ------------------- ------- -----------------------
      /blue_tint/mouse_xy    0:19 00000000-00000000 (0-0) 
      
  Multi-Cycle (Combinational) Component Usage
    Instance Component Name Delay 
    -------- -------------- -----
    
  Loops
    Process         Loop             Iterations C-Steps Total Cycles  Duration  Unroll Init Comments 
    --------------- ---------------- ---------- ------- ------------- --------- ------ ---- --------
    /blue_tint/core main               Infinite       2            2  74.07 ns                       
    
  Loop Execution Profile
    Process         Loop             Total Cycles % of Overall Design Cycles Throughput Cycles Comments 
    --------------- ---------------- ------------ -------------------------- ----------------- --------
    /blue_tint/core main                       2                      100.00                2           
    
  End of Report
