-- Catapult University Version: Report                                              
-- ---------------------------- ---------------------------------------------------
-- Version:                     2011a.126 Production Release                        
-- Build Date:                  Wed Aug  8 00:52:07 PDT 2012                        
                                                                                    
-- Generated by:                jb914@EEWS104A-014                                  
-- Generated date:              Wed May 06 14:03:43 +0100 2015                      

Solution Settings: blue_tint.v1
  Current state: extract
  Project: MouseTintBlue
  
  Design Input Files Specified
    $PROJECT_HOME/edge.h
      $MGC_HOME/shared/include/ac_int.h
    $PROJECT_HOME/MouseTintBlue.c
      $MGC_HOME/shared/include/ac_fixed.h
        $MGC_HOME/shared/include/ac_int.h
      $PROJECT_HOME/edge.h
      $PROJECT_HOME/shift_class.h
    $PROJECT_HOME/shift_class.h
  
  Processes/Blocks in Design
    Process         Real Operation(s) count Latency Throughput Reset Length II Comments 
    --------------- ----------------------- ------- ---------- ------------ -- --------
    /blue_tint/core                      13       1          2            0  0          
    Design Total:                        13       1          2            0  0          
    
  Bill Of Materials (Datapath)
    Component Name                          Area Score Area(LUTs) Delay Post Alloc Post Assign 
    --------------------------------------- ---------- ---------- ----- ---------- -----------
    [Lib: mgc_Altera-Cyclone-III-6_beh_psr]                                                    
    mgc_add(10,0,10,1,11)                       11.000     11.000 1.139          2           2 
    mgc_add(2,0,1,1,2)                           3.000      3.000 0.658          2           2 
    mgc_and(10,2)                                7.298      7.298 0.263          2           2 
    mgc_mux(30,1,2)                             27.583     27.583 0.369          0           1 
    mgc_not(1)                                   0.000      0.000 0.000          0           2 
    mgc_not(8)                                   0.000      0.000 0.000          0           2 
    mgc_reg_pos(30,1,0,0,0,1,1)                  0.000      0.000 0.000          0           1 
    [Lib: mgc_ioport]                                                                          
    mgc_in_wire(1,30)                            0.000      0.000 0.000          1           1 
    mgc_in_wire(3,20)                            0.000      0.000 0.000          1           1 
    mgc_out_stdreg(2,30)                         0.000      0.000 0.000          1           1 
                                                                                               
    TOTAL AREA (After Assignment):              70.179     70.000                              
    
  Area Scores
                      Post-Scheduling Post-DP & FSM Post-Assignment 
    ----------------- --------------- ------------- ---------------
    Total Area Score:     42.6          70.2            70.2        
    Total Reg:             0.0           0.0             0.0        
                                                                    
    DataPath:             42.6 (100%)   70.2 (100%)     70.2 (100%) 
      MUX:                 0.0          27.6  (39%)     27.6  (39%) 
      FUNC:               28.0  (66%)   28.0  (40%)     28.0  (40%) 
      LOGIC:              14.6  (34%)   14.6  (21%)     14.6  (21%) 
      BUFFER:              0.0           0.0             0.0        
      MEM:                 0.0           0.0             0.0        
      ROM:                 0.0           0.0             0.0        
      REG:                 0.0           0.0             0.0        
                                                                    
    
    FSM:                   0.0           0.0             0.0   (0%) 
      FSM-REG:             0.0           0.0             0.0        
      FSM-COMB:            0.0           0.0             0.0 (100%) 
                                                                    
    
  Register-to-Variable Mappings
    Register                       Size(bits) Gated Register CG Opt Done Variables                                             
    ------------------------------ ---------- -------------- ----------- -----------------------------------------------------
    video_out:rsc:mgc_out_stdreg.d         30         Y                  video_out:rsc:mgc_out_stdreg.d                        
                                                                                                                               
    Total:                                 30             30           0 (Total Gating Ratio: 1.00, CG Opt Gating Ratio: 0.00) 
    
  Timing Report
    Critical Path
      Max Delay:  1.770426
      Slack:      35.266611037
      
      Path                                                    Startpoint                                Endpoint                                           Delay  Slack   
      ------------------------------------------------------- ----------------------------------------- -------------------------------------------------- ------ -------
      1                                                       blue_tint:core/video_in:rsc:mgc_in_wire.d blue_tint:core/reg(video_out:rsc:mgc_out_stdreg.d) 1.7704 35.2666 
                                                                                                                                                                          
        Instance                                              Component                                                                                    Delta  Delay   
        --------                                              ---------                                                                                    -----  -----   
        blue_tint:core/video_in:rsc:mgc_in_wire.d                                                                                                          0.0000 0.0000  
        blue_tint:core/slc(video_in:rsc:mgc_in_wire.d)#4                                                                                                   0.0000 0.0000  
        blue_tint:core/slc(video_in:rsc:mgc_in_wire.d)#4.itm                                                                                               0.0000 0.0000  
        blue_tint:core/conc#14                                                                                                                             0.0000 0.0000  
        blue_tint:core/conc#14.itm                                                                                                                         0.0000 0.0000  
        blue_tint:core/else:else:acc#4                        mgc_add_10_0_10_1_11                                                                         1.1389 1.1389  
        blue_tint:core/else:else:acc#4.itm                                                                                                                 0.0000 1.1389  
        blue_tint:core/else:else:slc#1                                                                                                                     0.0000 1.1389  
        blue_tint:core/else:else:acc.psp.sva.sg1                                                                                                           0.0000 1.1389  
        blue_tint:core/slc(else:else:acc.psp.sva.sg1#1)                                                                                                    0.0000 1.1389  
        blue_tint:core/slc(else:else:acc.psp.sva.sg1#1).itm                                                                                                0.0000 1.1389  
        blue_tint:core/else:else:conc#10                                                                                                                   0.0000 1.1389  
        blue_tint:core/else:else:conc#10.itm                                                                                                               0.0000 1.1389  
        blue_tint:core/makepos:and                            mgc_and_10_2                                                                                 0.2625 1.4015  
        blue_tint:core/makepos:and.itm                                                                                                                     0.0000 1.4015  
        blue_tint:core/conc                                                                                                                                0.0000 1.4015  
        blue_tint:core/conc.itm                                                                                                                            0.0000 1.4015  
        blue_tint:core/mux                                    mgc_mux_30_1_2                                                                               0.3690 1.7704  
        blue_tint:core/mux.itm                                                                                                                             0.0000 1.7704  
        blue_tint:core/reg(video_out:rsc:mgc_out_stdreg.d)    mgc_reg_pos_30_1_0_0_0_1_1                                                                   0.0000 1.7704  
                                                                                                                                                                          
      2                                                       blue_tint:core/video_in:rsc:mgc_in_wire.d blue_tint:core/reg(video_out:rsc:mgc_out_stdreg.d) 1.7704 35.2666 
                                                                                                                                                                          
        Instance                                              Component                                                                                    Delta  Delay   
        --------                                              ---------                                                                                    -----  -----   
        blue_tint:core/video_in:rsc:mgc_in_wire.d                                                                                                          0.0000 0.0000  
        blue_tint:core/slc(video_in:rsc:mgc_in_wire.d)#3                                                                                                   0.0000 0.0000  
        blue_tint:core/slc(video_in:rsc:mgc_in_wire.d)#3.itm                                                                                               0.0000 0.0000  
        blue_tint:core/conc#16                                                                                                                             0.0000 0.0000  
        blue_tint:core/conc#16.itm                                                                                                                         0.0000 0.0000  
        blue_tint:core/else:else:acc#6                        mgc_add_10_0_10_1_11                                                                         1.1389 1.1389  
        blue_tint:core/else:else:acc#6.itm                                                                                                                 0.0000 1.1389  
        blue_tint:core/else:else:slc#4                                                                                                                     0.0000 1.1389  
        blue_tint:core/else:else:acc#1.psp.sva.sg1                                                                                                         0.0000 1.1389  
        blue_tint:core/slc(else:else:acc#1.psp.sva.sg1#1)                                                                                                  0.0000 1.1389  
        blue_tint:core/slc(else:else:acc#1.psp.sva.sg1#1).itm                                                                                              0.0000 1.1389  
        blue_tint:core/else:else:conc                                                                                                                      0.0000 1.1389  
        blue_tint:core/else:else:conc.itm                                                                                                                  0.0000 1.1389  
        blue_tint:core/makepos#1:and                          mgc_and_10_2                                                                                 0.2625 1.4015  
        blue_tint:core/makepos#1:and.itm                                                                                                                   0.0000 1.4015  
        blue_tint:core/conc                                                                                                                                0.0000 1.4015  
        blue_tint:core/conc.itm                                                                                                                            0.0000 1.4015  
        blue_tint:core/mux                                    mgc_mux_30_1_2                                                                               0.3690 1.7704  
        blue_tint:core/mux.itm                                                                                                                             0.0000 1.7704  
        blue_tint:core/reg(video_out:rsc:mgc_out_stdreg.d)    mgc_reg_pos_30_1_0_0_0_1_1                                                                   0.0000 1.7704  
                                                                                                                                                                          
      3                                                       blue_tint:core/mouse_xy:rsc:mgc_in_wire.d blue_tint:core/reg(video_out:rsc:mgc_out_stdreg.d) 1.7704 35.2666 
                                                                                                                                                                          
        Instance                                              Component                                                                                    Delta  Delay   
        --------                                              ---------                                                                                    -----  -----   
        blue_tint:core/mouse_xy:rsc:mgc_in_wire.d                                                                                                          0.0000 0.0000  
        blue_tint:core/slc#3                                                                                                                               0.0000 0.0000  
        blue_tint:core/slc#3.itm                                                                                                                           0.0000 0.0000  
        blue_tint:core/adjust:not#2                           mgc_not_8                                                                                    0.0000 0.0000  
        blue_tint:core/adjust:not#2.itm                                                                                                                    0.0000 0.0000  
        blue_tint:core/conc#15                                                                                                                             0.0000 0.0000  
        blue_tint:core/conc#15.itm                                                                                                                         0.0000 0.0000  
        blue_tint:core/else:else:acc#4                        mgc_add_10_0_10_1_11                                                                         1.1389 1.1389  
        blue_tint:core/else:else:acc#4.itm                                                                                                                 0.0000 1.1389  
        blue_tint:core/else:else:slc#1                                                                                                                     0.0000 1.1389  
        blue_tint:core/else:else:acc.psp.sva.sg1                                                                                                           0.0000 1.1389  
        blue_tint:core/slc(else:else:acc.psp.sva.sg1#1)                                                                                                    0.0000 1.1389  
        blue_tint:core/slc(else:else:acc.psp.sva.sg1#1).itm                                                                                                0.0000 1.1389  
        blue_tint:core/else:else:conc#10                                                                                                                   0.0000 1.1389  
        blue_tint:core/else:else:conc#10.itm                                                                                                               0.0000 1.1389  
        blue_tint:core/makepos:and                            mgc_and_10_2                                                                                 0.2625 1.4015  
        blue_tint:core/makepos:and.itm                                                                                                                     0.0000 1.4015  
        blue_tint:core/conc                                                                                                                                0.0000 1.4015  
        blue_tint:core/conc.itm                                                                                                                            0.0000 1.4015  
        blue_tint:core/mux                                    mgc_mux_30_1_2                                                                               0.3690 1.7704  
        blue_tint:core/mux.itm                                                                                                                             0.0000 1.7704  
        blue_tint:core/reg(video_out:rsc:mgc_out_stdreg.d)    mgc_reg_pos_30_1_0_0_0_1_1                                                                   0.0000 1.7704  
                                                                                                                                                                          
      4                                                       blue_tint:core/video_in:rsc:mgc_in_wire.d blue_tint:core/reg(video_out:rsc:mgc_out_stdreg.d) 1.7704 35.2666 
                                                                                                                                                                          
        Instance                                              Component                                                                                    Delta  Delay   
        --------                                              ---------                                                                                    -----  -----   
        blue_tint:core/video_in:rsc:mgc_in_wire.d                                                                                                          0.0000 0.0000  
        blue_tint:core/slc(video_in:rsc:mgc_in_wire.d)#3                                                                                                   0.0000 0.0000  
        blue_tint:core/slc(video_in:rsc:mgc_in_wire.d)#3.itm                                                                                               0.0000 0.0000  
        blue_tint:core/conc#16                                                                                                                             0.0000 0.0000  
        blue_tint:core/conc#16.itm                                                                                                                         0.0000 0.0000  
        blue_tint:core/else:else:acc#6                        mgc_add_10_0_10_1_11                                                                         1.1389 1.1389  
        blue_tint:core/else:else:acc#6.itm                                                                                                                 0.0000 1.1389  
        blue_tint:core/else:else:slc#4                                                                                                                     0.0000 1.1389  
        blue_tint:core/else:else:acc#1.psp.sva.sg1                                                                                                         0.0000 1.1389  
        blue_tint:core/slc(else:else:acc#1.psp.sva.sg1#2)                                                                                                  0.0000 1.1389  
        blue_tint:core/slc(else:else:acc#1.psp.sva.sg1#2).itm                                                                                              0.0000 1.1389  
        blue_tint:core/not#1                                  mgc_not_1                                                                                    0.0000 1.1389  
        blue_tint:core/not#1.itm                                                                                                                           0.0000 1.1389  
        blue_tint:core/makepos#1:exs                                                                                                                       0.0000 1.1389  
        blue_tint:core/makepos#1:exs.itm                                                                                                                   0.0000 1.1389  
        blue_tint:core/makepos#1:and                          mgc_and_10_2                                                                                 0.2625 1.4015  
        blue_tint:core/makepos#1:and.itm                                                                                                                   0.0000 1.4015  
        blue_tint:core/conc                                                                                                                                0.0000 1.4015  
        blue_tint:core/conc.itm                                                                                                                            0.0000 1.4015  
        blue_tint:core/mux                                    mgc_mux_30_1_2                                                                               0.3690 1.7704  
        blue_tint:core/mux.itm                                                                                                                             0.0000 1.7704  
        blue_tint:core/reg(video_out:rsc:mgc_out_stdreg.d)    mgc_reg_pos_30_1_0_0_0_1_1                                                                   0.0000 1.7704  
                                                                                                                                                                          
      5                                                       blue_tint:core/mouse_xy:rsc:mgc_in_wire.d blue_tint:core/reg(video_out:rsc:mgc_out_stdreg.d) 1.7704 35.2666 
                                                                                                                                                                          
        Instance                                              Component                                                                                    Delta  Delay   
        --------                                              ---------                                                                                    -----  -----   
        blue_tint:core/mouse_xy:rsc:mgc_in_wire.d                                                                                                          0.0000 0.0000  
        blue_tint:core/slc#4                                                                                                                               0.0000 0.0000  
        blue_tint:core/slc#4.itm                                                                                                                           0.0000 0.0000  
        blue_tint:core/adjust:not#4                           mgc_not_8                                                                                    0.0000 0.0000  
        blue_tint:core/adjust:not#4.itm                                                                                                                    0.0000 0.0000  
        blue_tint:core/conc#17                                                                                                                             0.0000 0.0000  
        blue_tint:core/conc#17.itm                                                                                                                         0.0000 0.0000  
        blue_tint:core/else:else:acc#6                        mgc_add_10_0_10_1_11                                                                         1.1389 1.1389  
        blue_tint:core/else:else:acc#6.itm                                                                                                                 0.0000 1.1389  
        blue_tint:core/else:else:slc#4                                                                                                                     0.0000 1.1389  
        blue_tint:core/else:else:acc#1.psp.sva.sg1                                                                                                         0.0000 1.1389  
        blue_tint:core/slc(else:else:acc#1.psp.sva.sg1#2)                                                                                                  0.0000 1.1389  
        blue_tint:core/slc(else:else:acc#1.psp.sva.sg1#2).itm                                                                                              0.0000 1.1389  
        blue_tint:core/not#1                                  mgc_not_1                                                                                    0.0000 1.1389  
        blue_tint:core/not#1.itm                                                                                                                           0.0000 1.1389  
        blue_tint:core/makepos#1:exs                                                                                                                       0.0000 1.1389  
        blue_tint:core/makepos#1:exs.itm                                                                                                                   0.0000 1.1389  
        blue_tint:core/makepos#1:and                          mgc_and_10_2                                                                                 0.2625 1.4015  
        blue_tint:core/makepos#1:and.itm                                                                                                                   0.0000 1.4015  
        blue_tint:core/conc                                                                                                                                0.0000 1.4015  
        blue_tint:core/conc.itm                                                                                                                            0.0000 1.4015  
        blue_tint:core/mux                                    mgc_mux_30_1_2                                                                               0.3690 1.7704  
        blue_tint:core/mux.itm                                                                                                                             0.0000 1.7704  
        blue_tint:core/reg(video_out:rsc:mgc_out_stdreg.d)    mgc_reg_pos_30_1_0_0_0_1_1                                                                   0.0000 1.7704  
                                                                                                                                                                          
      6                                                       blue_tint:core/video_in:rsc:mgc_in_wire.d blue_tint:core/reg(video_out:rsc:mgc_out_stdreg.d) 1.7704 35.2666 
                                                                                                                                                                          
        Instance                                              Component                                                                                    Delta  Delay   
        --------                                              ---------                                                                                    -----  -----   
        blue_tint:core/video_in:rsc:mgc_in_wire.d                                                                                                          0.0000 0.0000  
        blue_tint:core/slc(video_in:rsc:mgc_in_wire.d)#4                                                                                                   0.0000 0.0000  
        blue_tint:core/slc(video_in:rsc:mgc_in_wire.d)#4.itm                                                                                               0.0000 0.0000  
        blue_tint:core/conc#14                                                                                                                             0.0000 0.0000  
        blue_tint:core/conc#14.itm                                                                                                                         0.0000 0.0000  
        blue_tint:core/else:else:acc#4                        mgc_add_10_0_10_1_11                                                                         1.1389 1.1389  
        blue_tint:core/else:else:acc#4.itm                                                                                                                 0.0000 1.1389  
        blue_tint:core/else:else:slc#1                                                                                                                     0.0000 1.1389  
        blue_tint:core/else:else:acc.psp.sva.sg1                                                                                                           0.0000 1.1389  
        blue_tint:core/slc(else:else:acc.psp.sva.sg1#2)                                                                                                    0.0000 1.1389  
        blue_tint:core/slc(else:else:acc.psp.sva.sg1#2).itm                                                                                                0.0000 1.1389  
        blue_tint:core/not                                    mgc_not_1                                                                                    0.0000 1.1389  
        blue_tint:core/not.itm                                                                                                                             0.0000 1.1389  
        blue_tint:core/makepos:exs                                                                                                                         0.0000 1.1389  
        blue_tint:core/makepos:exs.itm                                                                                                                     0.0000 1.1389  
        blue_tint:core/makepos:and                            mgc_and_10_2                                                                                 0.2625 1.4015  
        blue_tint:core/makepos:and.itm                                                                                                                     0.0000 1.4015  
        blue_tint:core/conc                                                                                                                                0.0000 1.4015  
        blue_tint:core/conc.itm                                                                                                                            0.0000 1.4015  
        blue_tint:core/mux                                    mgc_mux_30_1_2                                                                               0.3690 1.7704  
        blue_tint:core/mux.itm                                                                                                                             0.0000 1.7704  
        blue_tint:core/reg(video_out:rsc:mgc_out_stdreg.d)    mgc_reg_pos_30_1_0_0_0_1_1                                                                   0.0000 1.7704  
                                                                                                                                                                          
      7                                                       blue_tint:core/mouse_xy:rsc:mgc_in_wire.d blue_tint:core/reg(video_out:rsc:mgc_out_stdreg.d) 1.7704 35.2666 
                                                                                                                                                                          
        Instance                                              Component                                                                                    Delta  Delay   
        --------                                              ---------                                                                                    -----  -----   
        blue_tint:core/mouse_xy:rsc:mgc_in_wire.d                                                                                                          0.0000 0.0000  
        blue_tint:core/slc#3                                                                                                                               0.0000 0.0000  
        blue_tint:core/slc#3.itm                                                                                                                           0.0000 0.0000  
        blue_tint:core/adjust:not#2                           mgc_not_8                                                                                    0.0000 0.0000  
        blue_tint:core/adjust:not#2.itm                                                                                                                    0.0000 0.0000  
        blue_tint:core/conc#15                                                                                                                             0.0000 0.0000  
        blue_tint:core/conc#15.itm                                                                                                                         0.0000 0.0000  
        blue_tint:core/else:else:acc#4                        mgc_add_10_0_10_1_11                                                                         1.1389 1.1389  
        blue_tint:core/else:else:acc#4.itm                                                                                                                 0.0000 1.1389  
        blue_tint:core/else:else:slc#1                                                                                                                     0.0000 1.1389  
        blue_tint:core/else:else:acc.psp.sva.sg1                                                                                                           0.0000 1.1389  
        blue_tint:core/slc(else:else:acc.psp.sva.sg1#2)                                                                                                    0.0000 1.1389  
        blue_tint:core/slc(else:else:acc.psp.sva.sg1#2).itm                                                                                                0.0000 1.1389  
        blue_tint:core/not                                    mgc_not_1                                                                                    0.0000 1.1389  
        blue_tint:core/not.itm                                                                                                                             0.0000 1.1389  
        blue_tint:core/makepos:exs                                                                                                                         0.0000 1.1389  
        blue_tint:core/makepos:exs.itm                                                                                                                     0.0000 1.1389  
        blue_tint:core/makepos:and                            mgc_and_10_2                                                                                 0.2625 1.4015  
        blue_tint:core/makepos:and.itm                                                                                                                     0.0000 1.4015  
        blue_tint:core/conc                                                                                                                                0.0000 1.4015  
        blue_tint:core/conc.itm                                                                                                                            0.0000 1.4015  
        blue_tint:core/mux                                    mgc_mux_30_1_2                                                                               0.3690 1.7704  
        blue_tint:core/mux.itm                                                                                                                             0.0000 1.7704  
        blue_tint:core/reg(video_out:rsc:mgc_out_stdreg.d)    mgc_reg_pos_30_1_0_0_0_1_1                                                                   0.0000 1.7704  
                                                                                                                                                                          
      8                                                       blue_tint:core/video_in:rsc:mgc_in_wire.d blue_tint:core/reg(video_out:rsc:mgc_out_stdreg.d) 1.2892 35.7478 
                                                                                                                                                                          
        Instance                                              Component                                                                                    Delta  Delay   
        --------                                              ---------                                                                                    -----  -----   
        blue_tint:core/video_in:rsc:mgc_in_wire.d                                                                                                          0.0000 0.0000  
        blue_tint:core/slc(video_in:rsc:mgc_in_wire.d)#1                                                                                                   0.0000 0.0000  
        blue_tint:core/slc(video_in:rsc:mgc_in_wire.d)#1.itm                                                                                               0.0000 0.0000  
        blue_tint:core/conc#13                                                                                                                             0.0000 0.0000  
        blue_tint:core/conc#13.itm                                                                                                                         0.0000 0.0000  
        blue_tint:core/else:else:acc#5                        mgc_add_2_0_1_1_2                                                                            0.6577 0.6577  
        blue_tint:core/else:else:acc#5.itm                                                                                                                 0.0000 0.6577  
        blue_tint:core/else:else:slc#3                                                                                                                     0.0000 0.6577  
        blue_tint:core/else:else:slc#3.itm                                                                                                                 0.0000 0.6577  
        blue_tint:core/else:else:conc                                                                                                                      0.0000 0.6577  
        blue_tint:core/else:else:conc.itm                                                                                                                  0.0000 0.6577  
        blue_tint:core/makepos#1:and                          mgc_and_10_2                                                                                 0.2625 0.9202  
        blue_tint:core/makepos#1:and.itm                                                                                                                   0.0000 0.9202  
        blue_tint:core/conc                                                                                                                                0.0000 0.9202  
        blue_tint:core/conc.itm                                                                                                                            0.0000 0.9202  
        blue_tint:core/mux                                    mgc_mux_30_1_2                                                                               0.3690 1.2892  
        blue_tint:core/mux.itm                                                                                                                             0.0000 1.2892  
        blue_tint:core/reg(video_out:rsc:mgc_out_stdreg.d)    mgc_reg_pos_30_1_0_0_0_1_1                                                                   0.0000 1.2892  
                                                                                                                                                                          
      9                                                       blue_tint:core/video_in:rsc:mgc_in_wire.d blue_tint:core/reg(video_out:rsc:mgc_out_stdreg.d) 1.2892 35.7478 
                                                                                                                                                                          
        Instance                                              Component                                                                                    Delta  Delay   
        --------                                              ---------                                                                                    -----  -----   
        blue_tint:core/video_in:rsc:mgc_in_wire.d                                                                                                          0.0000 0.0000  
        blue_tint:core/slc(video_in:rsc:mgc_in_wire.d)                                                                                                     0.0000 0.0000  
        blue_tint:core/slc(video_in:rsc:mgc_in_wire.d).itm                                                                                                 0.0000 0.0000  
        blue_tint:core/conc#12                                                                                                                             0.0000 0.0000  
        blue_tint:core/conc#12.itm                                                                                                                         0.0000 0.0000  
        blue_tint:core/else:else:acc#3                        mgc_add_2_0_1_1_2                                                                            0.6577 0.6577  
        blue_tint:core/else:else:acc#3.itm                                                                                                                 0.0000 0.6577  
        blue_tint:core/else:else:slc                                                                                                                       0.0000 0.6577  
        blue_tint:core/else:else:slc.itm                                                                                                                   0.0000 0.6577  
        blue_tint:core/else:else:conc#10                                                                                                                   0.0000 0.6577  
        blue_tint:core/else:else:conc#10.itm                                                                                                               0.0000 0.6577  
        blue_tint:core/makepos:and                            mgc_and_10_2                                                                                 0.2625 0.9202  
        blue_tint:core/makepos:and.itm                                                                                                                     0.0000 0.9202  
        blue_tint:core/conc                                                                                                                                0.0000 0.9202  
        blue_tint:core/conc.itm                                                                                                                            0.0000 0.9202  
        blue_tint:core/mux                                    mgc_mux_30_1_2                                                                               0.3690 1.2892  
        blue_tint:core/mux.itm                                                                                                                             0.0000 1.2892  
        blue_tint:core/reg(video_out:rsc:mgc_out_stdreg.d)    mgc_reg_pos_30_1_0_0_0_1_1                                                                   0.0000 1.2892  
                                                                                                                                                                          
      10                                                      blue_tint:core/video_in:rsc:mgc_in_wire.d blue_tint:core/reg(video_out:rsc:mgc_out_stdreg.d) 0.3690 36.6681 
                                                                                                                                                                          
        Instance                                              Component                                                                                    Delta  Delay   
        --------                                              ---------                                                                                    -----  -----   
        blue_tint:core/video_in:rsc:mgc_in_wire.d                                                                                                          0.0000 0.0000  
        blue_tint:core/slc(video_in:rsc:mgc_in_wire.d)#2                                                                                                   0.0000 0.0000  
        blue_tint:core/slc(video_in:rsc:mgc_in_wire.d)#2.itm                                                                                               0.0000 0.0000  
        blue_tint:core/conc                                                                                                                                0.0000 0.0000  
        blue_tint:core/conc.itm                                                                                                                            0.0000 0.0000  
        blue_tint:core/mux                                    mgc_mux_30_1_2                                                                               0.3690 0.3690  
        blue_tint:core/mux.itm                                                                                                                             0.0000 0.3690  
        blue_tint:core/reg(video_out:rsc:mgc_out_stdreg.d)    mgc_reg_pos_30_1_0_0_0_1_1                                                                   0.0000 0.3690  
                                                                                                                                                                          
      
    Register Input and Register-to-Output Slack
      Clock period or pin-to-reg delay constraint (clk): 37.037037037
      Clock uncertainty constraint (clk)               : 0.0
      
      Instance                                           Port              Slack (Delay) Messages 
      -------------------------------------------------- --------------- ------- ------- --------
      blue_tint:core/reg(video_out:rsc:mgc_out_stdreg.d) mux.itm         35.2666  1.7704          
      blue_tint                                          video_out:rsc.z 37.0370  0.0000          
      
  Operator Bitwidth Summary
    Operation  Size (bits) Count 
    ---------- ----------- -----
    add                          
    -                   11     2 
    -                    2     2 
    and                          
    -                    2     2 
    mux                          
    -                    1     1 
    not                          
    -                    8     2 
    -                    1     2 
    read_port                    
    -                   30     1 
    -                   20     1 
    reg                          
    -                   30     1 
    write_port                   
    -                   30     1 
    
  End of Report
