-- Catapult University Version: Report                                              
-- ---------------------------- ---------------------------------------------------
-- Version:                     2011a.126 Production Release                        
-- Build Date:                  Wed Aug  8 00:52:07 PDT 2012                        
                                                                                    
-- Generated by:                rbw14@EEWS104A-005                                  
-- Generated date:              Fri May 01 16:30:06 +0100 2015                      

Solution Settings: sharpen.v2
  Current state: schedule
  Project: Catapult
  
  Design Input Files Specified
    $PROJECT_HOME/sharpen1.c
      $MGC_HOME/shared/include/ac_fixed.h
        $MGC_HOME/shared/include/ac_int.h
      $PROJECT_HOME/sharpen.h
      $PROJECT_HOME/shift_class.h
    $PROJECT_HOME/sharpen.h
      $MGC_HOME/shared/include/ac_int.h
    $PROJECT_HOME/shift_class.h
  
  Processes/Blocks in Design
    Process       Real Operation(s) count Latency Throughput Reset Length II Comments 
    ------------- ----------------------- ------- ---------- ------------ -- --------
    /sharpen/core                     197      30         30            0  1          
    Design Total:                     197      30         30            0  0          
    
  Clock Information
    Clock Signal Edge   Period Sharing Alloc (%) Uncertainty Used by Processes/Blocks 
    ------------ ------ ------ ----------------- ----------- ------------------------
    clk          rising 20.000             20.00    0.000000 /sharpen/core            
    
  I/O Data Ranges
    Port       Mode DeclType DeclWidth DeclRange ActType ActWidth ActRange 
    ---------- ---- -------- --------- --------- ------- -------- --------
    vin:rsc.z  IN   Unsigned       270                                     
    clk        IN   Unsigned         1                                     
    en         IN   Unsigned         1                                     
    arst_n     IN   Unsigned         1                                     
    vout:rsc.z OUT  Unsigned        30                                     
    
  Memory Resources
    Resource Name: /sharpen/vin:rsc
      Memory Component: mgc_in_wire                  Size:         1 x 270
      External:         true                         Packing Mode: sidebyside
      Memory Map:
      Variable     Indices Phys Memory Address     
      ------------ ------- -----------------------
      /sharpen/vin   0:269 00000000-00000000 (0-0) 
      
    Resource Name: /sharpen/vout:rsc
      Memory Component: mgc_out_stdreg               Size:         1 x 30
      External:         true                         Packing Mode: sidebyside
      Memory Map:
      Variable      Indices Phys Memory Address     
      ------------- ------- -----------------------
      /sharpen/vout    0:29 00000000-00000000 (0-0) 
      
  Multi-Cycle (Combinational) Component Usage
    Instance Component Name Delay 
    -------- -------------- -----
    
  Loops
    Process       Loop             Iterations C-Steps Total Cycles   Duration  Unroll Init Comments 
    ------------- ---------------- ---------- ------- ------------- ---------- ------ ---- --------
    /sharpen/core core:rlp           Infinite       0           31  620.00 ns                       
    /sharpen/core   main             Infinite       2           31  620.00 ns            1          
    
  Loop Execution Profile
    Process       Loop             Total Cycles % of Overall Design Cycles Throughput Cycles Comments 
    ------------- ---------------- ------------ -------------------------- ----------------- --------
    /sharpen/core core:rlp                   0                        0.00               30           
    /sharpen/core   main                    31                      100.00               30           
    
  End of Report
