-- Catapult University Version: Report                                              
-- ---------------------------- ---------------------------------------------------
-- Version:                     2011a.126 Production Release                        
-- Build Date:                  Wed Aug  8 00:52:07 PDT 2012                        
                                                                                    
-- Generated by:                rbw14@EEWS104A-005                                  
-- Generated date:              Fri May 01 16:30:10 +0100 2015                      

Solution Settings: sharpen.v2
  Current state: extract
  Project: Catapult
  
  Design Input Files Specified
    $PROJECT_HOME/sharpen1.c
      $MGC_HOME/shared/include/ac_fixed.h
        $MGC_HOME/shared/include/ac_int.h
      $PROJECT_HOME/sharpen.h
      $PROJECT_HOME/shift_class.h
    $PROJECT_HOME/sharpen.h
      $MGC_HOME/shared/include/ac_int.h
    $PROJECT_HOME/shift_class.h
  
  Processes/Blocks in Design
    Process       Real Operation(s) count Latency Throughput Reset Length II Comments 
    ------------- ----------------------- ------- ---------- ------------ -- --------
    /sharpen/core                     197      30         30            0  1          
    Design Total:                     197      30         30            0  0          
    
  Bill Of Materials (Datapath)
    Component Name                          Area Score Area(LUTs) Delay Post Alloc Post Assign 
    --------------------------------------- ---------- ---------- ----- ---------- -----------
    [Lib: mgc_Altera-Cyclone-III-6_beh_psr]                                                    
    mgc_add(1,0,1,0,2)                           2.319      2.319 0.506          0           1 
    mgc_add(10,1,2,1,11)                        11.000     11.000 1.158          4           4 
    mgc_add(15,0,2,1,16)                        16.000     16.000 1.491          2           2 
    mgc_add(16,0,11,1,16)                       17.000     17.000 1.698          3           3 
    mgc_add(16,0,16,0,16)                       17.189     17.189 1.690          3           3 
    mgc_add(2,0,1,0,2)                           3.315      3.315 0.658          0           3 
    mgc_add(2,0,1,0,3)                           3.315      3.315 0.658          1           1 
    mgc_add(2,0,1,1,2)                           3.000      3.000 0.658          1           1 
    mgc_add(2,0,2,0,2)                           3.311      3.311 0.653          4           3 
    mgc_add(3,0,3,0,3)                           4.302      4.302 0.761          3           0 
    mgc_add(4,0,4,1,5)                           5.000      5.000 0.691          3           3 
    mgc_add(5,0,4,1,5)                           6.000      6.000 0.940          2           2 
    mgc_add(6,1,2,1,7)                           7.000      7.000 0.865          3           3 
    mgc_and(1,2)                                 0.730      0.730 0.263          0          12 
    mgc_and(1,3)                                 1.054      1.054 0.416          0           5 
    mgc_and(11,2)                                8.028      8.028 0.263          3           3 
    mgc_and(16,2)                               11.677     11.677 0.263         12          12 
    mgc_and(2,2)                                 1.460      1.460 0.263          5           1 
    mgc_and(5,2)                                 3.649      3.649 0.263          1           1 
    mgc_mux(1,1,2)                               0.919      0.919 0.369          7          10 
    mgc_mux(1,4,16)                             10.065     10.065 2.071          2           2 
    mgc_mux(10,1,2)                              9.194      9.194 0.369          1           1 
    mgc_mux(10,5,32)                           205.163    205.163 2.639          2           2 
    mgc_mux(16,1,2)                             14.711     14.711 0.369         13          13 
    mgc_mux(16,2,4)                             35.614     35.614 0.936          6           6 
    mgc_mux(2,1,2)                               1.839      1.839 0.369          1           7 
    mgc_mux(3,1,2)                               2.758      2.758 0.369          2           0 
    mgc_mux(30,1,2)                             27.583     27.583 0.369          0           1 
    mgc_mux(90,1,2)                             82.748     82.748 0.369          5           4 
    mgc_mux(90,2,4)                            200.329    200.329 0.936          1           1 
    mgc_mux1hot(16,3)                           35.034     35.034 0.773          1           1 
    mgc_mux1hot(2,3)                             4.379      4.379 0.773          2           0 
    mgc_mux1hot(2,4)                             5.659      5.659 0.876          1           0 
    mgc_nand(1,2)                                0.730      0.730 0.268          0           3 
    mgc_nor(1,2)                                 0.730      0.730 0.263          0           5 
    mgc_nor(1,3)                                 1.054      1.054 0.416          0           1 
    mgc_nor(1,4)                                 1.379      1.379 0.525          0           1 
    mgc_nor(2,2)                                 1.460      1.460 0.263          0           6 
    mgc_not(1)                                   0.000      0.000 0.000          0          38 
    mgc_not(10)                                  0.000      0.000 0.000          0          63 
    mgc_not(15)                                  0.000      0.000 0.000          0           2 
    mgc_not(2)                                   0.000      0.000 0.000          0           1 
    mgc_not(6)                                   0.000      0.000 0.000          0           3 
    mgc_not(90)                                  0.000      0.000 0.000          0           1 
    mgc_or(1,2)                                  0.730      0.730 0.268          0           7 
    mgc_or(1,3)                                  1.054      1.054 0.425          0           6 
    mgc_or(1,4)                                  1.379      1.379 0.536          0           1 
    mgc_or(10,2)                                 7.298      7.298 0.268          2           2 
    mgc_or(10,4)                                13.791     13.791 0.536          1           1 
    mgc_reg_pos(1,1,0,0,0,1,1)                   0.000      0.000 0.000          0           6 
    mgc_reg_pos(16,1,0,0,0,1,1)                  0.000      0.000 0.000          0          12 
    mgc_reg_pos(2,1,0,0,0,1,1)                   0.000      0.000 0.000          0           5 
    mgc_reg_pos(30,1,0,0,0,1,1)                  0.000      0.000 0.000          0           1 
    mgc_reg_pos(90,1,0,0,0,1,1)                  0.000      0.000 0.000          0           4 
    mgc_shift_r(90,1,7,10)                     282.912    265.435 4.041          1           1 
    [Lib: mgc_ioport]                                                                          
    mgc_in_wire(1,270)                           0.000      0.000 0.000          1           1 
    mgc_out_stdreg(2,30)                         0.000      0.000 0.000          1           1 
                                                                                               
    TOTAL AREA (After Assignment):            2240.153   2223.000                              
    
  Area Scores
                      Post-Scheduling   Post-DP & FSM Post-Assignment 
    ----------------- --------------- --------------- ---------------
    Total Area Score:   2267.4          2333.5          2240.2        
    Total Reg:             0.0             0.0             0.0        
                                                                      
    DataPath:           2267.4 (100%)   2333.5 (100%)   2240.2 (100%) 
      MUX:              1521.9  (67%)   1548.9  (66%)   1460.6  (65%) 
      FUNC:              541.9  (24%)    541.9  (23%)    538.0  (24%) 
      LOGIC:             203.5   (9%)    242.6  (10%)    241.6  (11%) 
      BUFFER:              0.0             0.0             0.0        
      MEM:                 0.0             0.0             0.0        
      ROM:                 0.0             0.0             0.0        
      REG:                 0.0             0.0             0.0        
                                                                      
    
    FSM:                   0.0             0.0             0.0        
      FSM-REG:             0.0             0.0             0.0        
      FSM-COMB:            0.0             0.0             0.0        
                                                                      
    
  Register-to-Variable Mappings
    Register                      Size(bits) Gated Register CG Opt Done Variables                                             
    ----------------------------- ---------- -------------- ----------- -----------------------------------------------------
    regs.operator<<:din.lpi#1.dfm         90         Y                  regs.operator<<:din.lpi#1.dfm                         
    regs.regs(0).sva                      90         Y                  regs.regs(0).sva                                      
    regs.regs(1).sva                      90         Y                  regs.regs(1).sva                                      
    regs.regs(2).sva                      90         Y                  regs.regs(2).sva                                      
    vout:rsc:mgc_out_stdreg.d             30         Y                  vout:rsc:mgc_out_stdreg.d                             
    blue.lpi#1                            16         Y                  blue.lpi#1                                            
    bluearray(0).lpi#1                    16         Y                  bluearray(0).lpi#1                                    
    bluearray(1).lpi#1                    16         Y                  bluearray(1).lpi#1                                    
    bluearray(2).lpi#1                    16         Y                  bluearray(2).lpi#1                                    
    green.lpi#1                           16         Y                  green.lpi#1                                           
    greenarray(0).lpi#1                   16         Y                  greenarray(0).lpi#1                                   
    greenarray(1).lpi#1                   16         Y                  greenarray(1).lpi#1                                   
    greenarray(2).lpi#1                   16         Y                  greenarray(2).lpi#1                                   
    red.lpi#1                             16         Y                  red.lpi#1                                             
    redarray(0).lpi#1                     16         Y                  redarray(0).lpi#1                                     
    redarray(1).lpi#1                     16         Y                  redarray(1).lpi#1                                     
    redarray(2).lpi#1                     16         Y                  redarray(2).lpi#1                                     
    FRAME:a#3.lpi#1                        2         Y                  FRAME:a#3.lpi#1                                       
    FRAME:a#4.lpi#1                        2         Y                  FRAME:a#4.lpi#1                                       
    FRAME:i#1.lpi#1                        2         Y                  FRAME:i#1.lpi#1                                       
    FRAME:p#1.lpi#1.dfm#3                  2         Y                  FRAME:p#1.lpi#1.dfm#3                                 
    SHIFT:i#1.lpi#3                        2         Y                  SHIFT:i#1.lpi#3                                       
    exit:ACC3.lpi#1.dfm#5                  1         Y                  exit:ACC3.lpi#1.dfm#5                                 
    exit:ACC_GX#1.lpi#1                    1         Y                  exit:ACC_GX#1.lpi#1                                   
    exit:ACC_GX:for.sva                    1         Y                  exit:ACC_GX:for.sva                                   
    exit:FRAME#1.sva                       1         Y                  exit:FRAME#1.sva                                      
    exit:FRAME.lpi#1.dfm#3                 1         Y                  exit:FRAME.lpi#1.dfm#3                                
    exit:SHIFT.lpi#1                       1         Y                  exit:SHIFT.lpi#1                                      
                                                                                                                              
    Total:                               598            598           0 (Total Gating Ratio: 1.00, CG Opt Gating Ratio: 0.00) 
    
  Timing Report
    Critical Path
      Max Delay:  9.158809999999999
      Slack:      10.841190000000001
      
      Path                                                  Startpoint                         Endpoint                            Delay  Slack   
      ----------------------------------------------------- ---------------------------------- ----------------------------------- ------ -------
      1                                                     sharpen:core/reg(FRAME:a#4.lpi#1)  sharpen:core/reg(redarray(2).lpi#1) 9.1588 10.8412 
                                                                                                                                                  
        Instance                                            Component                                                              Delta  Delay   
        --------                                            ---------                                                              -----  -----   
        sharpen:core/reg(FRAME:a#4.lpi#1)                   mgc_reg_pos_2_1_0_0_0_1_1                                              0.0000 0.0000  
        sharpen:core/FRAME:a#4.lpi#1                                                                                               0.0000 0.0000  
        sharpen:core/ACC_GX:for:not#4                       mgc_not_2                                                              0.0000 0.0000  
        sharpen:core/ACC_GX:for:not#4.itm                                                                                          0.0000 0.0000  
        sharpen:core/conc#93                                                                                                       0.0000 0.0000  
        sharpen:core/conc#93.itm                                                                                                   0.0000 0.0000  
        sharpen:core/ACC_GX:for:acc#16                      mgc_add_5_0_4_1_5                                                      0.9400 0.9400  
        sharpen:core/ACC_GX:for:acc#16.psp.sva                                                                                     0.0000 0.9400  
        sharpen:core/slc(ACC_GX:for:acc#16.psp.sva)                                                                                0.0000 0.9400  
        sharpen:core/slc(ACC_GX:for:acc#16.psp.sva).itm                                                                            0.0000 0.9400  
        sharpen:core/ACC_GX:for:acc#3                       mgc_add_4_0_4_1_5                                                      0.6911 1.6311  
        sharpen:core/ACC_GX:for:acc#3.itm                                                                                          0.0000 1.6311  
        sharpen:core/ACC_GX:for:conc                                                                                               0.0000 1.6311  
        sharpen:core/ACC_GX:for:conc.itm                                                                                           0.0000 1.6311  
        sharpen:core/ACC_GX:for:rshift.rg                   mgc_shift_r_90_1_7_10                                                  4.0410 5.6721  
        sharpen:core/ACC_GX:for:rshift.itm                                                                                         0.0000 5.6721  
        sharpen:core/ACC_GX:for:acc#2                       mgc_add_10_1_2_1_11                                                    1.1575 6.8296  
        sharpen:core/ACC_GX:for:acc#2.itm                                                                                          0.0000 6.8296  
        sharpen:core/and#55                                 mgc_and_11_2                                                           0.2625 7.0922  
        sharpen:core/and#55.itm                                                                                                    0.0000 7.0922  
        sharpen:core/ACC_GX:for:acc#1                       mgc_add_16_0_11_1_16                                                   1.6977 8.7898  
        sharpen:core/ACC_GX:for:acc#1.ctmp.sva                                                                                     0.0000 8.7898  
        sharpen:core/mux#13                                 mgc_mux_16_1_2                                                         0.3690 9.1588  
        sharpen:core/mux#13.itm                                                                                                    0.0000 9.1588  
        sharpen:core/reg(redarray(2).lpi#1)                 mgc_reg_pos_16_1_0_0_0_1_1                                             0.0000 9.1588  
                                                                                                                                                  
      2                                                     sharpen:core/reg(FRAME:a#4.lpi#1)  sharpen:core/reg(redarray(1).lpi#1) 9.1588 10.8412 
                                                                                                                                                  
        Instance                                            Component                                                              Delta  Delay   
        --------                                            ---------                                                              -----  -----   
        sharpen:core/reg(FRAME:a#4.lpi#1)                   mgc_reg_pos_2_1_0_0_0_1_1                                              0.0000 0.0000  
        sharpen:core/FRAME:a#4.lpi#1                                                                                               0.0000 0.0000  
        sharpen:core/ACC_GX:for:not#4                       mgc_not_2                                                              0.0000 0.0000  
        sharpen:core/ACC_GX:for:not#4.itm                                                                                          0.0000 0.0000  
        sharpen:core/conc#93                                                                                                       0.0000 0.0000  
        sharpen:core/conc#93.itm                                                                                                   0.0000 0.0000  
        sharpen:core/ACC_GX:for:acc#16                      mgc_add_5_0_4_1_5                                                      0.9400 0.9400  
        sharpen:core/ACC_GX:for:acc#16.psp.sva                                                                                     0.0000 0.9400  
        sharpen:core/slc(ACC_GX:for:acc#16.psp.sva)                                                                                0.0000 0.9400  
        sharpen:core/slc(ACC_GX:for:acc#16.psp.sva).itm                                                                            0.0000 0.9400  
        sharpen:core/ACC_GX:for:acc#3                       mgc_add_4_0_4_1_5                                                      0.6911 1.6311  
        sharpen:core/ACC_GX:for:acc#3.itm                                                                                          0.0000 1.6311  
        sharpen:core/ACC_GX:for:conc                                                                                               0.0000 1.6311  
        sharpen:core/ACC_GX:for:conc.itm                                                                                           0.0000 1.6311  
        sharpen:core/ACC_GX:for:rshift.rg                   mgc_shift_r_90_1_7_10                                                  4.0410 5.6721  
        sharpen:core/ACC_GX:for:rshift.itm                                                                                         0.0000 5.6721  
        sharpen:core/ACC_GX:for:acc#2                       mgc_add_10_1_2_1_11                                                    1.1575 6.8296  
        sharpen:core/ACC_GX:for:acc#2.itm                                                                                          0.0000 6.8296  
        sharpen:core/and#55                                 mgc_and_11_2                                                           0.2625 7.0922  
        sharpen:core/and#55.itm                                                                                                    0.0000 7.0922  
        sharpen:core/ACC_GX:for:acc#1                       mgc_add_16_0_11_1_16                                                   1.6977 8.7898  
        sharpen:core/ACC_GX:for:acc#1.ctmp.sva                                                                                     0.0000 8.7898  
        sharpen:core/mux#14                                 mgc_mux_16_1_2                                                         0.3690 9.1588  
        sharpen:core/mux#14.itm                                                                                                    0.0000 9.1588  
        sharpen:core/reg(redarray(1).lpi#1)                 mgc_reg_pos_16_1_0_0_0_1_1                                             0.0000 9.1588  
                                                                                                                                                  
      3                                                     sharpen:core/reg(FRAME:a#4.lpi#1)  sharpen:core/reg(redarray(1).lpi#1) 9.1588 10.8412 
                                                                                                                                                  
        Instance                                            Component                                                              Delta  Delay   
        --------                                            ---------                                                              -----  -----   
        sharpen:core/reg(FRAME:a#4.lpi#1)                   mgc_reg_pos_2_1_0_0_0_1_1                                              0.0000 0.0000  
        sharpen:core/FRAME:a#4.lpi#1                                                                                               0.0000 0.0000  
        sharpen:core/slc(FRAME:a#4.lpi#1)                                                                                          0.0000 0.0000  
        sharpen:core/slc(FRAME:a#4.lpi#1).itm                                                                                      0.0000 0.0000  
        sharpen:core/conc#94                                                                                                       0.0000 0.0000  
        sharpen:core/conc#94.itm                                                                                                   0.0000 0.0000  
        sharpen:core/ACC_GX:for:acc#16                      mgc_add_5_0_4_1_5                                                      0.9400 0.9400  
        sharpen:core/ACC_GX:for:acc#16.psp.sva                                                                                     0.0000 0.9400  
        sharpen:core/slc(ACC_GX:for:acc#16.psp.sva)                                                                                0.0000 0.9400  
        sharpen:core/slc(ACC_GX:for:acc#16.psp.sva).itm                                                                            0.0000 0.9400  
        sharpen:core/ACC_GX:for:acc#3                       mgc_add_4_0_4_1_5                                                      0.6911 1.6311  
        sharpen:core/ACC_GX:for:acc#3.itm                                                                                          0.0000 1.6311  
        sharpen:core/ACC_GX:for:conc                                                                                               0.0000 1.6311  
        sharpen:core/ACC_GX:for:conc.itm                                                                                           0.0000 1.6311  
        sharpen:core/ACC_GX:for:rshift.rg                   mgc_shift_r_90_1_7_10                                                  4.0410 5.6721  
        sharpen:core/ACC_GX:for:rshift.itm                                                                                         0.0000 5.6721  
        sharpen:core/ACC_GX:for:acc#2                       mgc_add_10_1_2_1_11                                                    1.1575 6.8296  
        sharpen:core/ACC_GX:for:acc#2.itm                                                                                          0.0000 6.8296  
        sharpen:core/and#55                                 mgc_and_11_2                                                           0.2625 7.0922  
        sharpen:core/and#55.itm                                                                                                    0.0000 7.0922  
        sharpen:core/ACC_GX:for:acc#1                       mgc_add_16_0_11_1_16                                                   1.6977 8.7898  
        sharpen:core/ACC_GX:for:acc#1.ctmp.sva                                                                                     0.0000 8.7898  
        sharpen:core/mux#14                                 mgc_mux_16_1_2                                                         0.3690 9.1588  
        sharpen:core/mux#14.itm                                                                                                    0.0000 9.1588  
        sharpen:core/reg(redarray(1).lpi#1)                 mgc_reg_pos_16_1_0_0_0_1_1                                             0.0000 9.1588  
                                                                                                                                                  
      4                                                     sharpen:core/reg(FRAME:a#4.lpi#1)  sharpen:core/reg(redarray(0).lpi#1) 9.1588 10.8412 
                                                                                                                                                  
        Instance                                            Component                                                              Delta  Delay   
        --------                                            ---------                                                              -----  -----   
        sharpen:core/reg(FRAME:a#4.lpi#1)                   mgc_reg_pos_2_1_0_0_0_1_1                                              0.0000 0.0000  
        sharpen:core/FRAME:a#4.lpi#1                                                                                               0.0000 0.0000  
        sharpen:core/ACC_GX:for:not#4                       mgc_not_2                                                              0.0000 0.0000  
        sharpen:core/ACC_GX:for:not#4.itm                                                                                          0.0000 0.0000  
        sharpen:core/conc#93                                                                                                       0.0000 0.0000  
        sharpen:core/conc#93.itm                                                                                                   0.0000 0.0000  
        sharpen:core/ACC_GX:for:acc#16                      mgc_add_5_0_4_1_5                                                      0.9400 0.9400  
        sharpen:core/ACC_GX:for:acc#16.psp.sva                                                                                     0.0000 0.9400  
        sharpen:core/slc(ACC_GX:for:acc#16.psp.sva)                                                                                0.0000 0.9400  
        sharpen:core/slc(ACC_GX:for:acc#16.psp.sva).itm                                                                            0.0000 0.9400  
        sharpen:core/ACC_GX:for:acc#3                       mgc_add_4_0_4_1_5                                                      0.6911 1.6311  
        sharpen:core/ACC_GX:for:acc#3.itm                                                                                          0.0000 1.6311  
        sharpen:core/ACC_GX:for:conc                                                                                               0.0000 1.6311  
        sharpen:core/ACC_GX:for:conc.itm                                                                                           0.0000 1.6311  
        sharpen:core/ACC_GX:for:rshift.rg                   mgc_shift_r_90_1_7_10                                                  4.0410 5.6721  
        sharpen:core/ACC_GX:for:rshift.itm                                                                                         0.0000 5.6721  
        sharpen:core/ACC_GX:for:acc#2                       mgc_add_10_1_2_1_11                                                    1.1575 6.8296  
        sharpen:core/ACC_GX:for:acc#2.itm                                                                                          0.0000 6.8296  
        sharpen:core/and#55                                 mgc_and_11_2                                                           0.2625 7.0922  
        sharpen:core/and#55.itm                                                                                                    0.0000 7.0922  
        sharpen:core/ACC_GX:for:acc#1                       mgc_add_16_0_11_1_16                                                   1.6977 8.7898  
        sharpen:core/ACC_GX:for:acc#1.ctmp.sva                                                                                     0.0000 8.7898  
        sharpen:core/mux#15                                 mgc_mux_16_1_2                                                         0.3690 9.1588  
        sharpen:core/mux#15.itm                                                                                                    0.0000 9.1588  
        sharpen:core/reg(redarray(0).lpi#1)                 mgc_reg_pos_16_1_0_0_0_1_1                                             0.0000 9.1588  
                                                                                                                                                  
      5                                                     sharpen:core/reg(FRAME:a#4.lpi#1)  sharpen:core/reg(redarray(0).lpi#1) 9.1588 10.8412 
                                                                                                                                                  
        Instance                                            Component                                                              Delta  Delay   
        --------                                            ---------                                                              -----  -----   
        sharpen:core/reg(FRAME:a#4.lpi#1)                   mgc_reg_pos_2_1_0_0_0_1_1                                              0.0000 0.0000  
        sharpen:core/FRAME:a#4.lpi#1                                                                                               0.0000 0.0000  
        sharpen:core/slc(FRAME:a#4.lpi#1)                                                                                          0.0000 0.0000  
        sharpen:core/slc(FRAME:a#4.lpi#1).itm                                                                                      0.0000 0.0000  
        sharpen:core/conc#94                                                                                                       0.0000 0.0000  
        sharpen:core/conc#94.itm                                                                                                   0.0000 0.0000  
        sharpen:core/ACC_GX:for:acc#16                      mgc_add_5_0_4_1_5                                                      0.9400 0.9400  
        sharpen:core/ACC_GX:for:acc#16.psp.sva                                                                                     0.0000 0.9400  
        sharpen:core/slc(ACC_GX:for:acc#16.psp.sva)                                                                                0.0000 0.9400  
        sharpen:core/slc(ACC_GX:for:acc#16.psp.sva).itm                                                                            0.0000 0.9400  
        sharpen:core/ACC_GX:for:acc#3                       mgc_add_4_0_4_1_5                                                      0.6911 1.6311  
        sharpen:core/ACC_GX:for:acc#3.itm                                                                                          0.0000 1.6311  
        sharpen:core/ACC_GX:for:conc                                                                                               0.0000 1.6311  
        sharpen:core/ACC_GX:for:conc.itm                                                                                           0.0000 1.6311  
        sharpen:core/ACC_GX:for:rshift.rg                   mgc_shift_r_90_1_7_10                                                  4.0410 5.6721  
        sharpen:core/ACC_GX:for:rshift.itm                                                                                         0.0000 5.6721  
        sharpen:core/ACC_GX:for:acc#2                       mgc_add_10_1_2_1_11                                                    1.1575 6.8296  
        sharpen:core/ACC_GX:for:acc#2.itm                                                                                          0.0000 6.8296  
        sharpen:core/and#55                                 mgc_and_11_2                                                           0.2625 7.0922  
        sharpen:core/and#55.itm                                                                                                    0.0000 7.0922  
        sharpen:core/ACC_GX:for:acc#1                       mgc_add_16_0_11_1_16                                                   1.6977 8.7898  
        sharpen:core/ACC_GX:for:acc#1.ctmp.sva                                                                                     0.0000 8.7898  
        sharpen:core/mux#15                                 mgc_mux_16_1_2                                                         0.3690 9.1588  
        sharpen:core/mux#15.itm                                                                                                    0.0000 9.1588  
        sharpen:core/reg(redarray(0).lpi#1)                 mgc_reg_pos_16_1_0_0_0_1_1                                             0.0000 9.1588  
                                                                                                                                                  
      6                                                     sharpen:core/reg(FRAME:a#4.lpi#1)  sharpen:core/reg(redarray(0).lpi#1) 8.4677 11.5323 
                                                                                                                                                  
        Instance                                            Component                                                              Delta  Delay   
        --------                                            ---------                                                              -----  -----   
        sharpen:core/reg(FRAME:a#4.lpi#1)                   mgc_reg_pos_2_1_0_0_0_1_1                                              0.0000 0.0000  
        sharpen:core/FRAME:a#4.lpi#1                                                                                               0.0000 0.0000  
        sharpen:core/ACC_GX:for:not#4                       mgc_not_2                                                              0.0000 0.0000  
        sharpen:core/ACC_GX:for:not#4.itm                                                                                          0.0000 0.0000  
        sharpen:core/conc#93                                                                                                       0.0000 0.0000  
        sharpen:core/conc#93.itm                                                                                                   0.0000 0.0000  
        sharpen:core/ACC_GX:for:acc#16                      mgc_add_5_0_4_1_5                                                      0.9400 0.9400  
        sharpen:core/ACC_GX:for:acc#16.psp.sva                                                                                     0.0000 0.9400  
        sharpen:core/slc(ACC_GX:for:acc#16.psp.sva)#1                                                                              0.0000 0.9400  
        sharpen:core/slc(ACC_GX:for:acc#16.psp.sva)#1.itm                                                                          0.0000 0.9400  
        sharpen:core/ACC_GX:for:conc                                                                                               0.0000 0.9400  
        sharpen:core/ACC_GX:for:conc.itm                                                                                           0.0000 0.9400  
        sharpen:core/ACC_GX:for:rshift.rg                   mgc_shift_r_90_1_7_10                                                  4.0410 4.9811  
        sharpen:core/ACC_GX:for:rshift.itm                                                                                         0.0000 4.9811  
        sharpen:core/ACC_GX:for:acc#2                       mgc_add_10_1_2_1_11                                                    1.1575 6.1386  
        sharpen:core/ACC_GX:for:acc#2.itm                                                                                          0.0000 6.1386  
        sharpen:core/and#55                                 mgc_and_11_2                                                           0.2625 6.4011  
        sharpen:core/and#55.itm                                                                                                    0.0000 6.4011  
        sharpen:core/ACC_GX:for:acc#1                       mgc_add_16_0_11_1_16                                                   1.6977 8.0988  
        sharpen:core/ACC_GX:for:acc#1.ctmp.sva                                                                                     0.0000 8.0988  
        sharpen:core/mux#15                                 mgc_mux_16_1_2                                                         0.3690 8.4677  
        sharpen:core/mux#15.itm                                                                                                    0.0000 8.4677  
        sharpen:core/reg(redarray(0).lpi#1)                 mgc_reg_pos_16_1_0_0_0_1_1                                             0.0000 8.4677  
                                                                                                                                                  
      7                                                     sharpen:core/reg(FRAME:a#4.lpi#1)  sharpen:core/reg(redarray(0).lpi#1) 8.4677 11.5323 
                                                                                                                                                  
        Instance                                            Component                                                              Delta  Delay   
        --------                                            ---------                                                              -----  -----   
        sharpen:core/reg(FRAME:a#4.lpi#1)                   mgc_reg_pos_2_1_0_0_0_1_1                                              0.0000 0.0000  
        sharpen:core/FRAME:a#4.lpi#1                                                                                               0.0000 0.0000  
        sharpen:core/slc(FRAME:a#4.lpi#1)                                                                                          0.0000 0.0000  
        sharpen:core/slc(FRAME:a#4.lpi#1).itm                                                                                      0.0000 0.0000  
        sharpen:core/conc#94                                                                                                       0.0000 0.0000  
        sharpen:core/conc#94.itm                                                                                                   0.0000 0.0000  
        sharpen:core/ACC_GX:for:acc#16                      mgc_add_5_0_4_1_5                                                      0.9400 0.9400  
        sharpen:core/ACC_GX:for:acc#16.psp.sva                                                                                     0.0000 0.9400  
        sharpen:core/slc(ACC_GX:for:acc#16.psp.sva)#1                                                                              0.0000 0.9400  
        sharpen:core/slc(ACC_GX:for:acc#16.psp.sva)#1.itm                                                                          0.0000 0.9400  
        sharpen:core/ACC_GX:for:conc                                                                                               0.0000 0.9400  
        sharpen:core/ACC_GX:for:conc.itm                                                                                           0.0000 0.9400  
        sharpen:core/ACC_GX:for:rshift.rg                   mgc_shift_r_90_1_7_10                                                  4.0410 4.9811  
        sharpen:core/ACC_GX:for:rshift.itm                                                                                         0.0000 4.9811  
        sharpen:core/ACC_GX:for:acc#2                       mgc_add_10_1_2_1_11                                                    1.1575 6.1386  
        sharpen:core/ACC_GX:for:acc#2.itm                                                                                          0.0000 6.1386  
        sharpen:core/and#55                                 mgc_and_11_2                                                           0.2625 6.4011  
        sharpen:core/and#55.itm                                                                                                    0.0000 6.4011  
        sharpen:core/ACC_GX:for:acc#1                       mgc_add_16_0_11_1_16                                                   1.6977 8.0988  
        sharpen:core/ACC_GX:for:acc#1.ctmp.sva                                                                                     0.0000 8.0988  
        sharpen:core/mux#15                                 mgc_mux_16_1_2                                                         0.3690 8.4677  
        sharpen:core/mux#15.itm                                                                                                    0.0000 8.4677  
        sharpen:core/reg(redarray(0).lpi#1)                 mgc_reg_pos_16_1_0_0_0_1_1                                             0.0000 8.4677  
                                                                                                                                                  
      8                                                     sharpen:core/reg(regs.regs(2).sva) sharpen:core/reg(redarray(0).lpi#1) 8.4641 11.5359 
                                                                                                                                                  
        Instance                                            Component                                                              Delta  Delay   
        --------                                            ---------                                                              -----  -----   
        sharpen:core/reg(regs.regs(2).sva)                  mgc_reg_pos_90_1_0_0_0_1_1                                             0.0000 0.0000  
        sharpen:core/regs.regs(2).sva                                                                                              0.0000 0.0000  
        sharpen:core/regs.operator[]:mux                    mgc_mux_90_2_4                                                         0.9364 0.9364  
        sharpen:core/regs.operator[]:slc(regs.regs).cse.sva                                                                        0.0000 0.9364  
        sharpen:core/ACC_GX:for:not#1                       mgc_not_90                                                             0.0000 0.9364  
        sharpen:core/ACC_GX:for:not#1.itm                                                                                          0.0000 0.9364  
        sharpen:core/ACC_GX:for:rshift.rg                   mgc_shift_r_90_1_7_10                                                  4.0410 4.9775  
        sharpen:core/ACC_GX:for:rshift.itm                                                                                         0.0000 4.9775  
        sharpen:core/ACC_GX:for:acc#2                       mgc_add_10_1_2_1_11                                                    1.1575 6.1350  
        sharpen:core/ACC_GX:for:acc#2.itm                                                                                          0.0000 6.1350  
        sharpen:core/and#55                                 mgc_and_11_2                                                           0.2625 6.3975  
        sharpen:core/and#55.itm                                                                                                    0.0000 6.3975  
        sharpen:core/ACC_GX:for:acc#1                       mgc_add_16_0_11_1_16                                                   1.6977 8.0952  
        sharpen:core/ACC_GX:for:acc#1.ctmp.sva                                                                                     0.0000 8.0952  
        sharpen:core/mux#15                                 mgc_mux_16_1_2                                                         0.3690 8.4641  
        sharpen:core/mux#15.itm                                                                                                    0.0000 8.4641  
        sharpen:core/reg(redarray(0).lpi#1)                 mgc_reg_pos_16_1_0_0_0_1_1                                             0.0000 8.4641  
                                                                                                                                                  
      9                                                     sharpen:core/reg(regs.regs(1).sva) sharpen:core/reg(redarray(0).lpi#1) 8.4641 11.5359 
                                                                                                                                                  
        Instance                                            Component                                                              Delta  Delay   
        --------                                            ---------                                                              -----  -----   
        sharpen:core/reg(regs.regs(1).sva)                  mgc_reg_pos_90_1_0_0_0_1_1                                             0.0000 0.0000  
        sharpen:core/regs.regs(1).sva                                                                                              0.0000 0.0000  
        sharpen:core/regs.operator[]:mux                    mgc_mux_90_2_4                                                         0.9364 0.9364  
        sharpen:core/regs.operator[]:slc(regs.regs).cse.sva                                                                        0.0000 0.9364  
        sharpen:core/ACC_GX:for:not#1                       mgc_not_90                                                             0.0000 0.9364  
        sharpen:core/ACC_GX:for:not#1.itm                                                                                          0.0000 0.9364  
        sharpen:core/ACC_GX:for:rshift.rg                   mgc_shift_r_90_1_7_10                                                  4.0410 4.9775  
        sharpen:core/ACC_GX:for:rshift.itm                                                                                         0.0000 4.9775  
        sharpen:core/ACC_GX:for:acc#2                       mgc_add_10_1_2_1_11                                                    1.1575 6.1350  
        sharpen:core/ACC_GX:for:acc#2.itm                                                                                          0.0000 6.1350  
        sharpen:core/and#55                                 mgc_and_11_2                                                           0.2625 6.3975  
        sharpen:core/and#55.itm                                                                                                    0.0000 6.3975  
        sharpen:core/ACC_GX:for:acc#1                       mgc_add_16_0_11_1_16                                                   1.6977 8.0952  
        sharpen:core/ACC_GX:for:acc#1.ctmp.sva                                                                                     0.0000 8.0952  
        sharpen:core/mux#15                                 mgc_mux_16_1_2                                                         0.3690 8.4641  
        sharpen:core/mux#15.itm                                                                                                    0.0000 8.4641  
        sharpen:core/reg(redarray(0).lpi#1)                 mgc_reg_pos_16_1_0_0_0_1_1                                             0.0000 8.4641  
                                                                                                                                                  
      10                                                    sharpen:core/reg(regs.regs(0).sva) sharpen:core/reg(redarray(0).lpi#1) 8.4641 11.5359 
                                                                                                                                                  
        Instance                                            Component                                                              Delta  Delay   
        --------                                            ---------                                                              -----  -----   
        sharpen:core/reg(regs.regs(0).sva)                  mgc_reg_pos_90_1_0_0_0_1_1                                             0.0000 0.0000  
        sharpen:core/regs.regs(0).sva                                                                                              0.0000 0.0000  
        sharpen:core/regs.operator[]:mux                    mgc_mux_90_2_4                                                         0.9364 0.9364  
        sharpen:core/regs.operator[]:slc(regs.regs).cse.sva                                                                        0.0000 0.9364  
        sharpen:core/ACC_GX:for:not#1                       mgc_not_90                                                             0.0000 0.9364  
        sharpen:core/ACC_GX:for:not#1.itm                                                                                          0.0000 0.9364  
        sharpen:core/ACC_GX:for:rshift.rg                   mgc_shift_r_90_1_7_10                                                  4.0410 4.9775  
        sharpen:core/ACC_GX:for:rshift.itm                                                                                         0.0000 4.9775  
        sharpen:core/ACC_GX:for:acc#2                       mgc_add_10_1_2_1_11                                                    1.1575 6.1350  
        sharpen:core/ACC_GX:for:acc#2.itm                                                                                          0.0000 6.1350  
        sharpen:core/and#55                                 mgc_and_11_2                                                           0.2625 6.3975  
        sharpen:core/and#55.itm                                                                                                    0.0000 6.3975  
        sharpen:core/ACC_GX:for:acc#1                       mgc_add_16_0_11_1_16                                                   1.6977 8.0952  
        sharpen:core/ACC_GX:for:acc#1.ctmp.sva                                                                                     0.0000 8.0952  
        sharpen:core/mux#15                                 mgc_mux_16_1_2                                                         0.3690 8.4641  
        sharpen:core/mux#15.itm                                                                                                    0.0000 8.4641  
        sharpen:core/reg(redarray(0).lpi#1)                 mgc_reg_pos_16_1_0_0_0_1_1                                             0.0000 8.4641  
                                                                                                                                                  
      
    Register Input and Register-to-Output Slack
      Clock period or pin-to-reg delay constraint (clk): 20.0
      Clock uncertainty constraint (clk)               : 0.0
      
      Instance                                        Port                                Slack (Delay) Messages 
      ----------------------------------------------- --------------------------------- ------- ------- --------
      sharpen:core/reg(vout:rsc:mgc_out_stdreg.d)     mux.itm                           13.6744  6.3256          
      sharpen:core/reg(FRAME:a#3.lpi#1)               nor#20.itm                        16.6879  3.3121          
      sharpen:core/reg(exit:ACC_GX:for.sva)           exit:ACC_GX:for.sva:mx0           16.4857  3.5143          
      sharpen:core/reg(FRAME:a#4.lpi#1)               nor#22.itm                        16.4857  3.5143          
      sharpen:core/reg(exit:SHIFT.lpi#1)              mux#4.itm                         18.3418  1.6582          
      sharpen:core/reg(exit:ACC_GX#1.lpi#1)           mux#5.itm                         17.6893  2.3107          
      sharpen:core/reg(SHIFT:i#1.lpi#3)               mux#6.itm                         18.3418  1.6582          
      sharpen:core/reg(bluearray(2).lpi#1)            mux#7.itm                         12.9344  7.0656          
      sharpen:core/reg(bluearray(1).lpi#1)            mux#8.itm                         12.9344  7.0656          
      sharpen:core/reg(bluearray(0).lpi#1)            mux#9.itm                         12.9344  7.0656          
      sharpen:core/reg(greenarray(2).lpi#1)           mux#10.itm                        11.9944  8.0056          
      sharpen:core/reg(greenarray(1).lpi#1)           mux#11.itm                        11.9944  8.0056          
      sharpen:core/reg(greenarray(0).lpi#1)           mux#12.itm                        11.9944  8.0056          
      sharpen:core/reg(redarray(2).lpi#1)             mux#13.itm                        10.8412  9.1588          
      sharpen:core/reg(redarray(1).lpi#1)             mux#14.itm                        10.8412  9.1588          
      sharpen:core/reg(redarray(0).lpi#1)             mux#15.itm                        10.8412  9.1588          
      sharpen:core/reg(blue.lpi#1)                    mux#16.itm                        16.4744  3.5256          
      sharpen:core/reg(green.lpi#1)                   mux#17.itm                        16.4744  3.5256          
      sharpen:core/reg(red.lpi#1)                     mux#18.itm                        16.4744  3.5256          
      sharpen:core/reg(exit:ACC3.lpi#1.dfm#5)         exit:ACC3.lpi#1.dfm#5:mx0         17.3743  2.6257          
      sharpen:core/reg(exit:FRAME#1.sva)              FRAME:and.itm                     17.3203  2.6797          
      sharpen:core/reg(FRAME:p#1.lpi#1.dfm#3)         mux#20.itm                        17.8962  2.1038          
      sharpen:core/reg(FRAME:i#1.lpi#1)               nor#24.itm                        16.6393  3.3607          
      sharpen:core/reg(regs.regs(2).sva)              mux#21.itm                        18.5696  1.4304          
      sharpen:core/reg(regs.regs(1).sva)              mux#22.itm                        18.7263  1.2737          
      sharpen:core/reg(regs.regs(0).sva)              mux#23.itm                        18.5696  1.4304          
      sharpen:core/reg(exit:FRAME.lpi#1.dfm#3)        exit:FRAME.lpi#1.dfm#3:mx0        17.3203  2.6797          
      sharpen:core/reg(regs.operator<<:din.lpi#1.dfm) regs.operator<<:din.lpi#1.dfm:mx0 18.9996  1.0004          
      sharpen                                         vout:rsc.z                        20.0000  0.0000          
      
  Operator Bitwidth Summary
    Operation  Size (bits) Count 
    ---------- ----------- -----
    add                          
    -                   16     8 
    -                   11     4 
    -                    7     3 
    -                    5     5 
    -                    3     1 
    -                    2     8 
    and                          
    -                    3     5 
    -                    2    29 
    mux                          
    -                    5     2 
    -                    4     2 
    -                    2     7 
    -                    1    36 
    mux1h                        
    -                    3     1 
    nand                         
    -                    2     3 
    nor                          
    -                    4     1 
    -                    3     1 
    -                    2    11 
    not                          
    -                   90     1 
    -                   15     2 
    -                   10    63 
    -                    6     3 
    -                    2     1 
    -                    1    38 
    or                           
    -                    4     2 
    -                    3     6 
    -                    2     9 
    read_port                    
    -                  270     1 
    reg                          
    -                   90     4 
    -                   30     1 
    -                   16    12 
    -                    2     5 
    -                    1     6 
    rshift                       
    -            528904833     1 
    write_port                   
    -                   30     1 
    
  End of Report
