-- Catapult University Version: Report                                              
-- ---------------------------- ---------------------------------------------------
-- Version:                     2011a.126 Production Release                        
-- Build Date:                  Wed Aug  8 00:52:07 PDT 2012                        
                                                                                    
-- Generated by:                rbw14@EEWS104A-005                                  
-- Generated date:              Tue May 05 15:15:05 +0100 2015                      

Solution Settings: red_tint.v5
  Current state: extract
  Project: Catapult
  
  Design Input Files Specified
    $PROJECT_HOME/shift_class.h
    $PROJECT_HOME/edge.h
      $MGC_HOME/shared/include/ac_int.h
    $PROJECT_HOME/edge3.c
      $MGC_HOME/shared/include/ac_fixed.h
        $MGC_HOME/shared/include/ac_int.h
      $PROJECT_HOME/edge.h
      $PROJECT_HOME/shift_class.h
  
  Processes/Blocks in Design
    Process        Real Operation(s) count Latency Throughput Reset Length II Comments 
    -------------- ----------------------- ------- ---------- ------------ -- --------
    /red_tint/core                      24       1          1            0  1          
    Design Total:                       24       1          1            0  1          
    
  Bill Of Materials (Datapath)
    Component Name                          Area Score Area(LUTs) Delay Post Alloc Post Assign 
    --------------------------------------- ---------- ---------- ----- ---------- -----------
    [Lib: mgc_Altera-Cyclone-III-6_beh_psr]                                                    
    mgc_add(10,0,2,1,10)                        11.000     11.000 1.320          2           2 
    mgc_add(11,0,11,1,13)                       12.000     12.000 1.043          4           4 
    mgc_add(8,0,8,0,8)                           9.259      9.259 1.163          1           1 
    mgc_and(10,2)                                7.298      7.298 0.263          2           2 
    mgc_mux(10,1,2)                              9.194      9.194 0.369          2           2 
    mgc_not(1)                                   0.000      0.000 0.000          0           6 
    mgc_not(8)                                   0.000      0.000 0.000          0           2 
    mgc_not(9)                                   0.000      0.000 0.000          0           2 
    mgc_reg_pos(10,1,0,0,0,1,1)                  0.000      0.000 0.000          0           3 
    [Lib: mgc_ioport]                                                                          
    mgc_in_wire(1,30)                            0.000      0.000 0.000          1           1 
    mgc_in_wire(3,20)                            0.000      0.000 0.000          1           1 
    mgc_out_stdreg(2,30)                         0.000      0.000 0.000          1           1 
                                                                                               
    TOTAL AREA (After Assignment):             112.244    112.000                              
    
  Area Scores
                      Post-Scheduling Post-DP & FSM Post-Assignment 
    ----------------- --------------- ------------- ---------------
    Total Area Score:    112.2         112.2           112.2        
    Total Reg:             0.0           0.0             0.0        
                                                                    
    DataPath:            112.2 (100%)  112.2 (100%)    112.2 (100%) 
      MUX:                18.4  (16%)   18.4  (16%)     18.4  (16%) 
      FUNC:               79.3  (71%)   79.3  (71%)     79.3  (71%) 
      LOGIC:              14.6  (13%)   14.6  (13%)     14.6  (13%) 
      BUFFER:              0.0           0.0             0.0        
      MEM:                 0.0           0.0             0.0        
      ROM:                 0.0           0.0             0.0        
      REG:                 0.0           0.0             0.0        
                                                                    
    
    FSM:                   0.0           0.0             0.0        
      FSM-REG:             0.0           0.0             0.0        
      FSM-COMB:            0.0           0.0             0.0        
                                                                    
    
  Register-to-Variable Mappings
    Register                                  Size(bits) Gated Register CG Opt Done Variables                                             
    ----------------------------------------- ---------- -------------- ----------- -----------------------------------------------------
    reg(video_out:rsc:mgc_out_stdreg.d).tmp           10         Y                  reg(video_out:rsc:mgc_out_stdreg.d).tmp               
    reg(video_out:rsc:mgc_out_stdreg.d).tmp#1         10         Y                  reg(video_out:rsc:mgc_out_stdreg.d).tmp#1             
    reg(video_out:rsc:mgc_out_stdreg.d).tmp#2         10         Y                  reg(video_out:rsc:mgc_out_stdreg.d).tmp#2             
                                                                                                                                          
    Total:                                            30             30           0 (Total Gating Ratio: 1.00, CG Opt Gating Ratio: 0.00) 
    
  Timing Report
    Critical Path
      Max Delay:  4.158048999999999
      Slack:      15.841951000000002
      
      Path                                                  Startpoint                               Endpoint                                            Delay  Slack   
      ----------------------------------------------------- ---------------------------------------- --------------------------------------------------- ------ -------
      1                                                     red_tint:core/mouse_xy:rsc:mgc_in_wire.d red_tint:core/reg(video_out:rsc:mgc_out_stdreg.d)#1 4.1580 15.8420 
                                                                                                                                                                        
        Instance                                            Component                                                                                    Delta  Delay   
        --------                                            ---------                                                                                    -----  -----   
        red_tint:core/mouse_xy:rsc:mgc_in_wire.d                                                                                                         0.0000 0.0000  
        red_tint:core/slc#7                                                                                                                              0.0000 0.0000  
        red_tint:core/slc#7.itm                                                                                                                          0.0000 0.0000  
        red_tint:core/acc                                   mgc_add_8_0_8_0_8                                                                            1.1631 1.1631  
        red_tint:core/acc.psp.sva                                                                                                                        0.0000 1.1631  
        red_tint:core/not#8                                 mgc_not_8                                                                                    0.0000 1.1631  
        red_tint:core/not#8.itm                                                                                                                          0.0000 1.1631  
        red_tint:core/conc#46                                                                                                                            0.0000 1.1631  
        red_tint:core/conc#46.itm                                                                                                                        0.0000 1.1631  
        red_tint:core/acc#4                                 mgc_add_11_0_11_1_13                                                                         1.0435 2.2066  
        red_tint:core/acc#4.itm                                                                                                                          0.0000 2.2066  
        red_tint:core/slc#12                                                                                                                             0.0000 2.2066  
        red_tint:core/slc#12.itm                                                                                                                         0.0000 2.2066  
        red_tint:core/makepos:else:else:not                 mgc_not_9                                                                                    0.0000 2.2066  
        red_tint:core/makepos:else:else:not.itm                                                                                                          0.0000 2.2066  
        red_tint:core/conc#50                                                                                                                            0.0000 2.2066  
        red_tint:core/conc#50.itm                                                                                                                        0.0000 2.2066  
        red_tint:core/makepos:else:else:acc                 mgc_add_10_0_2_1_10                                                                          1.3200 3.5266  
        red_tint:core/makepos:else:else:acc.itm                                                                                                          0.0000 3.5266  
        red_tint:core/makepos:else:else:slc                                                                                                              0.0000 3.5266  
        red_tint:core/makepos:else:else:slc.itm                                                                                                          0.0000 3.5266  
        red_tint:core/makepos:else:else:if:not              mgc_not_1                                                                                    0.0000 3.5266  
        red_tint:core/makepos:else:else:if:not.itm                                                                                                       0.0000 3.5266  
        red_tint:core/makepos:else:else:exs                                                                                                              0.0000 3.5266  
        red_tint:core/makepos:else:else:exs.itm                                                                                                          0.0000 3.5266  
        red_tint:core/makepos:else:mux                      mgc_mux_10_1_2                                                                               0.3690 3.8955  
        red_tint:core/makepos:else:mux.itm                                                                                                               0.0000 3.8955  
        red_tint:core/makepos:and                           mgc_and_10_2                                                                                 0.2625 4.1580  
        red_tint:core/makepos:and.itm                                                                                                                    0.0000 4.1580  
        red_tint:core/reg(video_out:rsc:mgc_out_stdreg.d)#1 mgc_reg_pos_10_1_0_0_0_1_1                                                                   0.0000 4.1580  
                                                                                                                                                                        
      2                                                     red_tint:core/mouse_xy:rsc:mgc_in_wire.d red_tint:core/reg(video_out:rsc:mgc_out_stdreg.d)#2 4.1580 15.8420 
                                                                                                                                                                        
        Instance                                            Component                                                                                    Delta  Delay   
        --------                                            ---------                                                                                    -----  -----   
        red_tint:core/mouse_xy:rsc:mgc_in_wire.d                                                                                                         0.0000 0.0000  
        red_tint:core/slc#7                                                                                                                              0.0000 0.0000  
        red_tint:core/slc#7.itm                                                                                                                          0.0000 0.0000  
        red_tint:core/acc                                   mgc_add_8_0_8_0_8                                                                            1.1631 1.1631  
        red_tint:core/acc.psp.sva                                                                                                                        0.0000 1.1631  
        red_tint:core/not#4                                 mgc_not_8                                                                                    0.0000 1.1631  
        red_tint:core/not#4.itm                                                                                                                          0.0000 1.1631  
        red_tint:core/conc#48                                                                                                                            0.0000 1.1631  
        red_tint:core/conc#48.itm                                                                                                                        0.0000 1.1631  
        red_tint:core/acc#5                                 mgc_add_11_0_11_1_13                                                                         1.0435 2.2066  
        red_tint:core/acc#5.itm                                                                                                                          0.0000 2.2066  
        red_tint:core/slc#9                                                                                                                              0.0000 2.2066  
        red_tint:core/slc#9.itm                                                                                                                          0.0000 2.2066  
        red_tint:core/makepos#1:else:else:not               mgc_not_9                                                                                    0.0000 2.2066  
        red_tint:core/makepos#1:else:else:not.itm                                                                                                        0.0000 2.2066  
        red_tint:core/conc#51                                                                                                                            0.0000 2.2066  
        red_tint:core/conc#51.itm                                                                                                                        0.0000 2.2066  
        red_tint:core/makepos#1:else:else:acc               mgc_add_10_0_2_1_10                                                                          1.3200 3.5266  
        red_tint:core/makepos#1:else:else:acc.itm                                                                                                        0.0000 3.5266  
        red_tint:core/makepos#1:else:else:slc                                                                                                            0.0000 3.5266  
        red_tint:core/makepos#1:else:else:slc.itm                                                                                                        0.0000 3.5266  
        red_tint:core/makepos#1:else:else:if:not            mgc_not_1                                                                                    0.0000 3.5266  
        red_tint:core/makepos#1:else:else:if:not.itm                                                                                                     0.0000 3.5266  
        red_tint:core/makepos#1:else:else:exs                                                                                                            0.0000 3.5266  
        red_tint:core/makepos#1:else:else:exs.itm                                                                                                        0.0000 3.5266  
        red_tint:core/makepos#1:else:mux                    mgc_mux_10_1_2                                                                               0.3690 3.8955  
        red_tint:core/makepos#1:else:mux.itm                                                                                                             0.0000 3.8955  
        red_tint:core/makepos#1:and                         mgc_and_10_2                                                                                 0.2625 4.1580  
        red_tint:core/makepos#1:and.itm                                                                                                                  0.0000 4.1580  
        red_tint:core/reg(video_out:rsc:mgc_out_stdreg.d)#2 mgc_reg_pos_10_1_0_0_0_1_1                                                                   0.0000 4.1580  
                                                                                                                                                                        
      3                                                     red_tint:core/mouse_xy:rsc:mgc_in_wire.d red_tint:core/reg(video_out:rsc:mgc_out_stdreg.d)#2 4.1580 15.8420 
                                                                                                                                                                        
        Instance                                            Component                                                                                    Delta  Delay   
        --------                                            ---------                                                                                    -----  -----   
        red_tint:core/mouse_xy:rsc:mgc_in_wire.d                                                                                                         0.0000 0.0000  
        red_tint:core/slc#8                                                                                                                              0.0000 0.0000  
        red_tint:core/slc#8.itm                                                                                                                          0.0000 0.0000  
        red_tint:core/conc#49                                                                                                                            0.0000 0.0000  
        red_tint:core/conc#49.itm                                                                                                                        0.0000 0.0000  
        red_tint:core/acc                                   mgc_add_8_0_8_0_8                                                                            1.1631 1.1631  
        red_tint:core/acc.psp.sva                                                                                                                        0.0000 1.1631  
        red_tint:core/not#4                                 mgc_not_8                                                                                    0.0000 1.1631  
        red_tint:core/not#4.itm                                                                                                                          0.0000 1.1631  
        red_tint:core/conc#48                                                                                                                            0.0000 1.1631  
        red_tint:core/conc#48.itm                                                                                                                        0.0000 1.1631  
        red_tint:core/acc#5                                 mgc_add_11_0_11_1_13                                                                         1.0435 2.2066  
        red_tint:core/acc#5.itm                                                                                                                          0.0000 2.2066  
        red_tint:core/slc#9                                                                                                                              0.0000 2.2066  
        red_tint:core/slc#9.itm                                                                                                                          0.0000 2.2066  
        red_tint:core/makepos#1:else:else:not               mgc_not_9                                                                                    0.0000 2.2066  
        red_tint:core/makepos#1:else:else:not.itm                                                                                                        0.0000 2.2066  
        red_tint:core/conc#51                                                                                                                            0.0000 2.2066  
        red_tint:core/conc#51.itm                                                                                                                        0.0000 2.2066  
        red_tint:core/makepos#1:else:else:acc               mgc_add_10_0_2_1_10                                                                          1.3200 3.5266  
        red_tint:core/makepos#1:else:else:acc.itm                                                                                                        0.0000 3.5266  
        red_tint:core/makepos#1:else:else:slc                                                                                                            0.0000 3.5266  
        red_tint:core/makepos#1:else:else:slc.itm                                                                                                        0.0000 3.5266  
        red_tint:core/makepos#1:else:else:if:not            mgc_not_1                                                                                    0.0000 3.5266  
        red_tint:core/makepos#1:else:else:if:not.itm                                                                                                     0.0000 3.5266  
        red_tint:core/makepos#1:else:else:exs                                                                                                            0.0000 3.5266  
        red_tint:core/makepos#1:else:else:exs.itm                                                                                                        0.0000 3.5266  
        red_tint:core/makepos#1:else:mux                    mgc_mux_10_1_2                                                                               0.3690 3.8955  
        red_tint:core/makepos#1:else:mux.itm                                                                                                             0.0000 3.8955  
        red_tint:core/makepos#1:and                         mgc_and_10_2                                                                                 0.2625 4.1580  
        red_tint:core/makepos#1:and.itm                                                                                                                  0.0000 4.1580  
        red_tint:core/reg(video_out:rsc:mgc_out_stdreg.d)#2 mgc_reg_pos_10_1_0_0_0_1_1                                                                   0.0000 4.1580  
                                                                                                                                                                        
      4                                                     red_tint:core/mouse_xy:rsc:mgc_in_wire.d red_tint:core/reg(video_out:rsc:mgc_out_stdreg.d)#2 3.5125 16.4875 
                                                                                                                                                                        
        Instance                                            Component                                                                                    Delta  Delay   
        --------                                            ---------                                                                                    -----  -----   
        red_tint:core/mouse_xy:rsc:mgc_in_wire.d                                                                                                         0.0000 0.0000  
        red_tint:core/slc#7                                                                                                                              0.0000 0.0000  
        red_tint:core/slc#7.itm                                                                                                                          0.0000 0.0000  
        red_tint:core/acc                                   mgc_add_8_0_8_0_8                                                                            1.1631 1.1631  
        red_tint:core/acc.psp.sva                                                                                                                        0.0000 1.1631  
        red_tint:core/not#4                                 mgc_not_8                                                                                    0.0000 1.1631  
        red_tint:core/not#4.itm                                                                                                                          0.0000 1.1631  
        red_tint:core/conc#48                                                                                                                            0.0000 1.1631  
        red_tint:core/conc#48.itm                                                                                                                        0.0000 1.1631  
        red_tint:core/acc#5                                 mgc_add_11_0_11_1_13                                                                         1.0435 2.2066  
        red_tint:core/acc#5.itm                                                                                                                          0.0000 2.2066  
        red_tint:core/slc#5                                                                                                                              0.0000 2.2066  
        red_tint:core/slc#5.itm                                                                                                                          0.0000 2.2066  
        red_tint:core/makepos#1:if:acc                      mgc_add_11_0_11_1_13                                                                         1.0435 3.2500  
        red_tint:core/makepos#1:if:acc.itm                                                                                                               0.0000 3.2500  
        red_tint:core/makepos#1:slc                                                                                                                      0.0000 3.2500  
        red_tint:core/makepos#1:slc.itm                                                                                                                  0.0000 3.2500  
        red_tint:core/makepos#1:if:not                      mgc_not_1                                                                                    0.0000 3.2500  
        red_tint:core/makepos#1:if:not.itm                                                                                                               0.0000 3.2500  
        red_tint:core/makepos#1:exs                                                                                                                      0.0000 3.2500  
        red_tint:core/makepos#1:exs.itm                                                                                                                  0.0000 3.2500  
        red_tint:core/makepos#1:and                         mgc_and_10_2                                                                                 0.2625 3.5125  
        red_tint:core/makepos#1:and.itm                                                                                                                  0.0000 3.5125  
        red_tint:core/reg(video_out:rsc:mgc_out_stdreg.d)#2 mgc_reg_pos_10_1_0_0_0_1_1                                                                   0.0000 3.5125  
                                                                                                                                                                        
      5                                                     red_tint:core/mouse_xy:rsc:mgc_in_wire.d red_tint:core/reg(video_out:rsc:mgc_out_stdreg.d)#1 3.5125 16.4875 
                                                                                                                                                                        
        Instance                                            Component                                                                                    Delta  Delay   
        --------                                            ---------                                                                                    -----  -----   
        red_tint:core/mouse_xy:rsc:mgc_in_wire.d                                                                                                         0.0000 0.0000  
        red_tint:core/slc#7                                                                                                                              0.0000 0.0000  
        red_tint:core/slc#7.itm                                                                                                                          0.0000 0.0000  
        red_tint:core/acc                                   mgc_add_8_0_8_0_8                                                                            1.1631 1.1631  
        red_tint:core/acc.psp.sva                                                                                                                        0.0000 1.1631  
        red_tint:core/not#8                                 mgc_not_8                                                                                    0.0000 1.1631  
        red_tint:core/not#8.itm                                                                                                                          0.0000 1.1631  
        red_tint:core/conc#46                                                                                                                            0.0000 1.1631  
        red_tint:core/conc#46.itm                                                                                                                        0.0000 1.1631  
        red_tint:core/acc#4                                 mgc_add_11_0_11_1_13                                                                         1.0435 2.2066  
        red_tint:core/acc#4.itm                                                                                                                          0.0000 2.2066  
        red_tint:core/slc#4                                                                                                                              0.0000 2.2066  
        red_tint:core/slc#4.itm                                                                                                                          0.0000 2.2066  
        red_tint:core/makepos:if:acc                        mgc_add_11_0_11_1_13                                                                         1.0435 3.2500  
        red_tint:core/makepos:if:acc.itm                                                                                                                 0.0000 3.2500  
        red_tint:core/makepos:slc                                                                                                                        0.0000 3.2500  
        red_tint:core/makepos:slc.itm                                                                                                                    0.0000 3.2500  
        red_tint:core/makepos:if:not                        mgc_not_1                                                                                    0.0000 3.2500  
        red_tint:core/makepos:if:not.itm                                                                                                                 0.0000 3.2500  
        red_tint:core/makepos:exs                                                                                                                        0.0000 3.2500  
        red_tint:core/makepos:exs.itm                                                                                                                    0.0000 3.2500  
        red_tint:core/makepos:and                           mgc_and_10_2                                                                                 0.2625 3.5125  
        red_tint:core/makepos:and.itm                                                                                                                    0.0000 3.5125  
        red_tint:core/reg(video_out:rsc:mgc_out_stdreg.d)#1 mgc_reg_pos_10_1_0_0_0_1_1                                                                   0.0000 3.5125  
                                                                                                                                                                        
      6                                                     red_tint:core/mouse_xy:rsc:mgc_in_wire.d red_tint:core/reg(video_out:rsc:mgc_out_stdreg.d)#1 3.5125 16.4875 
                                                                                                                                                                        
        Instance                                            Component                                                                                    Delta  Delay   
        --------                                            ---------                                                                                    -----  -----   
        red_tint:core/mouse_xy:rsc:mgc_in_wire.d                                                                                                         0.0000 0.0000  
        red_tint:core/slc#8                                                                                                                              0.0000 0.0000  
        red_tint:core/slc#8.itm                                                                                                                          0.0000 0.0000  
        red_tint:core/conc#49                                                                                                                            0.0000 0.0000  
        red_tint:core/conc#49.itm                                                                                                                        0.0000 0.0000  
        red_tint:core/acc                                   mgc_add_8_0_8_0_8                                                                            1.1631 1.1631  
        red_tint:core/acc.psp.sva                                                                                                                        0.0000 1.1631  
        red_tint:core/not#8                                 mgc_not_8                                                                                    0.0000 1.1631  
        red_tint:core/not#8.itm                                                                                                                          0.0000 1.1631  
        red_tint:core/conc#46                                                                                                                            0.0000 1.1631  
        red_tint:core/conc#46.itm                                                                                                                        0.0000 1.1631  
        red_tint:core/acc#4                                 mgc_add_11_0_11_1_13                                                                         1.0435 2.2066  
        red_tint:core/acc#4.itm                                                                                                                          0.0000 2.2066  
        red_tint:core/slc#4                                                                                                                              0.0000 2.2066  
        red_tint:core/slc#4.itm                                                                                                                          0.0000 2.2066  
        red_tint:core/makepos:if:acc                        mgc_add_11_0_11_1_13                                                                         1.0435 3.2500  
        red_tint:core/makepos:if:acc.itm                                                                                                                 0.0000 3.2500  
        red_tint:core/makepos:slc                                                                                                                        0.0000 3.2500  
        red_tint:core/makepos:slc.itm                                                                                                                    0.0000 3.2500  
        red_tint:core/makepos:if:not                        mgc_not_1                                                                                    0.0000 3.2500  
        red_tint:core/makepos:if:not.itm                                                                                                                 0.0000 3.2500  
        red_tint:core/makepos:exs                                                                                                                        0.0000 3.2500  
        red_tint:core/makepos:exs.itm                                                                                                                    0.0000 3.2500  
        red_tint:core/makepos:and                           mgc_and_10_2                                                                                 0.2625 3.5125  
        red_tint:core/makepos:and.itm                                                                                                                    0.0000 3.5125  
        red_tint:core/reg(video_out:rsc:mgc_out_stdreg.d)#1 mgc_reg_pos_10_1_0_0_0_1_1                                                                   0.0000 3.5125  
                                                                                                                                                                        
      7                                                     red_tint:core/mouse_xy:rsc:mgc_in_wire.d red_tint:core/reg(video_out:rsc:mgc_out_stdreg.d)#2 2.8380 17.1620 
                                                                                                                                                                        
        Instance                                            Component                                                                                    Delta  Delay   
        --------                                            ---------                                                                                    -----  -----   
        red_tint:core/mouse_xy:rsc:mgc_in_wire.d                                                                                                         0.0000 0.0000  
        red_tint:core/slc#7                                                                                                                              0.0000 0.0000  
        red_tint:core/slc#7.itm                                                                                                                          0.0000 0.0000  
        red_tint:core/acc                                   mgc_add_8_0_8_0_8                                                                            1.1631 1.1631  
        red_tint:core/acc.psp.sva                                                                                                                        0.0000 1.1631  
        red_tint:core/not#4                                 mgc_not_8                                                                                    0.0000 1.1631  
        red_tint:core/not#4.itm                                                                                                                          0.0000 1.1631  
        red_tint:core/conc#48                                                                                                                            0.0000 1.1631  
        red_tint:core/conc#48.itm                                                                                                                        0.0000 1.1631  
        red_tint:core/acc#5                                 mgc_add_11_0_11_1_13                                                                         1.0435 2.2066  
        red_tint:core/acc#5.itm                                                                                                                          0.0000 2.2066  
        red_tint:core/slc#11                                                                                                                             0.0000 2.2066  
        red_tint:core/slc#11.itm                                                                                                                         0.0000 2.2066  
        red_tint:core/makepos#1:else:mux                    mgc_mux_10_1_2                                                                               0.3690 2.5755  
        red_tint:core/makepos#1:else:mux.itm                                                                                                             0.0000 2.5755  
        red_tint:core/makepos#1:and                         mgc_and_10_2                                                                                 0.2625 2.8380  
        red_tint:core/makepos#1:and.itm                                                                                                                  0.0000 2.8380  
        red_tint:core/reg(video_out:rsc:mgc_out_stdreg.d)#2 mgc_reg_pos_10_1_0_0_0_1_1                                                                   0.0000 2.8380  
                                                                                                                                                                        
      8                                                     red_tint:core/mouse_xy:rsc:mgc_in_wire.d red_tint:core/reg(video_out:rsc:mgc_out_stdreg.d)#1 2.8380 17.1620 
                                                                                                                                                                        
        Instance                                            Component                                                                                    Delta  Delay   
        --------                                            ---------                                                                                    -----  -----   
        red_tint:core/mouse_xy:rsc:mgc_in_wire.d                                                                                                         0.0000 0.0000  
        red_tint:core/slc#7                                                                                                                              0.0000 0.0000  
        red_tint:core/slc#7.itm                                                                                                                          0.0000 0.0000  
        red_tint:core/acc                                   mgc_add_8_0_8_0_8                                                                            1.1631 1.1631  
        red_tint:core/acc.psp.sva                                                                                                                        0.0000 1.1631  
        red_tint:core/not#8                                 mgc_not_8                                                                                    0.0000 1.1631  
        red_tint:core/not#8.itm                                                                                                                          0.0000 1.1631  
        red_tint:core/conc#46                                                                                                                            0.0000 1.1631  
        red_tint:core/conc#46.itm                                                                                                                        0.0000 1.1631  
        red_tint:core/acc#4                                 mgc_add_11_0_11_1_13                                                                         1.0435 2.2066  
        red_tint:core/acc#4.itm                                                                                                                          0.0000 2.2066  
        red_tint:core/slc#14                                                                                                                             0.0000 2.2066  
        red_tint:core/slc#14.itm                                                                                                                         0.0000 2.2066  
        red_tint:core/makepos:else:mux                      mgc_mux_10_1_2                                                                               0.3690 2.5755  
        red_tint:core/makepos:else:mux.itm                                                                                                               0.0000 2.5755  
        red_tint:core/makepos:and                           mgc_and_10_2                                                                                 0.2625 2.8380  
        red_tint:core/makepos:and.itm                                                                                                                    0.0000 2.8380  
        red_tint:core/reg(video_out:rsc:mgc_out_stdreg.d)#1 mgc_reg_pos_10_1_0_0_0_1_1                                                                   0.0000 2.8380  
                                                                                                                                                                        
      9                                                     red_tint:core/mouse_xy:rsc:mgc_in_wire.d red_tint:core/reg(video_out:rsc:mgc_out_stdreg.d)#1 2.8380 17.1620 
                                                                                                                                                                        
        Instance                                            Component                                                                                    Delta  Delay   
        --------                                            ---------                                                                                    -----  -----   
        red_tint:core/mouse_xy:rsc:mgc_in_wire.d                                                                                                         0.0000 0.0000  
        red_tint:core/slc#8                                                                                                                              0.0000 0.0000  
        red_tint:core/slc#8.itm                                                                                                                          0.0000 0.0000  
        red_tint:core/conc#49                                                                                                                            0.0000 0.0000  
        red_tint:core/conc#49.itm                                                                                                                        0.0000 0.0000  
        red_tint:core/acc                                   mgc_add_8_0_8_0_8                                                                            1.1631 1.1631  
        red_tint:core/acc.psp.sva                                                                                                                        0.0000 1.1631  
        red_tint:core/not#8                                 mgc_not_8                                                                                    0.0000 1.1631  
        red_tint:core/not#8.itm                                                                                                                          0.0000 1.1631  
        red_tint:core/conc#46                                                                                                                            0.0000 1.1631  
        red_tint:core/conc#46.itm                                                                                                                        0.0000 1.1631  
        red_tint:core/acc#4                                 mgc_add_11_0_11_1_13                                                                         1.0435 2.2066  
        red_tint:core/acc#4.itm                                                                                                                          0.0000 2.2066  
        red_tint:core/slc#14                                                                                                                             0.0000 2.2066  
        red_tint:core/slc#14.itm                                                                                                                         0.0000 2.2066  
        red_tint:core/makepos:else:mux                      mgc_mux_10_1_2                                                                               0.3690 2.5755  
        red_tint:core/makepos:else:mux.itm                                                                                                               0.0000 2.5755  
        red_tint:core/makepos:and                           mgc_and_10_2                                                                                 0.2625 2.8380  
        red_tint:core/makepos:and.itm                                                                                                                    0.0000 2.8380  
        red_tint:core/reg(video_out:rsc:mgc_out_stdreg.d)#1 mgc_reg_pos_10_1_0_0_0_1_1                                                                   0.0000 2.8380  
                                                                                                                                                                        
      10                                                    red_tint:core/mouse_xy:rsc:mgc_in_wire.d red_tint:core/reg(video_out:rsc:mgc_out_stdreg.d)#1 2.8380 17.1620 
                                                                                                                                                                        
        Instance                                            Component                                                                                    Delta  Delay   
        --------                                            ---------                                                                                    -----  -----   
        red_tint:core/mouse_xy:rsc:mgc_in_wire.d                                                                                                         0.0000 0.0000  
        red_tint:core/slc#7                                                                                                                              0.0000 0.0000  
        red_tint:core/slc#7.itm                                                                                                                          0.0000 0.0000  
        red_tint:core/acc                                   mgc_add_8_0_8_0_8                                                                            1.1631 1.1631  
        red_tint:core/acc.psp.sva                                                                                                                        0.0000 1.1631  
        red_tint:core/not#8                                 mgc_not_8                                                                                    0.0000 1.1631  
        red_tint:core/not#8.itm                                                                                                                          0.0000 1.1631  
        red_tint:core/conc#46                                                                                                                            0.0000 1.1631  
        red_tint:core/conc#46.itm                                                                                                                        0.0000 1.1631  
        red_tint:core/acc#4                                 mgc_add_11_0_11_1_13                                                                         1.0435 2.2066  
        red_tint:core/acc#4.itm                                                                                                                          0.0000 2.2066  
        red_tint:core/slc#13                                                                                                                             0.0000 2.2066  
        red_tint:core/slc#13.itm                                                                                                                         0.0000 2.2066  
        red_tint:core/makepos:else:mux                      mgc_mux_10_1_2                                                                               0.3690 2.5755  
        red_tint:core/makepos:else:mux.itm                                                                                                               0.0000 2.5755  
        red_tint:core/makepos:and                           mgc_and_10_2                                                                                 0.2625 2.8380  
        red_tint:core/makepos:and.itm                                                                                                                    0.0000 2.8380  
        red_tint:core/reg(video_out:rsc:mgc_out_stdreg.d)#1 mgc_reg_pos_10_1_0_0_0_1_1                                                                   0.0000 2.8380  
                                                                                                                                                                        
      
    Register Input and Register-to-Output Slack
      Clock period or pin-to-reg delay constraint (clk): 20.0
      Clock uncertainty constraint (clk)               : 0.0
      
      Instance                                            Port                                  Slack (Delay) Messages 
      --------------------------------------------------- ----------------------------------- ------- ------- --------
      red_tint:core/reg(video_out:rsc:mgc_out_stdreg.d)   slc(video_in:rsc:mgc_in_wire.d).itm 20.0000  0.0000          
      red_tint:core/reg(video_out:rsc:mgc_out_stdreg.d)#1 makepos:and.itm                     15.8420  4.1580          
      red_tint:core/reg(video_out:rsc:mgc_out_stdreg.d)#2 makepos#1:and.itm                   15.8420  4.1580          
      red_tint                                            video_out:rsc.z                     20.0000  0.0000          
      
  Operator Bitwidth Summary
    Operation  Size (bits) Count 
    ---------- ----------- -----
    add                          
    -                   13     4 
    -                   10     2 
    -                    8     1 
    and                          
    -                    2     2 
    mux                          
    -                    1     2 
    not                          
    -                    9     2 
    -                    8     2 
    -                    1     6 
    read_port                    
    -                   30     1 
    -                   20     1 
    reg                          
    -                   10     3 
    write_port                   
    -                   30     1 
    
  End of Report
