-- Catapult University Version: Report                                              
-- ---------------------------- ---------------------------------------------------
-- Version:                     2011a.126 Production Release                        
-- Build Date:                  Wed Aug  8 00:52:07 PDT 2012                        
                                                                                    
-- Generated by:                rbw14@EEWS104A-005                                  
-- Generated date:              Tue May 05 13:48:21 +0100 2015                      

Solution Settings: red_tint.v1
  Current state: extract
  Project: Catapult
  
  Design Input Files Specified
    $PROJECT_HOME/shift_class.h
    $PROJECT_HOME/edge.h
      $MGC_HOME/shared/include/ac_int.h
    $PROJECT_HOME/edge3.c
      $MGC_HOME/shared/include/ac_fixed.h
        $MGC_HOME/shared/include/ac_int.h
      $PROJECT_HOME/edge.h
      $PROJECT_HOME/shift_class.h
  
  Processes/Blocks in Design
    Process        Real Operation(s) count Latency Throughput Reset Length II Comments 
    -------------- ----------------------- ------- ---------- ------------ -- --------
    /red_tint/core                      20       1          1            0  1          
    Design Total:                       20       1          1            0  1          
    
  Bill Of Materials (Datapath)
    Component Name                          Area Score Area(LUTs) Delay Post Alloc Post Assign 
    --------------------------------------- ---------- ---------- ----- ---------- -----------
    [Lib: mgc_Altera-Cyclone-III-6_beh_psr]                                                    
    mgc_add(10,0,10,1,12)                       11.000     11.000 0.976          2           2 
    mgc_add(12,0,2,1,12)                        13.000     13.000 1.456          2           2 
    mgc_add(2,0,1,1,2)                           3.000      3.000 0.658          2           2 
    mgc_add(7,0,7,0,7)                           8.267      8.267 1.091          1           1 
    mgc_mux(1,1,2)                               0.919      0.919 0.369          0           2 
    mgc_mux(10,1,2)                              9.194      9.194 0.369          2           0 
    mgc_mux(9,1,2)                               8.275      8.275 0.369          0           2 
    mgc_not(1)                                   0.000      0.000 0.000          0           6 
    mgc_not(11)                                  0.000      0.000 0.000          0           2 
    mgc_not(2)                                   0.000      0.000 0.000          0           1 
    mgc_not(7)                                   0.000      0.000 0.000          0           1 
    mgc_reg_pos(1,1,0,0,0,1,1)                   0.000      0.000 0.000          0           2 
    mgc_reg_pos(10,1,0,0,0,1,1)                  0.000      0.000 0.000          0           1 
    mgc_reg_pos(9,1,0,0,0,1,1)                   0.000      0.000 0.000          0           2 
    [Lib: mgc_ioport]                                                                          
    mgc_in_wire(1,30)                            0.000      0.000 0.000          1           1 
    mgc_in_wire(3,20)                            0.000      0.000 0.000          1           1 
    mgc_out_stdreg(2,30)                         0.000      0.000 0.000          1           1 
                                                                                               
    TOTAL AREA (After Assignment):              80.656     81.000                              
    
  Area Scores
                      Post-Scheduling Post-DP & FSM Post-Assignment 
    ----------------- --------------- ------------- ---------------
    Total Area Score:     80.7          80.7            80.7        
    Total Reg:             0.0           0.0             0.0        
                                                                    
    DataPath:             80.7 (100%)   80.7 (100%)     80.7 (100%) 
      MUX:                18.4  (23%)   18.4  (23%)     18.4  (23%) 
      FUNC:               62.3  (77%)   62.3  (77%)     62.3  (77%) 
      LOGIC:               0.0           0.0             0.0        
      BUFFER:              0.0           0.0             0.0        
      MEM:                 0.0           0.0             0.0        
      ROM:                 0.0           0.0             0.0        
      REG:                 0.0           0.0             0.0        
                                                                    
    
    FSM:                   0.0           0.0             0.0        
      FSM-REG:             0.0           0.0             0.0        
      FSM-COMB:            0.0           0.0             0.0        
                                                                    
    
  Register-to-Variable Mappings
    Register                                  Size(bits) Gated Register CG Opt Done Variables                                             
    ----------------------------------------- ---------- -------------- ----------- -----------------------------------------------------
    reg(video_out:rsc:mgc_out_stdreg.d).tmp           10         Y                  reg(video_out:rsc:mgc_out_stdreg.d).tmp               
    reg(video_out:rsc:mgc_out_stdreg.d).tmp#1          9         Y                  reg(video_out:rsc:mgc_out_stdreg.d).tmp#1             
    reg(video_out:rsc:mgc_out_stdreg.d).tmp#3          9         Y                  reg(video_out:rsc:mgc_out_stdreg.d).tmp#3             
    reg(video_out:rsc:mgc_out_stdreg.d).tmp#2          1         Y                  reg(video_out:rsc:mgc_out_stdreg.d).tmp#2             
    reg(video_out:rsc:mgc_out_stdreg.d).tmp#4          1         Y                  reg(video_out:rsc:mgc_out_stdreg.d).tmp#4             
                                                                                                                                          
    Total:                                            30             30           0 (Total Gating Ratio: 1.00, CG Opt Gating Ratio: 0.00) 
    
  Timing Report
    Critical Path
      Max Delay:  3.892695
      Slack:      16.107305
      
      Path                                                  Startpoint                               Endpoint                                            Delay  Slack   
      ----------------------------------------------------- ---------------------------------------- --------------------------------------------------- ------ -------
      1                                                     red_tint:core/mouse_xy:rsc:mgc_in_wire.d red_tint:core/reg(video_out:rsc:mgc_out_stdreg.d)#1 3.8927 16.1073 
                                                                                                                                                                        
        Instance                                            Component                                                                                    Delta  Delay   
        --------                                            ---------                                                                                    -----  -----   
        red_tint:core/mouse_xy:rsc:mgc_in_wire.d                                                                                                         0.0000 0.0000  
        red_tint:core/slc#11                                                                                                                             0.0000 0.0000  
        red_tint:core/slc#11.itm                                                                                                                         0.0000 0.0000  
        red_tint:core/acc#2                                 mgc_add_7_0_7_0_7                                                                            1.0910 1.0910  
        red_tint:core/acc#2.itm                                                                                                                          0.0000 1.0910  
        red_tint:core/not#7                                 mgc_not_7                                                                                    0.0000 1.0910  
        red_tint:core/not#7.itm                                                                                                                          0.0000 1.0910  
        red_tint:core/conc#37                                                                                                                            0.0000 1.0910  
        red_tint:core/conc#38                                                                                                                            0.0000 1.0910  
        red_tint:core/slc(conc#38)#1                                                                                                                     0.0000 1.0910  
        red_tint:core/slc(conc#38)#1.itm                                                                                                                 0.0000 1.0910  
        red_tint:core/conc#42                                                                                                                            0.0000 1.0910  
        red_tint:core/conc#42.itm                                                                                                                        0.0000 1.0910  
        red_tint:core/acc#5                                 mgc_add_10_0_10_1_12                                                                         0.9765 2.0675  
        red_tint:core/acc#5.itm                                                                                                                          0.0000 2.0675  
        red_tint:core/slc#14                                                                                                                             0.0000 2.0675  
        red_tint:core/slc#14.itm                                                                                                                         0.0000 2.0675  
        red_tint:core/makepos:not                           mgc_not_11                                                                                   0.0000 2.0675  
        red_tint:core/makepos:not.itm                                                                                                                    0.0000 2.0675  
        red_tint:core/temp:conc                                                                                                                          0.0000 2.0675  
        red_tint:core/temp:conc.itm                                                                                                                      0.0000 2.0675  
        red_tint:core/makepos:acc#1                         mgc_add_12_0_2_1_12                                                                          1.4562 3.5237  
        red_tint:core/makepos:acc#1.itm                                                                                                                  0.0000 3.5237  
        red_tint:core/makepos:slc#1                                                                                                                      0.0000 3.5237  
        red_tint:core/makepos:slc#1.itm                                                                                                                  0.0000 3.5237  
        red_tint:core/makepos:mux#1                         mgc_mux_9_1_2                                                                                0.3690 3.8927  
        red_tint:core/makepos:mux#1.itm                                                                                                                  0.0000 3.8927  
        red_tint:core/reg(video_out:rsc:mgc_out_stdreg.d)#1 mgc_reg_pos_9_1_0_0_0_1_1                                                                    0.0000 3.8927  
                                                                                                                                                                        
      2                                                     red_tint:core/mouse_xy:rsc:mgc_in_wire.d red_tint:core/reg(video_out:rsc:mgc_out_stdreg.d)#3 3.8927 16.1073 
                                                                                                                                                                        
        Instance                                            Component                                                                                    Delta  Delay   
        --------                                            ---------                                                                                    -----  -----   
        red_tint:core/mouse_xy:rsc:mgc_in_wire.d                                                                                                         0.0000 0.0000  
        red_tint:core/slc#11                                                                                                                             0.0000 0.0000  
        red_tint:core/slc#11.itm                                                                                                                         0.0000 0.0000  
        red_tint:core/acc#2                                 mgc_add_7_0_7_0_7                                                                            1.0910 1.0910  
        red_tint:core/acc#2.itm                                                                                                                          0.0000 1.0910  
        red_tint:core/not#7                                 mgc_not_7                                                                                    0.0000 1.0910  
        red_tint:core/not#7.itm                                                                                                                          0.0000 1.0910  
        red_tint:core/conc#37                                                                                                                            0.0000 1.0910  
        red_tint:core/conc#38                                                                                                                            0.0000 1.0910  
        red_tint:core/slc(conc#38)                                                                                                                       0.0000 1.0910  
        red_tint:core/slc(conc#38).itm                                                                                                                   0.0000 1.0910  
        red_tint:core/conc#45                                                                                                                            0.0000 1.0910  
        red_tint:core/conc#45.itm                                                                                                                        0.0000 1.0910  
        red_tint:core/acc#7                                 mgc_add_10_0_10_1_12                                                                         0.9765 2.0675  
        red_tint:core/acc#7.itm                                                                                                                          0.0000 2.0675  
        red_tint:core/slc#17                                                                                                                             0.0000 2.0675  
        red_tint:core/slc#17.itm                                                                                                                         0.0000 2.0675  
        red_tint:core/makepos#1:not                         mgc_not_11                                                                                   0.0000 2.0675  
        red_tint:core/makepos#1:not.itm                                                                                                                  0.0000 2.0675  
        red_tint:core/temp:conc#1                                                                                                                        0.0000 2.0675  
        red_tint:core/temp:conc#1.itm                                                                                                                    0.0000 2.0675  
        red_tint:core/makepos#1:acc#1                       mgc_add_12_0_2_1_12                                                                          1.4562 3.5237  
        red_tint:core/makepos#1:acc#1.itm                                                                                                                0.0000 3.5237  
        red_tint:core/makepos#1:slc#1                                                                                                                    0.0000 3.5237  
        red_tint:core/makepos#1:slc#1.itm                                                                                                                0.0000 3.5237  
        red_tint:core/makepos#1:mux#1                       mgc_mux_9_1_2                                                                                0.3690 3.8927  
        red_tint:core/makepos#1:mux#1.itm                                                                                                                0.0000 3.8927  
        red_tint:core/reg(video_out:rsc:mgc_out_stdreg.d)#3 mgc_reg_pos_9_1_0_0_0_1_1                                                                    0.0000 3.8927  
                                                                                                                                                                        
      3                                                     red_tint:core/mouse_xy:rsc:mgc_in_wire.d red_tint:core/reg(video_out:rsc:mgc_out_stdreg.d)#3 3.8927 16.1073 
                                                                                                                                                                        
        Instance                                            Component                                                                                    Delta  Delay   
        --------                                            ---------                                                                                    -----  -----   
        red_tint:core/mouse_xy:rsc:mgc_in_wire.d                                                                                                         0.0000 0.0000  
        red_tint:core/slc#3                                                                                                                              0.0000 0.0000  
        red_tint:core/slc#3.itm                                                                                                                          0.0000 0.0000  
        red_tint:core/acc#2                                 mgc_add_7_0_7_0_7                                                                            1.0910 1.0910  
        red_tint:core/acc#2.itm                                                                                                                          0.0000 1.0910  
        red_tint:core/not#7                                 mgc_not_7                                                                                    0.0000 1.0910  
        red_tint:core/not#7.itm                                                                                                                          0.0000 1.0910  
        red_tint:core/conc#37                                                                                                                            0.0000 1.0910  
        red_tint:core/conc#38                                                                                                                            0.0000 1.0910  
        red_tint:core/slc(conc#38)                                                                                                                       0.0000 1.0910  
        red_tint:core/slc(conc#38).itm                                                                                                                   0.0000 1.0910  
        red_tint:core/conc#45                                                                                                                            0.0000 1.0910  
        red_tint:core/conc#45.itm                                                                                                                        0.0000 1.0910  
        red_tint:core/acc#7                                 mgc_add_10_0_10_1_12                                                                         0.9765 2.0675  
        red_tint:core/acc#7.itm                                                                                                                          0.0000 2.0675  
        red_tint:core/slc#17                                                                                                                             0.0000 2.0675  
        red_tint:core/slc#17.itm                                                                                                                         0.0000 2.0675  
        red_tint:core/makepos#1:not                         mgc_not_11                                                                                   0.0000 2.0675  
        red_tint:core/makepos#1:not.itm                                                                                                                  0.0000 2.0675  
        red_tint:core/temp:conc#1                                                                                                                        0.0000 2.0675  
        red_tint:core/temp:conc#1.itm                                                                                                                    0.0000 2.0675  
        red_tint:core/makepos#1:acc#1                       mgc_add_12_0_2_1_12                                                                          1.4562 3.5237  
        red_tint:core/makepos#1:acc#1.itm                                                                                                                0.0000 3.5237  
        red_tint:core/makepos#1:slc#1                                                                                                                    0.0000 3.5237  
        red_tint:core/makepos#1:slc#1.itm                                                                                                                0.0000 3.5237  
        red_tint:core/makepos#1:mux#1                       mgc_mux_9_1_2                                                                                0.3690 3.8927  
        red_tint:core/makepos#1:mux#1.itm                                                                                                                0.0000 3.8927  
        red_tint:core/reg(video_out:rsc:mgc_out_stdreg.d)#3 mgc_reg_pos_9_1_0_0_0_1_1                                                                    0.0000 3.8927  
                                                                                                                                                                        
      4                                                     red_tint:core/mouse_xy:rsc:mgc_in_wire.d red_tint:core/reg(video_out:rsc:mgc_out_stdreg.d)#4 3.8927 16.1073 
                                                                                                                                                                        
        Instance                                            Component                                                                                    Delta  Delay   
        --------                                            ---------                                                                                    -----  -----   
        red_tint:core/mouse_xy:rsc:mgc_in_wire.d                                                                                                         0.0000 0.0000  
        red_tint:core/slc#11                                                                                                                             0.0000 0.0000  
        red_tint:core/slc#11.itm                                                                                                                         0.0000 0.0000  
        red_tint:core/acc#2                                 mgc_add_7_0_7_0_7                                                                            1.0910 1.0910  
        red_tint:core/acc#2.itm                                                                                                                          0.0000 1.0910  
        red_tint:core/not#7                                 mgc_not_7                                                                                    0.0000 1.0910  
        red_tint:core/not#7.itm                                                                                                                          0.0000 1.0910  
        red_tint:core/conc#37                                                                                                                            0.0000 1.0910  
        red_tint:core/conc#38                                                                                                                            0.0000 1.0910  
        red_tint:core/slc(conc#38)                                                                                                                       0.0000 1.0910  
        red_tint:core/slc(conc#38).itm                                                                                                                   0.0000 1.0910  
        red_tint:core/conc#45                                                                                                                            0.0000 1.0910  
        red_tint:core/conc#45.itm                                                                                                                        0.0000 1.0910  
        red_tint:core/acc#7                                 mgc_add_10_0_10_1_12                                                                         0.9765 2.0675  
        red_tint:core/acc#7.itm                                                                                                                          0.0000 2.0675  
        red_tint:core/slc#17                                                                                                                             0.0000 2.0675  
        red_tint:core/slc#17.itm                                                                                                                         0.0000 2.0675  
        red_tint:core/makepos#1:not                         mgc_not_11                                                                                   0.0000 2.0675  
        red_tint:core/makepos#1:not.itm                                                                                                                  0.0000 2.0675  
        red_tint:core/temp:conc#1                                                                                                                        0.0000 2.0675  
        red_tint:core/temp:conc#1.itm                                                                                                                    0.0000 2.0675  
        red_tint:core/makepos#1:acc#1                       mgc_add_12_0_2_1_12                                                                          1.4562 3.5237  
        red_tint:core/makepos#1:acc#1.itm                                                                                                                0.0000 3.5237  
        red_tint:core/makepos#1:slc#2                                                                                                                    0.0000 3.5237  
        red_tint:core/makepos#1:slc#2.itm                                                                                                                0.0000 3.5237  
        red_tint:core/makepos#1:mux#2                       mgc_mux_1_1_2                                                                                0.3690 3.8927  
        red_tint:core/makepos#1:mux#2.itm                                                                                                                0.0000 3.8927  
        red_tint:core/reg(video_out:rsc:mgc_out_stdreg.d)#4 mgc_reg_pos_1_1_0_0_0_1_1                                                                    0.0000 3.8927  
                                                                                                                                                                        
      5                                                     red_tint:core/mouse_xy:rsc:mgc_in_wire.d red_tint:core/reg(video_out:rsc:mgc_out_stdreg.d)#2 3.8927 16.1073 
                                                                                                                                                                        
        Instance                                            Component                                                                                    Delta  Delay   
        --------                                            ---------                                                                                    -----  -----   
        red_tint:core/mouse_xy:rsc:mgc_in_wire.d                                                                                                         0.0000 0.0000  
        red_tint:core/slc#11                                                                                                                             0.0000 0.0000  
        red_tint:core/slc#11.itm                                                                                                                         0.0000 0.0000  
        red_tint:core/acc#2                                 mgc_add_7_0_7_0_7                                                                            1.0910 1.0910  
        red_tint:core/acc#2.itm                                                                                                                          0.0000 1.0910  
        red_tint:core/not#7                                 mgc_not_7                                                                                    0.0000 1.0910  
        red_tint:core/not#7.itm                                                                                                                          0.0000 1.0910  
        red_tint:core/conc#37                                                                                                                            0.0000 1.0910  
        red_tint:core/conc#38                                                                                                                            0.0000 1.0910  
        red_tint:core/slc(conc#38)#1                                                                                                                     0.0000 1.0910  
        red_tint:core/slc(conc#38)#1.itm                                                                                                                 0.0000 1.0910  
        red_tint:core/conc#42                                                                                                                            0.0000 1.0910  
        red_tint:core/conc#42.itm                                                                                                                        0.0000 1.0910  
        red_tint:core/acc#5                                 mgc_add_10_0_10_1_12                                                                         0.9765 2.0675  
        red_tint:core/acc#5.itm                                                                                                                          0.0000 2.0675  
        red_tint:core/slc#14                                                                                                                             0.0000 2.0675  
        red_tint:core/slc#14.itm                                                                                                                         0.0000 2.0675  
        red_tint:core/makepos:not                           mgc_not_11                                                                                   0.0000 2.0675  
        red_tint:core/makepos:not.itm                                                                                                                    0.0000 2.0675  
        red_tint:core/temp:conc                                                                                                                          0.0000 2.0675  
        red_tint:core/temp:conc.itm                                                                                                                      0.0000 2.0675  
        red_tint:core/makepos:acc#1                         mgc_add_12_0_2_1_12                                                                          1.4562 3.5237  
        red_tint:core/makepos:acc#1.itm                                                                                                                  0.0000 3.5237  
        red_tint:core/makepos:slc#2                                                                                                                      0.0000 3.5237  
        red_tint:core/makepos:slc#2.itm                                                                                                                  0.0000 3.5237  
        red_tint:core/makepos:mux#2                         mgc_mux_1_1_2                                                                                0.3690 3.8927  
        red_tint:core/makepos:mux#2.itm                                                                                                                  0.0000 3.8927  
        red_tint:core/reg(video_out:rsc:mgc_out_stdreg.d)#2 mgc_reg_pos_1_1_0_0_0_1_1                                                                    0.0000 3.8927  
                                                                                                                                                                        
      6                                                     red_tint:core/mouse_xy:rsc:mgc_in_wire.d red_tint:core/reg(video_out:rsc:mgc_out_stdreg.d)#2 3.8927 16.1073 
                                                                                                                                                                        
        Instance                                            Component                                                                                    Delta  Delay   
        --------                                            ---------                                                                                    -----  -----   
        red_tint:core/mouse_xy:rsc:mgc_in_wire.d                                                                                                         0.0000 0.0000  
        red_tint:core/slc#3                                                                                                                              0.0000 0.0000  
        red_tint:core/slc#3.itm                                                                                                                          0.0000 0.0000  
        red_tint:core/acc#2                                 mgc_add_7_0_7_0_7                                                                            1.0910 1.0910  
        red_tint:core/acc#2.itm                                                                                                                          0.0000 1.0910  
        red_tint:core/not#7                                 mgc_not_7                                                                                    0.0000 1.0910  
        red_tint:core/not#7.itm                                                                                                                          0.0000 1.0910  
        red_tint:core/conc#37                                                                                                                            0.0000 1.0910  
        red_tint:core/conc#38                                                                                                                            0.0000 1.0910  
        red_tint:core/slc(conc#38)#1                                                                                                                     0.0000 1.0910  
        red_tint:core/slc(conc#38)#1.itm                                                                                                                 0.0000 1.0910  
        red_tint:core/conc#42                                                                                                                            0.0000 1.0910  
        red_tint:core/conc#42.itm                                                                                                                        0.0000 1.0910  
        red_tint:core/acc#5                                 mgc_add_10_0_10_1_12                                                                         0.9765 2.0675  
        red_tint:core/acc#5.itm                                                                                                                          0.0000 2.0675  
        red_tint:core/slc#14                                                                                                                             0.0000 2.0675  
        red_tint:core/slc#14.itm                                                                                                                         0.0000 2.0675  
        red_tint:core/makepos:not                           mgc_not_11                                                                                   0.0000 2.0675  
        red_tint:core/makepos:not.itm                                                                                                                    0.0000 2.0675  
        red_tint:core/temp:conc                                                                                                                          0.0000 2.0675  
        red_tint:core/temp:conc.itm                                                                                                                      0.0000 2.0675  
        red_tint:core/makepos:acc#1                         mgc_add_12_0_2_1_12                                                                          1.4562 3.5237  
        red_tint:core/makepos:acc#1.itm                                                                                                                  0.0000 3.5237  
        red_tint:core/makepos:slc#2                                                                                                                      0.0000 3.5237  
        red_tint:core/makepos:slc#2.itm                                                                                                                  0.0000 3.5237  
        red_tint:core/makepos:mux#2                         mgc_mux_1_1_2                                                                                0.3690 3.8927  
        red_tint:core/makepos:mux#2.itm                                                                                                                  0.0000 3.8927  
        red_tint:core/reg(video_out:rsc:mgc_out_stdreg.d)#2 mgc_reg_pos_1_1_0_0_0_1_1                                                                    0.0000 3.8927  
                                                                                                                                                                        
      7                                                     red_tint:core/video_in:rsc:mgc_in_wire.d red_tint:core/reg(video_out:rsc:mgc_out_stdreg.d)#2 2.8017 17.1983 
                                                                                                                                                                        
        Instance                                            Component                                                                                    Delta  Delay   
        --------                                            ---------                                                                                    -----  -----   
        red_tint:core/video_in:rsc:mgc_in_wire.d                                                                                                         0.0000 0.0000  
        red_tint:core/slc(video_in:rsc:mgc_in_wire.d)#3                                                                                                  0.0000 0.0000  
        red_tint:core/slc(video_in:rsc:mgc_in_wire.d)#3.itm                                                                                              0.0000 0.0000  
        red_tint:core/conc#41                                                                                                                            0.0000 0.0000  
        red_tint:core/conc#41.itm                                                                                                                        0.0000 0.0000  
        red_tint:core/acc#5                                 mgc_add_10_0_10_1_12                                                                         0.9765 0.9765  
        red_tint:core/acc#5.itm                                                                                                                          0.0000 0.9765  
        red_tint:core/slc#14                                                                                                                             0.0000 0.9765  
        red_tint:core/slc#14.itm                                                                                                                         0.0000 0.9765  
        red_tint:core/makepos:not                           mgc_not_11                                                                                   0.0000 0.9765  
        red_tint:core/makepos:not.itm                                                                                                                    0.0000 0.9765  
        red_tint:core/temp:conc                                                                                                                          0.0000 0.9765  
        red_tint:core/temp:conc.itm                                                                                                                      0.0000 0.9765  
        red_tint:core/makepos:acc#1                         mgc_add_12_0_2_1_12                                                                          1.4562 2.4327  
        red_tint:core/makepos:acc#1.itm                                                                                                                  0.0000 2.4327  
        red_tint:core/makepos:slc#2                                                                                                                      0.0000 2.4327  
        red_tint:core/makepos:slc#2.itm                                                                                                                  0.0000 2.4327  
        red_tint:core/makepos:mux#2                         mgc_mux_1_1_2                                                                                0.3690 2.8017  
        red_tint:core/makepos:mux#2.itm                                                                                                                  0.0000 2.8017  
        red_tint:core/reg(video_out:rsc:mgc_out_stdreg.d)#2 mgc_reg_pos_1_1_0_0_0_1_1                                                                    0.0000 2.8017  
                                                                                                                                                                        
      8                                                     red_tint:core/video_in:rsc:mgc_in_wire.d red_tint:core/reg(video_out:rsc:mgc_out_stdreg.d)#4 2.8017 17.1983 
                                                                                                                                                                        
        Instance                                            Component                                                                                    Delta  Delay   
        --------                                            ---------                                                                                    -----  -----   
        red_tint:core/video_in:rsc:mgc_in_wire.d                                                                                                         0.0000 0.0000  
        red_tint:core/slc(video_in:rsc:mgc_in_wire.d)#1                                                                                                  0.0000 0.0000  
        red_tint:core/slc(video_in:rsc:mgc_in_wire.d)#1.itm                                                                                              0.0000 0.0000  
        red_tint:core/conc#44                                                                                                                            0.0000 0.0000  
        red_tint:core/conc#44.itm                                                                                                                        0.0000 0.0000  
        red_tint:core/acc#7                                 mgc_add_10_0_10_1_12                                                                         0.9765 0.9765  
        red_tint:core/acc#7.itm                                                                                                                          0.0000 0.9765  
        red_tint:core/slc#17                                                                                                                             0.0000 0.9765  
        red_tint:core/slc#17.itm                                                                                                                         0.0000 0.9765  
        red_tint:core/makepos#1:not                         mgc_not_11                                                                                   0.0000 0.9765  
        red_tint:core/makepos#1:not.itm                                                                                                                  0.0000 0.9765  
        red_tint:core/temp:conc#1                                                                                                                        0.0000 0.9765  
        red_tint:core/temp:conc#1.itm                                                                                                                    0.0000 0.9765  
        red_tint:core/makepos#1:acc#1                       mgc_add_12_0_2_1_12                                                                          1.4562 2.4327  
        red_tint:core/makepos#1:acc#1.itm                                                                                                                0.0000 2.4327  
        red_tint:core/makepos#1:slc#2                                                                                                                    0.0000 2.4327  
        red_tint:core/makepos#1:slc#2.itm                                                                                                                0.0000 2.4327  
        red_tint:core/makepos#1:mux#2                       mgc_mux_1_1_2                                                                                0.3690 2.8017  
        red_tint:core/makepos#1:mux#2.itm                                                                                                                0.0000 2.8017  
        red_tint:core/reg(video_out:rsc:mgc_out_stdreg.d)#4 mgc_reg_pos_1_1_0_0_0_1_1                                                                    0.0000 2.8017  
                                                                                                                                                                        
      9                                                     red_tint:core/mouse_xy:rsc:mgc_in_wire.d red_tint:core/reg(video_out:rsc:mgc_out_stdreg.d)#2 2.8017 17.1983 
                                                                                                                                                                        
        Instance                                            Component                                                                                    Delta  Delay   
        --------                                            ---------                                                                                    -----  -----   
        red_tint:core/mouse_xy:rsc:mgc_in_wire.d                                                                                                         0.0000 0.0000  
        red_tint:core/slc#10                                                                                                                             0.0000 0.0000  
        red_tint:core/slc#10.itm                                                                                                                         0.0000 0.0000  
        red_tint:core/not#9                                 mgc_not_2                                                                                    0.0000 0.0000  
        red_tint:core/not#9.itm                                                                                                                          0.0000 0.0000  
        red_tint:core/conc#37                                                                                                                            0.0000 0.0000  
        red_tint:core/conc#38                                                                                                                            0.0000 0.0000  
        red_tint:core/slc(conc#38)#1                                                                                                                     0.0000 0.0000  
        red_tint:core/slc(conc#38)#1.itm                                                                                                                 0.0000 0.0000  
        red_tint:core/conc#42                                                                                                                            0.0000 0.0000  
        red_tint:core/conc#42.itm                                                                                                                        0.0000 0.0000  
        red_tint:core/acc#5                                 mgc_add_10_0_10_1_12                                                                         0.9765 0.9765  
        red_tint:core/acc#5.itm                                                                                                                          0.0000 0.9765  
        red_tint:core/slc#14                                                                                                                             0.0000 0.9765  
        red_tint:core/slc#14.itm                                                                                                                         0.0000 0.9765  
        red_tint:core/makepos:not                           mgc_not_11                                                                                   0.0000 0.9765  
        red_tint:core/makepos:not.itm                                                                                                                    0.0000 0.9765  
        red_tint:core/temp:conc                                                                                                                          0.0000 0.9765  
        red_tint:core/temp:conc.itm                                                                                                                      0.0000 0.9765  
        red_tint:core/makepos:acc#1                         mgc_add_12_0_2_1_12                                                                          1.4562 2.4327  
        red_tint:core/makepos:acc#1.itm                                                                                                                  0.0000 2.4327  
        red_tint:core/makepos:slc#2                                                                                                                      0.0000 2.4327  
        red_tint:core/makepos:slc#2.itm                                                                                                                  0.0000 2.4327  
        red_tint:core/makepos:mux#2                         mgc_mux_1_1_2                                                                                0.3690 2.8017  
        red_tint:core/makepos:mux#2.itm                                                                                                                  0.0000 2.8017  
        red_tint:core/reg(video_out:rsc:mgc_out_stdreg.d)#2 mgc_reg_pos_1_1_0_0_0_1_1                                                                    0.0000 2.8017  
                                                                                                                                                                        
      10                                                    red_tint:core/video_in:rsc:mgc_in_wire.d red_tint:core/reg(video_out:rsc:mgc_out_stdreg.d)#4 2.4829 17.5171 
                                                                                                                                                                        
        Instance                                            Component                                                                                    Delta  Delay   
        --------                                            ---------                                                                                    -----  -----   
        red_tint:core/video_in:rsc:mgc_in_wire.d                                                                                                         0.0000 0.0000  
        red_tint:core/slc(video_in:rsc:mgc_in_wire.d)#2                                                                                                  0.0000 0.0000  
        red_tint:core/slc(video_in:rsc:mgc_in_wire.d)#2.itm                                                                                              0.0000 0.0000  
        red_tint:core/conc#46                                                                                                                            0.0000 0.0000  
        red_tint:core/conc#46.itm                                                                                                                        0.0000 0.0000  
        red_tint:core/acc#6                                 mgc_add_2_0_1_1_2                                                                            0.6577 0.6577  
        red_tint:core/acc#6.itm                                                                                                                          0.0000 0.6577  
        red_tint:core/slc#13                                                                                                                             0.0000 0.6577  
        red_tint:core/slc#13.itm                                                                                                                         0.0000 0.6577  
        red_tint:core/makepos#1:not#1                       mgc_not_1                                                                                    0.0000 0.6577  
        red_tint:core/makepos#1:not#1.itm                                                                                                                0.0000 0.6577  
        red_tint:core/temp:conc#1                                                                                                                        0.0000 0.6577  
        red_tint:core/temp:conc#1.itm                                                                                                                    0.0000 0.6577  
        red_tint:core/makepos#1:acc#1                       mgc_add_12_0_2_1_12                                                                          1.4562 2.1139  
        red_tint:core/makepos#1:acc#1.itm                                                                                                                0.0000 2.1139  
        red_tint:core/makepos#1:slc#2                                                                                                                    0.0000 2.1139  
        red_tint:core/makepos#1:slc#2.itm                                                                                                                0.0000 2.1139  
        red_tint:core/makepos#1:mux#2                       mgc_mux_1_1_2                                                                                0.3690 2.4829  
        red_tint:core/makepos#1:mux#2.itm                                                                                                                0.0000 2.4829  
        red_tint:core/reg(video_out:rsc:mgc_out_stdreg.d)#4 mgc_reg_pos_1_1_0_0_0_1_1                                                                    0.0000 2.4829  
                                                                                                                                                                        
      
    Register Input and Register-to-Output Slack
      Clock period or pin-to-reg delay constraint (clk): 20.0
      Clock uncertainty constraint (clk)               : 0.0
      
      Instance                                            Port                                  Slack (Delay) Messages 
      --------------------------------------------------- ----------------------------------- ------- ------- --------
      red_tint:core/reg(video_out:rsc:mgc_out_stdreg.d)   slc(video_in:rsc:mgc_in_wire.d).itm 20.0000  0.0000          
      red_tint:core/reg(video_out:rsc:mgc_out_stdreg.d)#1 makepos:mux#1.itm                   16.1073  3.8927          
      red_tint:core/reg(video_out:rsc:mgc_out_stdreg.d)#2 makepos:mux#2.itm                   16.1073  3.8927          
      red_tint:core/reg(video_out:rsc:mgc_out_stdreg.d)#3 makepos#1:mux#1.itm                 16.1073  3.8927          
      red_tint:core/reg(video_out:rsc:mgc_out_stdreg.d)#4 makepos#1:mux#2.itm                 16.1073  3.8927          
      red_tint                                            video_out:rsc.z                     20.0000  0.0000          
      
  Operator Bitwidth Summary
    Operation  Size (bits) Count 
    ---------- ----------- -----
    add                          
    -                   12     4 
    -                    7     1 
    -                    2     2 
    mux                          
    -                    1     4 
    not                          
    -                   11     2 
    -                    7     1 
    -                    2     1 
    -                    1     6 
    read_port                    
    -                   30     1 
    -                   20     1 
    reg                          
    -                   10     1 
    -                    9     2 
    -                    1     2 
    write_port                   
    -                   30     1 
    
  End of Report
