-- Catapult University Version: Report                                              
-- ---------------------------- ---------------------------------------------------
-- Version:                     2011a.126 Production Release                        
-- Build Date:                  Wed Aug  8 00:52:07 PDT 2012                        
                                                                                    
-- Generated by:                rbw14@EEWS104A-005                                  
-- Generated date:              Tue May 05 15:35:56 +0100 2015                      

Solution Settings: red_tint.v8
  Current state: extract
  Project: Catapult
  
  Design Input Files Specified
    $PROJECT_HOME/shift_class.h
    $PROJECT_HOME/edge.h
      $MGC_HOME/shared/include/ac_int.h
    $PROJECT_HOME/edge3.c
      $MGC_HOME/shared/include/ac_fixed.h
        $MGC_HOME/shared/include/ac_int.h
      $PROJECT_HOME/edge.h
      $PROJECT_HOME/shift_class.h
  
  Processes/Blocks in Design
    Process        Real Operation(s) count Latency Throughput Reset Length II Comments 
    -------------- ----------------------- ------- ---------- ------------ -- --------
    /red_tint/core                      31       1          1            0  1          
    Design Total:                       31       1          1            0  1          
    
  Bill Of Materials (Datapath)
    Component Name                          Area Score Area(LUTs) Delay Post Alloc Post Assign 
    --------------------------------------- ---------- ---------- ----- ---------- -----------
    [Lib: mgc_Altera-Cyclone-III-6_beh_psr]                                                    
    mgc_add(10,0,4,1,10)                        11.000     11.000 1.314          2           2 
    mgc_add(11,0,11,1,13)                       12.000     12.000 1.043          3           3 
    mgc_add(12,0,12,0,12)                       13.224     13.224 1.434          2           2 
    mgc_add(8,0,8,1,9)                           9.000      9.000 1.001          3           3 
    mgc_and(10,2)                                7.298      7.298 0.263          5           1 
    mgc_and(10,3)                               10.545     10.545 0.416          0           2 
    mgc_mux(1,1,2)                               0.919      0.919 0.369          0           4 
    mgc_mux(10,1,2)                              9.194      9.194 0.369          2           2 
    mgc_not(1)                                   0.000      0.000 0.000          0           7 
    mgc_not(10)                                  0.000      0.000 0.000          0           1 
    mgc_not(11)                                  0.000      0.000 0.000          0           2 
    mgc_not(8)                                   0.000      0.000 0.000          0           1 
    mgc_or(1,2)                                  0.730      0.730 0.268          0           2 
    mgc_reg_pos(1,1,0,0,0,1,1)                   0.000      0.000 0.000          0           2 
    mgc_reg_pos(10,1,0,0,0,1,1)                  0.000      0.000 0.000          0           3 
    [Lib: mgc_ioport]                                                                          
    mgc_in_wire(1,30)                            0.000      0.000 0.000          1           1 
    mgc_in_wire(3,20)                            0.000      0.000 0.000          1           1 
    mgc_out_stdreg(2,30)                         0.000      0.000 0.000          1           1 
                                                                                               
    TOTAL AREA (After Assignment):             163.361    163.000                              
    
  Area Scores
                      Post-Scheduling  Post-DP & FSM Post-Assignment 
    ----------------- --------------- -------------- ---------------
    Total Area Score:    166.3          156.9           163.4        
    Total Reg:             0.0            0.0             0.0        
                                                                     
    DataPath:            166.3 (100%)   156.9 (100%)    163.4 (100%) 
      MUX:                18.4  (11%)    22.1  (14%)     22.1  (14%) 
      FUNC:              111.4  (67%)   111.4  (71%)    111.4  (68%) 
      LOGIC:              36.5  (22%)    23.4  (15%)     29.8  (18%) 
      BUFFER:              0.0            0.0             0.0        
      MEM:                 0.0            0.0             0.0        
      ROM:                 0.0            0.0             0.0        
      REG:                 0.0            0.0             0.0        
                                                                     
    
    FSM:                   0.0            0.0             0.0        
      FSM-REG:             0.0            0.0             0.0        
      FSM-COMB:            0.0            0.0             0.0        
                                                                     
    
  Register-to-Variable Mappings
    Register                                  Size(bits) Gated Register CG Opt Done Variables                                             
    ----------------------------------------- ---------- -------------- ----------- -----------------------------------------------------
    reg(video_out:rsc:mgc_out_stdreg.d).tmp           10         Y                  reg(video_out:rsc:mgc_out_stdreg.d).tmp               
    reg(video_out:rsc:mgc_out_stdreg.d).tmp#1         10         Y                  reg(video_out:rsc:mgc_out_stdreg.d).tmp#1             
    reg(video_out:rsc:mgc_out_stdreg.d).tmp#2         10         Y                  reg(video_out:rsc:mgc_out_stdreg.d).tmp#2             
    makepos#1:else:slc.svs                             1         Y                  makepos#1:else:slc.svs                                
    makepos:else:slc.svs                               1         Y                  makepos:else:slc.svs                                  
                                                                                                                                          
    Total:                                            32             32           0 (Total Gating Ratio: 1.00, CG Opt Gating Ratio: 0.00) 
    
  Timing Report
    Critical Path
      Max Delay:  4.511755
      Slack:      15.488245
      
      Path                                                  Startpoint                               Endpoint                                            Delay  Slack   
      ----------------------------------------------------- ---------------------------------------- --------------------------------------------------- ------ -------
      1                                                     red_tint:core/mouse_xy:rsc:mgc_in_wire.d red_tint:core/reg(video_out:rsc:mgc_out_stdreg.d)#1 4.5118 15.4882 
                                                                                                                                                                        
        Instance                                            Component                                                                                    Delta  Delay   
        --------                                            ---------                                                                                    -----  -----   
        red_tint:core/mouse_xy:rsc:mgc_in_wire.d                                                                                                         0.0000 0.0000  
        red_tint:core/slc#6                                                                                                                              0.0000 0.0000  
        red_tint:core/slc#6.itm                                                                                                                          0.0000 0.0000  
        red_tint:core/acc                                   mgc_add_8_0_8_1_9                                                                            1.0006 1.0006  
        red_tint:core/acc.itm                                                                                                                            0.0000 1.0006  
        red_tint:core/if:not#4                              mgc_not_8                                                                                    0.0000 1.0006  
        red_tint:core/if:not#4.itm                                                                                                                       0.0000 1.0006  
        red_tint:core/if:conc#8                                                                                                                          0.0000 1.0006  
        red_tint:core/if:conc#9                                                                                                                          0.0000 1.0006  
        red_tint:core/slc(if:conc#9)#1                                                                                                                   0.0000 1.0006  
        red_tint:core/slc(if:conc#9)#1.itm                                                                                                               0.0000 1.0006  
        red_tint:core/conc#24                                                                                                                            0.0000 1.0006  
        red_tint:core/conc#24.itm                                                                                                                        0.0000 1.0006  
        red_tint:core/if:acc#2                              mgc_add_11_0_11_1_13                                                                         1.0435 2.0441  
        red_tint:core/if:acc#2.itm                                                                                                                       0.0000 2.0441  
        red_tint:core/if:slc                                                                                                                             0.0000 2.0441  
        red_tint:core/if:slc.itm                                                                                                                         0.0000 2.0441  
        red_tint:core/makepos:if:acc                        mgc_add_10_0_4_1_10                                                                          1.3137 3.3577  
        red_tint:core/makepos:if:acc.itm                                                                                                                 0.0000 3.3577  
        red_tint:core/makepos:slc#2                                                                                                                      0.0000 3.3577  
        red_tint:core/makepos:slc#2.itm                                                                                                                  0.0000 3.3577  
        red_tint:core/mux                                   mgc_mux_1_1_2                                                                                0.3690 3.7267  
        red_tint:core/mux.itm                                                                                                                            0.0000 3.7267  
        red_tint:core/makepos:else:mux                      mgc_mux_10_1_2                                                                               0.3690 4.0957  
        red_tint:core/makepos:else:mux.itm                                                                                                               0.0000 4.0957  
        red_tint:core/and#1                                 mgc_and_10_3                                                                                 0.4161 4.5118  
        red_tint:core/and#1.itm                                                                                                                          0.0000 4.5118  
        red_tint:core/reg(video_out:rsc:mgc_out_stdreg.d)#1 mgc_reg_pos_10_1_0_0_0_1_1                                                                   0.0000 4.5118  
                                                                                                                                                                        
      2                                                     red_tint:core/mouse_xy:rsc:mgc_in_wire.d red_tint:core/reg(video_out:rsc:mgc_out_stdreg.d)#2 4.5118 15.4882 
                                                                                                                                                                        
        Instance                                            Component                                                                                    Delta  Delay   
        --------                                            ---------                                                                                    -----  -----   
        red_tint:core/mouse_xy:rsc:mgc_in_wire.d                                                                                                         0.0000 0.0000  
        red_tint:core/slc#6                                                                                                                              0.0000 0.0000  
        red_tint:core/slc#6.itm                                                                                                                          0.0000 0.0000  
        red_tint:core/acc                                   mgc_add_8_0_8_1_9                                                                            1.0006 1.0006  
        red_tint:core/acc.itm                                                                                                                            0.0000 1.0006  
        red_tint:core/if:not#4                              mgc_not_8                                                                                    0.0000 1.0006  
        red_tint:core/if:not#4.itm                                                                                                                       0.0000 1.0006  
        red_tint:core/if:conc#8                                                                                                                          0.0000 1.0006  
        red_tint:core/if:conc#9                                                                                                                          0.0000 1.0006  
        red_tint:core/slc(if:conc#9)                                                                                                                     0.0000 1.0006  
        red_tint:core/slc(if:conc#9).itm                                                                                                                 0.0000 1.0006  
        red_tint:core/conc#26                                                                                                                            0.0000 1.0006  
        red_tint:core/conc#26.itm                                                                                                                        0.0000 1.0006  
        red_tint:core/if:acc                                mgc_add_11_0_11_1_13                                                                         1.0435 2.0441  
        red_tint:core/if:acc.itm                                                                                                                         0.0000 2.0441  
        red_tint:core/if:slc#1                                                                                                                           0.0000 2.0441  
        red_tint:core/if:slc#1.itm                                                                                                                       0.0000 2.0441  
        red_tint:core/makepos#1:if:acc                      mgc_add_10_0_4_1_10                                                                          1.3137 3.3577  
        red_tint:core/makepos#1:if:acc.itm                                                                                                               0.0000 3.3577  
        red_tint:core/makepos#1:slc#2                                                                                                                    0.0000 3.3577  
        red_tint:core/makepos#1:slc#2.itm                                                                                                                0.0000 3.3577  
        red_tint:core/mux#2                                 mgc_mux_1_1_2                                                                                0.3690 3.7267  
        red_tint:core/mux#2.itm                                                                                                                          0.0000 3.7267  
        red_tint:core/makepos#1:else:mux                    mgc_mux_10_1_2                                                                               0.3690 4.0957  
        red_tint:core/makepos#1:else:mux.itm                                                                                                             0.0000 4.0957  
        red_tint:core/and#2                                 mgc_and_10_3                                                                                 0.4161 4.5118  
        red_tint:core/and#2.itm                                                                                                                          0.0000 4.5118  
        red_tint:core/reg(video_out:rsc:mgc_out_stdreg.d)#2 mgc_reg_pos_10_1_0_0_0_1_1                                                                   0.0000 4.5118  
                                                                                                                                                                        
      3                                                     red_tint:core/mouse_xy:rsc:mgc_in_wire.d red_tint:core/reg(video_out:rsc:mgc_out_stdreg.d)#2 4.5118 15.4882 
                                                                                                                                                                        
        Instance                                            Component                                                                                    Delta  Delay   
        --------                                            ---------                                                                                    -----  -----   
        red_tint:core/mouse_xy:rsc:mgc_in_wire.d                                                                                                         0.0000 0.0000  
        red_tint:core/slc#7                                                                                                                              0.0000 0.0000  
        red_tint:core/slc#7.itm                                                                                                                          0.0000 0.0000  
        red_tint:core/conc#28                                                                                                                            0.0000 0.0000  
        red_tint:core/conc#28.itm                                                                                                                        0.0000 0.0000  
        red_tint:core/acc                                   mgc_add_8_0_8_1_9                                                                            1.0006 1.0006  
        red_tint:core/acc.itm                                                                                                                            0.0000 1.0006  
        red_tint:core/if:not#4                              mgc_not_8                                                                                    0.0000 1.0006  
        red_tint:core/if:not#4.itm                                                                                                                       0.0000 1.0006  
        red_tint:core/if:conc#8                                                                                                                          0.0000 1.0006  
        red_tint:core/if:conc#9                                                                                                                          0.0000 1.0006  
        red_tint:core/slc(if:conc#9)                                                                                                                     0.0000 1.0006  
        red_tint:core/slc(if:conc#9).itm                                                                                                                 0.0000 1.0006  
        red_tint:core/conc#26                                                                                                                            0.0000 1.0006  
        red_tint:core/conc#26.itm                                                                                                                        0.0000 1.0006  
        red_tint:core/if:acc                                mgc_add_11_0_11_1_13                                                                         1.0435 2.0441  
        red_tint:core/if:acc.itm                                                                                                                         0.0000 2.0441  
        red_tint:core/if:slc#1                                                                                                                           0.0000 2.0441  
        red_tint:core/if:slc#1.itm                                                                                                                       0.0000 2.0441  
        red_tint:core/makepos#1:if:acc                      mgc_add_10_0_4_1_10                                                                          1.3137 3.3577  
        red_tint:core/makepos#1:if:acc.itm                                                                                                               0.0000 3.3577  
        red_tint:core/makepos#1:slc#2                                                                                                                    0.0000 3.3577  
        red_tint:core/makepos#1:slc#2.itm                                                                                                                0.0000 3.3577  
        red_tint:core/mux#2                                 mgc_mux_1_1_2                                                                                0.3690 3.7267  
        red_tint:core/mux#2.itm                                                                                                                          0.0000 3.7267  
        red_tint:core/makepos#1:else:mux                    mgc_mux_10_1_2                                                                               0.3690 4.0957  
        red_tint:core/makepos#1:else:mux.itm                                                                                                             0.0000 4.0957  
        red_tint:core/and#2                                 mgc_and_10_3                                                                                 0.4161 4.5118  
        red_tint:core/and#2.itm                                                                                                                          0.0000 4.5118  
        red_tint:core/reg(video_out:rsc:mgc_out_stdreg.d)#2 mgc_reg_pos_10_1_0_0_0_1_1                                                                   0.0000 4.5118  
                                                                                                                                                                        
      4                                                     red_tint:core/mouse_xy:rsc:mgc_in_wire.d red_tint:core/reg(video_out:rsc:mgc_out_stdreg.d)#1 4.2634 15.7366 
                                                                                                                                                                        
        Instance                                            Component                                                                                    Delta  Delay   
        --------                                            ---------                                                                                    -----  -----   
        red_tint:core/mouse_xy:rsc:mgc_in_wire.d                                                                                                         0.0000 0.0000  
        red_tint:core/slc#6                                                                                                                              0.0000 0.0000  
        red_tint:core/slc#6.itm                                                                                                                          0.0000 0.0000  
        red_tint:core/acc                                   mgc_add_8_0_8_1_9                                                                            1.0006 1.0006  
        red_tint:core/acc.itm                                                                                                                            0.0000 1.0006  
        red_tint:core/if:not#4                              mgc_not_8                                                                                    0.0000 1.0006  
        red_tint:core/if:not#4.itm                                                                                                                       0.0000 1.0006  
        red_tint:core/if:conc#8                                                                                                                          0.0000 1.0006  
        red_tint:core/if:conc#9                                                                                                                          0.0000 1.0006  
        red_tint:core/slc(if:conc#9)#1                                                                                                                   0.0000 1.0006  
        red_tint:core/slc(if:conc#9)#1.itm                                                                                                               0.0000 1.0006  
        red_tint:core/conc#24                                                                                                                            0.0000 1.0006  
        red_tint:core/conc#24.itm                                                                                                                        0.0000 1.0006  
        red_tint:core/if:acc#2                              mgc_add_11_0_11_1_13                                                                         1.0435 2.0441  
        red_tint:core/if:acc#2.itm                                                                                                                       0.0000 2.0441  
        red_tint:core/if:slc#6                                                                                                                           0.0000 2.0441  
        red_tint:core/if:slc#6.itm                                                                                                                       0.0000 2.0441  
        red_tint:core/makepos:else:else:not                 mgc_not_11                                                                                   0.0000 2.0441  
        red_tint:core/makepos:else:else:not.itm                                                                                                          0.0000 2.0441  
        red_tint:core/conc#29                                                                                                                            0.0000 2.0441  
        red_tint:core/conc#29.itm                                                                                                                        0.0000 2.0441  
        red_tint:core/makepos:else:else:acc                 mgc_add_12_0_12_0_12                                                                         1.4343 3.4784  
        red_tint:core/makepos:else:else:acc.itm                                                                                                          0.0000 3.4784  
        red_tint:core/makepos:else:else:slc                                                                                                              0.0000 3.4784  
        red_tint:core/makepos:else:else:slc.itm                                                                                                          0.0000 3.4784  
        red_tint:core/makepos:else:else:if:not              mgc_not_1                                                                                    0.0000 3.4784  
        red_tint:core/makepos:else:else:if:not.itm                                                                                                       0.0000 3.4784  
        red_tint:core/makepos:else:else:exs                                                                                                              0.0000 3.4784  
        red_tint:core/makepos:else:else:exs.itm                                                                                                          0.0000 3.4784  
        red_tint:core/makepos:else:mux                      mgc_mux_10_1_2                                                                               0.3690 3.8473  
        red_tint:core/makepos:else:mux.itm                                                                                                               0.0000 3.8473  
        red_tint:core/and#1                                 mgc_and_10_3                                                                                 0.4161 4.2634  
        red_tint:core/and#1.itm                                                                                                                          0.0000 4.2634  
        red_tint:core/reg(video_out:rsc:mgc_out_stdreg.d)#1 mgc_reg_pos_10_1_0_0_0_1_1                                                                   0.0000 4.2634  
                                                                                                                                                                        
      5                                                     red_tint:core/mouse_xy:rsc:mgc_in_wire.d red_tint:core/reg(video_out:rsc:mgc_out_stdreg.d)#2 4.2634 15.7366 
                                                                                                                                                                        
        Instance                                            Component                                                                                    Delta  Delay   
        --------                                            ---------                                                                                    -----  -----   
        red_tint:core/mouse_xy:rsc:mgc_in_wire.d                                                                                                         0.0000 0.0000  
        red_tint:core/slc#6                                                                                                                              0.0000 0.0000  
        red_tint:core/slc#6.itm                                                                                                                          0.0000 0.0000  
        red_tint:core/acc                                   mgc_add_8_0_8_1_9                                                                            1.0006 1.0006  
        red_tint:core/acc.itm                                                                                                                            0.0000 1.0006  
        red_tint:core/if:not#4                              mgc_not_8                                                                                    0.0000 1.0006  
        red_tint:core/if:not#4.itm                                                                                                                       0.0000 1.0006  
        red_tint:core/if:conc#8                                                                                                                          0.0000 1.0006  
        red_tint:core/if:conc#9                                                                                                                          0.0000 1.0006  
        red_tint:core/slc(if:conc#9)                                                                                                                     0.0000 1.0006  
        red_tint:core/slc(if:conc#9).itm                                                                                                                 0.0000 1.0006  
        red_tint:core/conc#26                                                                                                                            0.0000 1.0006  
        red_tint:core/conc#26.itm                                                                                                                        0.0000 1.0006  
        red_tint:core/if:acc                                mgc_add_11_0_11_1_13                                                                         1.0435 2.0441  
        red_tint:core/if:acc.itm                                                                                                                         0.0000 2.0441  
        red_tint:core/if:slc#3                                                                                                                           0.0000 2.0441  
        red_tint:core/if:slc#3.itm                                                                                                                       0.0000 2.0441  
        red_tint:core/makepos#1:else:else:not               mgc_not_11                                                                                   0.0000 2.0441  
        red_tint:core/makepos#1:else:else:not.itm                                                                                                        0.0000 2.0441  
        red_tint:core/conc#30                                                                                                                            0.0000 2.0441  
        red_tint:core/conc#30.itm                                                                                                                        0.0000 2.0441  
        red_tint:core/makepos#1:else:else:acc               mgc_add_12_0_12_0_12                                                                         1.4343 3.4784  
        red_tint:core/makepos#1:else:else:acc.itm                                                                                                        0.0000 3.4784  
        red_tint:core/makepos#1:else:else:slc                                                                                                            0.0000 3.4784  
        red_tint:core/makepos#1:else:else:slc.itm                                                                                                        0.0000 3.4784  
        red_tint:core/makepos#1:else:else:if:not            mgc_not_1                                                                                    0.0000 3.4784  
        red_tint:core/makepos#1:else:else:if:not.itm                                                                                                     0.0000 3.4784  
        red_tint:core/makepos#1:else:else:exs                                                                                                            0.0000 3.4784  
        red_tint:core/makepos#1:else:else:exs.itm                                                                                                        0.0000 3.4784  
        red_tint:core/makepos#1:else:mux                    mgc_mux_10_1_2                                                                               0.3690 3.8473  
        red_tint:core/makepos#1:else:mux.itm                                                                                                             0.0000 3.8473  
        red_tint:core/and#2                                 mgc_and_10_3                                                                                 0.4161 4.2634  
        red_tint:core/and#2.itm                                                                                                                          0.0000 4.2634  
        red_tint:core/reg(video_out:rsc:mgc_out_stdreg.d)#2 mgc_reg_pos_10_1_0_0_0_1_1                                                                   0.0000 4.2634  
                                                                                                                                                                        
      6                                                     red_tint:core/mouse_xy:rsc:mgc_in_wire.d red_tint:core/reg(video_out:rsc:mgc_out_stdreg.d)#2 4.2634 15.7366 
                                                                                                                                                                        
        Instance                                            Component                                                                                    Delta  Delay   
        --------                                            ---------                                                                                    -----  -----   
        red_tint:core/mouse_xy:rsc:mgc_in_wire.d                                                                                                         0.0000 0.0000  
        red_tint:core/slc#7                                                                                                                              0.0000 0.0000  
        red_tint:core/slc#7.itm                                                                                                                          0.0000 0.0000  
        red_tint:core/conc#28                                                                                                                            0.0000 0.0000  
        red_tint:core/conc#28.itm                                                                                                                        0.0000 0.0000  
        red_tint:core/acc                                   mgc_add_8_0_8_1_9                                                                            1.0006 1.0006  
        red_tint:core/acc.itm                                                                                                                            0.0000 1.0006  
        red_tint:core/if:not#4                              mgc_not_8                                                                                    0.0000 1.0006  
        red_tint:core/if:not#4.itm                                                                                                                       0.0000 1.0006  
        red_tint:core/if:conc#8                                                                                                                          0.0000 1.0006  
        red_tint:core/if:conc#9                                                                                                                          0.0000 1.0006  
        red_tint:core/slc(if:conc#9)                                                                                                                     0.0000 1.0006  
        red_tint:core/slc(if:conc#9).itm                                                                                                                 0.0000 1.0006  
        red_tint:core/conc#26                                                                                                                            0.0000 1.0006  
        red_tint:core/conc#26.itm                                                                                                                        0.0000 1.0006  
        red_tint:core/if:acc                                mgc_add_11_0_11_1_13                                                                         1.0435 2.0441  
        red_tint:core/if:acc.itm                                                                                                                         0.0000 2.0441  
        red_tint:core/if:slc#3                                                                                                                           0.0000 2.0441  
        red_tint:core/if:slc#3.itm                                                                                                                       0.0000 2.0441  
        red_tint:core/makepos#1:else:else:not               mgc_not_11                                                                                   0.0000 2.0441  
        red_tint:core/makepos#1:else:else:not.itm                                                                                                        0.0000 2.0441  
        red_tint:core/conc#30                                                                                                                            0.0000 2.0441  
        red_tint:core/conc#30.itm                                                                                                                        0.0000 2.0441  
        red_tint:core/makepos#1:else:else:acc               mgc_add_12_0_12_0_12                                                                         1.4343 3.4784  
        red_tint:core/makepos#1:else:else:acc.itm                                                                                                        0.0000 3.4784  
        red_tint:core/makepos#1:else:else:slc                                                                                                            0.0000 3.4784  
        red_tint:core/makepos#1:else:else:slc.itm                                                                                                        0.0000 3.4784  
        red_tint:core/makepos#1:else:else:if:not            mgc_not_1                                                                                    0.0000 3.4784  
        red_tint:core/makepos#1:else:else:if:not.itm                                                                                                     0.0000 3.4784  
        red_tint:core/makepos#1:else:else:exs                                                                                                            0.0000 3.4784  
        red_tint:core/makepos#1:else:else:exs.itm                                                                                                        0.0000 3.4784  
        red_tint:core/makepos#1:else:mux                    mgc_mux_10_1_2                                                                               0.3690 3.8473  
        red_tint:core/makepos#1:else:mux.itm                                                                                                             0.0000 3.8473  
        red_tint:core/and#2                                 mgc_and_10_3                                                                                 0.4161 4.2634  
        red_tint:core/and#2.itm                                                                                                                          0.0000 4.2634  
        red_tint:core/reg(video_out:rsc:mgc_out_stdreg.d)#2 mgc_reg_pos_10_1_0_0_0_1_1                                                                   0.0000 4.2634  
                                                                                                                                                                        
      7                                                     red_tint:core/mouse_xy:rsc:mgc_in_wire.d red_tint:core/reg(video_out:rsc:mgc_out_stdreg.d)#1 4.1987 15.8013 
                                                                                                                                                                        
        Instance                                            Component                                                                                    Delta  Delay   
        --------                                            ---------                                                                                    -----  -----   
        red_tint:core/mouse_xy:rsc:mgc_in_wire.d                                                                                                         0.0000 0.0000  
        red_tint:core/slc#6                                                                                                                              0.0000 0.0000  
        red_tint:core/slc#6.itm                                                                                                                          0.0000 0.0000  
        red_tint:core/acc                                   mgc_add_8_0_8_1_9                                                                            1.0006 1.0006  
        red_tint:core/acc.itm                                                                                                                            0.0000 1.0006  
        red_tint:core/if:not#4                              mgc_not_8                                                                                    0.0000 1.0006  
        red_tint:core/if:not#4.itm                                                                                                                       0.0000 1.0006  
        red_tint:core/if:conc#8                                                                                                                          0.0000 1.0006  
        red_tint:core/if:conc#9                                                                                                                          0.0000 1.0006  
        red_tint:core/slc(if:conc#9)#1                                                                                                                   0.0000 1.0006  
        red_tint:core/slc(if:conc#9)#1.itm                                                                                                               0.0000 1.0006  
        red_tint:core/conc#24                                                                                                                            0.0000 1.0006  
        red_tint:core/conc#24.itm                                                                                                                        0.0000 1.0006  
        red_tint:core/if:acc#2                              mgc_add_11_0_11_1_13                                                                         1.0435 2.0441  
        red_tint:core/if:acc#2.itm                                                                                                                       0.0000 2.0441  
        red_tint:core/if:slc#7                                                                                                                           0.0000 2.0441  
        red_tint:core/if:slc#7.itm                                                                                                                       0.0000 2.0441  
        red_tint:core/makepos:else:if:acc                   mgc_add_8_0_8_1_9                                                                            1.0006 3.0447  
        red_tint:core/exs                                                                                                                                0.0000 3.0447  
        red_tint:core/makepos:else:if:acc.itm                                                                                                            0.0000 3.0447  
        red_tint:core/makepos:else:slc                                                                                                                   0.0000 3.0447  
        red_tint:core/makepos:else:slc.svs:mx0w0                                                                                                         0.0000 3.0447  
        red_tint:core/mux                                   mgc_mux_1_1_2                                                                                0.3690 3.4137  
        red_tint:core/mux.itm                                                                                                                            0.0000 3.4137  
        red_tint:core/makepos:else:mux                      mgc_mux_10_1_2                                                                               0.3690 3.7827  
        red_tint:core/makepos:else:mux.itm                                                                                                               0.0000 3.7827  
        red_tint:core/and#1                                 mgc_and_10_3                                                                                 0.4161 4.1987  
        red_tint:core/and#1.itm                                                                                                                          0.0000 4.1987  
        red_tint:core/reg(video_out:rsc:mgc_out_stdreg.d)#1 mgc_reg_pos_10_1_0_0_0_1_1                                                                   0.0000 4.1987  
                                                                                                                                                                        
      8                                                     red_tint:core/mouse_xy:rsc:mgc_in_wire.d red_tint:core/reg(video_out:rsc:mgc_out_stdreg.d)#2 4.1987 15.8013 
                                                                                                                                                                        
        Instance                                            Component                                                                                    Delta  Delay   
        --------                                            ---------                                                                                    -----  -----   
        red_tint:core/mouse_xy:rsc:mgc_in_wire.d                                                                                                         0.0000 0.0000  
        red_tint:core/slc#6                                                                                                                              0.0000 0.0000  
        red_tint:core/slc#6.itm                                                                                                                          0.0000 0.0000  
        red_tint:core/acc                                   mgc_add_8_0_8_1_9                                                                            1.0006 1.0006  
        red_tint:core/acc.itm                                                                                                                            0.0000 1.0006  
        red_tint:core/if:not#4                              mgc_not_8                                                                                    0.0000 1.0006  
        red_tint:core/if:not#4.itm                                                                                                                       0.0000 1.0006  
        red_tint:core/if:conc#8                                                                                                                          0.0000 1.0006  
        red_tint:core/if:conc#9                                                                                                                          0.0000 1.0006  
        red_tint:core/slc(if:conc#9)                                                                                                                     0.0000 1.0006  
        red_tint:core/slc(if:conc#9).itm                                                                                                                 0.0000 1.0006  
        red_tint:core/conc#26                                                                                                                            0.0000 1.0006  
        red_tint:core/conc#26.itm                                                                                                                        0.0000 1.0006  
        red_tint:core/if:acc                                mgc_add_11_0_11_1_13                                                                         1.0435 2.0441  
        red_tint:core/if:acc.itm                                                                                                                         0.0000 2.0441  
        red_tint:core/if:slc#4                                                                                                                           0.0000 2.0441  
        red_tint:core/if:slc#4.itm                                                                                                                       0.0000 2.0441  
        red_tint:core/makepos#1:else:if:acc                 mgc_add_8_0_8_1_9                                                                            1.0006 3.0447  
        red_tint:core/exs#7                                                                                                                              0.0000 3.0447  
        red_tint:core/makepos#1:else:if:acc.itm                                                                                                          0.0000 3.0447  
        red_tint:core/makepos#1:else:slc                                                                                                                 0.0000 3.0447  
        red_tint:core/makepos#1:else:slc.svs:mx0w0                                                                                                       0.0000 3.0447  
        red_tint:core/mux#2                                 mgc_mux_1_1_2                                                                                0.3690 3.4137  
        red_tint:core/mux#2.itm                                                                                                                          0.0000 3.4137  
        red_tint:core/makepos#1:else:mux                    mgc_mux_10_1_2                                                                               0.3690 3.7827  
        red_tint:core/makepos#1:else:mux.itm                                                                                                             0.0000 3.7827  
        red_tint:core/and#2                                 mgc_and_10_3                                                                                 0.4161 4.1987  
        red_tint:core/and#2.itm                                                                                                                          0.0000 4.1987  
        red_tint:core/reg(video_out:rsc:mgc_out_stdreg.d)#2 mgc_reg_pos_10_1_0_0_0_1_1                                                                   0.0000 4.1987  
                                                                                                                                                                        
      9                                                     red_tint:core/mouse_xy:rsc:mgc_in_wire.d red_tint:core/reg(video_out:rsc:mgc_out_stdreg.d)#2 4.1987 15.8013 
                                                                                                                                                                        
        Instance                                            Component                                                                                    Delta  Delay   
        --------                                            ---------                                                                                    -----  -----   
        red_tint:core/mouse_xy:rsc:mgc_in_wire.d                                                                                                         0.0000 0.0000  
        red_tint:core/slc#7                                                                                                                              0.0000 0.0000  
        red_tint:core/slc#7.itm                                                                                                                          0.0000 0.0000  
        red_tint:core/conc#28                                                                                                                            0.0000 0.0000  
        red_tint:core/conc#28.itm                                                                                                                        0.0000 0.0000  
        red_tint:core/acc                                   mgc_add_8_0_8_1_9                                                                            1.0006 1.0006  
        red_tint:core/acc.itm                                                                                                                            0.0000 1.0006  
        red_tint:core/if:not#4                              mgc_not_8                                                                                    0.0000 1.0006  
        red_tint:core/if:not#4.itm                                                                                                                       0.0000 1.0006  
        red_tint:core/if:conc#8                                                                                                                          0.0000 1.0006  
        red_tint:core/if:conc#9                                                                                                                          0.0000 1.0006  
        red_tint:core/slc(if:conc#9)                                                                                                                     0.0000 1.0006  
        red_tint:core/slc(if:conc#9).itm                                                                                                                 0.0000 1.0006  
        red_tint:core/conc#26                                                                                                                            0.0000 1.0006  
        red_tint:core/conc#26.itm                                                                                                                        0.0000 1.0006  
        red_tint:core/if:acc                                mgc_add_11_0_11_1_13                                                                         1.0435 2.0441  
        red_tint:core/if:acc.itm                                                                                                                         0.0000 2.0441  
        red_tint:core/if:slc#4                                                                                                                           0.0000 2.0441  
        red_tint:core/if:slc#4.itm                                                                                                                       0.0000 2.0441  
        red_tint:core/makepos#1:else:if:acc                 mgc_add_8_0_8_1_9                                                                            1.0006 3.0447  
        red_tint:core/exs#7                                                                                                                              0.0000 3.0447  
        red_tint:core/makepos#1:else:if:acc.itm                                                                                                          0.0000 3.0447  
        red_tint:core/makepos#1:else:slc                                                                                                                 0.0000 3.0447  
        red_tint:core/makepos#1:else:slc.svs:mx0w0                                                                                                       0.0000 3.0447  
        red_tint:core/mux#2                                 mgc_mux_1_1_2                                                                                0.3690 3.4137  
        red_tint:core/mux#2.itm                                                                                                                          0.0000 3.4137  
        red_tint:core/makepos#1:else:mux                    mgc_mux_10_1_2                                                                               0.3690 3.7827  
        red_tint:core/makepos#1:else:mux.itm                                                                                                             0.0000 3.7827  
        red_tint:core/and#2                                 mgc_and_10_3                                                                                 0.4161 4.1987  
        red_tint:core/and#2.itm                                                                                                                          0.0000 4.1987  
        red_tint:core/reg(video_out:rsc:mgc_out_stdreg.d)#2 mgc_reg_pos_10_1_0_0_0_1_1                                                                   0.0000 4.1987  
                                                                                                                                                                        
      10                                                    red_tint:core/mouse_xy:rsc:mgc_in_wire.d red_tint:core/reg(makepos#1:else:slc.svs)           3.9946 16.0054 
                                                                                                                                                                        
        Instance                                            Component                                                                                    Delta  Delay   
        --------                                            ---------                                                                                    -----  -----   
        red_tint:core/mouse_xy:rsc:mgc_in_wire.d                                                                                                         0.0000 0.0000  
        red_tint:core/slc#6                                                                                                                              0.0000 0.0000  
        red_tint:core/slc#6.itm                                                                                                                          0.0000 0.0000  
        red_tint:core/acc                                   mgc_add_8_0_8_1_9                                                                            1.0006 1.0006  
        red_tint:core/acc.itm                                                                                                                            0.0000 1.0006  
        red_tint:core/if:not#4                              mgc_not_8                                                                                    0.0000 1.0006  
        red_tint:core/if:not#4.itm                                                                                                                       0.0000 1.0006  
        red_tint:core/if:conc#8                                                                                                                          0.0000 1.0006  
        red_tint:core/if:conc#9                                                                                                                          0.0000 1.0006  
        red_tint:core/slc(if:conc#9)                                                                                                                     0.0000 1.0006  
        red_tint:core/slc(if:conc#9).itm                                                                                                                 0.0000 1.0006  
        red_tint:core/conc#26                                                                                                                            0.0000 1.0006  
        red_tint:core/conc#26.itm                                                                                                                        0.0000 1.0006  
        red_tint:core/if:acc                                mgc_add_11_0_11_1_13                                                                         1.0435 2.0441  
        red_tint:core/if:acc.itm                                                                                                                         0.0000 2.0441  
        red_tint:core/if:slc#1                                                                                                                           0.0000 2.0441  
        red_tint:core/if:slc#1.itm                                                                                                                       0.0000 2.0441  
        red_tint:core/makepos#1:if:acc                      mgc_add_10_0_4_1_10                                                                          1.3137 3.3577  
        red_tint:core/makepos#1:if:acc.itm                                                                                                               0.0000 3.3577  
        red_tint:core/makepos#1:slc#1                                                                                                                    0.0000 3.3577  
        red_tint:core/makepos#1:slc#1.itm                                                                                                                0.0000 3.3577  
        red_tint:core/or#1                                  mgc_or_1_2                                                                                   0.2679 3.6256  
        red_tint:core/or#1.itm                                                                                                                           0.0000 3.6256  
        red_tint:core/mux#3                                 mgc_mux_1_1_2                                                                                0.3690 3.9946  
        red_tint:core/mux#3.itm                                                                                                                          0.0000 3.9946  
        red_tint:core/reg(makepos#1:else:slc.svs)           mgc_reg_pos_1_1_0_0_0_1_1                                                                    0.0000 3.9946  
                                                                                                                                                                        
      
    Register Input and Register-to-Output Slack
      Clock period or pin-to-reg delay constraint (clk): 20.0
      Clock uncertainty constraint (clk)               : 0.0
      
      Instance                                            Port              Slack (Delay) Messages 
      --------------------------------------------------- --------------- ------- ------- --------
      red_tint:core/reg(makepos:else:slc.svs)             mux#1.itm       16.0054  3.9946          
      red_tint:core/reg(makepos#1:else:slc.svs)           mux#3.itm       16.0054  3.9946          
      red_tint:core/reg(video_out:rsc:mgc_out_stdreg.d)   and.itm         18.6940  1.3060          
      red_tint:core/reg(video_out:rsc:mgc_out_stdreg.d)#1 and#1.itm       15.4882  4.5118          
      red_tint:core/reg(video_out:rsc:mgc_out_stdreg.d)#2 and#2.itm       15.4882  4.5118          
      red_tint                                            video_out:rsc.z 20.0000  0.0000          
      
  Operator Bitwidth Summary
    Operation  Size (bits) Count 
    ---------- ----------- -----
    add                          
    -                   13     3 
    -                   12     2 
    -                   10     2 
    -                    9     3 
    and                          
    -                    3     2 
    -                    2     1 
    mux                          
    -                    1     6 
    not                          
    -                   11     2 
    -                   10     1 
    -                    8     1 
    -                    1     7 
    or                           
    -                    2     2 
    read_port                    
    -                   30     1 
    -                   20     1 
    reg                          
    -                   10     3 
    -                    1     2 
    write_port                   
    -                   30     1 
    
  End of Report
