//  Catapult University Version 2011a.126 (Production Release) Wed Aug  8 00:52:07 PDT 2012
//  
//  Copyright (c) Calypto Design Systems, Inc., 1996-2012, All Rights Reserved.
//                       UNPUBLISHED, LICENSED SOFTWARE.
//            CONFIDENTIAL AND PROPRIETARY INFORMATION WHICH IS THE
//          PROPERTY OF CALYPTO DESIGN SYSTEMS OR ITS LICENSORS
//  
//  Running on Windows 7 rbw14@EEWS104A-013 Service Pack 1 6.01.7601 i686
//  
//  Package information: SIFLIBS v17.0_1.1, HLS_PKGS v17.0_1.1, 
//                       DesignPad v2.78_0.0
//  
//  This version may only be used for academic purposes.  Some optimizations 
//  are disabled, so results obtained from this version may be sub-optimal.
//  
//  Start time Wed May 06 14:38:44 2015
# -------------------------------------------------
# Logging session transcript to file "C:\Users\rbw14\AppData\Local\Temp\log620824b16b8.0"
# Loading options from registry.
# Opening Catapult University Version "Loop Merging *" in PDF Viewer...
set_working_dir C:/fpga-catapult-c-spring/sharpen1
project new -name Sharpen2
solution file add ../edge_detect_c/sharpen.c
# /INPUTFILES/1
solution file add ../edge_detect_c/shift_class.h
# /INPUTFILES/2
solution file add ../edge_detect_c/edge.h
# /INPUTFILES/3
# File 'C:/fpga-catapult-c-spring/edge_detect_c/sharpen.c' saved
go analyze
# Creating project directory 'C:\fpga-catapult-c-spring\sharpen1\Sharpen2'. (PRJ-1)
# Moving session transcript to file "C:\fpga-catapult-c-spring\sharpen1\catapult.log"
# Info: Starting transformation 'analyze' on solution 'solution.v1' (SOL-8)
# Front End called with arguments: -- {C:\fpga-catapult-c-spring\edge_detect_c\edge.h} {C:\fpga-catapult-c-spring\edge_detect_c\shift_class.h} {C:\fpga-catapult-c-spring\edge_detect_c\sharpen.c} (CIN-69)
# Edison Design Group C++/C Front End - Version 3.10.1 (CIN-1)
# Error: $PROJECT_HOME/../edge_detect_c/sharpen.c(94): $PROJECT_HOME/../edge_detect_c/sharpen.c(94): identifier "avg_temp" is undefined (CRD-20)
# Warning:           detected during compilation of secondary translation unit "C:\fpga-catapult-c-spring\edge_detect_c\sharpen.c"
# Error: Compilation aborted (CIN-5)
# Error: go analyze: Failed analyze
# File '$PROJECT_HOME/../edge_detect_c/sharpen.c' saved
go analyze
# Info: Starting transformation 'analyze' on solution 'solution.v1' (SOL-8)
# Front End called with arguments: -- {C:\fpga-catapult-c-spring\edge_detect_c\edge.h} {C:\fpga-catapult-c-spring\edge_detect_c\shift_class.h} {C:\fpga-catapult-c-spring\edge_detect_c\sharpen.c} (CIN-69)
# Edison Design Group C++/C Front End - Version 3.10.1 (CIN-1)
# Error: $PROJECT_HOME/../edge_detect_c/sharpen.c(91): $PROJECT_HOME/../edge_detect_c/sharpen.c(91): identifier "avg_temp" is undefined (CRD-20)
# Warning:           detected during compilation of secondary translation unit "C:\fpga-catapult-c-spring\edge_detect_c\sharpen.c"
# Error: Compilation aborted (CIN-5)
# Error: go analyze: Failed analyze
# File '$PROJECT_HOME/../edge_detect_c/sharpen.c' saved
go analyze
# Info: Starting transformation 'analyze' on solution 'solution.v1' (SOL-8)
# Front End called with arguments: -- {C:\fpga-catapult-c-spring\edge_detect_c\edge.h} {C:\fpga-catapult-c-spring\edge_detect_c\shift_class.h} {C:\fpga-catapult-c-spring\edge_detect_c\sharpen.c} (CIN-69)
# Edison Design Group C++/C Front End - Version 3.10.1 (CIN-1)
# Error: $PROJECT_HOME/../edge_detect_c/sharpen.c(91): $PROJECT_HOME/../edge_detect_c/sharpen.c(91): identifier "avg_temp" is undefined (CRD-20)
# Warning:           detected during compilation of secondary translation unit "C:\fpga-catapult-c-spring\edge_detect_c\sharpen.c"
# Error: Compilation aborted (CIN-5)
# Error: go analyze: Failed analyze
# File '$PROJECT_HOME/../edge_detect_c/sharpen.c' saved
go analyze
# Info: Starting transformation 'analyze' on solution 'solution.v1' (SOL-8)
# Front End called with arguments: -- {C:\fpga-catapult-c-spring\edge_detect_c\edge.h} {C:\fpga-catapult-c-spring\edge_detect_c\shift_class.h} {C:\fpga-catapult-c-spring\edge_detect_c\sharpen.c} (CIN-69)
# Edison Design Group C++/C Front End - Version 3.10.1 (CIN-1)
# $PROJECT_HOME/../edge_detect_c/sharpen.c(49): Pragma 'hls_design<top>' detected on routine 'sharpen' (CIN-6)
# Source file analysis completed (CIN-68)
# Info: Completed transformation 'analyze' on solution 'solution.v1': elapsed time 1.92 seconds, memory usage 151656kB, peak memory usage 222320kB (SOL-9)
directive set -TECHLIBS {{Altera_accel_CycloneIII.lib Altera_accel_CycloneIII} {mgc_Altera-Cyclone-III-6_beh_psr.lib {{mgc_Altera-Cyclone-III-6_beh_psr part EP3C16F484C}}}}
# /TECHLIBS {{Altera_accel_CycloneIII.lib Altera_accel_CycloneIII} {mgc_Altera-Cyclone-III-6_beh_psr.lib {{mgc_Altera-Cyclone-III-6_beh_psr part EP3C16F484C}}}}
directive set -CLOCKS {clk {-CLOCK_PERIOD 20.0 -CLOCK_EDGE rising -CLOCK_HIGH_TIME 10.00 -CLOCK_OFFSET 0.000000 -CLOCK_UNCERTAINTY 0.0 -RESET_KIND sync -RESET_SYNC_NAME rst -RESET_SYNC_ACTIVE high -RESET_ASYNC_NAME arst_n -RESET_ASYNC_ACTIVE low -ENABLE_NAME {} -ENABLE_ACTIVE high}}
# /CLOCKS {clk {-CLOCK_PERIOD 20.0 -CLOCK_EDGE rising -CLOCK_UNCERTAINTY 0.0 -CLOCK_HIGH_TIME 10.0 -RESET_SYNC_NAME rst -RESET_ASYNC_NAME arst_n -RESET_KIND sync -RESET_SYNC_ACTIVE high -RESET_ASYNC_ACTIVE low -ENABLE_NAME {} -ENABLE_ACTIVE high}}
go compile
# Info: Starting transformation 'compile' on solution 'solution.v1' (SOL-8)
# Reading component library '$MGC_HOME\pkgs\siflibs\mgc_busdefs.lib' [mgc_busdefs]... (LIB-49)
# Reading component library '$MGC_HOME\pkgs\siflibs\stdops.lib' [STDOPS]... (LIB-49)
# Reading component library '$MGC_HOME\pkgs\siflibs\mgc_ioport.lib' [mgc_ioport]... (LIB-49)
# Reading component library '$MGC_HOME\pkgs\ccs_altera\Altera_accel_CycloneIII.lib' [Altera_accel_CycloneIII]... (LIB-49)
# Reading component library '$MGC_HOME\pkgs\siflibs\psr2010a_up2\mgc_Altera-Cyclone-III-6_beh_psr.lib' [mgc_Altera-Cyclone-III-6_beh_psr]... (LIB-49)
# Generating synthesis internal form... (CIN-3)
# $PROJECT_HOME/../edge_detect_c/sharpen.c(50): Found top design routine 'sharpen' specified by directive (CIN-52)
# $PROJECT_HOME/../edge_detect_c/sharpen.c(50): Synthesizing routine 'sharpen' (CIN-13)
# $PROJECT_HOME/../edge_detect_c/sharpen.c(50): Inlining routine 'sharpen' (CIN-14)
# $PROJECT_HOME/../edge_detect_c/shift_class.h(13): Inlining member function 'shift_class<ac_int<90, false>, 3>::shift_class' on object 'regs' (CIN-64)
# $PROJECT_HOME/../edge_detect_c/shift_class.h(32): Inlining member function 'shift_class<ac_int<90, false>, 3>::operator<<' on object 'regs' (CIN-64)
# $PROJECT_HOME/../edge_detect_c/shift_class.h(48): Inlining member function 'shift_class<ac_int<90, false>, 3>::operator[]' on object 'regs' (CIN-64)
# $PROJECT_HOME/../edge_detect_c/shift_class.h(48): Inlining member function 'shift_class<ac_int<90, false>, 3>::operator[]' on object 'regs' (CIN-64)
# $PROJECT_HOME/../edge_detect_c/shift_class.h(48): Inlining member function 'shift_class<ac_int<90, false>, 3>::operator[]' on object 'regs' (CIN-64)
# $PROJECT_HOME/../edge_detect_c/sharpen.c(112): Inlining routine 'AbsAndMax' (CIN-14)
# $PROJECT_HOME/../edge_detect_c/sharpen.c(50): Optimizing block '/sharpen' ... (CIN-4)
# $PROJECT_HOME/../edge_detect_c/sharpen.c(50): Inout port 'vin' is only used as an input. (OPT-10)
# $PROJECT_HOME/../edge_detect_c/sharpen.c(50): Inout port 'vout' is only used as an output. (OPT-11)
# Info: Optimizing partition '/sharpen': (Total ops = 259, Real ops = 68, Vars = 66) (SOL-10)
# Info: Optimizing partition '/sharpen/core': (Total ops = 259, Real ops = 68, Vars = 64) (SOL-10)
# Info: Optimizing partition '/sharpen/core': (Total ops = 251, Real ops = 64, Vars = 65) (SOL-10)
# Info: Optimizing partition '/sharpen': (Total ops = 251, Real ops = 64, Vars = 67) (SOL-10)
# Info: Optimizing partition '/sharpen': (Total ops = 251, Real ops = 64, Vars = 67) (SOL-10)
# Info: Optimizing partition '/sharpen/core': (Total ops = 251, Real ops = 64, Vars = 65) (SOL-10)
# Info: Optimizing partition '/sharpen/core': (Total ops = 215, Real ops = 61, Vars = 48) (SOL-10)
# Info: Optimizing partition '/sharpen/core': (Total ops = 204, Real ops = 61, Vars = 47) (SOL-10)
# Info: Optimizing partition '/sharpen/core': (Total ops = 204, Real ops = 61, Vars = 47) (SOL-10)
# Info: Optimizing partition '/sharpen': (Total ops = 204, Real ops = 61, Vars = 49) (SOL-10)
# Info: Optimizing partition '/sharpen': (Total ops = 204, Real ops = 61, Vars = 49) (SOL-10)
# Info: Optimizing partition '/sharpen/core': (Total ops = 204, Real ops = 61, Vars = 60) (SOL-10)
# Info: Optimizing partition '/sharpen/core': (Total ops = 257, Real ops = 57, Vars = 16) (SOL-10)
# Info: Optimizing partition '/sharpen': (Total ops = 257, Real ops = 57, Vars = 18) (SOL-10)
# Info: Optimizing partition '/sharpen/core': (Total ops = 257, Real ops = 57, Vars = 19) (SOL-10)
# Info: Optimizing partition '/sharpen/core': (Total ops = 257, Real ops = 57, Vars = 16) (SOL-10)
# Info: Optimizing partition '/sharpen': (Total ops = 257, Real ops = 57, Vars = 18) (SOL-10)
# Info: Optimizing partition '/sharpen/core': (Total ops = 257, Real ops = 57, Vars = 16) (SOL-10)
# Info: Optimizing partition '/sharpen': (Total ops = 257, Real ops = 57, Vars = 18) (SOL-10)
# Info: Optimizing partition '/sharpen': (Total ops = 257, Real ops = 57, Vars = 18) (SOL-10)
# Info: Optimizing partition '/sharpen/core': (Total ops = 257, Real ops = 57, Vars = 16) (SOL-10)
# $PROJECT_HOME/../edge_detect_c/shift_class.h(34): Loop '/sharpen/core/SHIFT' iterated at most 3 times. (LOOP-2)
# $PROJECT_HOME/../edge_detect_c/sharpen.c(78): Loop '/sharpen/core/ACC_GX:for' iterated at most 3 times. (LOOP-2)
# $PROJECT_HOME/../edge_detect_c/sharpen.c(77): Loop '/sharpen/core/ACC_GX' iterated at most 3 times. (LOOP-2)
# $PROJECT_HOME/../edge_detect_c/sharpen.c(65): Loop '/sharpen/core/FRAME' iterated at most 1 times. (LOOP-2)
# Info: Optimizing partition '/sharpen/core': (Total ops = 247, Real ops = 53, Vars = 17) (SOL-10)
# Info: Optimizing partition '/sharpen/core': (Total ops = 219, Real ops = 50, Vars = 17) (SOL-10)
# Info: Optimizing partition '/sharpen': (Total ops = 219, Real ops = 50, Vars = 19) (SOL-10)
# Info: Optimizing partition '/sharpen/core': (Total ops = 217, Real ops = 50, Vars = 20) (SOL-10)
# Info: Optimizing partition '/sharpen/core': (Total ops = 214, Real ops = 50, Vars = 17) (SOL-10)
# Info: Optimizing partition '/sharpen': (Total ops = 214, Real ops = 50, Vars = 19) (SOL-10)
# Info: Optimizing partition '/sharpen/core': (Total ops = 214, Real ops = 50, Vars = 17) (SOL-10)
# Info: Optimizing partition '/sharpen': (Total ops = 214, Real ops = 50, Vars = 19) (SOL-10)
# Design 'sharpen' was read (SOL-1)
# Info: Completed transformation 'compile' on solution 'sharpen.v1': elapsed time 1.39 seconds, memory usage 161216kB, peak memory usage 222320kB (SOL-9)
go analyze
directive set -DESIGN_HIERARCHY sharpen
# Info: Branching solution 'solution.v1' at state 'analyze' (PRJ-2)
# /DESIGN_HIERARCHY sharpen
directive set -CLOCKS {clk {-CLOCK_PERIOD 20.0 -CLOCK_EDGE rising -CLOCK_HIGH_TIME 10.0 -CLOCK_OFFSET 0.000000 -CLOCK_UNCERTAINTY 0.0 -RESET_KIND async -RESET_SYNC_NAME rst -RESET_SYNC_ACTIVE high -RESET_ASYNC_NAME arst_n -RESET_ASYNC_ACTIVE low -ENABLE_NAME en -ENABLE_ACTIVE high}}
# /CLOCKS {clk {-CLOCK_PERIOD 20.0 -CLOCK_EDGE rising -CLOCK_UNCERTAINTY 0.0 -CLOCK_HIGH_TIME 10.0 -RESET_SYNC_NAME rst -RESET_ASYNC_NAME arst_n -RESET_KIND async -RESET_SYNC_ACTIVE high -RESET_ASYNC_ACTIVE low -ENABLE_NAME en -ENABLE_ACTIVE high}}
go compile
# Info: Starting transformation 'compile' on solution 'solution.v1' (SOL-8)
# Generating synthesis internal form... (CIN-3)
# $PROJECT_HOME/../edge_detect_c/sharpen.c(50): Found top design routine 'sharpen' specified by directive (CIN-52)
# $PROJECT_HOME/../edge_detect_c/sharpen.c(50): Synthesizing routine 'sharpen' (CIN-13)
# $PROJECT_HOME/../edge_detect_c/sharpen.c(50): Inlining routine 'sharpen' (CIN-14)
# $PROJECT_HOME/../edge_detect_c/shift_class.h(13): Inlining member function 'shift_class<ac_int<90, false>, 3>::shift_class' on object 'regs' (CIN-64)
# $PROJECT_HOME/../edge_detect_c/shift_class.h(32): Inlining member function 'shift_class<ac_int<90, false>, 3>::operator<<' on object 'regs' (CIN-64)
# $PROJECT_HOME/../edge_detect_c/shift_class.h(48): Inlining member function 'shift_class<ac_int<90, false>, 3>::operator[]' on object 'regs' (CIN-64)
# $PROJECT_HOME/../edge_detect_c/shift_class.h(48): Inlining member function 'shift_class<ac_int<90, false>, 3>::operator[]' on object 'regs' (CIN-64)
# $PROJECT_HOME/../edge_detect_c/shift_class.h(48): Inlining member function 'shift_class<ac_int<90, false>, 3>::operator[]' on object 'regs' (CIN-64)
# $PROJECT_HOME/../edge_detect_c/sharpen.c(112): Inlining routine 'AbsAndMax' (CIN-14)
# $PROJECT_HOME/../edge_detect_c/sharpen.c(50): Optimizing block '/sharpen' ... (CIN-4)
# $PROJECT_HOME/../edge_detect_c/sharpen.c(50): Inout port 'vin' is only used as an input. (OPT-10)
# $PROJECT_HOME/../edge_detect_c/sharpen.c(50): Inout port 'vout' is only used as an output. (OPT-11)
# Info: Optimizing partition '/sharpen': (Total ops = 259, Real ops = 68, Vars = 66) (SOL-10)
# Info: Optimizing partition '/sharpen/core': (Total ops = 259, Real ops = 68, Vars = 64) (SOL-10)
# Info: Optimizing partition '/sharpen/core': (Total ops = 251, Real ops = 64, Vars = 65) (SOL-10)
# Info: Optimizing partition '/sharpen': (Total ops = 251, Real ops = 64, Vars = 67) (SOL-10)
# Info: Optimizing partition '/sharpen': (Total ops = 251, Real ops = 64, Vars = 67) (SOL-10)
# Info: Optimizing partition '/sharpen/core': (Total ops = 251, Real ops = 64, Vars = 65) (SOL-10)
# Info: Optimizing partition '/sharpen/core': (Total ops = 215, Real ops = 61, Vars = 48) (SOL-10)
# Info: Optimizing partition '/sharpen/core': (Total ops = 204, Real ops = 61, Vars = 47) (SOL-10)
# Info: Optimizing partition '/sharpen/core': (Total ops = 204, Real ops = 61, Vars = 47) (SOL-10)
# Info: Optimizing partition '/sharpen': (Total ops = 204, Real ops = 61, Vars = 49) (SOL-10)
# Info: Optimizing partition '/sharpen': (Total ops = 204, Real ops = 61, Vars = 49) (SOL-10)
# Info: Optimizing partition '/sharpen/core': (Total ops = 204, Real ops = 61, Vars = 60) (SOL-10)
# Info: Optimizing partition '/sharpen/core': (Total ops = 257, Real ops = 57, Vars = 16) (SOL-10)
# Info: Optimizing partition '/sharpen': (Total ops = 257, Real ops = 57, Vars = 18) (SOL-10)
# Info: Optimizing partition '/sharpen/core': (Total ops = 257, Real ops = 57, Vars = 19) (SOL-10)
# Info: Optimizing partition '/sharpen/core': (Total ops = 257, Real ops = 57, Vars = 16) (SOL-10)
# Info: Optimizing partition '/sharpen': (Total ops = 257, Real ops = 57, Vars = 18) (SOL-10)
# Info: Optimizing partition '/sharpen/core': (Total ops = 257, Real ops = 57, Vars = 16) (SOL-10)
# Info: Optimizing partition '/sharpen': (Total ops = 257, Real ops = 57, Vars = 18) (SOL-10)
# Info: Optimizing partition '/sharpen': (Total ops = 257, Real ops = 57, Vars = 18) (SOL-10)
# Info: Optimizing partition '/sharpen/core': (Total ops = 257, Real ops = 57, Vars = 16) (SOL-10)
# $PROJECT_HOME/../edge_detect_c/shift_class.h(34): Loop '/sharpen/core/SHIFT' iterated at most 3 times. (LOOP-2)
# $PROJECT_HOME/../edge_detect_c/sharpen.c(78): Loop '/sharpen/core/ACC_GX:for' iterated at most 3 times. (LOOP-2)
# $PROJECT_HOME/../edge_detect_c/sharpen.c(77): Loop '/sharpen/core/ACC_GX' iterated at most 3 times. (LOOP-2)
# $PROJECT_HOME/../edge_detect_c/sharpen.c(65): Loop '/sharpen/core/FRAME' iterated at most 1 times. (LOOP-2)
# Info: Optimizing partition '/sharpen/core': (Total ops = 247, Real ops = 53, Vars = 17) (SOL-10)
# Info: Optimizing partition '/sharpen/core': (Total ops = 219, Real ops = 50, Vars = 17) (SOL-10)
# Info: Optimizing partition '/sharpen': (Total ops = 219, Real ops = 50, Vars = 19) (SOL-10)
# Info: Optimizing partition '/sharpen/core': (Total ops = 217, Real ops = 50, Vars = 20) (SOL-10)
# Info: Optimizing partition '/sharpen/core': (Total ops = 214, Real ops = 50, Vars = 17) (SOL-10)
# Info: Optimizing partition '/sharpen': (Total ops = 214, Real ops = 50, Vars = 19) (SOL-10)
# Info: Optimizing partition '/sharpen/core': (Total ops = 214, Real ops = 50, Vars = 17) (SOL-10)
# Info: Optimizing partition '/sharpen': (Total ops = 214, Real ops = 50, Vars = 19) (SOL-10)
# Design 'sharpen' was read (SOL-1)
# Info: Completed transformation 'compile' on solution 'sharpen.v2': elapsed time 1.39 seconds, memory usage 163756kB, peak memory usage 222320kB (SOL-9)
directive set /sharpen/core/main -PIPELINE_INIT_INTERVAL 1
# /sharpen/core/main/PIPELINE_INIT_INTERVAL 1
directive set /sharpen/core/main -DISTRIBUTED_PIPELINE true
# /sharpen/core/main/DISTRIBUTED_PIPELINE true
go allocate
# Info: Starting transformation 'architect' on solution 'sharpen.v2' (SOL-8)
# $PROJECT_HOME/../edge_detect_c/shift_class.h(34): Loop '/sharpen/core/SHIFT' is left rolled. (LOOP-4)
# $PROJECT_HOME/../edge_detect_c/sharpen.c(78): Loop '/sharpen/core/ACC_GX:for' is left rolled. (LOOP-4)
# $PROJECT_HOME/../edge_detect_c/sharpen.c(77): Loop '/sharpen/core/ACC_GX' is left rolled. (LOOP-4)
# $PROJECT_HOME/../edge_detect_c/sharpen.c(50): Loop '/sharpen/core/main' is left rolled. (LOOP-4)
# $PROJECT_HOME/../edge_detect_c/sharpen.c(50): I/O-Port inferred - resource 'vin:rsc' (from var: vin) mapped to 'mgc_ioport.mgc_in_wire' (size: 90). (MEM-2)
# $PROJECT_HOME/../edge_detect_c/sharpen.c(50): I/O-Port inferred - resource 'vout:rsc' (from var: vout) mapped to 'mgc_ioport.mgc_out_stdreg' (size: 30). (MEM-2)
# Info: Optimizing partition '/sharpen': (Total ops = 217, Real ops = 51, Vars = 22) (SOL-10)
# Info: Optimizing partition '/sharpen/core': (Total ops = 217, Real ops = 51, Vars = 17) (SOL-10)
# Info: Optimizing partition '/sharpen/core': (Total ops = 216, Real ops = 51, Vars = 17) (SOL-10)
# Info: Optimizing partition '/sharpen': (Total ops = 216, Real ops = 51, Vars = 22) (SOL-10)
# Info: Optimizing partition '/sharpen': (Total ops = 228, Real ops = 54, Vars = 27) (SOL-10)
# Info: Optimizing partition '/sharpen/core': (Total ops = 225, Real ops = 54, Vars = 24) (SOL-10)
# Info: Optimizing partition '/sharpen/core': (Total ops = 222, Real ops = 53, Vars = 20) (SOL-10)
# Info: Optimizing partition '/sharpen': (Total ops = 222, Real ops = 53, Vars = 25) (SOL-10)
# Info: Optimizing partition '/sharpen/core': (Total ops = 232, Real ops = 54, Vars = 24) (SOL-10)
# Info: Optimizing partition '/sharpen/core': (Total ops = 231, Real ops = 54, Vars = 24) (SOL-10)
# Info: Optimizing partition '/sharpen/core': (Total ops = 543, Real ops = 114, Vars = 208) (SOL-10)
# Info: Optimizing partition '/sharpen/core': (Total ops = 288, Real ops = 88, Vars = 48) (SOL-10)
# Info: Optimizing partition '/sharpen/core': (Total ops = 287, Real ops = 88, Vars = 47) (SOL-10)
# Design 'sharpen' contains '116' real operations. (SOL-11)
# Info: Completed transformation 'architect' on solution 'sharpen.v2': elapsed time 2.42 seconds, memory usage 164600kB, peak memory usage 222320kB (SOL-9)
# Info: Starting transformation 'allocate' on solution 'sharpen.v2' (SOL-8)
# Performing concurrent resource allocation and scheduling on '/sharpen/core' (CRAAS-1)
# Info: Select qualified components for data operations ... (CRAAS-3)
# Info: Apply resource constraints on data operations ... (CRAAS-4)
# $PROJECT_HOME/../edge_detect_c/sharpen.c(50): Prescheduled LOOP 'main' (3 c-steps) (SCHD-7)
# $PROJECT_HOME/../edge_detect_c/sharpen.c(50): Prescheduled LOOP 'core:rlp' (0 c-steps) (SCHD-7)
# $PROJECT_HOME/../edge_detect_c/sharpen.c(50): Prescheduled SEQUENTIAL 'core' (total length 3 c-steps) (SCHD-8)
# Info: Initial schedule of SEQUENTIAL 'core': Latency = 13, Area (Datapath, Register, Total) = 2957.32, 0.00, 2957.32 (CRAAS-11)
# At least one feasible schedule exists. (CRAAS-9)
# Info: Optimized LOOP 'main': Latency = 13, Area (Datapath, Register, Total) = 2955.92, 0.00, 2955.92 (CRAAS-10)
# Info: Optimized LOOP 'main': Latency = 13, Area (Datapath, Register, Total) = 2903.96, 0.00, 2903.96 (CRAAS-10)
# Info: Optimized LOOP 'main': Latency = 13, Area (Datapath, Register, Total) = 2901.44, 0.00, 2901.44 (CRAAS-10)
# Info: Final schedule of SEQUENTIAL 'core': Latency = 13, Area (Datapath, Register, Total) = 2901.44, 0.00, 2901.44 (CRAAS-12)
# Resource allocation and scheduling done. (CRAAS-2)
# Netlist written to file 'schedule.gnt' (NET-4)
# Info: Completed transformation 'allocate' on solution 'sharpen.v2': elapsed time 0.69 seconds, memory usage 164900kB, peak memory usage 222320kB (SOL-9)
go new
solution file remove {$PROJECT_HOME/../edge_detect_c/sharpen.c}
# Info: Branching solution 'solution.v1' at state 'new' (PRJ-2)
solution file add ../edge_detect_c/edge3.c
# /INPUTFILES/4
go allocate
# Info: Starting transformation 'analyze' on solution 'solution.v1' (SOL-8)
# Front End called with arguments: -- {C:\fpga-catapult-c-spring\edge_detect_c\edge3.c} {C:\fpga-catapult-c-spring\edge_detect_c\edge.h} {C:\fpga-catapult-c-spring\edge_detect_c\shift_class.h} (CIN-69)
# Edison Design Group C++/C Front End - Version 3.10.1 (CIN-1)
# Error: $PROJECT_HOME/../edge_detect_c/edge3.c(118): $PROJECT_HOME/../edge_detect_c/edge3.c(118): identifier "AbsAndMax" is undefined (CRD-20)
# Error: $PROJECT_HOME/../edge_detect_c/edge3.c(125): $PROJECT_HOME/../edge_detect_c/edge3.c(125): expected a ")" (CRD-18)
# Error: Compilation aborted (CIN-5)
# Error: go analyze: Failed analyze
# File '$PROJECT_HOME/../edge_detect_c/edge3.c' saved
go allocate
# Info: Starting transformation 'analyze' on solution 'solution.v1' (SOL-8)
# Front End called with arguments: -- {C:\fpga-catapult-c-spring\edge_detect_c\edge3.c} {C:\fpga-catapult-c-spring\edge_detect_c\edge.h} {C:\fpga-catapult-c-spring\edge_detect_c\shift_class.h} (CIN-69)
# Edison Design Group C++/C Front End - Version 3.10.1 (CIN-1)
# $PROJECT_HOME/../edge_detect_c/edge3.c(50): Pragma 'hls_design<top>' detected on routine 'edge_detect' (CIN-6)
# Source file analysis completed (CIN-68)
# Info: Completed transformation 'analyze' on solution 'solution.v1': elapsed time 1.87 seconds, memory usage 177968kB, peak memory usage 236480kB (SOL-9)
# Info: Starting transformation 'compile' on solution 'solution.v1' (SOL-8)
# Generating synthesis internal form... (CIN-3)
# $PROJECT_HOME/../edge_detect_c/edge3.c(51): Found top design routine 'edge_detect' specified by directive (CIN-52)
# $PROJECT_HOME/../edge_detect_c/edge3.c(51): Synthesizing routine 'edge_detect' (CIN-13)
# $PROJECT_HOME/../edge_detect_c/edge3.c(51): Inlining routine 'edge_detect' (CIN-14)
# $PROJECT_HOME/../edge_detect_c/shift_class.h(13): Inlining member function 'shift_class<ac_int<90, false>, 3>::shift_class' on object 'regs' (CIN-64)
# $PROJECT_HOME/../edge_detect_c/shift_class.h(32): Inlining member function 'shift_class<ac_int<90, false>, 3>::operator<<' on object 'regs' (CIN-64)
# $PROJECT_HOME/../edge_detect_c/shift_class.h(48): Inlining member function 'shift_class<ac_int<90, false>, 3>::operator[]' on object 'regs' (CIN-64)
# $PROJECT_HOME/../edge_detect_c/shift_class.h(48): Inlining member function 'shift_class<ac_int<90, false>, 3>::operator[]' on object 'regs' (CIN-64)
# $PROJECT_HOME/../edge_detect_c/shift_class.h(48): Inlining member function 'shift_class<ac_int<90, false>, 3>::operator[]' on object 'regs' (CIN-64)
# $PROJECT_HOME/../edge_detect_c/shift_class.h(48): Inlining member function 'shift_class<ac_int<90, false>, 3>::operator[]' on object 'regs' (CIN-64)
# $PROJECT_HOME/../edge_detect_c/shift_class.h(48): Inlining member function 'shift_class<ac_int<90, false>, 3>::operator[]' on object 'regs' (CIN-64)
# $PROJECT_HOME/../edge_detect_c/shift_class.h(48): Inlining member function 'shift_class<ac_int<90, false>, 3>::operator[]' on object 'regs' (CIN-64)
# $PROJECT_HOME/../edge_detect_c/edge3.c(145): Inlining routine 'AbsAndMax' (CIN-14)
# $PROJECT_HOME/../edge_detect_c/edge3.c(145): Inlining routine 'AbsAndMax' (CIN-14)
# $PROJECT_HOME/../edge_detect_c/edge3.c(145): Inlining routine 'AbsAndMax' (CIN-14)
# $PROJECT_HOME/../edge_detect_c/edge3.c(145): Inlining routine 'AbsAndMax' (CIN-14)
# $PROJECT_HOME/../edge_detect_c/edge3.c(145): Inlining routine 'AbsAndMax' (CIN-14)
# $PROJECT_HOME/../edge_detect_c/edge3.c(145): Inlining routine 'AbsAndMax' (CIN-14)
# $PROJECT_HOME/../edge_detect_c/edge3.c(145): Inlining routine 'AbsAndMax' (CIN-14)
# $PROJECT_HOME/../edge_detect_c/edge3.c(145): Inlining routine 'AbsAndMax' (CIN-14)
# $PROJECT_HOME/../edge_detect_c/edge3.c(145): Inlining routine 'AbsAndMax' (CIN-14)
# $PROJECT_HOME/../edge_detect_c/edge3.c(51): Optimizing block '/edge_detect' ... (CIN-4)
# $PROJECT_HOME/../edge_detect_c/edge3.c(51): Inout port 'vin' is only used as an input. (OPT-10)
# $PROJECT_HOME/../edge_detect_c/edge3.c(51): Inout port 'vout' is only used as an output. (OPT-11)
# Info: Optimizing partition '/edge_detect': (Total ops = 584, Real ops = 150, Vars = 150) (SOL-10)
# Info: Optimizing partition '/edge_detect/core': (Total ops = 584, Real ops = 150, Vars = 148) (SOL-10)
# Info: Optimizing partition '/edge_detect/core': (Total ops = 562, Real ops = 140, Vars = 150) (SOL-10)
# Info: Optimizing partition '/edge_detect': (Total ops = 562, Real ops = 140, Vars = 152) (SOL-10)
# Info: Optimizing partition '/edge_detect': (Total ops = 562, Real ops = 140, Vars = 152) (SOL-10)
# Info: Optimizing partition '/edge_detect/core': (Total ops = 562, Real ops = 140, Vars = 150) (SOL-10)
# Info: Optimizing partition '/edge_detect/core': (Total ops = 472, Real ops = 137, Vars = 113) (SOL-10)
# Info: Optimizing partition '/edge_detect/core': (Total ops = 458, Real ops = 137, Vars = 112) (SOL-10)
# Info: Optimizing partition '/edge_detect/core': (Total ops = 458, Real ops = 137, Vars = 112) (SOL-10)
# Info: Optimizing partition '/edge_detect': (Total ops = 458, Real ops = 137, Vars = 114) (SOL-10)
# Info: Optimizing partition '/edge_detect': (Total ops = 458, Real ops = 137, Vars = 114) (SOL-10)
# Info: Optimizing partition '/edge_detect/core': (Total ops = 456, Real ops = 137, Vars = 122) (SOL-10)
# Info: Optimizing partition '/edge_detect/core': (Total ops = 470, Real ops = 125, Vars = 42) (SOL-10)
# Info: Optimizing partition '/edge_detect': (Total ops = 470, Real ops = 125, Vars = 44) (SOL-10)
# Info: Optimizing partition '/edge_detect/core': (Total ops = 470, Real ops = 125, Vars = 46) (SOL-10)
# Info: Optimizing partition '/edge_detect/core': (Total ops = 470, Real ops = 125, Vars = 42) (SOL-10)
# Info: Optimizing partition '/edge_detect': (Total ops = 470, Real ops = 125, Vars = 44) (SOL-10)
# Info: Optimizing partition '/edge_detect/core': (Total ops = 470, Real ops = 125, Vars = 42) (SOL-10)
# Info: Optimizing partition '/edge_detect': (Total ops = 470, Real ops = 125, Vars = 44) (SOL-10)
# Info: Optimizing partition '/edge_detect': (Total ops = 470, Real ops = 125, Vars = 44) (SOL-10)
# Info: Optimizing partition '/edge_detect/core': (Total ops = 470, Real ops = 125, Vars = 42) (SOL-10)
# $PROJECT_HOME/../edge_detect_c/edge3.c(78): Loop '/edge_detect/core/RESET' iterated at most 3 times. (LOOP-2)
# $PROJECT_HOME/../edge_detect_c/shift_class.h(34): Loop '/edge_detect/core/SHIFT' iterated at most 3 times. (LOOP-2)
# $PROJECT_HOME/../edge_detect_c/edge3.c(91): Loop '/edge_detect/core/ACC_GX:for' iterated at most 3 times. (LOOP-2)
# $PROJECT_HOME/../edge_detect_c/edge3.c(90): Loop '/edge_detect/core/ACC_GX' iterated at most 3 times. (LOOP-2)
# $PROJECT_HOME/../edge_detect_c/edge3.c(99): Loop '/edge_detect/core/ACC_GY:for' iterated at most 3 times. (LOOP-2)
# $PROJECT_HOME/../edge_detect_c/edge3.c(98): Loop '/edge_detect/core/ACC_GY' iterated at most 3 times. (LOOP-2)
# $PROJECT_HOME/../edge_detect_c/edge3.c(106): Loop '/edge_detect/core/ACC3' iterated at most 3 times. (LOOP-2)
# $PROJECT_HOME/../edge_detect_c/edge3.c(68): Loop '/edge_detect/core/FRAME' iterated at most 1 times. (LOOP-2)
# $PROJECT_HOME/../edge_detect_c/edge3.c(79): Detected constant initialization of array 'red_x', optimizing loop 'RESET' (LOOP-12)
# $PROJECT_HOME/../edge_detect_c/edge3.c(80): Detected constant initialization of array 'green_x', optimizing loop 'RESET' (LOOP-12)
# $PROJECT_HOME/../edge_detect_c/edge3.c(81): Detected constant initialization of array 'blue_x', optimizing loop 'RESET' (LOOP-12)
# $PROJECT_HOME/../edge_detect_c/edge3.c(82): Detected constant initialization of array 'red_y', optimizing loop 'RESET' (LOOP-12)
# $PROJECT_HOME/../edge_detect_c/edge3.c(83): Detected constant initialization of array 'green_y', optimizing loop 'RESET' (LOOP-12)
# $PROJECT_HOME/../edge_detect_c/edge3.c(84): Detected constant initialization of array 'blue_y', optimizing loop 'RESET' (LOOP-12)
# Info: Optimizing partition '/edge_detect/core': (Total ops = 680, Real ops = 121, Vars = 44) (SOL-10)
# Info: Optimizing partition '/edge_detect/core': (Total ops = 423, Real ops = 112, Vars = 43) (SOL-10)
# Info: Optimizing partition '/edge_detect': (Total ops = 423, Real ops = 112, Vars = 45) (SOL-10)
# Info: Optimizing partition '/edge_detect/core': (Total ops = 417, Real ops = 112, Vars = 49) (SOL-10)
# Info: Optimizing partition '/edge_detect/core': (Total ops = 410, Real ops = 112, Vars = 43) (SOL-10)
# Info: Optimizing partition '/edge_detect': (Total ops = 410, Real ops = 112, Vars = 45) (SOL-10)
# Info: Optimizing partition '/edge_detect/core': (Total ops = 410, Real ops = 112, Vars = 43) (SOL-10)
# Info: Optimizing partition '/edge_detect': (Total ops = 410, Real ops = 112, Vars = 45) (SOL-10)
# Design 'edge_detect' was read (SOL-1)
# Info: Completed transformation 'compile' on solution 'edge_detect.v1': elapsed time 2.39 seconds, memory usage 173496kB, peak memory usage 236480kB (SOL-9)
# Info: Starting transformation 'architect' on solution 'edge_detect.v1' (SOL-8)
# $PROJECT_HOME/../edge_detect_c/shift_class.h(34): Loop '/edge_detect/core/SHIFT' is left rolled. (LOOP-4)
# $PROJECT_HOME/../edge_detect_c/edge3.c(91): Loop '/edge_detect/core/ACC_GX:for' is left rolled. (LOOP-4)
# $PROJECT_HOME/../edge_detect_c/edge3.c(90): Loop '/edge_detect/core/ACC_GX' is left rolled. (LOOP-4)
# $PROJECT_HOME/../edge_detect_c/edge3.c(99): Loop '/edge_detect/core/ACC_GY:for' is left rolled. (LOOP-4)
# $PROJECT_HOME/../edge_detect_c/edge3.c(98): Loop '/edge_detect/core/ACC_GY' is left rolled. (LOOP-4)
# $PROJECT_HOME/../edge_detect_c/edge3.c(106): Loop '/edge_detect/core/ACC3' is left rolled. (LOOP-4)
# $PROJECT_HOME/../edge_detect_c/edge3.c(51): Loop '/edge_detect/core/main' is left rolled. (LOOP-4)
# Loop 'ACC_GY' is merged and folded into Loop 'ACC_GX' (LOOP-9)
# Info: Optimizing partition '/edge_detect/core': (Total ops = 416, Real ops = 114, Vars = 45) (SOL-10)
# Info: Optimizing partition '/edge_detect/core': (Total ops = 414, Real ops = 114, Vars = 45) (SOL-10)
# Info: Optimizing partition '/edge_detect/core': (Total ops = 410, Real ops = 112, Vars = 43) (SOL-10)
# Loop 'ACC_GY:for' is merged and folded into Loop 'ACC_GX:for' (LOOP-9)
# Info: Optimizing partition '/edge_detect/core': (Total ops = 415, Real ops = 113, Vars = 45) (SOL-10)
# Info: Optimizing partition '/edge_detect/core': (Total ops = 413, Real ops = 113, Vars = 45) (SOL-10)
# Info: Optimizing partition '/edge_detect/core': (Total ops = 409, Real ops = 111, Vars = 43) (SOL-10)
# Info: Optimizing partition '/edge_detect': (Total ops = 409, Real ops = 111, Vars = 48) (SOL-10)
# Info: Optimizing partition '/edge_detect/core': (Total ops = 409, Real ops = 111, Vars = 43) (SOL-10)
# Info: Optimizing partition '/edge_detect': (Total ops = 409, Real ops = 111, Vars = 48) (SOL-10)
# $PROJECT_HOME/../edge_detect_c/edge3.c(51): I/O-Port inferred - resource 'vin:rsc' (from var: vin) mapped to 'mgc_ioport.mgc_in_wire' (size: 90). (MEM-2)
# $PROJECT_HOME/../edge_detect_c/edge3.c(51): I/O-Port inferred - resource 'vout:rsc' (from var: vout) mapped to 'mgc_ioport.mgc_out_stdreg' (size: 30). (MEM-2)
# Info: Optimizing partition '/edge_detect': (Total ops = 411, Real ops = 111, Vars = 48) (SOL-10)
# Info: Optimizing partition '/edge_detect/core': (Total ops = 411, Real ops = 111, Vars = 43) (SOL-10)
# Info: Optimizing partition '/edge_detect/core': (Total ops = 410, Real ops = 111, Vars = 43) (SOL-10)
# Info: Optimizing partition '/edge_detect': (Total ops = 410, Real ops = 111, Vars = 48) (SOL-10)
# Info: Optimizing partition '/edge_detect': (Total ops = 549, Real ops = 150, Vars = 89) (SOL-10)
# Info: Optimizing partition '/edge_detect/core': (Total ops = 510, Real ops = 162, Vars = 122) (SOL-10)
# Info: Optimizing partition '/edge_detect/core': (Total ops = 513, Real ops = 161, Vars = 64) (SOL-10)
# Info: Optimizing partition '/edge_detect/core': (Total ops = 469, Real ops = 141, Vars = 70) (SOL-10)
# Info: Optimizing partition '/edge_detect': (Total ops = 469, Real ops = 141, Vars = 75) (SOL-10)
# Info: Optimizing partition '/edge_detect/core': (Total ops = 469, Real ops = 141, Vars = 70) (SOL-10)
# Info: Optimizing partition '/edge_detect': (Total ops = 469, Real ops = 141, Vars = 75) (SOL-10)
# Info: Optimizing partition '/edge_detect/core': (Total ops = 1276, Real ops = 182, Vars = 553) (SOL-10)
# Info: Optimizing partition '/edge_detect/core': (Total ops = 568, Real ops = 155, Vars = 137) (SOL-10)
# Design 'edge_detect' contains '201' real operations. (SOL-11)
# Info: Completed transformation 'architect' on solution 'edge_detect.v1': elapsed time 5.10 seconds, memory usage 173824kB, peak memory usage 236480kB (SOL-9)
# Info: Starting transformation 'allocate' on solution 'edge_detect.v1' (SOL-8)
# Performing concurrent resource allocation and scheduling on '/edge_detect/core' (CRAAS-1)
# Info: Select qualified components for data operations ... (CRAAS-3)
# Info: Apply resource constraints on data operations ... (CRAAS-4)
# $PROJECT_HOME/../edge_detect_c/edge3.c(91): Prescheduled LOOP 'ACC_GX:for' (1 c-steps) (SCHD-7)
# $PROJECT_HOME/../edge_detect_c/edge3.c(106): Prescheduled LOOP 'ACC3' (1 c-steps) (SCHD-7)
# $PROJECT_HOME/../edge_detect_c/edge3.c(90): Prescheduled LOOP 'ACC_GX' (1 c-steps) (SCHD-7)
# $PROJECT_HOME/../edge_detect_c/shift_class.h(34): Prescheduled LOOP 'SHIFT' (1 c-steps) (SCHD-7)
# $PROJECT_HOME/../edge_detect_c/edge3.c(51): Prescheduled LOOP 'main' (4 c-steps) (SCHD-7)
# $PROJECT_HOME/../edge_detect_c/edge3.c(51): Prescheduled LOOP 'core:rlp' (0 c-steps) (SCHD-7)
# $PROJECT_HOME/../edge_detect_c/edge3.c(51): Prescheduled SEQUENTIAL 'core' (total length 22 c-steps) (SCHD-8)
# Info: Initial schedule of SEQUENTIAL 'core': Latency = 21, Area (Datapath, Register, Total) = 5773.94, 0.00, 5773.94 (CRAAS-11)
# At least one feasible schedule exists. (CRAAS-9)
# Info: Optimized LOOP 'ACC_GX:for': Latency = 21, Area (Datapath, Register, Total) = 5705.24, 0.00, 5705.24 (CRAAS-10)
# Info: Optimized LOOP 'ACC3': Latency = 21, Area (Datapath, Register, Total) = 5705.24, 0.00, 5705.24 (CRAAS-10)
# Info: Optimized LOOP 'ACC_GX': Latency = 21, Area (Datapath, Register, Total) = 5705.24, 0.00, 5705.24 (CRAAS-10)
# Info: Optimized LOOP 'main': Latency = 21, Area (Datapath, Register, Total) = 5704.67, 0.00, 5704.67 (CRAAS-10)
# Info: Optimized LOOP 'main': Latency = 21, Area (Datapath, Register, Total) = 5702.16, 0.00, 5702.16 (CRAAS-10)
# Info: Optimized LOOP 'ACC_GX:for': Latency = 30, Area (Datapath, Register, Total) = 5367.16, 0.00, 5367.16 (CRAAS-10)
# Info: Optimized LOOP 'ACC_GX:for': Latency = 30, Area (Datapath, Register, Total) = 5032.16, 0.00, 5032.16 (CRAAS-10)
# Info: Optimized LOOP 'ACC_GX:for': Latency = 30, Area (Datapath, Register, Total) = 4697.16, 0.00, 4697.16 (CRAAS-10)
# Info: Optimized LOOP 'ACC_GX:for': Latency = 39, Area (Datapath, Register, Total) = 4362.16, 0.00, 4362.16 (CRAAS-10)
# Info: Optimized LOOP 'ACC_GX:for': Latency = 66, Area (Datapath, Register, Total) = 4027.16, 0.00, 4027.16 (CRAAS-10)
# Info: Optimized LOOP 'ACC_GX:for': Latency = 66, Area (Datapath, Register, Total) = 3744.24, 0.00, 3744.24 (CRAAS-10)
# Info: Final schedule of SEQUENTIAL 'core': Latency = 66, Area (Datapath, Register, Total) = 3730.35, 0.00, 3730.35 (CRAAS-12)
# Resource allocation and scheduling done. (CRAAS-2)
# Netlist written to file 'schedule.gnt' (NET-4)
# Info: Completed transformation 'allocate' on solution 'edge_detect.v1': elapsed time 1.09 seconds, memory usage 177440kB, peak memory usage 236480kB (SOL-9)
go compile
directive set /edge_detect/core/main -PIPELINE_INIT_INTERVAL 1
# Info: Branching solution 'edge_detect.v2' at state 'compile' (PRJ-2)
# /edge_detect/core/main/PIPELINE_INIT_INTERVAL 1
directive set /edge_detect/core/main -DISTRIBUTED_PIPELINE true
# /edge_detect/core/main/DISTRIBUTED_PIPELINE true
go allocate
# Info: Starting transformation 'architect' on solution 'edge_detect.v2' (SOL-8)
# $PROJECT_HOME/../edge_detect_c/shift_class.h(34): Loop '/edge_detect/core/SHIFT' is left rolled. (LOOP-4)
# $PROJECT_HOME/../edge_detect_c/edge3.c(91): Loop '/edge_detect/core/ACC_GX:for' is left rolled. (LOOP-4)
# $PROJECT_HOME/../edge_detect_c/edge3.c(90): Loop '/edge_detect/core/ACC_GX' is left rolled. (LOOP-4)
# $PROJECT_HOME/../edge_detect_c/edge3.c(99): Loop '/edge_detect/core/ACC_GY:for' is left rolled. (LOOP-4)
# $PROJECT_HOME/../edge_detect_c/edge3.c(98): Loop '/edge_detect/core/ACC_GY' is left rolled. (LOOP-4)
# $PROJECT_HOME/../edge_detect_c/edge3.c(106): Loop '/edge_detect/core/ACC3' is left rolled. (LOOP-4)
# $PROJECT_HOME/../edge_detect_c/edge3.c(51): Loop '/edge_detect/core/main' is left rolled. (LOOP-4)
# Loop 'ACC_GY' is merged and folded into Loop 'ACC_GX' (LOOP-9)
# Info: Optimizing partition '/edge_detect/core': (Total ops = 416, Real ops = 114, Vars = 45) (SOL-10)
# Info: Optimizing partition '/edge_detect/core': (Total ops = 414, Real ops = 114, Vars = 45) (SOL-10)
# Info: Optimizing partition '/edge_detect/core': (Total ops = 410, Real ops = 112, Vars = 43) (SOL-10)
# Loop 'ACC_GY:for' is merged and folded into Loop 'ACC_GX:for' (LOOP-9)
# Info: Optimizing partition '/edge_detect/core': (Total ops = 415, Real ops = 113, Vars = 45) (SOL-10)
# Info: Optimizing partition '/edge_detect/core': (Total ops = 413, Real ops = 113, Vars = 45) (SOL-10)
# Info: Optimizing partition '/edge_detect/core': (Total ops = 409, Real ops = 111, Vars = 43) (SOL-10)
# Info: Optimizing partition '/edge_detect': (Total ops = 409, Real ops = 111, Vars = 48) (SOL-10)
# Info: Optimizing partition '/edge_detect/core': (Total ops = 409, Real ops = 111, Vars = 43) (SOL-10)
# Info: Optimizing partition '/edge_detect': (Total ops = 409, Real ops = 111, Vars = 48) (SOL-10)
# $PROJECT_HOME/../edge_detect_c/edge3.c(51): I/O-Port inferred - resource 'vin:rsc' (from var: vin) mapped to 'mgc_ioport.mgc_in_wire' (size: 90). (MEM-2)
# $PROJECT_HOME/../edge_detect_c/edge3.c(51): I/O-Port inferred - resource 'vout:rsc' (from var: vout) mapped to 'mgc_ioport.mgc_out_stdreg' (size: 30). (MEM-2)
# Info: Optimizing partition '/edge_detect': (Total ops = 411, Real ops = 111, Vars = 48) (SOL-10)
# Info: Optimizing partition '/edge_detect/core': (Total ops = 411, Real ops = 111, Vars = 43) (SOL-10)
# Info: Optimizing partition '/edge_detect/core': (Total ops = 410, Real ops = 111, Vars = 43) (SOL-10)
# Info: Optimizing partition '/edge_detect': (Total ops = 410, Real ops = 111, Vars = 48) (SOL-10)
# Info: Optimizing partition '/edge_detect': (Total ops = 549, Real ops = 150, Vars = 89) (SOL-10)
# Info: Optimizing partition '/edge_detect/core': (Total ops = 510, Real ops = 162, Vars = 122) (SOL-10)
# Info: Optimizing partition '/edge_detect/core': (Total ops = 513, Real ops = 161, Vars = 64) (SOL-10)
# Info: Optimizing partition '/edge_detect/core': (Total ops = 469, Real ops = 141, Vars = 70) (SOL-10)
# Info: Optimizing partition '/edge_detect': (Total ops = 469, Real ops = 141, Vars = 75) (SOL-10)
# Info: Optimizing partition '/edge_detect/core': (Total ops = 469, Real ops = 141, Vars = 70) (SOL-10)
# Info: Optimizing partition '/edge_detect': (Total ops = 469, Real ops = 141, Vars = 75) (SOL-10)
# Info: Optimizing partition '/edge_detect/core': (Total ops = 482, Real ops = 142, Vars = 75) (SOL-10)
# Info: Optimizing partition '/edge_detect/core': (Total ops = 486, Real ops = 142, Vars = 75) (SOL-10)
# Info: Optimizing partition '/edge_detect/core': (Total ops = 480, Real ops = 142, Vars = 75) (SOL-10)
# Info: Optimizing partition '/edge_detect/core': (Total ops = 1577, Real ops = 394, Vars = 715) (SOL-10)
# Info: Optimizing partition '/edge_detect/core': (Total ops = 700, Real ops = 286, Vars = 141) (SOL-10)
# Info: Optimizing partition '/edge_detect/core': (Total ops = 699, Real ops = 286, Vars = 140) (SOL-10)
# Design 'edge_detect' contains '332' real operations. (SOL-11)
# Info: Completed transformation 'architect' on solution 'edge_detect.v2': elapsed time 6.88 seconds, memory usage 189548kB, peak memory usage 236480kB (SOL-9)
# Info: Starting transformation 'allocate' on solution 'edge_detect.v2' (SOL-8)
# Performing concurrent resource allocation and scheduling on '/edge_detect/core' (CRAAS-1)
# Info: Select qualified components for data operations ... (CRAAS-3)
# Info: Apply resource constraints on data operations ... (CRAAS-4)
# $PROJECT_HOME/../edge_detect_c/edge3.c(51): Prescheduled LOOP 'main' (3 c-steps) (SCHD-7)
# $PROJECT_HOME/../edge_detect_c/edge3.c(51): Prescheduled LOOP 'core:rlp' (0 c-steps) (SCHD-7)
# $PROJECT_HOME/../edge_detect_c/edge3.c(51): Prescheduled SEQUENTIAL 'core' (total length 3 c-steps) (SCHD-8)
# Info: Initial schedule of SEQUENTIAL 'core': Latency = 16, Area (Datapath, Register, Total) = 6629.96, 0.00, 6629.96 (CRAAS-11)
# At least one feasible schedule exists. (CRAAS-9)
# Info: Optimized LOOP 'main': Latency = 16, Area (Datapath, Register, Total) = 6591.66, 0.00, 6591.66 (CRAAS-10)
# Info: Optimized LOOP 'main': Latency = 16, Area (Datapath, Register, Total) = 6553.35, 0.00, 6553.35 (CRAAS-10)
# Info: Optimized LOOP 'main': Latency = 16, Area (Datapath, Register, Total) = 6549.17, 0.00, 6549.17 (CRAAS-10)
# Info: Optimized LOOP 'main': Latency = 16, Area (Datapath, Register, Total) = 6540.51, 0.00, 6540.51 (CRAAS-10)
# Info: Optimized LOOP 'main': Latency = 16, Area (Datapath, Register, Total) = 6537.99, 0.00, 6537.99 (CRAAS-10)
# Info: Final schedule of SEQUENTIAL 'core': Latency = 16, Area (Datapath, Register, Total) = 6537.99, 0.00, 6537.99 (CRAAS-12)
# Resource allocation and scheduling done. (CRAAS-2)
# Netlist written to file 'schedule.gnt' (NET-4)
# Info: Completed transformation 'allocate' on solution 'edge_detect.v2': elapsed time 1.33 seconds, memory usage 193356kB, peak memory usage 236480kB (SOL-9)
project save
# Saving project file 'C:/fpga-catapult-c-spring/sharpen1/Sharpen2.ccs'. (PRJ-5)
quit -f
