-- Catapult University Version: Report                                              
-- ---------------------------- ---------------------------------------------------
-- Version:                     2011a.126 Production Release                        
-- Build Date:                  Wed Aug  8 00:52:07 PDT 2012                        
                                                                                    
-- Generated by:                jb914@EEWS104A-029                                  
-- Generated date:              Mon May 11 14:27:08 +0100 2015                      

Solution Settings: static_anaglyph.v15
  Current state: extract
  Project: Catapult
  
  Design Input Files Specified
    $PROJECT_HOME/shift_class.h
    $PROJECT_HOME/blur.c
      $MGC_HOME/shared/include/ac_int.h
    $PROJECT_HOME/blur.h
      $MGC_HOME/shared/include/ac_int.h
  
  Processes/Blocks in Design
    Process               Real Operation(s) count Latency Throughput Reset Length II Comments 
    --------------------- ----------------------- ------- ---------- ------------ -- --------
    /static_anaglyph/core                      64       3          1            0  1          
    Design Total:                              64       3          1            0  1          
    
  Bill Of Materials (Datapath)
    Component Name                          Area Score Area(LCs) Area(LUTs)  Delay Post Alloc Post Assign 
    --------------------------------------- ---------- --------- ---------- ------ ---------- -----------
    [Lib: mgc_Altera-Cyclone-III-6_beh_psr]                                                               
    mgc_add(1,0,1,0,2)                           2.319     0.000      2.319  0.506          1           1 
    mgc_add(1,0,1,1,2)                           2.000     0.000      2.000  0.343          2           2 
    mgc_add(10,0,10,0,11)                       11.241     0.000     11.241  1.301          2           2 
    mgc_add(10,0,9,1,11)                        11.000     0.000     11.000  1.141          2           2 
    mgc_add(11,0,10,0,12)                       12.236     0.000     12.236  1.370          1           1 
    mgc_add(11,0,11,0,11)                       12.233     0.000     12.233  1.368          1           1 
    mgc_add(11,0,9,1,11)                        12.000     0.000     12.000  1.372          2           2 
    mgc_add(12,0,9,1,12)                        13.000     0.000     13.000  1.439          1           1 
    mgc_add(13,0,10,1,13)                       14.000     0.000     14.000  1.504          1           1 
    mgc_add(15,0,4,1,16)                        16.000     0.000     16.000  1.485          1           1 
    mgc_add(2,0,1,0,2)                           3.315     0.000      3.315  0.658          0           1 
    mgc_add(2,0,2,0,3)                           3.311     0.000      3.311  0.653          3           3 
    mgc_add(2,0,2,1,3)                           3.000     0.000      3.000  0.490          1           1 
    mgc_add(3,0,3,0,4)                           4.302     0.000      4.302  0.761          2           2 
    mgc_add(4,0,3,0,5)                           5.297     0.000      5.297  0.856          1           1 
    mgc_add(4,0,4,0,4)                           5.293     0.000      5.293  0.854          1           1 
    mgc_add(5,0,5,1,7)                           6.000     0.000      6.000  0.613          2           2 
    mgc_add(6,0,2,1,6)                           7.000     0.000      7.000  1.027          1           1 
    mgc_add(7,0,6,0,8)                           8.271     0.000      8.271  1.093          1           1 
    mgc_add(8,0,8,1,9)                           9.000     0.000      9.000  1.001          3           3 
    mgc_add(9,0,9,0,10)                         10.250     0.000     10.250  1.233          3           2 
    mgc_and(2,2)                                 1.460     0.000      1.460  0.263          1           1 
    mgc_div(10,10,0)                           152.985     0.000    152.985 20.173          2           2 
    mgc_mux(10,1,2)                              9.194     0.000      9.194  0.369          0           2 
    mgc_mux(30,1,2)                             27.583     0.000     27.583  0.369          0           1 
    mgc_mux(6,1,2)                               5.517     0.000      5.517  0.369          1           1 
    mgc_mux(8,1,2)                               7.355     0.000      7.355  0.369          0           1 
    mgc_not(1)                                   0.000     0.000      0.000  0.000          0          16 
    mgc_not(10)                                  0.000     0.000      0.000  0.000          0           1 
    mgc_not(12)                                  0.000     0.000      0.000  0.000          0           1 
    mgc_not(2)                                   0.000     0.000      0.000  0.000          0           1 
    mgc_not(6)                                   0.000     0.000      0.000  0.000          0           1 
    mgc_not(8)                                   0.000     0.000      0.000  0.000          0           1 
    mgc_reg_pos(1,1,0,0,0,1,1)                   0.000     0.000      0.000  0.000          0           6 
    mgc_reg_pos(10,1,0,0,0,1,1)                  0.000     0.000      0.000  0.000          0           3 
    mgc_reg_pos(2,1,0,0,0,1,1)                   0.000     0.000      0.000  0.000          0           1 
    mgc_reg_pos(30,1,0,0,0,1,1)                  0.000     0.000      0.000  0.000          0           1 
    mgc_reg_pos(6,1,0,0,0,1,1)                   0.000     0.000      0.000  0.000          0           2 
    mgc_reg_pos(630,1,0,0,0,1,1)                 0.000     0.000      0.000  0.000          0           2 
    mgc_shift_r(630,0,13,10)                  2570.415     0.000   2130.328  7.783          2           2 
    mgc_shift_r(630,0,16,10)                  2901.525     0.000   2316.637  8.694          1           1 
    mgc_shift_r(630,0,17,10)                  3009.285     0.000   2377.323  8.979          1           1 
    [Lib: mgc_ioport]                                                                                     
    mgc_in_wire(1,630)                           0.000     0.000      0.000  0.000          1           1 
    mgc_in_wire(3,10)                            0.000     0.000      0.000  0.000          1           1 
    mgc_out_stdreg(2,30)                         0.000     0.000      0.000  0.000          1           1 
                                                                                                          
    TOTAL AREA (After Assignment):           11670.397     0.000   9573.000                               
    
  Area Scores
                       Post-Scheduling    Post-DP & FSM  Post-Assignment 
    ----------------- ---------------- ---------------- ----------------
    Total Area Score:   11624.0          12259.0          11670.4        
    Total Reg:              0.0              0.0              0.0        
                                                                         
    DataPath:           11624.0 (100%)   12259.0 (100%)   11670.4 (100%) 
      MUX:                  5.5   (0%)     646.7   (5%)      58.8   (1%) 
      FUNC:             11617.0 (100%)   11610.1  (95%)   11610.1  (99%) 
      LOGIC:                1.5   (0%)       2.2   (0%)       1.5   (0%) 
      BUFFER:               0.0              0.0              0.0        
      MEM:                  0.0              0.0              0.0        
      ROM:                  0.0              0.0              0.0        
      REG:                  0.0              0.0              0.0        
                                                                         
    
    FSM:                    0.0              0.0              0.0        
      FSM-REG:              0.0              0.0              0.0        
      FSM-COMB:             0.0              0.0              0.0        
                                                                         
    
  Register-to-Variable Mappings
    Register                          Size(bits) Gated Register CG Opt Done Variables                                             
    --------------------------------- ---------- -------------- ----------- -----------------------------------------------------
    io_read(video_in:rsc.d).cse.sva#1        630         Y                  io_read(video_in:rsc.d).cse.sva#1                     
    io_read(video_in:rsc.d).cse.sva#2        630         Y                  io_read(video_in:rsc.d).cse.sva#2                     
    video_out:rsc:mgc_out_stdreg.d            30         Y                  video_out:rsc:mgc_out_stdreg.d                        
    acc#5.cse.sva.mut#3                       10         Y                  acc#5.cse.sva.mut#3                                   
    div:mgc_div#1.b                           10         Y                  div:mgc_div#1.b                                       
    div:mgc_div.b                             10         Y                  div:mgc_div.b                                         
    if:slc(conc.idiv)#5.itm#1                  6         Y                  if:slc(conc.idiv)#5.itm#1                             
    shift#1.sva#2                              6         Y                  shift#1.sva#2                                         
    if:acc#3.itm#1                             2         Y                  if:acc#3.itm#1                                        
    div.2cyc.st#1                              1         Y                  div.2cyc.st#1                                         
    div.2cyc.st#2                              1         Y                  div.2cyc.st#2                                         
    main.stage_0#2                             1         Y                  main.stage_0#2                                        
    main.stage_0#3                             1         Y                  main.stage_0#3                                        
    slc.svs#2                                  1         Y                  slc.svs#2                                             
    slc.svs.st#1                               1         Y                  slc.svs.st#1                                          
                                                                                                                                  
    Total:                                  1340           1340           0 (Total Gating Ratio: 1.00, CG Opt Gating Ratio: 0.00) 
    
  Timing Report
    Critical Path
      Max Delay:  15.688196999999999
      Slack:      4.311803000000001
      
      Path                                                       Startpoint                                Endpoint                                                 Delay   Slack   
      ---------------------------------------------------------- ----------------------------------------- -------------------------------------------------------- ------- -------
      1                                                          static_anaglyph:core/reg(div:mgc_div.b)   static_anaglyph:core/reg(video_out:rsc:mgc_out_stdreg.d) 15.6882 4.3118  
                                                                                                                                                                                    
        Instance                                                 Component                                                                                          Delta   Delay   
        --------                                                 ---------                                                                                          -----   -----   
        static_anaglyph/div:mgc_div.b                                                                                                                               0.0000  0.0000  
        static_anaglyph/div:mgc_div                              mgc_div_10_10_0                                                                                    0.1732  0.1732  
        static_anaglyph/div:mgc_div.z                                                                                                                               0.0000  0.1732  
        static_anaglyph:core/div:mgc_div.z                                                                                                                          0.0000  0.1732  
        static_anaglyph:core/slc(div:mgc_div.z)                                                                                                                     0.0000  0.1732  
        static_anaglyph:core/slc(div:mgc_div.z).itm                                                                                                                 0.0000  0.1732  
        static_anaglyph:core/mux#1                               mgc_mux_8_1_2                                                                                      0.3690  0.5422  
        static_anaglyph:core/mux#1.itm                                                                                                                              0.0000  0.5422  
        static_anaglyph:core/not#12                              mgc_not_8                                                                                          0.0000  0.5422  
        static_anaglyph:core/not#12.itm                                                                                                                             0.0000  0.5422  
        static_anaglyph:core/acc#6                               mgc_add_8_0_8_1_9                                                                                  1.0006  1.5428  
        static_anaglyph:core/ac_int:cctor#1.sva                                                                                                                     0.0000  1.5428  
        static_anaglyph:core/slc(ac_int:cctor#1.sva)                                                                                                                0.0000  1.5428  
        static_anaglyph:core/slc(ac_int:cctor#1.sva).itm                                                                                                            0.0000  1.5428  
        static_anaglyph:core/mux#2                               mgc_mux_6_1_2                                                                                      0.3690  1.9118  
        static_anaglyph:core/shift#1.lpi.dfm:mx0                                                                                                                    0.0000  1.9118  
        static_anaglyph:core/shift:not#1                         mgc_not_6                                                                                          0.0000  1.9118  
        static_anaglyph:core/shift:not#1.itm                                                                                                                        0.0000  1.9118  
        static_anaglyph:core/conc#130                                                                                                                               0.0000  1.9118  
        static_anaglyph:core/conc#130.itm                                                                                                                           0.0000  1.9118  
        static_anaglyph:core/acc#19                              mgc_add_12_0_9_1_12                                                                                1.4394  3.3512  
        static_anaglyph:core/left_adjust.sg1.sva                                                                                                                    0.0000  3.3512  
        static_anaglyph:core/left_adjust:not                     mgc_not_12                                                                                         0.0000  3.3512  
        static_anaglyph:core/left_adjust:not.itm                                                                                                                    0.0000  3.3512  
        static_anaglyph:core/conc#132                                                                                                                               0.0000  3.3512  
        static_anaglyph:core/conc#132.itm                                                                                                                           0.0000  3.3512  
        static_anaglyph:core/acc#20                              mgc_add_13_0_10_1_13                                                                               1.5042  4.8555  
        static_anaglyph:core/acc#20.psp.sva                                                                                                                         0.0000  4.8555  
        static_anaglyph:core/right_adjust:exs                                                                                                                       0.0000  4.8555  
        static_anaglyph:core/right_adjust:exs.itm                                                                                                                   0.0000  4.8555  
        static_anaglyph:core/acc#17                              mgc_add_15_0_4_1_16                                                                                1.4847  6.3402  
        static_anaglyph:core/acc#17.itm                                                                                                                             0.0000  6.3402  
        static_anaglyph:core/conc#15                                                                                                                                0.0000  6.3402  
        static_anaglyph:core/conc#15.itm                                                                                                                            0.0000  6.3402  
        static_anaglyph:core/rshift#4.rg                         mgc_shift_r_630_0_17_10                                                                            8.9790  15.3192 
        static_anaglyph:core/rshift#4.itm                                                                                                                           0.0000  15.3192 
        static_anaglyph:core/conc#24                                                                                                                                0.0000  15.3192 
        static_anaglyph:core/conc#24.itm                                                                                                                            0.0000  15.3192 
        static_anaglyph:core/mux                                 mgc_mux_30_1_2                                                                                     0.3690  15.6882 
        static_anaglyph:core/mux.itm                                                                                                                                0.0000  15.6882 
        static_anaglyph:core/reg(video_out:rsc:mgc_out_stdreg.d) mgc_reg_pos_30_1_0_0_0_1_1                                                                         0.0000  15.6882 
                                                                                                                                                                                    
      2                                                          static_anaglyph:core/reg(div:mgc_div.b)   static_anaglyph:core/reg(video_out:rsc:mgc_out_stdreg.d) 15.6882 4.3118  
                                                                                                                                                                                    
        Instance                                                 Component                                                                                          Delta   Delay   
        --------                                                 ---------                                                                                          -----   -----   
        static_anaglyph/div:mgc_div.b                                                                                                                               0.0000  0.0000  
        static_anaglyph/div:mgc_div                              mgc_div_10_10_0                                                                                    0.1732  0.1732  
        static_anaglyph/div:mgc_div.z                                                                                                                               0.0000  0.1732  
        static_anaglyph:core/div:mgc_div.z                                                                                                                          0.0000  0.1732  
        static_anaglyph:core/slc(div:mgc_div.z)                                                                                                                     0.0000  0.1732  
        static_anaglyph:core/slc(div:mgc_div.z).itm                                                                                                                 0.0000  0.1732  
        static_anaglyph:core/mux#1                               mgc_mux_8_1_2                                                                                      0.3690  0.5422  
        static_anaglyph:core/mux#1.itm                                                                                                                              0.0000  0.5422  
        static_anaglyph:core/not#12                              mgc_not_8                                                                                          0.0000  0.5422  
        static_anaglyph:core/not#12.itm                                                                                                                             0.0000  0.5422  
        static_anaglyph:core/acc#6                               mgc_add_8_0_8_1_9                                                                                  1.0006  1.5428  
        static_anaglyph:core/ac_int:cctor#1.sva                                                                                                                     0.0000  1.5428  
        static_anaglyph:core/slc(ac_int:cctor#1.sva)                                                                                                                0.0000  1.5428  
        static_anaglyph:core/slc(ac_int:cctor#1.sva).itm                                                                                                            0.0000  1.5428  
        static_anaglyph:core/mux#2                               mgc_mux_6_1_2                                                                                      0.3690  1.9118  
        static_anaglyph:core/shift#1.lpi.dfm:mx0                                                                                                                    0.0000  1.9118  
        static_anaglyph:core/conc#131                                                                                                                               0.0000  1.9118  
        static_anaglyph:core/conc#131.itm                                                                                                                           0.0000  1.9118  
        static_anaglyph:core/acc#19                              mgc_add_12_0_9_1_12                                                                                1.4394  3.3512  
        static_anaglyph:core/left_adjust.sg1.sva                                                                                                                    0.0000  3.3512  
        static_anaglyph:core/left_adjust:not                     mgc_not_12                                                                                         0.0000  3.3512  
        static_anaglyph:core/left_adjust:not.itm                                                                                                                    0.0000  3.3512  
        static_anaglyph:core/conc#132                                                                                                                               0.0000  3.3512  
        static_anaglyph:core/conc#132.itm                                                                                                                           0.0000  3.3512  
        static_anaglyph:core/acc#20                              mgc_add_13_0_10_1_13                                                                               1.5042  4.8555  
        static_anaglyph:core/acc#20.psp.sva                                                                                                                         0.0000  4.8555  
        static_anaglyph:core/right_adjust:exs                                                                                                                       0.0000  4.8555  
        static_anaglyph:core/right_adjust:exs.itm                                                                                                                   0.0000  4.8555  
        static_anaglyph:core/acc#17                              mgc_add_15_0_4_1_16                                                                                1.4847  6.3402  
        static_anaglyph:core/acc#17.itm                                                                                                                             0.0000  6.3402  
        static_anaglyph:core/conc#15                                                                                                                                0.0000  6.3402  
        static_anaglyph:core/conc#15.itm                                                                                                                            0.0000  6.3402  
        static_anaglyph:core/rshift#4.rg                         mgc_shift_r_630_0_17_10                                                                            8.9790  15.3192 
        static_anaglyph:core/rshift#4.itm                                                                                                                           0.0000  15.3192 
        static_anaglyph:core/conc#24                                                                                                                                0.0000  15.3192 
        static_anaglyph:core/conc#24.itm                                                                                                                            0.0000  15.3192 
        static_anaglyph:core/mux                                 mgc_mux_30_1_2                                                                                     0.3690  15.6882 
        static_anaglyph:core/mux.itm                                                                                                                                0.0000  15.6882 
        static_anaglyph:core/reg(video_out:rsc:mgc_out_stdreg.d) mgc_reg_pos_30_1_0_0_0_1_1                                                                         0.0000  15.6882 
                                                                                                                                                                                    
      3                                                          static_anaglyph:core/reg(div:mgc_div#1.b) static_anaglyph:core/reg(video_out:rsc:mgc_out_stdreg.d) 15.6882 4.3118  
                                                                                                                                                                                    
        Instance                                                 Component                                                                                          Delta   Delay   
        --------                                                 ---------                                                                                          -----   -----   
        static_anaglyph/div:mgc_div#1.b                                                                                                                             0.0000  0.0000  
        static_anaglyph/div:mgc_div#1                            mgc_div_10_10_0                                                                                    0.1732  0.1732  
        static_anaglyph/div:mgc_div#1.z                                                                                                                             0.0000  0.1732  
        static_anaglyph:core/div:mgc_div#1.z                                                                                                                        0.0000  0.1732  
        static_anaglyph:core/slc(div:mgc_div#1.z)                                                                                                                   0.0000  0.1732  
        static_anaglyph:core/slc(div:mgc_div#1.z).itm                                                                                                               0.0000  0.1732  
        static_anaglyph:core/mux#1                               mgc_mux_8_1_2                                                                                      0.3690  0.5422  
        static_anaglyph:core/mux#1.itm                                                                                                                              0.0000  0.5422  
        static_anaglyph:core/not#12                              mgc_not_8                                                                                          0.0000  0.5422  
        static_anaglyph:core/not#12.itm                                                                                                                             0.0000  0.5422  
        static_anaglyph:core/acc#6                               mgc_add_8_0_8_1_9                                                                                  1.0006  1.5428  
        static_anaglyph:core/ac_int:cctor#1.sva                                                                                                                     0.0000  1.5428  
        static_anaglyph:core/slc(ac_int:cctor#1.sva)                                                                                                                0.0000  1.5428  
        static_anaglyph:core/slc(ac_int:cctor#1.sva).itm                                                                                                            0.0000  1.5428  
        static_anaglyph:core/mux#2                               mgc_mux_6_1_2                                                                                      0.3690  1.9118  
        static_anaglyph:core/shift#1.lpi.dfm:mx0                                                                                                                    0.0000  1.9118  
        static_anaglyph:core/conc#131                                                                                                                               0.0000  1.9118  
        static_anaglyph:core/conc#131.itm                                                                                                                           0.0000  1.9118  
        static_anaglyph:core/acc#19                              mgc_add_12_0_9_1_12                                                                                1.4394  3.3512  
        static_anaglyph:core/left_adjust.sg1.sva                                                                                                                    0.0000  3.3512  
        static_anaglyph:core/left_adjust:not                     mgc_not_12                                                                                         0.0000  3.3512  
        static_anaglyph:core/left_adjust:not.itm                                                                                                                    0.0000  3.3512  
        static_anaglyph:core/conc#132                                                                                                                               0.0000  3.3512  
        static_anaglyph:core/conc#132.itm                                                                                                                           0.0000  3.3512  
        static_anaglyph:core/acc#20                              mgc_add_13_0_10_1_13                                                                               1.5042  4.8555  
        static_anaglyph:core/acc#20.psp.sva                                                                                                                         0.0000  4.8555  
        static_anaglyph:core/right_adjust:exs                                                                                                                       0.0000  4.8555  
        static_anaglyph:core/right_adjust:exs.itm                                                                                                                   0.0000  4.8555  
        static_anaglyph:core/acc#17                              mgc_add_15_0_4_1_16                                                                                1.4847  6.3402  
        static_anaglyph:core/acc#17.itm                                                                                                                             0.0000  6.3402  
        static_anaglyph:core/conc#15                                                                                                                                0.0000  6.3402  
        static_anaglyph:core/conc#15.itm                                                                                                                            0.0000  6.3402  
        static_anaglyph:core/rshift#4.rg                         mgc_shift_r_630_0_17_10                                                                            8.9790  15.3192 
        static_anaglyph:core/rshift#4.itm                                                                                                                           0.0000  15.3192 
        static_anaglyph:core/conc#24                                                                                                                                0.0000  15.3192 
        static_anaglyph:core/conc#24.itm                                                                                                                            0.0000  15.3192 
        static_anaglyph:core/mux                                 mgc_mux_30_1_2                                                                                     0.3690  15.6882 
        static_anaglyph:core/mux.itm                                                                                                                                0.0000  15.6882 
        static_anaglyph:core/reg(video_out:rsc:mgc_out_stdreg.d) mgc_reg_pos_30_1_0_0_0_1_1                                                                         0.0000  15.6882 
                                                                                                                                                                                    
      4                                                          static_anaglyph:core/reg(div:mgc_div.b)   static_anaglyph:core/reg(video_out:rsc:mgc_out_stdreg.d) 15.5817 4.4183  
                                                                                                                                                                                    
        Instance                                                 Component                                                                                          Delta   Delay   
        --------                                                 ---------                                                                                          -----   -----   
        static_anaglyph/div:mgc_div.b                                                                                                                               0.0000  0.0000  
        static_anaglyph/div:mgc_div                              mgc_div_10_10_0                                                                                    0.1732  0.1732  
        static_anaglyph/div:mgc_div.z                                                                                                                               0.0000  0.1732  
        static_anaglyph:core/div:mgc_div.z                                                                                                                          0.0000  0.1732  
        static_anaglyph:core/slc(div:mgc_div.z)                                                                                                                     0.0000  0.1732  
        static_anaglyph:core/slc(div:mgc_div.z).itm                                                                                                                 0.0000  0.1732  
        static_anaglyph:core/mux#1                               mgc_mux_8_1_2                                                                                      0.3690  0.5422  
        static_anaglyph:core/mux#1.itm                                                                                                                              0.0000  0.5422  
        static_anaglyph:core/not#12                              mgc_not_8                                                                                          0.0000  0.5422  
        static_anaglyph:core/not#12.itm                                                                                                                             0.0000  0.5422  
        static_anaglyph:core/acc#6                               mgc_add_8_0_8_1_9                                                                                  1.0006  1.5428  
        static_anaglyph:core/ac_int:cctor#1.sva                                                                                                                     0.0000  1.5428  
        static_anaglyph:core/slc(ac_int:cctor#1.sva)#1                                                                                                              0.0000  1.5428  
        static_anaglyph:core/slc(ac_int:cctor#1.sva)#1.itm                                                                                                          0.0000  1.5428  
        static_anaglyph:core/and                                 mgc_and_2_2                                                                                        0.2625  1.8054  
        static_anaglyph:core/shift.sg1.lpi.dfm                                                                                                                      0.0000  1.8054  
        static_anaglyph:core/conc#131                                                                                                                               0.0000  1.8054  
        static_anaglyph:core/conc#131.itm                                                                                                                           0.0000  1.8054  
        static_anaglyph:core/acc#19                              mgc_add_12_0_9_1_12                                                                                1.4394  3.2448  
        static_anaglyph:core/left_adjust.sg1.sva                                                                                                                    0.0000  3.2448  
        static_anaglyph:core/left_adjust:not                     mgc_not_12                                                                                         0.0000  3.2448  
        static_anaglyph:core/left_adjust:not.itm                                                                                                                    0.0000  3.2448  
        static_anaglyph:core/conc#132                                                                                                                               0.0000  3.2448  
        static_anaglyph:core/conc#132.itm                                                                                                                           0.0000  3.2448  
        static_anaglyph:core/acc#20                              mgc_add_13_0_10_1_13                                                                               1.5042  4.7490  
        static_anaglyph:core/acc#20.psp.sva                                                                                                                         0.0000  4.7490  
        static_anaglyph:core/right_adjust:exs                                                                                                                       0.0000  4.7490  
        static_anaglyph:core/right_adjust:exs.itm                                                                                                                   0.0000  4.7490  
        static_anaglyph:core/acc#17                              mgc_add_15_0_4_1_16                                                                                1.4847  6.2337  
        static_anaglyph:core/acc#17.itm                                                                                                                             0.0000  6.2337  
        static_anaglyph:core/conc#15                                                                                                                                0.0000  6.2337  
        static_anaglyph:core/conc#15.itm                                                                                                                            0.0000  6.2337  
        static_anaglyph:core/rshift#4.rg                         mgc_shift_r_630_0_17_10                                                                            8.9790  15.2128 
        static_anaglyph:core/rshift#4.itm                                                                                                                           0.0000  15.2128 
        static_anaglyph:core/conc#24                                                                                                                                0.0000  15.2128 
        static_anaglyph:core/conc#24.itm                                                                                                                            0.0000  15.2128 
        static_anaglyph:core/mux                                 mgc_mux_30_1_2                                                                                     0.3690  15.5817 
        static_anaglyph:core/mux.itm                                                                                                                                0.0000  15.5817 
        static_anaglyph:core/reg(video_out:rsc:mgc_out_stdreg.d) mgc_reg_pos_30_1_0_0_0_1_1                                                                         0.0000  15.5817 
                                                                                                                                                                                    
      5                                                          static_anaglyph:core/reg(div:mgc_div#1.b) static_anaglyph:core/reg(video_out:rsc:mgc_out_stdreg.d) 15.5817 4.4183  
                                                                                                                                                                                    
        Instance                                                 Component                                                                                          Delta   Delay   
        --------                                                 ---------                                                                                          -----   -----   
        static_anaglyph/div:mgc_div#1.b                                                                                                                             0.0000  0.0000  
        static_anaglyph/div:mgc_div#1                            mgc_div_10_10_0                                                                                    0.1732  0.1732  
        static_anaglyph/div:mgc_div#1.z                                                                                                                             0.0000  0.1732  
        static_anaglyph:core/div:mgc_div#1.z                                                                                                                        0.0000  0.1732  
        static_anaglyph:core/slc(div:mgc_div#1.z)                                                                                                                   0.0000  0.1732  
        static_anaglyph:core/slc(div:mgc_div#1.z).itm                                                                                                               0.0000  0.1732  
        static_anaglyph:core/mux#1                               mgc_mux_8_1_2                                                                                      0.3690  0.5422  
        static_anaglyph:core/mux#1.itm                                                                                                                              0.0000  0.5422  
        static_anaglyph:core/not#12                              mgc_not_8                                                                                          0.0000  0.5422  
        static_anaglyph:core/not#12.itm                                                                                                                             0.0000  0.5422  
        static_anaglyph:core/acc#6                               mgc_add_8_0_8_1_9                                                                                  1.0006  1.5428  
        static_anaglyph:core/ac_int:cctor#1.sva                                                                                                                     0.0000  1.5428  
        static_anaglyph:core/slc(ac_int:cctor#1.sva)#1                                                                                                              0.0000  1.5428  
        static_anaglyph:core/slc(ac_int:cctor#1.sva)#1.itm                                                                                                          0.0000  1.5428  
        static_anaglyph:core/and                                 mgc_and_2_2                                                                                        0.2625  1.8054  
        static_anaglyph:core/shift.sg1.lpi.dfm                                                                                                                      0.0000  1.8054  
        static_anaglyph:core/conc#131                                                                                                                               0.0000  1.8054  
        static_anaglyph:core/conc#131.itm                                                                                                                           0.0000  1.8054  
        static_anaglyph:core/acc#19                              mgc_add_12_0_9_1_12                                                                                1.4394  3.2448  
        static_anaglyph:core/left_adjust.sg1.sva                                                                                                                    0.0000  3.2448  
        static_anaglyph:core/left_adjust:not                     mgc_not_12                                                                                         0.0000  3.2448  
        static_anaglyph:core/left_adjust:not.itm                                                                                                                    0.0000  3.2448  
        static_anaglyph:core/conc#132                                                                                                                               0.0000  3.2448  
        static_anaglyph:core/conc#132.itm                                                                                                                           0.0000  3.2448  
        static_anaglyph:core/acc#20                              mgc_add_13_0_10_1_13                                                                               1.5042  4.7490  
        static_anaglyph:core/acc#20.psp.sva                                                                                                                         0.0000  4.7490  
        static_anaglyph:core/right_adjust:exs                                                                                                                       0.0000  4.7490  
        static_anaglyph:core/right_adjust:exs.itm                                                                                                                   0.0000  4.7490  
        static_anaglyph:core/acc#17                              mgc_add_15_0_4_1_16                                                                                1.4847  6.2337  
        static_anaglyph:core/acc#17.itm                                                                                                                             0.0000  6.2337  
        static_anaglyph:core/conc#15                                                                                                                                0.0000  6.2337  
        static_anaglyph:core/conc#15.itm                                                                                                                            0.0000  6.2337  
        static_anaglyph:core/rshift#4.rg                         mgc_shift_r_630_0_17_10                                                                            8.9790  15.2128 
        static_anaglyph:core/rshift#4.itm                                                                                                                           0.0000  15.2128 
        static_anaglyph:core/conc#24                                                                                                                                0.0000  15.2128 
        static_anaglyph:core/conc#24.itm                                                                                                                            0.0000  15.2128 
        static_anaglyph:core/mux                                 mgc_mux_30_1_2                                                                                     0.3690  15.5817 
        static_anaglyph:core/mux.itm                                                                                                                                0.0000  15.5817 
        static_anaglyph:core/reg(video_out:rsc:mgc_out_stdreg.d) mgc_reg_pos_30_1_0_0_0_1_1                                                                         0.0000  15.5817 
                                                                                                                                                                                    
      6                                                          static_anaglyph:core/reg(div:mgc_div.b)   static_anaglyph:core/reg(video_out:rsc:mgc_out_stdreg.d) 15.5817 4.4183  
                                                                                                                                                                                    
        Instance                                                 Component                                                                                          Delta   Delay   
        --------                                                 ---------                                                                                          -----   -----   
        static_anaglyph/div:mgc_div.b                                                                                                                               0.0000  0.0000  
        static_anaglyph/div:mgc_div                              mgc_div_10_10_0                                                                                    0.1732  0.1732  
        static_anaglyph/div:mgc_div.z                                                                                                                               0.0000  0.1732  
        static_anaglyph:core/div:mgc_div.z                                                                                                                          0.0000  0.1732  
        static_anaglyph:core/slc(div:mgc_div.z)                                                                                                                     0.0000  0.1732  
        static_anaglyph:core/slc(div:mgc_div.z).itm                                                                                                                 0.0000  0.1732  
        static_anaglyph:core/mux#1                               mgc_mux_8_1_2                                                                                      0.3690  0.5422  
        static_anaglyph:core/mux#1.itm                                                                                                                              0.0000  0.5422  
        static_anaglyph:core/not#12                              mgc_not_8                                                                                          0.0000  0.5422  
        static_anaglyph:core/not#12.itm                                                                                                                             0.0000  0.5422  
        static_anaglyph:core/acc#6                               mgc_add_8_0_8_1_9                                                                                  1.0006  1.5428  
        static_anaglyph:core/ac_int:cctor#1.sva                                                                                                                     0.0000  1.5428  
        static_anaglyph:core/slc(ac_int:cctor#1.sva)#1                                                                                                              0.0000  1.5428  
        static_anaglyph:core/slc(ac_int:cctor#1.sva)#1.itm                                                                                                          0.0000  1.5428  
        static_anaglyph:core/and                                 mgc_and_2_2                                                                                        0.2625  1.8054  
        static_anaglyph:core/shift.sg1.lpi.dfm                                                                                                                      0.0000  1.8054  
        static_anaglyph:core/shift:not                           mgc_not_2                                                                                          0.0000  1.8054  
        static_anaglyph:core/shift:not.itm                                                                                                                          0.0000  1.8054  
        static_anaglyph:core/conc#130                                                                                                                               0.0000  1.8054  
        static_anaglyph:core/conc#130.itm                                                                                                                           0.0000  1.8054  
        static_anaglyph:core/acc#19                              mgc_add_12_0_9_1_12                                                                                1.4394  3.2448  
        static_anaglyph:core/left_adjust.sg1.sva                                                                                                                    0.0000  3.2448  
        static_anaglyph:core/left_adjust:not                     mgc_not_12                                                                                         0.0000  3.2448  
        static_anaglyph:core/left_adjust:not.itm                                                                                                                    0.0000  3.2448  
        static_anaglyph:core/conc#132                                                                                                                               0.0000  3.2448  
        static_anaglyph:core/conc#132.itm                                                                                                                           0.0000  3.2448  
        static_anaglyph:core/acc#20                              mgc_add_13_0_10_1_13                                                                               1.5042  4.7490  
        static_anaglyph:core/acc#20.psp.sva                                                                                                                         0.0000  4.7490  
        static_anaglyph:core/right_adjust:exs                                                                                                                       0.0000  4.7490  
        static_anaglyph:core/right_adjust:exs.itm                                                                                                                   0.0000  4.7490  
        static_anaglyph:core/acc#17                              mgc_add_15_0_4_1_16                                                                                1.4847  6.2337  
        static_anaglyph:core/acc#17.itm                                                                                                                             0.0000  6.2337  
        static_anaglyph:core/conc#15                                                                                                                                0.0000  6.2337  
        static_anaglyph:core/conc#15.itm                                                                                                                            0.0000  6.2337  
        static_anaglyph:core/rshift#4.rg                         mgc_shift_r_630_0_17_10                                                                            8.9790  15.2128 
        static_anaglyph:core/rshift#4.itm                                                                                                                           0.0000  15.2128 
        static_anaglyph:core/conc#24                                                                                                                                0.0000  15.2128 
        static_anaglyph:core/conc#24.itm                                                                                                                            0.0000  15.2128 
        static_anaglyph:core/mux                                 mgc_mux_30_1_2                                                                                     0.3690  15.5817 
        static_anaglyph:core/mux.itm                                                                                                                                0.0000  15.5817 
        static_anaglyph:core/reg(video_out:rsc:mgc_out_stdreg.d) mgc_reg_pos_30_1_0_0_0_1_1                                                                         0.0000  15.5817 
                                                                                                                                                                                    
      7                                                          static_anaglyph:core/reg(div:mgc_div#1.b) static_anaglyph:core/reg(video_out:rsc:mgc_out_stdreg.d) 15.5817 4.4183  
                                                                                                                                                                                    
        Instance                                                 Component                                                                                          Delta   Delay   
        --------                                                 ---------                                                                                          -----   -----   
        static_anaglyph/div:mgc_div#1.b                                                                                                                             0.0000  0.0000  
        static_anaglyph/div:mgc_div#1                            mgc_div_10_10_0                                                                                    0.1732  0.1732  
        static_anaglyph/div:mgc_div#1.z                                                                                                                             0.0000  0.1732  
        static_anaglyph:core/div:mgc_div#1.z                                                                                                                        0.0000  0.1732  
        static_anaglyph:core/slc(div:mgc_div#1.z)                                                                                                                   0.0000  0.1732  
        static_anaglyph:core/slc(div:mgc_div#1.z).itm                                                                                                               0.0000  0.1732  
        static_anaglyph:core/mux#1                               mgc_mux_8_1_2                                                                                      0.3690  0.5422  
        static_anaglyph:core/mux#1.itm                                                                                                                              0.0000  0.5422  
        static_anaglyph:core/not#12                              mgc_not_8                                                                                          0.0000  0.5422  
        static_anaglyph:core/not#12.itm                                                                                                                             0.0000  0.5422  
        static_anaglyph:core/acc#6                               mgc_add_8_0_8_1_9                                                                                  1.0006  1.5428  
        static_anaglyph:core/ac_int:cctor#1.sva                                                                                                                     0.0000  1.5428  
        static_anaglyph:core/slc(ac_int:cctor#1.sva)#1                                                                                                              0.0000  1.5428  
        static_anaglyph:core/slc(ac_int:cctor#1.sva)#1.itm                                                                                                          0.0000  1.5428  
        static_anaglyph:core/and                                 mgc_and_2_2                                                                                        0.2625  1.8054  
        static_anaglyph:core/shift.sg1.lpi.dfm                                                                                                                      0.0000  1.8054  
        static_anaglyph:core/shift:not                           mgc_not_2                                                                                          0.0000  1.8054  
        static_anaglyph:core/shift:not.itm                                                                                                                          0.0000  1.8054  
        static_anaglyph:core/conc#130                                                                                                                               0.0000  1.8054  
        static_anaglyph:core/conc#130.itm                                                                                                                           0.0000  1.8054  
        static_anaglyph:core/acc#19                              mgc_add_12_0_9_1_12                                                                                1.4394  3.2448  
        static_anaglyph:core/left_adjust.sg1.sva                                                                                                                    0.0000  3.2448  
        static_anaglyph:core/left_adjust:not                     mgc_not_12                                                                                         0.0000  3.2448  
        static_anaglyph:core/left_adjust:not.itm                                                                                                                    0.0000  3.2448  
        static_anaglyph:core/conc#132                                                                                                                               0.0000  3.2448  
        static_anaglyph:core/conc#132.itm                                                                                                                           0.0000  3.2448  
        static_anaglyph:core/acc#20                              mgc_add_13_0_10_1_13                                                                               1.5042  4.7490  
        static_anaglyph:core/acc#20.psp.sva                                                                                                                         0.0000  4.7490  
        static_anaglyph:core/right_adjust:exs                                                                                                                       0.0000  4.7490  
        static_anaglyph:core/right_adjust:exs.itm                                                                                                                   0.0000  4.7490  
        static_anaglyph:core/acc#17                              mgc_add_15_0_4_1_16                                                                                1.4847  6.2337  
        static_anaglyph:core/acc#17.itm                                                                                                                             0.0000  6.2337  
        static_anaglyph:core/conc#15                                                                                                                                0.0000  6.2337  
        static_anaglyph:core/conc#15.itm                                                                                                                            0.0000  6.2337  
        static_anaglyph:core/rshift#4.rg                         mgc_shift_r_630_0_17_10                                                                            8.9790  15.2128 
        static_anaglyph:core/rshift#4.itm                                                                                                                           0.0000  15.2128 
        static_anaglyph:core/conc#24                                                                                                                                0.0000  15.2128 
        static_anaglyph:core/conc#24.itm                                                                                                                            0.0000  15.2128 
        static_anaglyph:core/mux                                 mgc_mux_30_1_2                                                                                     0.3690  15.5817 
        static_anaglyph:core/mux.itm                                                                                                                                0.0000  15.5817 
        static_anaglyph:core/reg(video_out:rsc:mgc_out_stdreg.d) mgc_reg_pos_30_1_0_0_0_1_1                                                                         0.0000  15.5817 
                                                                                                                                                                                    
      8                                                          static_anaglyph:core/reg(div.2cyc.st#2)   static_anaglyph:core/reg(video_out:rsc:mgc_out_stdreg.d) 15.4085 4.5915  
                                                                                                                                                                                    
        Instance                                                 Component                                                                                          Delta   Delay   
        --------                                                 ---------                                                                                          -----   -----   
        static_anaglyph:core/reg(div.2cyc.st#2)                  mgc_reg_pos_1_1_0_0_0_1_1                                                                          0.0000  0.0000  
        static_anaglyph:core/div.2cyc.st#2                                                                                                                          0.0000  0.0000  
        static_anaglyph:core/mux#1                               mgc_mux_8_1_2                                                                                      0.3690  0.3690  
        static_anaglyph:core/mux#1.itm                                                                                                                              0.0000  0.3690  
        static_anaglyph:core/not#12                              mgc_not_8                                                                                          0.0000  0.3690  
        static_anaglyph:core/not#12.itm                                                                                                                             0.0000  0.3690  
        static_anaglyph:core/acc#6                               mgc_add_8_0_8_1_9                                                                                  1.0006  1.3696  
        static_anaglyph:core/ac_int:cctor#1.sva                                                                                                                     0.0000  1.3696  
        static_anaglyph:core/slc(ac_int:cctor#1.sva)#1                                                                                                              0.0000  1.3696  
        static_anaglyph:core/slc(ac_int:cctor#1.sva)#1.itm                                                                                                          0.0000  1.3696  
        static_anaglyph:core/and                                 mgc_and_2_2                                                                                        0.2625  1.6321  
        static_anaglyph:core/shift.sg1.lpi.dfm                                                                                                                      0.0000  1.6321  
        static_anaglyph:core/shift:not                           mgc_not_2                                                                                          0.0000  1.6321  
        static_anaglyph:core/shift:not.itm                                                                                                                          0.0000  1.6321  
        static_anaglyph:core/conc#130                                                                                                                               0.0000  1.6321  
        static_anaglyph:core/conc#130.itm                                                                                                                           0.0000  1.6321  
        static_anaglyph:core/acc#19                              mgc_add_12_0_9_1_12                                                                                1.4394  3.0715  
        static_anaglyph:core/left_adjust.sg1.sva                                                                                                                    0.0000  3.0715  
        static_anaglyph:core/left_adjust:not                     mgc_not_12                                                                                         0.0000  3.0715  
        static_anaglyph:core/left_adjust:not.itm                                                                                                                    0.0000  3.0715  
        static_anaglyph:core/conc#132                                                                                                                               0.0000  3.0715  
        static_anaglyph:core/conc#132.itm                                                                                                                           0.0000  3.0715  
        static_anaglyph:core/acc#20                              mgc_add_13_0_10_1_13                                                                               1.5042  4.5758  
        static_anaglyph:core/acc#20.psp.sva                                                                                                                         0.0000  4.5758  
        static_anaglyph:core/right_adjust:exs                                                                                                                       0.0000  4.5758  
        static_anaglyph:core/right_adjust:exs.itm                                                                                                                   0.0000  4.5758  
        static_anaglyph:core/acc#17                              mgc_add_15_0_4_1_16                                                                                1.4847  6.0605  
        static_anaglyph:core/acc#17.itm                                                                                                                             0.0000  6.0605  
        static_anaglyph:core/conc#15                                                                                                                                0.0000  6.0605  
        static_anaglyph:core/conc#15.itm                                                                                                                            0.0000  6.0605  
        static_anaglyph:core/rshift#4.rg                         mgc_shift_r_630_0_17_10                                                                            8.9790  15.0395 
        static_anaglyph:core/rshift#4.itm                                                                                                                           0.0000  15.0395 
        static_anaglyph:core/conc#24                                                                                                                                0.0000  15.0395 
        static_anaglyph:core/conc#24.itm                                                                                                                            0.0000  15.0395 
        static_anaglyph:core/mux                                 mgc_mux_30_1_2                                                                                     0.3690  15.4085 
        static_anaglyph:core/mux.itm                                                                                                                                0.0000  15.4085 
        static_anaglyph:core/reg(video_out:rsc:mgc_out_stdreg.d) mgc_reg_pos_30_1_0_0_0_1_1                                                                         0.0000  15.4085 
                                                                                                                                                                                    
      9                                                          static_anaglyph:core/reg(div:mgc_div.b)   static_anaglyph:core/reg(video_out:rsc:mgc_out_stdreg.d) 15.2199 4.7801  
                                                                                                                                                                                    
        Instance                                                 Component                                                                                          Delta   Delay   
        --------                                                 ---------                                                                                          -----   -----   
        static_anaglyph/div:mgc_div.b                                                                                                                               0.0000  0.0000  
        static_anaglyph/div:mgc_div                              mgc_div_10_10_0                                                                                    0.1732  0.1732  
        static_anaglyph/div:mgc_div.z                                                                                                                               0.0000  0.1732  
        static_anaglyph:core/div:mgc_div.z                                                                                                                          0.0000  0.1732  
        static_anaglyph:core/slc(div:mgc_div.z)                                                                                                                     0.0000  0.1732  
        static_anaglyph:core/slc(div:mgc_div.z).itm                                                                                                                 0.0000  0.1732  
        static_anaglyph:core/mux#1                               mgc_mux_8_1_2                                                                                      0.3690  0.5422  
        static_anaglyph:core/mux#1.itm                                                                                                                              0.0000  0.5422  
        static_anaglyph:core/not#12                              mgc_not_8                                                                                          0.0000  0.5422  
        static_anaglyph:core/not#12.itm                                                                                                                             0.0000  0.5422  
        static_anaglyph:core/acc#6                               mgc_add_8_0_8_1_9                                                                                  1.0006  1.5428  
        static_anaglyph:core/ac_int:cctor#1.sva                                                                                                                     0.0000  1.5428  
        static_anaglyph:core/slc(ac_int:cctor#1.sva)                                                                                                                0.0000  1.5428  
        static_anaglyph:core/slc(ac_int:cctor#1.sva).itm                                                                                                            0.0000  1.5428  
        static_anaglyph:core/mux#2                               mgc_mux_6_1_2                                                                                      0.3690  1.9118  
        static_anaglyph:core/shift#1.lpi.dfm:mx0                                                                                                                    0.0000  1.9118  
        static_anaglyph:core/shift:not#1                         mgc_not_6                                                                                          0.0000  1.9118  
        static_anaglyph:core/shift:not#1.itm                                                                                                                        0.0000  1.9118  
        static_anaglyph:core/conc#130                                                                                                                               0.0000  1.9118  
        static_anaglyph:core/conc#130.itm                                                                                                                           0.0000  1.9118  
        static_anaglyph:core/acc#19                              mgc_add_12_0_9_1_12                                                                                1.4394  3.3512  
        static_anaglyph:core/left_adjust.sg1.sva                                                                                                                    0.0000  3.3512  
        static_anaglyph:core/left_adjust:not                     mgc_not_12                                                                                         0.0000  3.3512  
        static_anaglyph:core/left_adjust:not.itm                                                                                                                    0.0000  3.3512  
        static_anaglyph:core/conc#132                                                                                                                               0.0000  3.3512  
        static_anaglyph:core/conc#132.itm                                                                                                                           0.0000  3.3512  
        static_anaglyph:core/acc#20                              mgc_add_13_0_10_1_13                                                                               1.5042  4.8555  
        static_anaglyph:core/acc#20.psp.sva                                                                                                                         0.0000  4.8555  
        static_anaglyph:core/conc                                                                                                                                   0.0000  4.8555  
        static_anaglyph:core/conc.itm                                                                                                                               0.0000  4.8555  
        static_anaglyph:core/exs#5                                                                                                                                  0.0000  4.8555  
        static_anaglyph:core/exs#5.itm                                                                                                                              0.0000  4.8555  
        static_anaglyph:core/rshift#5.rg                         mgc_shift_r_630_0_16_10                                                                            8.6940  13.5495 
        static_anaglyph:core/rshift#5.itm                                                                                                                           0.0000  13.5495 
        static_anaglyph:core/acc#18                              mgc_add_10_0_10_0_11                                                                               1.3014  14.8509 
        static_anaglyph:core/acc#18.itm                                                                                                                             0.0000  14.8509 
        static_anaglyph:core/slc#1                                                                                                                                  0.0000  14.8509 
        static_anaglyph:core/slc#1.itm                                                                                                                              0.0000  14.8509 
        static_anaglyph:core/conc#24                                                                                                                                0.0000  14.8509 
        static_anaglyph:core/conc#24.itm                                                                                                                            0.0000  14.8509 
        static_anaglyph:core/mux                                 mgc_mux_30_1_2                                                                                     0.3690  15.2199 
        static_anaglyph:core/mux.itm                                                                                                                                0.0000  15.2199 
        static_anaglyph:core/reg(video_out:rsc:mgc_out_stdreg.d) mgc_reg_pos_30_1_0_0_0_1_1                                                                         0.0000  15.2199 
                                                                                                                                                                                    
      10                                                         static_anaglyph:core/reg(div:mgc_div.b)   static_anaglyph:core/reg(video_out:rsc:mgc_out_stdreg.d) 15.2199 4.7801  
                                                                                                                                                                                    
        Instance                                                 Component                                                                                          Delta   Delay   
        --------                                                 ---------                                                                                          -----   -----   
        static_anaglyph/div:mgc_div.b                                                                                                                               0.0000  0.0000  
        static_anaglyph/div:mgc_div                              mgc_div_10_10_0                                                                                    0.1732  0.1732  
        static_anaglyph/div:mgc_div.z                                                                                                                               0.0000  0.1732  
        static_anaglyph:core/div:mgc_div.z                                                                                                                          0.0000  0.1732  
        static_anaglyph:core/slc(div:mgc_div.z)                                                                                                                     0.0000  0.1732  
        static_anaglyph:core/slc(div:mgc_div.z).itm                                                                                                                 0.0000  0.1732  
        static_anaglyph:core/mux#1                               mgc_mux_8_1_2                                                                                      0.3690  0.5422  
        static_anaglyph:core/mux#1.itm                                                                                                                              0.0000  0.5422  
        static_anaglyph:core/not#12                              mgc_not_8                                                                                          0.0000  0.5422  
        static_anaglyph:core/not#12.itm                                                                                                                             0.0000  0.5422  
        static_anaglyph:core/acc#6                               mgc_add_8_0_8_1_9                                                                                  1.0006  1.5428  
        static_anaglyph:core/ac_int:cctor#1.sva                                                                                                                     0.0000  1.5428  
        static_anaglyph:core/slc(ac_int:cctor#1.sva)                                                                                                                0.0000  1.5428  
        static_anaglyph:core/slc(ac_int:cctor#1.sva).itm                                                                                                            0.0000  1.5428  
        static_anaglyph:core/mux#2                               mgc_mux_6_1_2                                                                                      0.3690  1.9118  
        static_anaglyph:core/shift#1.lpi.dfm:mx0                                                                                                                    0.0000  1.9118  
        static_anaglyph:core/conc#131                                                                                                                               0.0000  1.9118  
        static_anaglyph:core/conc#131.itm                                                                                                                           0.0000  1.9118  
        static_anaglyph:core/acc#19                              mgc_add_12_0_9_1_12                                                                                1.4394  3.3512  
        static_anaglyph:core/left_adjust.sg1.sva                                                                                                                    0.0000  3.3512  
        static_anaglyph:core/left_adjust:not                     mgc_not_12                                                                                         0.0000  3.3512  
        static_anaglyph:core/left_adjust:not.itm                                                                                                                    0.0000  3.3512  
        static_anaglyph:core/conc#132                                                                                                                               0.0000  3.3512  
        static_anaglyph:core/conc#132.itm                                                                                                                           0.0000  3.3512  
        static_anaglyph:core/acc#20                              mgc_add_13_0_10_1_13                                                                               1.5042  4.8555  
        static_anaglyph:core/acc#20.psp.sva                                                                                                                         0.0000  4.8555  
        static_anaglyph:core/conc                                                                                                                                   0.0000  4.8555  
        static_anaglyph:core/conc.itm                                                                                                                               0.0000  4.8555  
        static_anaglyph:core/exs#5                                                                                                                                  0.0000  4.8555  
        static_anaglyph:core/exs#5.itm                                                                                                                              0.0000  4.8555  
        static_anaglyph:core/rshift#5.rg                         mgc_shift_r_630_0_16_10                                                                            8.6940  13.5495 
        static_anaglyph:core/rshift#5.itm                                                                                                                           0.0000  13.5495 
        static_anaglyph:core/acc#18                              mgc_add_10_0_10_0_11                                                                               1.3014  14.8509 
        static_anaglyph:core/acc#18.itm                                                                                                                             0.0000  14.8509 
        static_anaglyph:core/slc#1                                                                                                                                  0.0000  14.8509 
        static_anaglyph:core/slc#1.itm                                                                                                                              0.0000  14.8509 
        static_anaglyph:core/conc#24                                                                                                                                0.0000  14.8509 
        static_anaglyph:core/conc#24.itm                                                                                                                            0.0000  14.8509 
        static_anaglyph:core/mux                                 mgc_mux_30_1_2                                                                                     0.3690  15.2199 
        static_anaglyph:core/mux.itm                                                                                                                                0.0000  15.2199 
        static_anaglyph:core/reg(video_out:rsc:mgc_out_stdreg.d) mgc_reg_pos_30_1_0_0_0_1_1                                                                         0.0000  15.2199 
                                                                                                                                                                                    
      
    Register Input and Register-to-Output Slack
      Clock period or pin-to-reg delay constraint (clk): 20.0
      Clock uncertainty constraint (clk)               : 0.0
      
      Instance                                                    Port                                Slack (Delay) Messages 
      ----------------------------------------------------------- --------------------------------- ------- ------- --------
      static_anaglyph:core/reg(video_out:rsc:mgc_out_stdreg.d)    mux.itm                            4.3118 15.6882          
      static_anaglyph:core/reg(io_read(video_in:rsc.d).cse.sva#2) io_read(video_in:rsc.d).cse.sva#1 20.0000  0.0000          
      static_anaglyph:core/reg(shift#1.sva#2)                     if:acc#2.itm                      18.9728  1.0272          
      static_anaglyph:core/reg(slc.svs#2)                         slc.svs.st#1                      20.0000  0.0000          
      static_anaglyph:core/reg(div.2cyc.st#2)                     div.2cyc.st#1                     19.6310  0.3690          
      static_anaglyph:core/reg(div:mgc_div#1.b)                   mux#3.itm                          8.1053 11.8947          
      static_anaglyph:core/reg(div:mgc_div.b)                     mux#4.itm                          8.1053 11.8947          
      static_anaglyph:core/reg(acc#5.cse.sva.mut#3)               acc#5.cse.sva                      5.3319 14.6681          
      static_anaglyph:core/reg(slc.svs.st#1)                      slc.itm                           18.6281  1.3719          
      static_anaglyph:core/reg(div.2cyc.st#1)                     not#23.itm                        20.0000  0.0000          
      static_anaglyph:core/reg(main.stage_0#2)                    C4194303_22#1                     20.0000  0.0000          
      static_anaglyph:core/reg(main.stage_0#3)                    main.stage_0#2                    20.0000  0.0000          
      static_anaglyph:core/reg(if:acc#3.itm#1)                    if:acc#3.itm                       5.3319 14.6681          
      static_anaglyph:core/reg(if:slc(conc.idiv)#5.itm#1)         slc(if:acc.psp.sva).itm            7.3335 12.6665          
      static_anaglyph:core/reg(io_read(video_in:rsc.d).cse.sva#1) video_in:rsc:mgc_in_wire.d         5.3319 14.6681          
      static_anaglyph                                             video_out:rsc.z                   20.0000  0.0000          
      
  Operator Bitwidth Summary
    Operation  Size (bits) Count 
    ---------- ----------- -----
    add                          
    -                   16     1 
    -                   13     1 
    -                   12     2 
    -                   11     7 
    -                   10     2 
    -                    9     3 
    -                    8     1 
    -                    7     2 
    -                    6     1 
    -                    5     1 
    -                    4     3 
    -                    3     4 
    -                    2     4 
    and                          
    -                    2     1 
    div                          
    -             74644044     2 
    mux                          
    -                    1     5 
    not                          
    -                   12     1 
    -                   10     1 
    -                    8     1 
    -                    6     1 
    -                    2     1 
    -                    1    16 
    read_port                    
    -                  630     1 
    -                   10     1 
    reg                          
    -                  630     2 
    -                   30     1 
    -                   10     3 
    -                    6     2 
    -                    2     1 
    -                    1     6 
    rshift                       
    -             52811423     1 
    -             52810786     2 
    -             52809924     1 
    write_port                   
    -                   30     1 
    
  End of Report
