-- Catapult University Version: Report                                              
-- ---------------------------- ---------------------------------------------------
-- Version:                     2011a.126 Production Release                        
-- Build Date:                  Wed Aug  8 00:52:07 PDT 2012                        
                                                                                    
-- Generated by:                jb914@EEWS104A-014                                  
-- Generated date:              Wed May 06 13:12:54 +0100 2015                      

Solution Settings: red_tint.v13
  Current state: extract
  Project: MouseTintRed
  
  Design Input Files Specified
    $PROJECT_HOME/edge.h
      $MGC_HOME/shared/include/ac_int.h
    $PROJECT_HOME/MouseTintRed.c
      $MGC_HOME/shared/include/ac_fixed.h
        $MGC_HOME/shared/include/ac_int.h
      $PROJECT_HOME/edge.h
      $PROJECT_HOME/shift_class.h
    $PROJECT_HOME/shift_class.h
  
  Processes/Blocks in Design
    Process        Real Operation(s) count Latency Throughput Reset Length II Comments 
    -------------- ----------------------- ------- ---------- ------------ -- --------
    /red_tint/core                      34       1          1            0  1          
    Design Total:                       34       1          1            0  1          
    
  Bill Of Materials (Datapath)
    Component Name                          Area Score Area(LUTs) Delay Post Alloc Post Assign 
    --------------------------------------- ---------- ---------- ----- ---------- -----------
    [Lib: mgc_Altera-Cyclone-III-6_beh_psr]                                                    
    mgc_add(8,0,4,1,9)                           9.000      9.000 1.009          1           1 
    mgc_add(9,0,9,1,11)                         10.000     10.000 0.908          3           3 
    mgc_and(1,2)                                 0.730      0.730 0.263          0           3 
    mgc_and(10,2)                                7.298      7.298 0.263          2           0 
    mgc_and(10,3)                               10.545     10.545 0.416          0           1 
    mgc_and(2,2)                                 1.460      1.460 0.263          4           1 
    mgc_and(2,3)                                 2.109      2.109 0.416          0           1 
    mgc_and(8,2)                                 5.839      5.839 0.263          4           1 
    mgc_and(8,3)                                 8.436      8.436 0.416          0           1 
    mgc_mux(1,1,2)                               0.919      0.919 0.369          0           1 
    mgc_mux(2,1,2)                               1.839      1.839 0.369          2           2 
    mgc_mux(8,1,2)                               7.355      7.355 0.369          2           2 
    mgc_nor(1,2)                                 0.730      0.730 0.263          0           3 
    mgc_not(1)                                   0.000      0.000 0.000          0          12 
    mgc_not(8)                                   0.000      0.000 0.000          0           3 
    mgc_or(1,2)                                  0.730      0.730 0.268          0           1 
    mgc_reg_pos(1,1,0,0,0,1,1)                   0.000      0.000 0.000          0           1 
    mgc_reg_pos(10,1,0,0,0,1,1)                  0.000      0.000 0.000          0           1 
    mgc_reg_pos(2,1,0,0,0,1,1)                   0.000      0.000 0.000          0           2 
    mgc_reg_pos(8,1,0,0,0,1,1)                   0.000      0.000 0.000          0           2 
    [Lib: mgc_ioport]                                                                          
    mgc_in_wire(1,30)                            0.000      0.000 0.000          1           1 
    mgc_in_wire(3,20)                            0.000      0.000 0.000          1           1 
    mgc_out_stdreg(2,30)                         0.000      0.000 0.000          1           1 
                                                                                               
    TOTAL AREA (After Assignment):              91.805     92.000                              
    
  Area Scores
                      Post-Scheduling Post-DP & FSM Post-Assignment 
    ----------------- --------------- ------------- ---------------
    Total Area Score:    101.2          85.3            91.8        
    Total Reg:             0.0           0.0             0.0        
                                                                    
    DataPath:            101.2 (100%)   85.3 (100%)     91.8 (100%) 
      MUX:                18.4  (18%)   19.3  (23%)     19.3  (21%) 
      FUNC:               39.0  (39%)   39.0  (46%)     39.0  (42%) 
      LOGIC:              43.8  (43%)   27.0  (32%)     33.5  (36%) 
      BUFFER:              0.0           0.0             0.0        
      MEM:                 0.0           0.0             0.0        
      ROM:                 0.0           0.0             0.0        
      REG:                 0.0           0.0             0.0        
                                                                    
    
    FSM:                   0.0           0.0             0.0        
      FSM-REG:             0.0           0.0             0.0        
      FSM-COMB:            0.0           0.0             0.0        
                                                                    
    
  Register-to-Variable Mappings
    Register                                  Size(bits) Gated Register CG Opt Done Variables                                             
    ----------------------------------------- ---------- -------------- ----------- -----------------------------------------------------
    reg(video_out:rsc:mgc_out_stdreg.d).tmp           10         Y                  reg(video_out:rsc:mgc_out_stdreg.d).tmp               
    reg(video_out:rsc:mgc_out_stdreg.d).tmp#1          8         Y                  reg(video_out:rsc:mgc_out_stdreg.d).tmp#1             
    reg(video_out:rsc:mgc_out_stdreg.d).tmp#3          8         Y                  reg(video_out:rsc:mgc_out_stdreg.d).tmp#3             
    reg(video_out:rsc:mgc_out_stdreg.d).tmp#2          2         Y                  reg(video_out:rsc:mgc_out_stdreg.d).tmp#2             
    reg(video_out:rsc:mgc_out_stdreg.d).tmp#4          2         Y                  reg(video_out:rsc:mgc_out_stdreg.d).tmp#4             
    else:slc.svs                                       1         Y                  else:slc.svs                                          
                                                                                                                                          
    Total:                                            31             31           0 (Total Gating Ratio: 1.00, CG Opt Gating Ratio: 0.00) 
    
  Timing Report
    Critical Path
      Max Delay:  2.8026180000000003
      Slack:      34.234419036999995
      
      Path                                                  Startpoint                               Endpoint                                            Delay  Slack   
      ----------------------------------------------------- ---------------------------------------- --------------------------------------------------- ------ -------
      1                                                     red_tint:core/mouse_xy:rsc:mgc_in_wire.d red_tint:core/reg(video_out:rsc:mgc_out_stdreg.d)#3 2.8026 34.2344 
                                                                                                                                                                        
        Instance                                            Component                                                                                    Delta  Delay   
        --------                                            ---------                                                                                    -----  -----   
        red_tint:core/mouse_xy:rsc:mgc_in_wire.d                                                                                                         0.0000 0.0000  
        red_tint:core/slc#4                                                                                                                              0.0000 0.0000  
        red_tint:core/slc#4.itm                                                                                                                          0.0000 0.0000  
        red_tint:core/acc                                   mgc_add_8_0_4_1_9                                                                            1.0093 1.0093  
        red_tint:core/acc.itm                                                                                                                            0.0000 1.0093  
        red_tint:core/slc#25                                                                                                                             0.0000 1.0093  
        red_tint:core/slc#25.itm                                                                                                                         0.0000 1.0093  
        red_tint:core/mux#2                                 mgc_mux_1_1_2                                                                                0.3690 1.3782  
        red_tint:core/else:slc.svs:mx0                                                                                                                   0.0000 1.3782  
        red_tint:core/not#37                                mgc_not_1                                                                                    0.0000 1.3782  
        red_tint:core/not#37.itm                                                                                                                         0.0000 1.3782  
        red_tint:core/and#3                                 mgc_and_1_2                                                                                  0.2625 1.6408  
        red_tint:core/and#3.itm                                                                                                                          0.0000 1.6408  
        red_tint:core/or                                    mgc_or_1_2                                                                                   0.2679 1.9086  
        red_tint:core/or.tmp                                                                                                                             0.0000 1.9086  
        red_tint:core/not#39                                mgc_not_1                                                                                    0.0000 1.9086  
        red_tint:core/not#39.itm                                                                                                                         0.0000 1.9086  
        red_tint:core/and#7                                 mgc_and_1_2                                                                                  0.2625 2.1711  
        red_tint:core/and#7.itm                                                                                                                          0.0000 2.1711  
        red_tint:core/mux#4                                 mgc_mux_8_1_2                                                                                0.3690 2.5401  
        red_tint:core/mux#4.itm                                                                                                                          0.0000 2.5401  
        red_tint:core/and#6                                 mgc_and_8_2                                                                                  0.2625 2.8026  
        red_tint:core/and#6.itm                                                                                                                          0.0000 2.8026  
        red_tint:core/reg(video_out:rsc:mgc_out_stdreg.d)#3 mgc_reg_pos_8_1_0_0_0_1_1                                                                    0.0000 2.8026  
                                                                                                                                                                        
      2                                                     red_tint:core/mouse_xy:rsc:mgc_in_wire.d red_tint:core/reg(video_out:rsc:mgc_out_stdreg.d)#3 2.7015 34.3356 
                                                                                                                                                                        
        Instance                                            Component                                                                                    Delta  Delay   
        --------                                            ---------                                                                                    -----  -----   
        red_tint:core/mouse_xy:rsc:mgc_in_wire.d                                                                                                         0.0000 0.0000  
        red_tint:core/slc#16                                                                                                                             0.0000 0.0000  
        red_tint:core/slc#16.itm                                                                                                                         0.0000 0.0000  
        red_tint:core/else:not                              mgc_not_8                                                                                    0.0000 0.0000  
        red_tint:core/else:not.itm                                                                                                                       0.0000 0.0000  
        red_tint:core/conc#18                                                                                                                            0.0000 0.0000  
        red_tint:core/conc#18.itm                                                                                                                        0.0000 0.0000  
        red_tint:core/else:acc                              mgc_add_9_0_9_1_11                                                                           0.9081 0.9081  
        red_tint:core/else:acc.itm                                                                                                                       0.0000 0.9081  
        red_tint:core/else:slc                                                                                                                           0.0000 0.9081  
        red_tint:core/else:slc.svs:mx0w0                                                                                                                 0.0000 0.9081  
        red_tint:core/mux#2                                 mgc_mux_1_1_2                                                                                0.3690 1.2771  
        red_tint:core/else:slc.svs:mx0                                                                                                                   0.0000 1.2771  
        red_tint:core/not#37                                mgc_not_1                                                                                    0.0000 1.2771  
        red_tint:core/not#37.itm                                                                                                                         0.0000 1.2771  
        red_tint:core/and#3                                 mgc_and_1_2                                                                                  0.2625 1.5396  
        red_tint:core/and#3.itm                                                                                                                          0.0000 1.5396  
        red_tint:core/or                                    mgc_or_1_2                                                                                   0.2679 1.8075  
        red_tint:core/or.tmp                                                                                                                             0.0000 1.8075  
        red_tint:core/not#39                                mgc_not_1                                                                                    0.0000 1.8075  
        red_tint:core/not#39.itm                                                                                                                         0.0000 1.8075  
        red_tint:core/and#7                                 mgc_and_1_2                                                                                  0.2625 2.0700  
        red_tint:core/and#7.itm                                                                                                                          0.0000 2.0700  
        red_tint:core/mux#4                                 mgc_mux_8_1_2                                                                                0.3690 2.4390  
        red_tint:core/mux#4.itm                                                                                                                          0.0000 2.4390  
        red_tint:core/and#6                                 mgc_and_8_2                                                                                  0.2625 2.7015  
        red_tint:core/and#6.itm                                                                                                                          0.0000 2.7015  
        red_tint:core/reg(video_out:rsc:mgc_out_stdreg.d)#3 mgc_reg_pos_8_1_0_0_0_1_1                                                                    0.0000 2.7015  
                                                                                                                                                                        
      3                                                     red_tint:core/mouse_xy:rsc:mgc_in_wire.d red_tint:core/reg(video_out:rsc:mgc_out_stdreg.d)#4 2.5347 34.5023 
                                                                                                                                                                        
        Instance                                            Component                                                                                    Delta  Delay   
        --------                                            ---------                                                                                    -----  -----   
        red_tint:core/mouse_xy:rsc:mgc_in_wire.d                                                                                                         0.0000 0.0000  
        red_tint:core/slc#4                                                                                                                              0.0000 0.0000  
        red_tint:core/slc#4.itm                                                                                                                          0.0000 0.0000  
        red_tint:core/acc                                   mgc_add_8_0_4_1_9                                                                            1.0093 1.0093  
        red_tint:core/acc.itm                                                                                                                            0.0000 1.0093  
        red_tint:core/slc#25                                                                                                                             0.0000 1.0093  
        red_tint:core/slc#25.itm                                                                                                                         0.0000 1.0093  
        red_tint:core/mux#2                                 mgc_mux_1_1_2                                                                                0.3690 1.3782  
        red_tint:core/else:slc.svs:mx0                                                                                                                   0.0000 1.3782  
        red_tint:core/nor#1                                 mgc_nor_1_2                                                                                  0.2625 1.6408  
        red_tint:core/nor#1.itm                                                                                                                          0.0000 1.6408  
        red_tint:core/nor                                   mgc_nor_1_2                                                                                  0.2625 1.9033  
        red_tint:core/nor.itm                                                                                                                            0.0000 1.9033  
        red_tint:core/mux#5                                 mgc_mux_2_1_2                                                                                0.3690 2.2722  
        red_tint:core/mux#5.itm                                                                                                                          0.0000 2.2722  
        red_tint:core/and#8                                 mgc_and_2_2                                                                                  0.2625 2.5347  
        red_tint:core/and#8.itm                                                                                                                          0.0000 2.5347  
        red_tint:core/reg(video_out:rsc:mgc_out_stdreg.d)#4 mgc_reg_pos_2_1_0_0_0_1_1                                                                    0.0000 2.5347  
                                                                                                                                                                        
      4                                                     red_tint:core/mouse_xy:rsc:mgc_in_wire.d red_tint:core/reg(video_out:rsc:mgc_out_stdreg.d)#4 2.4336 34.6034 
                                                                                                                                                                        
        Instance                                            Component                                                                                    Delta  Delay   
        --------                                            ---------                                                                                    -----  -----   
        red_tint:core/mouse_xy:rsc:mgc_in_wire.d                                                                                                         0.0000 0.0000  
        red_tint:core/slc#16                                                                                                                             0.0000 0.0000  
        red_tint:core/slc#16.itm                                                                                                                         0.0000 0.0000  
        red_tint:core/else:not                              mgc_not_8                                                                                    0.0000 0.0000  
        red_tint:core/else:not.itm                                                                                                                       0.0000 0.0000  
        red_tint:core/conc#18                                                                                                                            0.0000 0.0000  
        red_tint:core/conc#18.itm                                                                                                                        0.0000 0.0000  
        red_tint:core/else:acc                              mgc_add_9_0_9_1_11                                                                           0.9081 0.9081  
        red_tint:core/else:acc.itm                                                                                                                       0.0000 0.9081  
        red_tint:core/else:slc                                                                                                                           0.0000 0.9081  
        red_tint:core/else:slc.svs:mx0w0                                                                                                                 0.0000 0.9081  
        red_tint:core/mux#2                                 mgc_mux_1_1_2                                                                                0.3690 1.2771  
        red_tint:core/else:slc.svs:mx0                                                                                                                   0.0000 1.2771  
        red_tint:core/nor#1                                 mgc_nor_1_2                                                                                  0.2625 1.5396  
        red_tint:core/nor#1.itm                                                                                                                          0.0000 1.5396  
        red_tint:core/nor                                   mgc_nor_1_2                                                                                  0.2625 1.8021  
        red_tint:core/nor.itm                                                                                                                            0.0000 1.8021  
        red_tint:core/mux#5                                 mgc_mux_2_1_2                                                                                0.3690 2.1711  
        red_tint:core/mux#5.itm                                                                                                                          0.0000 2.1711  
        red_tint:core/and#8                                 mgc_and_2_2                                                                                  0.2625 2.4336  
        red_tint:core/and#8.itm                                                                                                                          0.0000 2.4336  
        red_tint:core/reg(video_out:rsc:mgc_out_stdreg.d)#4 mgc_reg_pos_2_1_0_0_0_1_1                                                                    0.0000 2.4336  
                                                                                                                                                                        
      5                                                     red_tint:core/video_in:rsc:mgc_in_wire.d red_tint:core/reg(video_out:rsc:mgc_out_stdreg.d)#3 2.3325 34.7045 
                                                                                                                                                                        
        Instance                                            Component                                                                                    Delta  Delay   
        --------                                            ---------                                                                                    -----  -----   
        red_tint:core/video_in:rsc:mgc_in_wire.d                                                                                                         0.0000 0.0000  
        red_tint:core/slc(video_in:rsc:mgc_in_wire.d)#2                                                                                                  0.0000 0.0000  
        red_tint:core/slc(video_in:rsc:mgc_in_wire.d)#2.itm                                                                                              0.0000 0.0000  
        red_tint:core/conc#19                                                                                                                            0.0000 0.0000  
        red_tint:core/conc#19.itm                                                                                                                        0.0000 0.0000  
        red_tint:core/else:else:acc                         mgc_add_9_0_9_1_11                                                                           0.9081 0.9081  
        red_tint:core/else:else:acc.itm                                                                                                                  0.0000 0.9081  
        red_tint:core/else:else:slc#2                                                                                                                    0.0000 0.9081  
        red_tint:core/else:else:slc#2.itm                                                                                                                0.0000 0.9081  
        red_tint:core/and#3                                 mgc_and_1_2                                                                                  0.2625 1.1706  
        red_tint:core/and#3.itm                                                                                                                          0.0000 1.1706  
        red_tint:core/or                                    mgc_or_1_2                                                                                   0.2679 1.4385  
        red_tint:core/or.tmp                                                                                                                             0.0000 1.4385  
        red_tint:core/not#39                                mgc_not_1                                                                                    0.0000 1.4385  
        red_tint:core/not#39.itm                                                                                                                         0.0000 1.4385  
        red_tint:core/and#7                                 mgc_and_1_2                                                                                  0.2625 1.7010  
        red_tint:core/and#7.itm                                                                                                                          0.0000 1.7010  
        red_tint:core/mux#4                                 mgc_mux_8_1_2                                                                                0.3690 2.0700  
        red_tint:core/mux#4.itm                                                                                                                          0.0000 2.0700  
        red_tint:core/and#6                                 mgc_and_8_2                                                                                  0.2625 2.3325  
        red_tint:core/and#6.itm                                                                                                                          0.0000 2.3325  
        red_tint:core/reg(video_out:rsc:mgc_out_stdreg.d)#3 mgc_reg_pos_8_1_0_0_0_1_1                                                                    0.0000 2.3325  
                                                                                                                                                                        
      6                                                     red_tint:core/mouse_xy:rsc:mgc_in_wire.d red_tint:core/reg(video_out:rsc:mgc_out_stdreg.d)#3 2.3325 34.7045 
                                                                                                                                                                        
        Instance                                            Component                                                                                    Delta  Delay   
        --------                                            ---------                                                                                    -----  -----   
        red_tint:core/mouse_xy:rsc:mgc_in_wire.d                                                                                                         0.0000 0.0000  
        red_tint:core/slc#21                                                                                                                             0.0000 0.0000  
        red_tint:core/slc#21.itm                                                                                                                         0.0000 0.0000  
        red_tint:core/adjust:not#4                          mgc_not_8                                                                                    0.0000 0.0000  
        red_tint:core/adjust:not#4.itm                                                                                                                   0.0000 0.0000  
        red_tint:core/conc#20                                                                                                                            0.0000 0.0000  
        red_tint:core/conc#20.itm                                                                                                                        0.0000 0.0000  
        red_tint:core/else:else:acc                         mgc_add_9_0_9_1_11                                                                           0.9081 0.9081  
        red_tint:core/else:else:acc.itm                                                                                                                  0.0000 0.9081  
        red_tint:core/else:else:slc#2                                                                                                                    0.0000 0.9081  
        red_tint:core/else:else:slc#2.itm                                                                                                                0.0000 0.9081  
        red_tint:core/and#3                                 mgc_and_1_2                                                                                  0.2625 1.1706  
        red_tint:core/and#3.itm                                                                                                                          0.0000 1.1706  
        red_tint:core/or                                    mgc_or_1_2                                                                                   0.2679 1.4385  
        red_tint:core/or.tmp                                                                                                                             0.0000 1.4385  
        red_tint:core/not#39                                mgc_not_1                                                                                    0.0000 1.4385  
        red_tint:core/not#39.itm                                                                                                                         0.0000 1.4385  
        red_tint:core/and#7                                 mgc_and_1_2                                                                                  0.2625 1.7010  
        red_tint:core/and#7.itm                                                                                                                          0.0000 1.7010  
        red_tint:core/mux#4                                 mgc_mux_8_1_2                                                                                0.3690 2.0700  
        red_tint:core/mux#4.itm                                                                                                                          0.0000 2.0700  
        red_tint:core/and#6                                 mgc_and_8_2                                                                                  0.2625 2.3325  
        red_tint:core/and#6.itm                                                                                                                          0.0000 2.3325  
        red_tint:core/reg(video_out:rsc:mgc_out_stdreg.d)#3 mgc_reg_pos_8_1_0_0_0_1_1                                                                    0.0000 2.3325  
                                                                                                                                                                        
      7                                                     red_tint:core/mouse_xy:rsc:mgc_in_wire.d red_tint:core/reg(video_out:rsc:mgc_out_stdreg.d)#3 2.2722 34.7648 
                                                                                                                                                                        
        Instance                                            Component                                                                                    Delta  Delay   
        --------                                            ---------                                                                                    -----  -----   
        red_tint:core/mouse_xy:rsc:mgc_in_wire.d                                                                                                         0.0000 0.0000  
        red_tint:core/slc#4                                                                                                                              0.0000 0.0000  
        red_tint:core/slc#4.itm                                                                                                                          0.0000 0.0000  
        red_tint:core/acc                                   mgc_add_8_0_4_1_9                                                                            1.0093 1.0093  
        red_tint:core/acc.itm                                                                                                                            0.0000 1.0093  
        red_tint:core/slc#25                                                                                                                             0.0000 1.0093  
        red_tint:core/slc#25.itm                                                                                                                         0.0000 1.0093  
        red_tint:core/mux#2                                 mgc_mux_1_1_2                                                                                0.3690 1.3782  
        red_tint:core/else:slc.svs:mx0                                                                                                                   0.0000 1.3782  
        red_tint:core/and#7                                 mgc_and_1_2                                                                                  0.2625 1.6408  
        red_tint:core/and#7.itm                                                                                                                          0.0000 1.6408  
        red_tint:core/mux#4                                 mgc_mux_8_1_2                                                                                0.3690 2.0097  
        red_tint:core/mux#4.itm                                                                                                                          0.0000 2.0097  
        red_tint:core/and#6                                 mgc_and_8_2                                                                                  0.2625 2.2722  
        red_tint:core/and#6.itm                                                                                                                          0.0000 2.2722  
        red_tint:core/reg(video_out:rsc:mgc_out_stdreg.d)#3 mgc_reg_pos_8_1_0_0_0_1_1                                                                    0.0000 2.2722  
                                                                                                                                                                        
      8                                                     red_tint:core/mouse_xy:rsc:mgc_in_wire.d red_tint:core/reg(video_out:rsc:mgc_out_stdreg.d)#3 2.1711 34.8659 
                                                                                                                                                                        
        Instance                                            Component                                                                                    Delta  Delay   
        --------                                            ---------                                                                                    -----  -----   
        red_tint:core/mouse_xy:rsc:mgc_in_wire.d                                                                                                         0.0000 0.0000  
        red_tint:core/slc#4                                                                                                                              0.0000 0.0000  
        red_tint:core/slc#4.itm                                                                                                                          0.0000 0.0000  
        red_tint:core/acc                                   mgc_add_8_0_4_1_9                                                                            1.0093 1.0093  
        red_tint:core/acc.itm                                                                                                                            0.0000 1.0093  
        red_tint:core/slc#26                                                                                                                             0.0000 1.0093  
        red_tint:core/slc#26.itm                                                                                                                         0.0000 1.0093  
        red_tint:core/or                                    mgc_or_1_2                                                                                   0.2679 1.2772  
        red_tint:core/or.tmp                                                                                                                             0.0000 1.2772  
        red_tint:core/not#39                                mgc_not_1                                                                                    0.0000 1.2772  
        red_tint:core/not#39.itm                                                                                                                         0.0000 1.2772  
        red_tint:core/and#7                                 mgc_and_1_2                                                                                  0.2625 1.5397  
        red_tint:core/and#7.itm                                                                                                                          0.0000 1.5397  
        red_tint:core/mux#4                                 mgc_mux_8_1_2                                                                                0.3690 1.9086  
        red_tint:core/mux#4.itm                                                                                                                          0.0000 1.9086  
        red_tint:core/and#6                                 mgc_and_8_2                                                                                  0.2625 2.1711  
        red_tint:core/and#6.itm                                                                                                                          0.0000 2.1711  
        red_tint:core/reg(video_out:rsc:mgc_out_stdreg.d)#3 mgc_reg_pos_8_1_0_0_0_1_1                                                                    0.0000 2.1711  
                                                                                                                                                                        
      9                                                     red_tint:core/mouse_xy:rsc:mgc_in_wire.d red_tint:core/reg(video_out:rsc:mgc_out_stdreg.d)#3 2.1711 34.8659 
                                                                                                                                                                        
        Instance                                            Component                                                                                    Delta  Delay   
        --------                                            ---------                                                                                    -----  -----   
        red_tint:core/mouse_xy:rsc:mgc_in_wire.d                                                                                                         0.0000 0.0000  
        red_tint:core/slc#4                                                                                                                              0.0000 0.0000  
        red_tint:core/slc#4.itm                                                                                                                          0.0000 0.0000  
        red_tint:core/acc                                   mgc_add_8_0_4_1_9                                                                            1.0093 1.0093  
        red_tint:core/acc.itm                                                                                                                            0.0000 1.0093  
        red_tint:core/slc#25                                                                                                                             0.0000 1.0093  
        red_tint:core/slc#25.itm                                                                                                                         0.0000 1.0093  
        red_tint:core/mux#2                                 mgc_mux_1_1_2                                                                                0.3690 1.3782  
        red_tint:core/else:slc.svs:mx0                                                                                                                   0.0000 1.3782  
        red_tint:core/not#37                                mgc_not_1                                                                                    0.0000 1.3782  
        red_tint:core/not#37.itm                                                                                                                         0.0000 1.3782  
        red_tint:core/and#3                                 mgc_and_1_2                                                                                  0.2625 1.6408  
        red_tint:core/and#3.itm                                                                                                                          0.0000 1.6408  
        red_tint:core/or                                    mgc_or_1_2                                                                                   0.2679 1.9086  
        red_tint:core/or.tmp                                                                                                                             0.0000 1.9086  
        red_tint:core/not                                   mgc_not_1                                                                                    0.0000 1.9086  
        red_tint:core/not.itm                                                                                                                            0.0000 1.9086  
        red_tint:core/exs#4                                                                                                                              0.0000 1.9086  
        red_tint:core/exs#4.itm                                                                                                                          0.0000 1.9086  
        red_tint:core/and#6                                 mgc_and_8_2                                                                                  0.2625 2.1711  
        red_tint:core/and#6.itm                                                                                                                          0.0000 2.1711  
        red_tint:core/reg(video_out:rsc:mgc_out_stdreg.d)#3 mgc_reg_pos_8_1_0_0_0_1_1                                                                    0.0000 2.1711  
                                                                                                                                                                        
      10                                                    red_tint:core/mouse_xy:rsc:mgc_in_wire.d red_tint:core/reg(video_out:rsc:mgc_out_stdreg.d)#4 2.1658 34.8713 
                                                                                                                                                                        
        Instance                                            Component                                                                                    Delta  Delay   
        --------                                            ---------                                                                                    -----  -----   
        red_tint:core/mouse_xy:rsc:mgc_in_wire.d                                                                                                         0.0000 0.0000  
        red_tint:core/slc#4                                                                                                                              0.0000 0.0000  
        red_tint:core/slc#4.itm                                                                                                                          0.0000 0.0000  
        red_tint:core/acc                                   mgc_add_8_0_4_1_9                                                                            1.0093 1.0093  
        red_tint:core/acc.itm                                                                                                                            0.0000 1.0093  
        red_tint:core/slc#25                                                                                                                             0.0000 1.0093  
        red_tint:core/slc#25.itm                                                                                                                         0.0000 1.0093  
        red_tint:core/mux#2                                 mgc_mux_1_1_2                                                                                0.3690 1.3782  
        red_tint:core/else:slc.svs:mx0                                                                                                                   0.0000 1.3782  
        red_tint:core/not#33                                mgc_not_1                                                                                    0.0000 1.3782  
        red_tint:core/not#33.itm                                                                                                                         0.0000 1.3782  
        red_tint:core/and#5                                 mgc_and_1_2                                                                                  0.2625 1.6408  
        red_tint:core/and#5.itm                                                                                                                          0.0000 1.6408  
        red_tint:core/nor#2                                 mgc_nor_1_2                                                                                  0.2625 1.9033  
        red_tint:core/nor#2.itm                                                                                                                          0.0000 1.9033  
        red_tint:core/exs#5                                                                                                                              0.0000 1.9033  
        red_tint:core/exs#5.itm                                                                                                                          0.0000 1.9033  
        red_tint:core/and#8                                 mgc_and_2_2                                                                                  0.2625 2.1658  
        red_tint:core/and#8.itm                                                                                                                          0.0000 2.1658  
        red_tint:core/reg(video_out:rsc:mgc_out_stdreg.d)#4 mgc_reg_pos_2_1_0_0_0_1_1                                                                    0.0000 2.1658  
                                                                                                                                                                        
      
    Register Input and Register-to-Output Slack
      Clock period or pin-to-reg delay constraint (clk): 37.037037037
      Clock uncertainty constraint (clk)               : 0.0
      
      Instance                                            Port               Slack (Delay) Messages 
      --------------------------------------------------- ---------------- ------- ------- --------
      red_tint:core/reg(else:slc.svs)                     else:slc.svs:mx0 34.2344  2.8026          
      red_tint:core/reg(video_out:rsc:mgc_out_stdreg.d)   and.itm          35.6117  1.4253          
      red_tint:core/reg(video_out:rsc:mgc_out_stdreg.d)#1 mux#1.itm        35.3439  1.6932          
      red_tint:core/reg(video_out:rsc:mgc_out_stdreg.d)#2 mux.itm          35.3439  1.6932          
      red_tint:core/reg(video_out:rsc:mgc_out_stdreg.d)#3 and#6.itm        34.2344  2.8026          
      red_tint:core/reg(video_out:rsc:mgc_out_stdreg.d)#4 and#8.itm        34.5023  2.5347          
      red_tint                                            video_out:rsc.z  37.0370  0.0000          
      
  Operator Bitwidth Summary
    Operation  Size (bits) Count 
    ---------- ----------- -----
    add                          
    -                   11     3 
    -                    9     1 
    and                          
    -                    3     3 
    -                    2     5 
    mux                          
    -                    1     5 
    nor                          
    -                    2     3 
    not                          
    -                    8     3 
    -                    1    12 
    or                           
    -                    2     1 
    read_port                    
    -                   30     1 
    -                   20     1 
    reg                          
    -                   10     1 
    -                    8     2 
    -                    2     2 
    -                    1     1 
    write_port                   
    -                   30     1 
    
  End of Report
