-- Catapult University Version: Report                                              
-- ---------------------------- ---------------------------------------------------
-- Version:                     2011a.126 Production Release                        
-- Build Date:                  Wed Aug  8 00:52:07 PDT 2012                        
                                                                                    
-- Generated by:                jb914@EEWS104A-014                                  
-- Generated date:              Wed May 06 13:41:41 +0100 2015                      

Solution Settings: red_tint.v17
  Current state: extract
  Project: MouseTintRed
  
  Design Input Files Specified
    $PROJECT_HOME/edge.h
      $MGC_HOME/shared/include/ac_int.h
    $PROJECT_HOME/MouseTintRed.c
      $MGC_HOME/shared/include/ac_fixed.h
        $MGC_HOME/shared/include/ac_int.h
      $PROJECT_HOME/edge.h
      $PROJECT_HOME/shift_class.h
    $PROJECT_HOME/shift_class.h
  
  Processes/Blocks in Design
    Process        Real Operation(s) count Latency Throughput Reset Length II Comments 
    -------------- ----------------------- ------- ---------- ------------ -- --------
    /red_tint/core                      38       1          1            0  1          
    Design Total:                       38       1          1            0  1          
    
  Bill Of Materials (Datapath)
    Component Name                          Area Score Area(LUTs) Delay Post Alloc Post Assign 
    --------------------------------------- ---------- ---------- ----- ---------- -----------
    [Lib: mgc_Altera-Cyclone-III-6_beh_psr]                                                    
    mgc_add(8,0,4,1,9)                           9.000      9.000 1.009          1           1 
    mgc_add(9,0,9,1,10)                         10.000     10.000 1.071          3           3 
    mgc_and(10,2)                                7.298      7.298 0.263          2           0 
    mgc_and(10,3)                               10.545     10.545 0.416          0           1 
    mgc_and(2,2)                                 1.460      1.460 0.263          6           0 
    mgc_and(2,4)                                 2.758      2.758 0.525          0           2 
    mgc_and(8,2)                                 5.839      5.839 0.263          6           0 
    mgc_and(8,4)                                11.033     11.033 0.525          0           2 
    mgc_not(1)                                   0.000      0.000 0.000          0           6 
    mgc_not(7)                                   0.000      0.000 0.000          0           2 
    mgc_not(8)                                   0.000      0.000 0.000          0           1 
    mgc_reg_pos(10,1,0,0,0,1,1)                  0.000      0.000 0.000          0           1 
    mgc_reg_pos(2,1,0,0,0,1,1)                   0.000      0.000 0.000          0           2 
    mgc_reg_pos(8,1,0,0,0,1,1)                   0.000      0.000 0.000          0           2 
    [Lib: mgc_ioport]                                                                          
    mgc_in_wire(1,30)                            0.000      0.000 0.000          1           1 
    mgc_in_wire(3,20)                            0.000      0.000 0.000          1           1 
    mgc_out_stdreg(2,30)                         0.000      0.000 0.000          1           1 
                                                                                               
    TOTAL AREA (After Assignment):              77.127     77.000                              
    
  Area Scores
                      Post-Scheduling Post-DP & FSM Post-Assignment 
    ----------------- --------------- ------------- ---------------
    Total Area Score:     97.4          60.9            77.1        
    Total Reg:             0.0           0.0             0.0        
                                                                    
    DataPath:             97.4 (100%)   60.9 (100%)     77.1 (100%) 
      MUX:                 0.0           0.0             0.0        
      FUNC:               39.0  (40%)   39.0  (64%)     39.0  (51%) 
      LOGIC:              58.4  (60%)   21.9  (36%)     38.1  (49%) 
      BUFFER:              0.0           0.0             0.0        
      MEM:                 0.0           0.0             0.0        
      ROM:                 0.0           0.0             0.0        
      REG:                 0.0           0.0             0.0        
                                                                    
    
    FSM:                   0.0           0.0             0.0        
      FSM-REG:             0.0           0.0             0.0        
      FSM-COMB:            0.0           0.0             0.0        
                                                                    
    
  Register-to-Variable Mappings
    Register                                  Size(bits) Gated Register CG Opt Done Variables                                             
    ----------------------------------------- ---------- -------------- ----------- -----------------------------------------------------
    reg(video_out:rsc:mgc_out_stdreg.d).tmp           10         Y                  reg(video_out:rsc:mgc_out_stdreg.d).tmp               
    reg(video_out:rsc:mgc_out_stdreg.d).tmp#1          8         Y                  reg(video_out:rsc:mgc_out_stdreg.d).tmp#1             
    reg(video_out:rsc:mgc_out_stdreg.d).tmp#3          8         Y                  reg(video_out:rsc:mgc_out_stdreg.d).tmp#3             
    reg(video_out:rsc:mgc_out_stdreg.d).tmp#2          2         Y                  reg(video_out:rsc:mgc_out_stdreg.d).tmp#2             
    reg(video_out:rsc:mgc_out_stdreg.d).tmp#4          2         Y                  reg(video_out:rsc:mgc_out_stdreg.d).tmp#4             
                                                                                                                                          
    Total:                                            30             30           0 (Total Gating Ratio: 1.00, CG Opt Gating Ratio: 0.00) 
    
  Timing Report
    Critical Path
      Max Delay:  1.5956359999999998
      Slack:      35.441401037
      
      Path                                                  Startpoint                               Endpoint                                            Delay  Slack   
      ----------------------------------------------------- ---------------------------------------- --------------------------------------------------- ------ -------
      1                                                     red_tint:core/video_in:rsc:mgc_in_wire.d red_tint:core/reg(video_out:rsc:mgc_out_stdreg.d)#1 1.5956 35.4414 
                                                                                                                                                                        
        Instance                                            Component                                                                                    Delta  Delay   
        --------                                            ---------                                                                                    -----  -----   
        red_tint:core/video_in:rsc:mgc_in_wire.d                                                                                                         0.0000 0.0000  
        red_tint:core/slc(video_in:rsc:mgc_in_wire.d)#3                                                                                                  0.0000 0.0000  
        red_tint:core/slc(video_in:rsc:mgc_in_wire.d)#3.itm                                                                                              0.0000 0.0000  
        red_tint:core/conc#18                                                                                                                            0.0000 0.0000  
        red_tint:core/conc#18.itm                                                                                                                        0.0000 0.0000  
        red_tint:core/else:else:acc#3                       mgc_add_9_0_9_1_10                                                                           1.0706 1.0706  
        red_tint:core/else:else:acc#3.itm                                                                                                                0.0000 1.0706  
        red_tint:core/else:else:slc                                                                                                                      0.0000 1.0706  
        red_tint:core/else:else:acc.psp#1.sva                                                                                                            0.0000 1.0706  
        red_tint:core/slc(else:else:acc.psp#1.sva)#1                                                                                                     0.0000 1.0706  
        red_tint:core/slc(else:else:acc.psp#1.sva)#1.itm                                                                                                 0.0000 1.0706  
        red_tint:core/and#1                                 mgc_and_8_4                                                                                  0.5250 1.5956  
        red_tint:core/and#1.itm                                                                                                                          0.0000 1.5956  
        red_tint:core/reg(video_out:rsc:mgc_out_stdreg.d)#1 mgc_reg_pos_8_1_0_0_0_1_1                                                                    0.0000 1.5956  
                                                                                                                                                                        
      2                                                     red_tint:core/video_in:rsc:mgc_in_wire.d red_tint:core/reg(video_out:rsc:mgc_out_stdreg.d)#2 1.5956 35.4414 
                                                                                                                                                                        
        Instance                                            Component                                                                                    Delta  Delay   
        --------                                            ---------                                                                                    -----  -----   
        red_tint:core/video_in:rsc:mgc_in_wire.d                                                                                                         0.0000 0.0000  
        red_tint:core/slc(video_in:rsc:mgc_in_wire.d)#3                                                                                                  0.0000 0.0000  
        red_tint:core/slc(video_in:rsc:mgc_in_wire.d)#3.itm                                                                                              0.0000 0.0000  
        red_tint:core/conc#18                                                                                                                            0.0000 0.0000  
        red_tint:core/conc#18.itm                                                                                                                        0.0000 0.0000  
        red_tint:core/else:else:acc#3                       mgc_add_9_0_9_1_10                                                                           1.0706 1.0706  
        red_tint:core/else:else:acc#3.itm                                                                                                                0.0000 1.0706  
        red_tint:core/else:else:slc                                                                                                                      0.0000 1.0706  
        red_tint:core/else:else:acc.psp#1.sva                                                                                                            0.0000 1.0706  
        red_tint:core/slc(else:else:acc.psp#1.sva)#2                                                                                                     0.0000 1.0706  
        red_tint:core/slc(else:else:acc.psp#1.sva)#2.itm                                                                                                 0.0000 1.0706  
        red_tint:core/not#31                                mgc_not_1                                                                                    0.0000 1.0706  
        red_tint:core/not#31.itm                                                                                                                         0.0000 1.0706  
        red_tint:core/makepos:exs#1                                                                                                                      0.0000 1.0706  
        red_tint:core/makepos:exs#1.itm                                                                                                                  0.0000 1.0706  
        red_tint:core/and#2                                 mgc_and_2_4                                                                                  0.5250 1.5956  
        red_tint:core/and#2.itm                                                                                                                          0.0000 1.5956  
        red_tint:core/reg(video_out:rsc:mgc_out_stdreg.d)#2 mgc_reg_pos_2_1_0_0_0_1_1                                                                    0.0000 1.5956  
                                                                                                                                                                        
      3                                                     red_tint:core/mouse_xy:rsc:mgc_in_wire.d red_tint:core/reg(video_out:rsc:mgc_out_stdreg.d)#2 1.5956 35.4414 
                                                                                                                                                                        
        Instance                                            Component                                                                                    Delta  Delay   
        --------                                            ---------                                                                                    -----  -----   
        red_tint:core/mouse_xy:rsc:mgc_in_wire.d                                                                                                         0.0000 0.0000  
        red_tint:core/slc#8                                                                                                                              0.0000 0.0000  
        red_tint:core/slc#8.itm                                                                                                                          0.0000 0.0000  
        red_tint:core/else:not                              mgc_not_8                                                                                    0.0000 0.0000  
        red_tint:core/else:not.itm                                                                                                                       0.0000 0.0000  
        red_tint:core/conc#20                                                                                                                            0.0000 0.0000  
        red_tint:core/conc#20.itm                                                                                                                        0.0000 0.0000  
        red_tint:core/else:acc                              mgc_add_9_0_9_1_10                                                                           1.0706 1.0706  
        red_tint:core/else:acc.itm                                                                                                                       0.0000 1.0706  
        red_tint:core/else:slc                                                                                                                           0.0000 1.0706  
        red_tint:core/else:slc.itm                                                                                                                       0.0000 1.0706  
        red_tint:core/else:if:not#5                         mgc_not_1                                                                                    0.0000 1.0706  
        red_tint:core/else:if:not#6                                                                                                                      0.0000 1.0706  
        red_tint:core/else:exs#5                                                                                                                         0.0000 1.0706  
        red_tint:core/else:exs#5.itm                                                                                                                     0.0000 1.0706  
        red_tint:core/and#2                                 mgc_and_2_4                                                                                  0.5250 1.5956  
        red_tint:core/and#2.itm                                                                                                                          0.0000 1.5956  
        red_tint:core/reg(video_out:rsc:mgc_out_stdreg.d)#2 mgc_reg_pos_2_1_0_0_0_1_1                                                                    0.0000 1.5956  
                                                                                                                                                                        
      4                                                     red_tint:core/mouse_xy:rsc:mgc_in_wire.d red_tint:core/reg(video_out:rsc:mgc_out_stdreg.d)#1 1.5956 35.4414 
                                                                                                                                                                        
        Instance                                            Component                                                                                    Delta  Delay   
        --------                                            ---------                                                                                    -----  -----   
        red_tint:core/mouse_xy:rsc:mgc_in_wire.d                                                                                                         0.0000 0.0000  
        red_tint:core/slc#8                                                                                                                              0.0000 0.0000  
        red_tint:core/slc#8.itm                                                                                                                          0.0000 0.0000  
        red_tint:core/else:not                              mgc_not_8                                                                                    0.0000 0.0000  
        red_tint:core/else:not.itm                                                                                                                       0.0000 0.0000  
        red_tint:core/conc#20                                                                                                                            0.0000 0.0000  
        red_tint:core/conc#20.itm                                                                                                                        0.0000 0.0000  
        red_tint:core/else:acc                              mgc_add_9_0_9_1_10                                                                           1.0706 1.0706  
        red_tint:core/else:acc.itm                                                                                                                       0.0000 1.0706  
        red_tint:core/else:slc                                                                                                                           0.0000 1.0706  
        red_tint:core/else:slc.itm                                                                                                                       0.0000 1.0706  
        red_tint:core/else:if:not#5                         mgc_not_1                                                                                    0.0000 1.0706  
        red_tint:core/else:if:not#6                                                                                                                      0.0000 1.0706  
        red_tint:core/else:exs#7                                                                                                                         0.0000 1.0706  
        red_tint:core/else:exs#7.itm                                                                                                                     0.0000 1.0706  
        red_tint:core/and#1                                 mgc_and_8_4                                                                                  0.5250 1.5956  
        red_tint:core/and#1.itm                                                                                                                          0.0000 1.5956  
        red_tint:core/reg(video_out:rsc:mgc_out_stdreg.d)#1 mgc_reg_pos_8_1_0_0_0_1_1                                                                    0.0000 1.5956  
                                                                                                                                                                        
      5                                                     red_tint:core/video_in:rsc:mgc_in_wire.d red_tint:core/reg(video_out:rsc:mgc_out_stdreg.d)#4 1.5956 35.4414 
                                                                                                                                                                        
        Instance                                            Component                                                                                    Delta  Delay   
        --------                                            ---------                                                                                    -----  -----   
        red_tint:core/video_in:rsc:mgc_in_wire.d                                                                                                         0.0000 0.0000  
        red_tint:core/slc(video_in:rsc:mgc_in_wire.d)#1                                                                                                  0.0000 0.0000  
        red_tint:core/slc(video_in:rsc:mgc_in_wire.d)#1.itm                                                                                              0.0000 0.0000  
        red_tint:core/conc#16                                                                                                                            0.0000 0.0000  
        red_tint:core/conc#16.itm                                                                                                                        0.0000 0.0000  
        red_tint:core/else:else:acc                         mgc_add_9_0_9_1_10                                                                           1.0706 1.0706  
        red_tint:core/else:else:acc.itm                                                                                                                  0.0000 1.0706  
        red_tint:core/else:else:slc#1                                                                                                                    0.0000 1.0706  
        red_tint:core/else:else:acc#2.psp#1.sva                                                                                                          0.0000 1.0706  
        red_tint:core/slc(else:else:acc#2.psp#1.sva)#2                                                                                                   0.0000 1.0706  
        red_tint:core/slc(else:else:acc#2.psp#1.sva)#2.itm                                                                                               0.0000 1.0706  
        red_tint:core/not#30                                mgc_not_1                                                                                    0.0000 1.0706  
        red_tint:core/not#30.itm                                                                                                                         0.0000 1.0706  
        red_tint:core/makepos#1:exs#1                                                                                                                    0.0000 1.0706  
        red_tint:core/makepos#1:exs#1.itm                                                                                                                0.0000 1.0706  
        red_tint:core/and#4                                 mgc_and_2_4                                                                                  0.5250 1.5956  
        red_tint:core/and#4.itm                                                                                                                          0.0000 1.5956  
        red_tint:core/reg(video_out:rsc:mgc_out_stdreg.d)#4 mgc_reg_pos_2_1_0_0_0_1_1                                                                    0.0000 1.5956  
                                                                                                                                                                        
      6                                                     red_tint:core/mouse_xy:rsc:mgc_in_wire.d red_tint:core/reg(video_out:rsc:mgc_out_stdreg.d)#2 1.5956 35.4414 
                                                                                                                                                                        
        Instance                                            Component                                                                                    Delta  Delay   
        --------                                            ---------                                                                                    -----  -----   
        red_tint:core/mouse_xy:rsc:mgc_in_wire.d                                                                                                         0.0000 0.0000  
        red_tint:core/slc#7                                                                                                                              0.0000 0.0000  
        red_tint:core/slc#7.itm                                                                                                                          0.0000 0.0000  
        red_tint:core/adjust:not#2                          mgc_not_7                                                                                    0.0000 0.0000  
        red_tint:core/adjust:not#2.itm                                                                                                                   0.0000 0.0000  
        red_tint:core/conc#19                                                                                                                            0.0000 0.0000  
        red_tint:core/conc#19.itm                                                                                                                        0.0000 0.0000  
        red_tint:core/else:else:acc#3                       mgc_add_9_0_9_1_10                                                                           1.0706 1.0706  
        red_tint:core/else:else:acc#3.itm                                                                                                                0.0000 1.0706  
        red_tint:core/else:else:slc                                                                                                                      0.0000 1.0706  
        red_tint:core/else:else:acc.psp#1.sva                                                                                                            0.0000 1.0706  
        red_tint:core/slc(else:else:acc.psp#1.sva)#2                                                                                                     0.0000 1.0706  
        red_tint:core/slc(else:else:acc.psp#1.sva)#2.itm                                                                                                 0.0000 1.0706  
        red_tint:core/not#31                                mgc_not_1                                                                                    0.0000 1.0706  
        red_tint:core/not#31.itm                                                                                                                         0.0000 1.0706  
        red_tint:core/makepos:exs#1                                                                                                                      0.0000 1.0706  
        red_tint:core/makepos:exs#1.itm                                                                                                                  0.0000 1.0706  
        red_tint:core/and#2                                 mgc_and_2_4                                                                                  0.5250 1.5956  
        red_tint:core/and#2.itm                                                                                                                          0.0000 1.5956  
        red_tint:core/reg(video_out:rsc:mgc_out_stdreg.d)#2 mgc_reg_pos_2_1_0_0_0_1_1                                                                    0.0000 1.5956  
                                                                                                                                                                        
      7                                                     red_tint:core/video_in:rsc:mgc_in_wire.d red_tint:core/reg(video_out:rsc:mgc_out_stdreg.d)#3 1.5956 35.4414 
                                                                                                                                                                        
        Instance                                            Component                                                                                    Delta  Delay   
        --------                                            ---------                                                                                    -----  -----   
        red_tint:core/video_in:rsc:mgc_in_wire.d                                                                                                         0.0000 0.0000  
        red_tint:core/slc(video_in:rsc:mgc_in_wire.d)#1                                                                                                  0.0000 0.0000  
        red_tint:core/slc(video_in:rsc:mgc_in_wire.d)#1.itm                                                                                              0.0000 0.0000  
        red_tint:core/conc#16                                                                                                                            0.0000 0.0000  
        red_tint:core/conc#16.itm                                                                                                                        0.0000 0.0000  
        red_tint:core/else:else:acc                         mgc_add_9_0_9_1_10                                                                           1.0706 1.0706  
        red_tint:core/else:else:acc.itm                                                                                                                  0.0000 1.0706  
        red_tint:core/else:else:slc#1                                                                                                                    0.0000 1.0706  
        red_tint:core/else:else:acc#2.psp#1.sva                                                                                                          0.0000 1.0706  
        red_tint:core/slc(else:else:acc#2.psp#1.sva)#1                                                                                                   0.0000 1.0706  
        red_tint:core/slc(else:else:acc#2.psp#1.sva)#1.itm                                                                                               0.0000 1.0706  
        red_tint:core/and#3                                 mgc_and_8_4                                                                                  0.5250 1.5956  
        red_tint:core/and#3.itm                                                                                                                          0.0000 1.5956  
        red_tint:core/reg(video_out:rsc:mgc_out_stdreg.d)#3 mgc_reg_pos_8_1_0_0_0_1_1                                                                    0.0000 1.5956  
                                                                                                                                                                        
      8                                                     red_tint:core/mouse_xy:rsc:mgc_in_wire.d red_tint:core/reg(video_out:rsc:mgc_out_stdreg.d)#3 1.5956 35.4414 
                                                                                                                                                                        
        Instance                                            Component                                                                                    Delta  Delay   
        --------                                            ---------                                                                                    -----  -----   
        red_tint:core/mouse_xy:rsc:mgc_in_wire.d                                                                                                         0.0000 0.0000  
        red_tint:core/slc#9                                                                                                                              0.0000 0.0000  
        red_tint:core/slc#9.itm                                                                                                                          0.0000 0.0000  
        red_tint:core/adjust:not#4                          mgc_not_7                                                                                    0.0000 0.0000  
        red_tint:core/adjust:not#4.itm                                                                                                                   0.0000 0.0000  
        red_tint:core/conc#17                                                                                                                            0.0000 0.0000  
        red_tint:core/conc#17.itm                                                                                                                        0.0000 0.0000  
        red_tint:core/else:else:acc                         mgc_add_9_0_9_1_10                                                                           1.0706 1.0706  
        red_tint:core/else:else:acc.itm                                                                                                                  0.0000 1.0706  
        red_tint:core/else:else:slc#1                                                                                                                    0.0000 1.0706  
        red_tint:core/else:else:acc#2.psp#1.sva                                                                                                          0.0000 1.0706  
        red_tint:core/slc(else:else:acc#2.psp#1.sva)#1                                                                                                   0.0000 1.0706  
        red_tint:core/slc(else:else:acc#2.psp#1.sva)#1.itm                                                                                               0.0000 1.0706  
        red_tint:core/and#3                                 mgc_and_8_4                                                                                  0.5250 1.5956  
        red_tint:core/and#3.itm                                                                                                                          0.0000 1.5956  
        red_tint:core/reg(video_out:rsc:mgc_out_stdreg.d)#3 mgc_reg_pos_8_1_0_0_0_1_1                                                                    0.0000 1.5956  
                                                                                                                                                                        
      9                                                     red_tint:core/mouse_xy:rsc:mgc_in_wire.d red_tint:core/reg(video_out:rsc:mgc_out_stdreg.d)#4 1.5956 35.4414 
                                                                                                                                                                        
        Instance                                            Component                                                                                    Delta  Delay   
        --------                                            ---------                                                                                    -----  -----   
        red_tint:core/mouse_xy:rsc:mgc_in_wire.d                                                                                                         0.0000 0.0000  
        red_tint:core/slc#8                                                                                                                              0.0000 0.0000  
        red_tint:core/slc#8.itm                                                                                                                          0.0000 0.0000  
        red_tint:core/else:not                              mgc_not_8                                                                                    0.0000 0.0000  
        red_tint:core/else:not.itm                                                                                                                       0.0000 0.0000  
        red_tint:core/conc#20                                                                                                                            0.0000 0.0000  
        red_tint:core/conc#20.itm                                                                                                                        0.0000 0.0000  
        red_tint:core/else:acc                              mgc_add_9_0_9_1_10                                                                           1.0706 1.0706  
        red_tint:core/else:acc.itm                                                                                                                       0.0000 1.0706  
        red_tint:core/else:slc                                                                                                                           0.0000 1.0706  
        red_tint:core/else:slc.itm                                                                                                                       0.0000 1.0706  
        red_tint:core/else:if:not#5                         mgc_not_1                                                                                    0.0000 1.0706  
        red_tint:core/else:if:not#6                                                                                                                      0.0000 1.0706  
        red_tint:core/else:exs#9                                                                                                                         0.0000 1.0706  
        red_tint:core/else:exs#9.itm                                                                                                                     0.0000 1.0706  
        red_tint:core/and#4                                 mgc_and_2_4                                                                                  0.5250 1.5956  
        red_tint:core/and#4.itm                                                                                                                          0.0000 1.5956  
        red_tint:core/reg(video_out:rsc:mgc_out_stdreg.d)#4 mgc_reg_pos_2_1_0_0_0_1_1                                                                    0.0000 1.5956  
                                                                                                                                                                        
      10                                                    red_tint:core/video_in:rsc:mgc_in_wire.d red_tint:core/reg(video_out:rsc:mgc_out_stdreg.d)#1 1.5956 35.4414 
                                                                                                                                                                        
        Instance                                            Component                                                                                    Delta  Delay   
        --------                                            ---------                                                                                    -----  -----   
        red_tint:core/video_in:rsc:mgc_in_wire.d                                                                                                         0.0000 0.0000  
        red_tint:core/slc(video_in:rsc:mgc_in_wire.d)#3                                                                                                  0.0000 0.0000  
        red_tint:core/slc(video_in:rsc:mgc_in_wire.d)#3.itm                                                                                              0.0000 0.0000  
        red_tint:core/conc#18                                                                                                                            0.0000 0.0000  
        red_tint:core/conc#18.itm                                                                                                                        0.0000 0.0000  
        red_tint:core/else:else:acc#3                       mgc_add_9_0_9_1_10                                                                           1.0706 1.0706  
        red_tint:core/else:else:acc#3.itm                                                                                                                0.0000 1.0706  
        red_tint:core/else:else:slc                                                                                                                      0.0000 1.0706  
        red_tint:core/else:else:acc.psp#1.sva                                                                                                            0.0000 1.0706  
        red_tint:core/slc(else:else:acc.psp#1.sva)                                                                                                       0.0000 1.0706  
        red_tint:core/slc(else:else:acc.psp#1.sva).itm                                                                                                   0.0000 1.0706  
        red_tint:core/not#28                                mgc_not_1                                                                                    0.0000 1.0706  
        red_tint:core/not#28.itm                                                                                                                         0.0000 1.0706  
        red_tint:core/makepos:exs                                                                                                                        0.0000 1.0706  
        red_tint:core/makepos:exs.itm                                                                                                                    0.0000 1.0706  
        red_tint:core/and#1                                 mgc_and_8_4                                                                                  0.5250 1.5956  
        red_tint:core/and#1.itm                                                                                                                          0.0000 1.5956  
        red_tint:core/reg(video_out:rsc:mgc_out_stdreg.d)#1 mgc_reg_pos_8_1_0_0_0_1_1                                                                    0.0000 1.5956  
                                                                                                                                                                        
      
    Register Input and Register-to-Output Slack
      Clock period or pin-to-reg delay constraint (clk): 37.037037037
      Clock uncertainty constraint (clk)               : 0.0
      
      Instance                                            Port              Slack (Delay) Messages 
      --------------------------------------------------- --------------- ------- ------- --------
      red_tint:core/reg(video_out:rsc:mgc_out_stdreg.d)   and.itm         35.5504  1.4867          
      red_tint:core/reg(video_out:rsc:mgc_out_stdreg.d)#1 and#1.itm       35.4414  1.5956          
      red_tint:core/reg(video_out:rsc:mgc_out_stdreg.d)#2 and#2.itm       35.4414  1.5956          
      red_tint:core/reg(video_out:rsc:mgc_out_stdreg.d)#3 and#3.itm       35.4414  1.5956          
      red_tint:core/reg(video_out:rsc:mgc_out_stdreg.d)#4 and#4.itm       35.4414  1.5956          
      red_tint                                            video_out:rsc.z 37.0370  0.0000          
      
  Operator Bitwidth Summary
    Operation  Size (bits) Count 
    ---------- ----------- -----
    add                          
    -                   10     3 
    -                    9     1 
    and                          
    -                    4     4 
    -                    3     1 
    not                          
    -                    8     1 
    -                    7     2 
    -                    1     6 
    read_port                    
    -                   30     1 
    -                   20     1 
    reg                          
    -                   10     1 
    -                    8     2 
    -                    2     2 
    write_port                   
    -                   30     1 
    
  End of Report
