-- Catapult University Version: Report                                              
-- ---------------------------- ---------------------------------------------------
-- Version:                     2011a.126 Production Release                        
-- Build Date:                  Wed Aug  8 00:52:07 PDT 2012                        
                                                                                    
-- Generated by:                jb914@EEWS104A-021                                  
-- Generated date:              Fri May 08 16:28:07 +0100 2015                      

Solution Settings: static_anaglyph.v1
  Current state: extract
  Project: Catapult
  
  Design Input Files Specified
    $PROJECT_HOME/shift_class.h
    $PROJECT_HOME/blur.c
      $MGC_HOME/shared/include/ac_int.h
    $PROJECT_HOME/blur.h
      $MGC_HOME/shared/include/ac_int.h
  
  Processes/Blocks in Design
    Process               Real Operation(s) count Latency Throughput Reset Length II Comments 
    --------------------- ----------------------- ------- ---------- ------------ -- --------
    /static_anaglyph/core                       2       1          1            0  1          
    Design Total:                               2       1          1            0  1          
    
  Bill Of Materials (Datapath)
    Component Name                          Area Score Area(LUTs) Delay Post Alloc Post Assign 
    --------------------------------------- ---------- ---------- ----- ---------- -----------
    [Lib: mgc_Altera-Cyclone-III-6_beh_psr]                                                    
    mgc_reg_pos(10,1,0,0,0,1,1)                  0.000      0.000 0.000          0           1 
    mgc_reg_pos(20,1,0,0,0,1,1)                  0.000      0.000 0.000          0           1 
    [Lib: mgc_ioport]                                                                          
    mgc_in_wire(2,60)                            0.000      0.000 0.000          1           1 
    mgc_out_stdreg(3,30)                         0.000      0.000 0.000          1           1 
                                                                                               
    TOTAL AREA (After Assignment):               0.000      0.000                              
    
  Area Scores
                      Post-Scheduling Post-DP & FSM Post-Assignment 
    ----------------- --------------- ------------- ---------------
    Total Area Score:      0.0           0.0             0.0        
    Total Reg:             0.0           0.0             0.0        
                                                                    
    DataPath:              0.0           0.0             0.0        
      MUX:                 0.0           0.0             0.0        
      FUNC:                0.0           0.0             0.0        
      LOGIC:               0.0           0.0             0.0        
      BUFFER:              0.0           0.0             0.0        
      MEM:                 0.0           0.0             0.0        
      ROM:                 0.0           0.0             0.0        
      REG:                 0.0           0.0             0.0        
                                                                    
    
    FSM:                   0.0           0.0             0.0        
      FSM-REG:             0.0           0.0             0.0        
      FSM-COMB:            0.0           0.0             0.0        
                                                                    
    
  Register-to-Variable Mappings
    Register                                  Size(bits) Gated Register CG Opt Done Variables                                             
    ----------------------------------------- ---------- -------------- ----------- -----------------------------------------------------
    reg(video_out:rsc:mgc_out_stdreg.d).tmp#1         20         Y                  reg(video_out:rsc:mgc_out_stdreg.d).tmp#1             
    reg(video_out:rsc:mgc_out_stdreg.d).tmp           10         Y                  reg(video_out:rsc:mgc_out_stdreg.d).tmp               
                                                                                                                                          
    Total:                                            30             30           0 (Total Gating Ratio: 1.00, CG Opt Gating Ratio: 0.00) 
    
  Timing Report
    Critical Path
      Max Delay:  
      Slack:      
      
      Path Startpoint Endpoint Delay Slack 
      ---- ---------- -------- ----- -----
      
    Register Input and Register-to-Output Slack
      
      Instance Port Slack (Delay) Messages 
      -------- ---- ----- ------- --------
      
  Operator Bitwidth Summary
    Operation  Size (bits) Count 
    ---------- ----------- -----
    read_port                    
    -                   60     1 
    reg                          
    -                   20     1 
    -                   10     1 
    write_port                   
    -                   30     1 
    
  End of Report
