-- Catapult University Version: Report                                              
-- ---------------------------- ---------------------------------------------------
-- Version:                     2011a.126 Production Release                        
-- Build Date:                  Wed Aug  8 00:52:07 PDT 2012                        
                                                                                    
-- Generated by:                jb914@EEWS104A-021                                  
-- Generated date:              Fri May 08 17:22:07 +0100 2015                      

Solution Settings: static_anaglyph.v6
  Current state: extract
  Project: Catapult
  
  Design Input Files Specified
    $PROJECT_HOME/shift_class.h
    $PROJECT_HOME/blur.c
      $MGC_HOME/shared/include/ac_int.h
    $PROJECT_HOME/blur.h
      $MGC_HOME/shared/include/ac_int.h
  
  Processes/Blocks in Design
    Process               Real Operation(s) count Latency Throughput Reset Length II Comments 
    --------------------- ----------------------- ------- ---------- ------------ -- --------
    /static_anaglyph/core                      15       1          1            0  1          
    Design Total:                              15       1          1            0  1          
    
  Bill Of Materials (Datapath)
    Component Name                          Area Score Area(LUTs) Delay Post Alloc Post Assign 
    --------------------------------------- ---------- ---------- ----- ---------- -----------
    [Lib: mgc_Altera-Cyclone-III-6_beh_psr]                                                    
    mgc_add(11,0,8,1,11)                        12.000     12.000 1.374          1           1 
    mgc_add(9,0,8,0,9)                          10.254     10.254 1.235          1           1 
    mgc_and(1,2)                                 0.730      0.730 0.263          0           1 
    mgc_and(10,2)                                7.298      7.298 0.263          3           3 
    mgc_not(10)                                  0.000      0.000 0.000          0           1 
    mgc_reg_pos(10,1,0,0,0,1,1)                  0.000      0.000 0.000          0           3 
    [Lib: mgc_ioport]                                                                          
    mgc_in_wire(1,20)                            0.000      0.000 0.000          1           1 
    mgc_in_wire(2,60)                            0.000      0.000 0.000          1           1 
    mgc_out_stdreg(3,30)                         0.000      0.000 0.000          1           1 
                                                                                               
    TOTAL AREA (After Assignment):              44.878     45.000                              
    
  Area Scores
                      Post-Scheduling Post-DP & FSM Post-Assignment 
    ----------------- --------------- ------------- ---------------
    Total Area Score:     44.1          44.9            44.9        
    Total Reg:             0.0           0.0             0.0        
                                                                    
    DataPath:             44.1 (100%)   44.9 (100%)     44.9 (100%) 
      MUX:                 0.0           0.0             0.0        
      FUNC:               22.3  (50%)   22.3  (50%)     22.3  (50%) 
      LOGIC:              21.9  (50%)   22.6  (50%)     22.6  (50%) 
      BUFFER:              0.0           0.0             0.0        
      MEM:                 0.0           0.0             0.0        
      ROM:                 0.0           0.0             0.0        
      REG:                 0.0           0.0             0.0        
                                                                    
    
    FSM:                   0.0           0.0             0.0        
      FSM-REG:             0.0           0.0             0.0        
      FSM-COMB:            0.0           0.0             0.0        
                                                                    
    
  Register-to-Variable Mappings
    Register                                  Size(bits) Gated Register CG Opt Done Variables                                             
    ----------------------------------------- ---------- -------------- ----------- -----------------------------------------------------
    reg(video_out:rsc:mgc_out_stdreg.d).tmp           10         Y                  reg(video_out:rsc:mgc_out_stdreg.d).tmp               
    reg(video_out:rsc:mgc_out_stdreg.d).tmp#1         10         Y                  reg(video_out:rsc:mgc_out_stdreg.d).tmp#1             
    reg(video_out:rsc:mgc_out_stdreg.d).tmp#2         10         Y                  reg(video_out:rsc:mgc_out_stdreg.d).tmp#2             
                                                                                                                                          
    Total:                                            30             30           0 (Total Gating Ratio: 1.00, CG Opt Gating Ratio: 0.00) 
    
  Timing Report
    Critical Path
      Max Delay:  1.898736
      Slack:      35.138301037
      
      Path                                                         Startpoint                                      Endpoint                                                   Delay  Slack   
      ------------------------------------------------------------ ----------------------------------------------- ---------------------------------------------------------- ------ -------
      1                                                            static_anaglyph:core/vga_xy:rsc:mgc_in_wire.d   static_anaglyph:core/reg(video_out:rsc:mgc_out_stdreg.d)   1.8987 35.1383 
                                                                                                                                                                                             
        Instance                                                   Component                                                                                                  Delta  Delay   
        --------                                                   ---------                                                                                                  -----  -----   
        static_anaglyph:core/vga_xy:rsc:mgc_in_wire.d                                                                                                                         0.0000 0.0000  
        static_anaglyph:core/slc#6                                                                                                                                            0.0000 0.0000  
        static_anaglyph:core/slc#6.itm                                                                                                                                        0.0000 0.0000  
        static_anaglyph:core/oelse:not#1                           mgc_not_10                                                                                                 0.0000 0.0000  
        static_anaglyph:core/oelse:not#1.itm                                                                                                                                  0.0000 0.0000  
        static_anaglyph:core/conc#5                                                                                                                                           0.0000 0.0000  
        static_anaglyph:core/conc#5.itm                                                                                                                                       0.0000 0.0000  
        static_anaglyph:core/oelse:acc                             mgc_add_11_0_8_1_11                                                                                        1.3737 1.3737  
        static_anaglyph:core/oelse:acc.itm                                                                                                                                    0.0000 1.3737  
        static_anaglyph:core/oelse:slc                                                                                                                                        0.0000 1.3737  
        static_anaglyph:core/oelse:slc.itm                                                                                                                                    0.0000 1.3737  
        static_anaglyph:core/and#3                                 mgc_and_1_2                                                                                                0.2625 1.6362  
        static_anaglyph:core/and#3.itm                                                                                                                                        0.0000 1.6362  
        static_anaglyph:core/exs#3                                                                                                                                            0.0000 1.6362  
        static_anaglyph:core/exs#4                                                                                                                                            0.0000 1.6362  
        static_anaglyph:core/slc(exs#4)                                                                                                                                       0.0000 1.6362  
        static_anaglyph:core/slc(exs#4).itm                                                                                                                                   0.0000 1.6362  
        static_anaglyph:core/exs                                                                                                                                              0.0000 1.6362  
        static_anaglyph:core/exs.itm                                                                                                                                          0.0000 1.6362  
        static_anaglyph:core/and                                   mgc_and_10_2                                                                                               0.2625 1.8987  
        static_anaglyph:core/and.itm                                                                                                                                          0.0000 1.8987  
        static_anaglyph:core/reg(video_out:rsc:mgc_out_stdreg.d)   mgc_reg_pos_10_1_0_0_0_1_1                                                                                 0.0000 1.8987  
                                                                                                                                                                                             
      2                                                            static_anaglyph:core/vga_xy:rsc:mgc_in_wire.d   static_anaglyph:core/reg(video_out:rsc:mgc_out_stdreg.d)#1 1.8987 35.1383 
                                                                                                                                                                                             
        Instance                                                   Component                                                                                                  Delta  Delay   
        --------                                                   ---------                                                                                                  -----  -----   
        static_anaglyph:core/vga_xy:rsc:mgc_in_wire.d                                                                                                                         0.0000 0.0000  
        static_anaglyph:core/slc#6                                                                                                                                            0.0000 0.0000  
        static_anaglyph:core/slc#6.itm                                                                                                                                        0.0000 0.0000  
        static_anaglyph:core/oelse:not#1                           mgc_not_10                                                                                                 0.0000 0.0000  
        static_anaglyph:core/oelse:not#1.itm                                                                                                                                  0.0000 0.0000  
        static_anaglyph:core/conc#5                                                                                                                                           0.0000 0.0000  
        static_anaglyph:core/conc#5.itm                                                                                                                                       0.0000 0.0000  
        static_anaglyph:core/oelse:acc                             mgc_add_11_0_8_1_11                                                                                        1.3737 1.3737  
        static_anaglyph:core/oelse:acc.itm                                                                                                                                    0.0000 1.3737  
        static_anaglyph:core/oelse:slc                                                                                                                                        0.0000 1.3737  
        static_anaglyph:core/oelse:slc.itm                                                                                                                                    0.0000 1.3737  
        static_anaglyph:core/and#3                                 mgc_and_1_2                                                                                                0.2625 1.6362  
        static_anaglyph:core/and#3.itm                                                                                                                                        0.0000 1.6362  
        static_anaglyph:core/exs#3                                                                                                                                            0.0000 1.6362  
        static_anaglyph:core/exs#4                                                                                                                                            0.0000 1.6362  
        static_anaglyph:core/slc(exs#4)#1                                                                                                                                     0.0000 1.6362  
        static_anaglyph:core/slc(exs#4)#1.itm                                                                                                                                 0.0000 1.6362  
        static_anaglyph:core/exs#5                                                                                                                                            0.0000 1.6362  
        static_anaglyph:core/exs#5.itm                                                                                                                                        0.0000 1.6362  
        static_anaglyph:core/and#1                                 mgc_and_10_2                                                                                               0.2625 1.8987  
        static_anaglyph:core/and#1.itm                                                                                                                                        0.0000 1.8987  
        static_anaglyph:core/reg(video_out:rsc:mgc_out_stdreg.d)#1 mgc_reg_pos_10_1_0_0_0_1_1                                                                                 0.0000 1.8987  
                                                                                                                                                                                             
      3                                                            static_anaglyph:core/vga_xy:rsc:mgc_in_wire.d   static_anaglyph:core/reg(video_out:rsc:mgc_out_stdreg.d)#2 1.8987 35.1383 
                                                                                                                                                                                             
        Instance                                                   Component                                                                                                  Delta  Delay   
        --------                                                   ---------                                                                                                  -----  -----   
        static_anaglyph:core/vga_xy:rsc:mgc_in_wire.d                                                                                                                         0.0000 0.0000  
        static_anaglyph:core/slc#6                                                                                                                                            0.0000 0.0000  
        static_anaglyph:core/slc#6.itm                                                                                                                                        0.0000 0.0000  
        static_anaglyph:core/oelse:not#1                           mgc_not_10                                                                                                 0.0000 0.0000  
        static_anaglyph:core/oelse:not#1.itm                                                                                                                                  0.0000 0.0000  
        static_anaglyph:core/conc#5                                                                                                                                           0.0000 0.0000  
        static_anaglyph:core/conc#5.itm                                                                                                                                       0.0000 0.0000  
        static_anaglyph:core/oelse:acc                             mgc_add_11_0_8_1_11                                                                                        1.3737 1.3737  
        static_anaglyph:core/oelse:acc.itm                                                                                                                                    0.0000 1.3737  
        static_anaglyph:core/oelse:slc                                                                                                                                        0.0000 1.3737  
        static_anaglyph:core/oelse:slc.itm                                                                                                                                    0.0000 1.3737  
        static_anaglyph:core/and#3                                 mgc_and_1_2                                                                                                0.2625 1.6362  
        static_anaglyph:core/and#3.itm                                                                                                                                        0.0000 1.6362  
        static_anaglyph:core/exs#3                                                                                                                                            0.0000 1.6362  
        static_anaglyph:core/exs#4                                                                                                                                            0.0000 1.6362  
        static_anaglyph:core/slc(exs#4)#2                                                                                                                                     0.0000 1.6362  
        static_anaglyph:core/slc(exs#4)#2.itm                                                                                                                                 0.0000 1.6362  
        static_anaglyph:core/exs#6                                                                                                                                            0.0000 1.6362  
        static_anaglyph:core/exs#6.itm                                                                                                                                        0.0000 1.6362  
        static_anaglyph:core/and#2                                 mgc_and_10_2                                                                                               0.2625 1.8987  
        static_anaglyph:core/and#2.itm                                                                                                                                        0.0000 1.8987  
        static_anaglyph:core/reg(video_out:rsc:mgc_out_stdreg.d)#2 mgc_reg_pos_10_1_0_0_0_1_1                                                                                 0.0000 1.8987  
                                                                                                                                                                                             
      4                                                            static_anaglyph:core/vga_xy:rsc:mgc_in_wire.d   static_anaglyph:core/reg(video_out:rsc:mgc_out_stdreg.d)#2 1.7600 35.2771 
                                                                                                                                                                                             
        Instance                                                   Component                                                                                                  Delta  Delay   
        --------                                                   ---------                                                                                                  -----  -----   
        static_anaglyph:core/vga_xy:rsc:mgc_in_wire.d                                                                                                                         0.0000 0.0000  
        static_anaglyph:core/slc#1                                                                                                                                            0.0000 0.0000  
        static_anaglyph:core/slc#1.itm                                                                                                                                        0.0000 0.0000  
        static_anaglyph:core/if:acc                                mgc_add_9_0_8_0_9                                                                                          1.2349 1.2349  
        static_anaglyph:core/if:acc.itm                                                                                                                                       0.0000 1.2349  
        static_anaglyph:core/slc                                                                                                                                              0.0000 1.2349  
        static_anaglyph:core/slc.itm                                                                                                                                          0.0000 1.2349  
        static_anaglyph:core/and#3                                 mgc_and_1_2                                                                                                0.2625 1.4974  
        static_anaglyph:core/and#3.itm                                                                                                                                        0.0000 1.4974  
        static_anaglyph:core/exs#3                                                                                                                                            0.0000 1.4974  
        static_anaglyph:core/exs#4                                                                                                                                            0.0000 1.4974  
        static_anaglyph:core/slc(exs#4)#2                                                                                                                                     0.0000 1.4974  
        static_anaglyph:core/slc(exs#4)#2.itm                                                                                                                                 0.0000 1.4974  
        static_anaglyph:core/exs#6                                                                                                                                            0.0000 1.4974  
        static_anaglyph:core/exs#6.itm                                                                                                                                        0.0000 1.4974  
        static_anaglyph:core/and#2                                 mgc_and_10_2                                                                                               0.2625 1.7600  
        static_anaglyph:core/and#2.itm                                                                                                                                        0.0000 1.7600  
        static_anaglyph:core/reg(video_out:rsc:mgc_out_stdreg.d)#2 mgc_reg_pos_10_1_0_0_0_1_1                                                                                 0.0000 1.7600  
                                                                                                                                                                                             
      5                                                            static_anaglyph:core/video_in:rsc:mgc_in_wire.d static_anaglyph:core/reg(video_out:rsc:mgc_out_stdreg.d)#2 0.2625 36.7745 
                                                                                                                                                                                             
        Instance                                                   Component                                                                                                  Delta  Delay   
        --------                                                   ---------                                                                                                  -----  -----   
        static_anaglyph:core/video_in:rsc:mgc_in_wire.d                                                                                                                       0.0000 0.0000  
        static_anaglyph:core/slc#5                                                                                                                                            0.0000 0.0000  
        static_anaglyph:core/slc#5.itm                                                                                                                                        0.0000 0.0000  
        static_anaglyph:core/and#2                                 mgc_and_10_2                                                                                               0.2625 0.2625  
        static_anaglyph:core/and#2.itm                                                                                                                                        0.0000 0.2625  
        static_anaglyph:core/reg(video_out:rsc:mgc_out_stdreg.d)#2 mgc_reg_pos_10_1_0_0_0_1_1                                                                                 0.0000 0.2625  
                                                                                                                                                                                             
      6                                                            static_anaglyph:core/video_in:rsc:mgc_in_wire.d static_anaglyph:core/reg(video_out:rsc:mgc_out_stdreg.d)#1 0.2625 36.7745 
                                                                                                                                                                                             
        Instance                                                   Component                                                                                                  Delta  Delay   
        --------                                                   ---------                                                                                                  -----  -----   
        static_anaglyph:core/video_in:rsc:mgc_in_wire.d                                                                                                                       0.0000 0.0000  
        static_anaglyph:core/slc#8                                                                                                                                            0.0000 0.0000  
        static_anaglyph:core/slc#8.itm                                                                                                                                        0.0000 0.0000  
        static_anaglyph:core/and#1                                 mgc_and_10_2                                                                                               0.2625 0.2625  
        static_anaglyph:core/and#1.itm                                                                                                                                        0.0000 0.2625  
        static_anaglyph:core/reg(video_out:rsc:mgc_out_stdreg.d)#1 mgc_reg_pos_10_1_0_0_0_1_1                                                                                 0.0000 0.2625  
                                                                                                                                                                                             
      7                                                            static_anaglyph:core/video_in:rsc:mgc_in_wire.d static_anaglyph:core/reg(video_out:rsc:mgc_out_stdreg.d)   0.2625 36.7745 
                                                                                                                                                                                             
        Instance                                                   Component                                                                                                  Delta  Delay   
        --------                                                   ---------                                                                                                  -----  -----   
        static_anaglyph:core/video_in:rsc:mgc_in_wire.d                                                                                                                       0.0000 0.0000  
        static_anaglyph:core/slc#7                                                                                                                                            0.0000 0.0000  
        static_anaglyph:core/slc#7.itm                                                                                                                                        0.0000 0.0000  
        static_anaglyph:core/and                                   mgc_and_10_2                                                                                               0.2625 0.2625  
        static_anaglyph:core/and.itm                                                                                                                                          0.0000 0.2625  
        static_anaglyph:core/reg(video_out:rsc:mgc_out_stdreg.d)   mgc_reg_pos_10_1_0_0_0_1_1                                                                                 0.0000 0.2625  
                                                                                                                                                                                             
      
    Register Input and Register-to-Output Slack
      Clock period or pin-to-reg delay constraint (clk): 37.037037037
      Clock uncertainty constraint (clk)               : 0.0
      
      Instance                                                   Port              Slack (Delay) Messages 
      ---------------------------------------------------------- --------------- ------- ------- --------
      static_anaglyph:core/reg(video_out:rsc:mgc_out_stdreg.d)   and.itm         35.1383  1.8987          
      static_anaglyph:core/reg(video_out:rsc:mgc_out_stdreg.d)#1 and#1.itm       35.1383  1.8987          
      static_anaglyph:core/reg(video_out:rsc:mgc_out_stdreg.d)#2 and#2.itm       35.1383  1.8987          
      static_anaglyph                                            video_out:rsc.z 37.0370  0.0000          
      
  Operator Bitwidth Summary
    Operation  Size (bits) Count 
    ---------- ----------- -----
    add                          
    -                   11     1 
    -                    9     1 
    and                          
    -                    2     4 
    not                          
    -                   10     1 
    read_port                    
    -                   60     1 
    -                   20     1 
    reg                          
    -                   10     3 
    write_port                   
    -                   30     1 
    
  End of Report
