-- Catapult University Version: Report                                              
-- ---------------------------- ---------------------------------------------------
-- Version:                     2011a.126 Production Release                        
-- Build Date:                  Wed Aug  8 00:52:07 PDT 2012                        
                                                                                    
-- Generated by:                jb914@EEWS104A-014                                  
-- Generated date:              Wed May 06 12:53:55 +0100 2015                      

Solution Settings: red_tint.v11
  Current state: extract
  Project: MouseTintRed
  
  Design Input Files Specified
    $PROJECT_HOME/edge.h
      $MGC_HOME/shared/include/ac_int.h
    $PROJECT_HOME/MouseTintRed.c
      $MGC_HOME/shared/include/ac_fixed.h
        $MGC_HOME/shared/include/ac_int.h
      $PROJECT_HOME/edge.h
      $PROJECT_HOME/shift_class.h
    $PROJECT_HOME/shift_class.h
  
  Processes/Blocks in Design
    Process        Real Operation(s) count Latency Throughput Reset Length II Comments 
    -------------- ----------------------- ------- ---------- ------------ -- --------
    /red_tint/core                      29       1          1            0  1          
    Design Total:                       29       1          1            0  1          
    
  Bill Of Materials (Datapath)
    Component Name                          Area Score Area(LUTs) Delay Post Alloc Post Assign 
    --------------------------------------- ---------- ---------- ----- ---------- -----------
    [Lib: mgc_Altera-Cyclone-III-6_beh_psr]                                                    
    mgc_add(11,0,11,1,13)                       12.000     12.000 1.043          2           2 
    mgc_add(8,0,4,1,9)                           9.000      9.000 1.009          1           1 
    mgc_add(8,0,6,0,8)                           9.266      9.266 1.167          1           1 
    mgc_add(9,0,9,0,9)                          10.250     10.250 1.233          1           1 
    mgc_and(10,2)                                7.298      7.298 0.263          6           1 
    mgc_and(10,3)                               10.545     10.545 0.416          0           1 
    mgc_mux(1,1,2)                               0.919      0.919 0.369          0           1 
    mgc_mux(10,1,2)                              9.194      9.194 0.369          2           2 
    mgc_nor(10,2)                                7.298      7.298 0.263          0           3 
    mgc_nor(10,3)                               10.545     10.545 0.416          0           1 
    mgc_not(1)                                   0.000      0.000 0.000          0           3 
    mgc_not(2)                                   0.000      0.000 0.000          0           2 
    mgc_not(8)                                   0.000      0.000 0.000          0           3 
    mgc_or(10,2)                                 7.298      7.298 0.268          2           0 
    mgc_reg_pos(1,1,0,0,0,1,1)                   0.000      0.000 0.000          0           1 
    mgc_reg_pos(10,1,0,0,0,1,1)                  0.000      0.000 0.000          0           3 
    [Lib: mgc_ioport]                                                                          
    mgc_in_wire(1,30)                            0.000      0.000 0.000          1           1 
    mgc_in_wire(3,20)                            0.000      0.000 0.000          1           1 
    mgc_out_stdreg(2,30)                         0.000      0.000 0.000          1           1 
                                                                                               
    TOTAL AREA (After Assignment):             122.107    122.000                              
    
  Area Scores
                      Post-Scheduling Post-DP & FSM Post-Assignment 
    ----------------- --------------- ------------- ---------------
    Total Area Score:    129.3         118.9           122.1        
    Total Reg:             0.0           0.0             0.0        
                                                                    
    DataPath:            129.3 (100%)  118.9 (100%)    122.1 (100%) 
      MUX:                18.4  (14%)   19.3  (16%)     19.3  (16%) 
      FUNC:               52.5  (41%)   52.5  (44%)     52.5  (43%) 
      LOGIC:              58.4  (45%)   47.0  (40%)     50.3  (41%) 
      BUFFER:              0.0           0.0             0.0        
      MEM:                 0.0           0.0             0.0        
      ROM:                 0.0           0.0             0.0        
      REG:                 0.0           0.0             0.0        
                                                                    
    
    FSM:                   0.0           0.0             0.0        
      FSM-REG:             0.0           0.0             0.0        
      FSM-COMB:            0.0           0.0             0.0        
                                                                    
    
  Register-to-Variable Mappings
    Register                                  Size(bits) Gated Register CG Opt Done Variables                                             
    ----------------------------------------- ---------- -------------- ----------- -----------------------------------------------------
    reg(video_out:rsc:mgc_out_stdreg.d).tmp           10         Y                  reg(video_out:rsc:mgc_out_stdreg.d).tmp               
    reg(video_out:rsc:mgc_out_stdreg.d).tmp#1         10         Y                  reg(video_out:rsc:mgc_out_stdreg.d).tmp#1             
    reg(video_out:rsc:mgc_out_stdreg.d).tmp#2         10         Y                  reg(video_out:rsc:mgc_out_stdreg.d).tmp#2             
    else:slc.svs                                       1         Y                  else:slc.svs                                          
                                                                                                                                          
    Total:                                            31             31           0 (Total Gating Ratio: 1.00, CG Opt Gating Ratio: 0.00) 
    
  Timing Report
    Critical Path
      Max Delay:  3.3670390000000006
      Slack:      33.669998037
      
      Path                                                  Startpoint                               Endpoint                                            Delay  Slack   
      ----------------------------------------------------- ---------------------------------------- --------------------------------------------------- ------ -------
      1                                                     red_tint:core/mouse_xy:rsc:mgc_in_wire.d red_tint:core/reg(video_out:rsc:mgc_out_stdreg.d)#2 3.3670 33.6700 
                                                                                                                                                                        
        Instance                                            Component                                                                                    Delta  Delay   
        --------                                            ---------                                                                                    -----  -----   
        red_tint:core/mouse_xy:rsc:mgc_in_wire.d                                                                                                         0.0000 0.0000  
        red_tint:core/slc#12                                                                                                                             0.0000 0.0000  
        red_tint:core/slc#12.itm                                                                                                                         0.0000 0.0000  
        red_tint:core/acc#1                                 mgc_add_8_0_6_0_8                                                                            1.1671 1.1671  
        red_tint:core/acc#1.psp.sva                                                                                                                      0.0000 1.1671  
        red_tint:core/else:else:not#4                       mgc_not_8                                                                                    0.0000 1.1671  
        red_tint:core/else:else:not#4.itm                                                                                                                0.0000 1.1671  
        red_tint:core/conc#19                                                                                                                            0.0000 1.1671  
        red_tint:core/conc#19.itm                                                                                                                        0.0000 1.1671  
        red_tint:core/else:else:acc                         mgc_add_11_0_11_1_13                                                                         1.0435 2.2105  
        red_tint:core/else:else:acc.itm                                                                                                                  0.0000 2.2105  
        red_tint:core/else:else:slc#1                                                                                                                    0.0000 2.2105  
        red_tint:core/else:else:acc#1.psp.sva                                                                                                            0.0000 2.2105  
        red_tint:core/slc(else:else:acc#1.psp.sva)                                                                                                       0.0000 2.2105  
        red_tint:core/slc(else:else:acc#1.psp.sva).itm                                                                                                   0.0000 2.2105  
        red_tint:core/nor#1                                 mgc_nor_10_2                                                                                 0.2625 2.4731  
        red_tint:core/nor#1.itm                                                                                                                          0.0000 2.4731  
        red_tint:core/makepos#1:nor                         mgc_nor_10_2                                                                                 0.2625 2.7356  
        red_tint:core/makepos#1:nor.itm                                                                                                                  0.0000 2.7356  
        red_tint:core/else:mux#2                            mgc_mux_10_1_2                                                                               0.3690 3.1045  
        red_tint:core/else:mux#2.itm                                                                                                                     0.0000 3.1045  
        red_tint:core/and#1                                 mgc_and_10_2                                                                                 0.2625 3.3670  
        red_tint:core/and#1.itm                                                                                                                          0.0000 3.3670  
        red_tint:core/reg(video_out:rsc:mgc_out_stdreg.d)#2 mgc_reg_pos_10_1_0_0_0_1_1                                                                   0.0000 3.3670  
                                                                                                                                                                        
      2                                                     red_tint:core/mouse_xy:rsc:mgc_in_wire.d red_tint:core/reg(video_out:rsc:mgc_out_stdreg.d)#2 3.3670 33.6700 
                                                                                                                                                                        
        Instance                                            Component                                                                                    Delta  Delay   
        --------                                            ---------                                                                                    -----  -----   
        red_tint:core/mouse_xy:rsc:mgc_in_wire.d                                                                                                         0.0000 0.0000  
        red_tint:core/slc#12                                                                                                                             0.0000 0.0000  
        red_tint:core/slc#12.itm                                                                                                                         0.0000 0.0000  
        red_tint:core/acc#1                                 mgc_add_8_0_6_0_8                                                                            1.1671 1.1671  
        red_tint:core/acc#1.psp.sva                                                                                                                      0.0000 1.1671  
        red_tint:core/else:else:not#4                       mgc_not_8                                                                                    0.0000 1.1671  
        red_tint:core/else:else:not#4.itm                                                                                                                0.0000 1.1671  
        red_tint:core/conc#19                                                                                                                            0.0000 1.1671  
        red_tint:core/conc#19.itm                                                                                                                        0.0000 1.1671  
        red_tint:core/else:else:acc                         mgc_add_11_0_11_1_13                                                                         1.0435 2.2105  
        red_tint:core/else:else:acc.itm                                                                                                                  0.0000 2.2105  
        red_tint:core/else:else:slc#1                                                                                                                    0.0000 2.2105  
        red_tint:core/else:else:acc#1.psp.sva                                                                                                            0.0000 2.2105  
        red_tint:core/slc(else:else:acc#1.psp.sva)#1                                                                                                     0.0000 2.2105  
        red_tint:core/slc(else:else:acc#1.psp.sva)#1.itm                                                                                                 0.0000 2.2105  
        red_tint:core/makepos#1:else:exs                                                                                                                 0.0000 2.2105  
        red_tint:core/makepos#1:else:exs.itm                                                                                                             0.0000 2.2105  
        red_tint:core/nor#1                                 mgc_nor_10_2                                                                                 0.2625 2.4731  
        red_tint:core/nor#1.itm                                                                                                                          0.0000 2.4731  
        red_tint:core/makepos#1:nor                         mgc_nor_10_2                                                                                 0.2625 2.7356  
        red_tint:core/makepos#1:nor.itm                                                                                                                  0.0000 2.7356  
        red_tint:core/else:mux#2                            mgc_mux_10_1_2                                                                               0.3690 3.1045  
        red_tint:core/else:mux#2.itm                                                                                                                     0.0000 3.1045  
        red_tint:core/and#1                                 mgc_and_10_2                                                                                 0.2625 3.3670  
        red_tint:core/and#1.itm                                                                                                                          0.0000 3.3670  
        red_tint:core/reg(video_out:rsc:mgc_out_stdreg.d)#2 mgc_reg_pos_10_1_0_0_0_1_1                                                                   0.0000 3.3670  
                                                                                                                                                                        
      3                                                     red_tint:core/mouse_xy:rsc:mgc_in_wire.d red_tint:core/reg(video_out:rsc:mgc_out_stdreg.d)#2 3.3670 33.6700 
                                                                                                                                                                        
        Instance                                            Component                                                                                    Delta  Delay   
        --------                                            ---------                                                                                    -----  -----   
        red_tint:core/mouse_xy:rsc:mgc_in_wire.d                                                                                                         0.0000 0.0000  
        red_tint:core/slc#13                                                                                                                             0.0000 0.0000  
        red_tint:core/slc#13.itm                                                                                                                         0.0000 0.0000  
        red_tint:core/acc#1                                 mgc_add_8_0_6_0_8                                                                            1.1671 1.1671  
        red_tint:core/acc#1.psp.sva                                                                                                                      0.0000 1.1671  
        red_tint:core/else:else:not#4                       mgc_not_8                                                                                    0.0000 1.1671  
        red_tint:core/else:else:not#4.itm                                                                                                                0.0000 1.1671  
        red_tint:core/conc#19                                                                                                                            0.0000 1.1671  
        red_tint:core/conc#19.itm                                                                                                                        0.0000 1.1671  
        red_tint:core/else:else:acc                         mgc_add_11_0_11_1_13                                                                         1.0435 2.2105  
        red_tint:core/else:else:acc.itm                                                                                                                  0.0000 2.2105  
        red_tint:core/else:else:slc#1                                                                                                                    0.0000 2.2105  
        red_tint:core/else:else:acc#1.psp.sva                                                                                                            0.0000 2.2105  
        red_tint:core/slc(else:else:acc#1.psp.sva)#1                                                                                                     0.0000 2.2105  
        red_tint:core/slc(else:else:acc#1.psp.sva)#1.itm                                                                                                 0.0000 2.2105  
        red_tint:core/makepos#1:else:exs                                                                                                                 0.0000 2.2105  
        red_tint:core/makepos#1:else:exs.itm                                                                                                             0.0000 2.2105  
        red_tint:core/nor#1                                 mgc_nor_10_2                                                                                 0.2625 2.4731  
        red_tint:core/nor#1.itm                                                                                                                          0.0000 2.4731  
        red_tint:core/makepos#1:nor                         mgc_nor_10_2                                                                                 0.2625 2.7356  
        red_tint:core/makepos#1:nor.itm                                                                                                                  0.0000 2.7356  
        red_tint:core/else:mux#2                            mgc_mux_10_1_2                                                                               0.3690 3.1045  
        red_tint:core/else:mux#2.itm                                                                                                                     0.0000 3.1045  
        red_tint:core/and#1                                 mgc_and_10_2                                                                                 0.2625 3.3670  
        red_tint:core/and#1.itm                                                                                                                          0.0000 3.3670  
        red_tint:core/reg(video_out:rsc:mgc_out_stdreg.d)#2 mgc_reg_pos_10_1_0_0_0_1_1                                                                   0.0000 3.3670  
                                                                                                                                                                        
      4                                                     red_tint:core/mouse_xy:rsc:mgc_in_wire.d red_tint:core/reg(video_out:rsc:mgc_out_stdreg.d)#1 3.2581 33.7790 
                                                                                                                                                                        
        Instance                                            Component                                                                                    Delta  Delay   
        --------                                            ---------                                                                                    -----  -----   
        red_tint:core/mouse_xy:rsc:mgc_in_wire.d                                                                                                         0.0000 0.0000  
        red_tint:core/slc#12                                                                                                                             0.0000 0.0000  
        red_tint:core/slc#12.itm                                                                                                                         0.0000 0.0000  
        red_tint:core/acc#1                                 mgc_add_8_0_6_0_8                                                                            1.1671 1.1671  
        red_tint:core/acc#1.psp.sva                                                                                                                      0.0000 1.1671  
        red_tint:core/else:else:not#8                       mgc_not_8                                                                                    0.0000 1.1671  
        red_tint:core/else:else:not#8.itm                                                                                                                0.0000 1.1671  
        red_tint:core/conc#17                                                                                                                            0.0000 1.1671  
        red_tint:core/conc#17.itm                                                                                                                        0.0000 1.1671  
        red_tint:core/else:else:acc#2                       mgc_add_11_0_11_1_13                                                                         1.0435 2.2105  
        red_tint:core/else:else:acc#2.itm                                                                                                                0.0000 2.2105  
        red_tint:core/else:else:slc                                                                                                                      0.0000 2.2105  
        red_tint:core/else:else:acc.psp.sva                                                                                                              0.0000 2.2105  
        red_tint:core/slc(else:else:acc.psp.sva)                                                                                                         0.0000 2.2105  
        red_tint:core/slc(else:else:acc.psp.sva).itm                                                                                                     0.0000 2.2105  
        red_tint:core/nor                                   mgc_nor_10_2                                                                                 0.2625 2.4731  
        red_tint:core/nor.itm                                                                                                                            0.0000 2.4731  
        red_tint:core/else:nor                              mgc_nor_10_3                                                                                 0.4161 2.8891  
        red_tint:core/else:nor.itm                                                                                                                       0.0000 2.8891  
        red_tint:core/mux                                   mgc_mux_10_1_2                                                                               0.3690 3.2581  
        red_tint:core/mux.itm                                                                                                                            0.0000 3.2581  
        red_tint:core/reg(video_out:rsc:mgc_out_stdreg.d)#1 mgc_reg_pos_10_1_0_0_0_1_1                                                                   0.0000 3.2581  
                                                                                                                                                                        
      5                                                     red_tint:core/mouse_xy:rsc:mgc_in_wire.d red_tint:core/reg(video_out:rsc:mgc_out_stdreg.d)#1 3.2581 33.7790 
                                                                                                                                                                        
        Instance                                            Component                                                                                    Delta  Delay   
        --------                                            ---------                                                                                    -----  -----   
        red_tint:core/mouse_xy:rsc:mgc_in_wire.d                                                                                                         0.0000 0.0000  
        red_tint:core/slc#12                                                                                                                             0.0000 0.0000  
        red_tint:core/slc#12.itm                                                                                                                         0.0000 0.0000  
        red_tint:core/acc#1                                 mgc_add_8_0_6_0_8                                                                            1.1671 1.1671  
        red_tint:core/acc#1.psp.sva                                                                                                                      0.0000 1.1671  
        red_tint:core/else:else:not#8                       mgc_not_8                                                                                    0.0000 1.1671  
        red_tint:core/else:else:not#8.itm                                                                                                                0.0000 1.1671  
        red_tint:core/conc#17                                                                                                                            0.0000 1.1671  
        red_tint:core/conc#17.itm                                                                                                                        0.0000 1.1671  
        red_tint:core/else:else:acc#2                       mgc_add_11_0_11_1_13                                                                         1.0435 2.2105  
        red_tint:core/else:else:acc#2.itm                                                                                                                0.0000 2.2105  
        red_tint:core/else:else:slc                                                                                                                      0.0000 2.2105  
        red_tint:core/else:else:acc.psp.sva                                                                                                              0.0000 2.2105  
        red_tint:core/slc(else:else:acc.psp.sva)#1                                                                                                       0.0000 2.2105  
        red_tint:core/slc(else:else:acc.psp.sva)#1.itm                                                                                                   0.0000 2.2105  
        red_tint:core/makepos:else:exs                                                                                                                   0.0000 2.2105  
        red_tint:core/makepos:else:exs.itm                                                                                                               0.0000 2.2105  
        red_tint:core/nor                                   mgc_nor_10_2                                                                                 0.2625 2.4731  
        red_tint:core/nor.itm                                                                                                                            0.0000 2.4731  
        red_tint:core/else:nor                              mgc_nor_10_3                                                                                 0.4161 2.8891  
        red_tint:core/else:nor.itm                                                                                                                       0.0000 2.8891  
        red_tint:core/mux                                   mgc_mux_10_1_2                                                                               0.3690 3.2581  
        red_tint:core/mux.itm                                                                                                                            0.0000 3.2581  
        red_tint:core/reg(video_out:rsc:mgc_out_stdreg.d)#1 mgc_reg_pos_10_1_0_0_0_1_1                                                                   0.0000 3.2581  
                                                                                                                                                                        
      6                                                     red_tint:core/mouse_xy:rsc:mgc_in_wire.d red_tint:core/reg(video_out:rsc:mgc_out_stdreg.d)#1 3.2581 33.7790 
                                                                                                                                                                        
        Instance                                            Component                                                                                    Delta  Delay   
        --------                                            ---------                                                                                    -----  -----   
        red_tint:core/mouse_xy:rsc:mgc_in_wire.d                                                                                                         0.0000 0.0000  
        red_tint:core/slc#13                                                                                                                             0.0000 0.0000  
        red_tint:core/slc#13.itm                                                                                                                         0.0000 0.0000  
        red_tint:core/acc#1                                 mgc_add_8_0_6_0_8                                                                            1.1671 1.1671  
        red_tint:core/acc#1.psp.sva                                                                                                                      0.0000 1.1671  
        red_tint:core/else:else:not#8                       mgc_not_8                                                                                    0.0000 1.1671  
        red_tint:core/else:else:not#8.itm                                                                                                                0.0000 1.1671  
        red_tint:core/conc#17                                                                                                                            0.0000 1.1671  
        red_tint:core/conc#17.itm                                                                                                                        0.0000 1.1671  
        red_tint:core/else:else:acc#2                       mgc_add_11_0_11_1_13                                                                         1.0435 2.2105  
        red_tint:core/else:else:acc#2.itm                                                                                                                0.0000 2.2105  
        red_tint:core/else:else:slc                                                                                                                      0.0000 2.2105  
        red_tint:core/else:else:acc.psp.sva                                                                                                              0.0000 2.2105  
        red_tint:core/slc(else:else:acc.psp.sva)#1                                                                                                       0.0000 2.2105  
        red_tint:core/slc(else:else:acc.psp.sva)#1.itm                                                                                                   0.0000 2.2105  
        red_tint:core/makepos:else:exs                                                                                                                   0.0000 2.2105  
        red_tint:core/makepos:else:exs.itm                                                                                                               0.0000 2.2105  
        red_tint:core/nor                                   mgc_nor_10_2                                                                                 0.2625 2.4731  
        red_tint:core/nor.itm                                                                                                                            0.0000 2.4731  
        red_tint:core/else:nor                              mgc_nor_10_3                                                                                 0.4161 2.8891  
        red_tint:core/else:nor.itm                                                                                                                       0.0000 2.8891  
        red_tint:core/mux                                   mgc_mux_10_1_2                                                                               0.3690 3.2581  
        red_tint:core/mux.itm                                                                                                                            0.0000 3.2581  
        red_tint:core/reg(video_out:rsc:mgc_out_stdreg.d)#1 mgc_reg_pos_10_1_0_0_0_1_1                                                                   0.0000 3.2581  
                                                                                                                                                                        
      7                                                     red_tint:core/mouse_xy:rsc:mgc_in_wire.d red_tint:core/reg(video_out:rsc:mgc_out_stdreg.d)#2 3.1045 33.9325 
                                                                                                                                                                        
        Instance                                            Component                                                                                    Delta  Delay   
        --------                                            ---------                                                                                    -----  -----   
        red_tint:core/mouse_xy:rsc:mgc_in_wire.d                                                                                                         0.0000 0.0000  
        red_tint:core/slc#12                                                                                                                             0.0000 0.0000  
        red_tint:core/slc#12.itm                                                                                                                         0.0000 0.0000  
        red_tint:core/acc#1                                 mgc_add_8_0_6_0_8                                                                            1.1671 1.1671  
        red_tint:core/acc#1.psp.sva                                                                                                                      0.0000 1.1671  
        red_tint:core/else:else:not#4                       mgc_not_8                                                                                    0.0000 1.1671  
        red_tint:core/else:else:not#4.itm                                                                                                                0.0000 1.1671  
        red_tint:core/conc#19                                                                                                                            0.0000 1.1671  
        red_tint:core/conc#19.itm                                                                                                                        0.0000 1.1671  
        red_tint:core/else:else:acc                         mgc_add_11_0_11_1_13                                                                         1.0435 2.2105  
        red_tint:core/else:else:acc.itm                                                                                                                  0.0000 2.2105  
        red_tint:core/else:else:slc#1                                                                                                                    0.0000 2.2105  
        red_tint:core/else:else:acc#1.psp.sva                                                                                                            0.0000 2.2105  
        red_tint:core/slc(else:else:acc#1.psp.sva)#2                                                                                                     0.0000 2.2105  
        red_tint:core/slc(else:else:acc#1.psp.sva)#2.itm                                                                                                 0.0000 2.2105  
        red_tint:core/makepos#1:exs                                                                                                                      0.0000 2.2105  
        red_tint:core/makepos#1:exs.itm                                                                                                                  0.0000 2.2105  
        red_tint:core/makepos#1:nor                         mgc_nor_10_2                                                                                 0.2625 2.4731  
        red_tint:core/makepos#1:nor.itm                                                                                                                  0.0000 2.4731  
        red_tint:core/else:mux#2                            mgc_mux_10_1_2                                                                               0.3690 2.8420  
        red_tint:core/else:mux#2.itm                                                                                                                     0.0000 2.8420  
        red_tint:core/and#1                                 mgc_and_10_2                                                                                 0.2625 3.1045  
        red_tint:core/and#1.itm                                                                                                                          0.0000 3.1045  
        red_tint:core/reg(video_out:rsc:mgc_out_stdreg.d)#2 mgc_reg_pos_10_1_0_0_0_1_1                                                                   0.0000 3.1045  
                                                                                                                                                                        
      8                                                     red_tint:core/mouse_xy:rsc:mgc_in_wire.d red_tint:core/reg(video_out:rsc:mgc_out_stdreg.d)#2 3.1045 33.9325 
                                                                                                                                                                        
        Instance                                            Component                                                                                    Delta  Delay   
        --------                                            ---------                                                                                    -----  -----   
        red_tint:core/mouse_xy:rsc:mgc_in_wire.d                                                                                                         0.0000 0.0000  
        red_tint:core/slc#13                                                                                                                             0.0000 0.0000  
        red_tint:core/slc#13.itm                                                                                                                         0.0000 0.0000  
        red_tint:core/acc#1                                 mgc_add_8_0_6_0_8                                                                            1.1671 1.1671  
        red_tint:core/acc#1.psp.sva                                                                                                                      0.0000 1.1671  
        red_tint:core/else:else:not#4                       mgc_not_8                                                                                    0.0000 1.1671  
        red_tint:core/else:else:not#4.itm                                                                                                                0.0000 1.1671  
        red_tint:core/conc#19                                                                                                                            0.0000 1.1671  
        red_tint:core/conc#19.itm                                                                                                                        0.0000 1.1671  
        red_tint:core/else:else:acc                         mgc_add_11_0_11_1_13                                                                         1.0435 2.2105  
        red_tint:core/else:else:acc.itm                                                                                                                  0.0000 2.2105  
        red_tint:core/else:else:slc#1                                                                                                                    0.0000 2.2105  
        red_tint:core/else:else:acc#1.psp.sva                                                                                                            0.0000 2.2105  
        red_tint:core/slc(else:else:acc#1.psp.sva)#2                                                                                                     0.0000 2.2105  
        red_tint:core/slc(else:else:acc#1.psp.sva)#2.itm                                                                                                 0.0000 2.2105  
        red_tint:core/makepos#1:exs                                                                                                                      0.0000 2.2105  
        red_tint:core/makepos#1:exs.itm                                                                                                                  0.0000 2.2105  
        red_tint:core/makepos#1:nor                         mgc_nor_10_2                                                                                 0.2625 2.4731  
        red_tint:core/makepos#1:nor.itm                                                                                                                  0.0000 2.4731  
        red_tint:core/else:mux#2                            mgc_mux_10_1_2                                                                               0.3690 2.8420  
        red_tint:core/else:mux#2.itm                                                                                                                     0.0000 2.8420  
        red_tint:core/and#1                                 mgc_and_10_2                                                                                 0.2625 3.1045  
        red_tint:core/and#1.itm                                                                                                                          0.0000 3.1045  
        red_tint:core/reg(video_out:rsc:mgc_out_stdreg.d)#2 mgc_reg_pos_10_1_0_0_0_1_1                                                                   0.0000 3.1045  
                                                                                                                                                                        
      9                                                     red_tint:core/mouse_xy:rsc:mgc_in_wire.d red_tint:core/reg(video_out:rsc:mgc_out_stdreg.d)#1 2.9956 34.0415 
                                                                                                                                                                        
        Instance                                            Component                                                                                    Delta  Delay   
        --------                                            ---------                                                                                    -----  -----   
        red_tint:core/mouse_xy:rsc:mgc_in_wire.d                                                                                                         0.0000 0.0000  
        red_tint:core/slc#12                                                                                                                             0.0000 0.0000  
        red_tint:core/slc#12.itm                                                                                                                         0.0000 0.0000  
        red_tint:core/acc#1                                 mgc_add_8_0_6_0_8                                                                            1.1671 1.1671  
        red_tint:core/acc#1.psp.sva                                                                                                                      0.0000 1.1671  
        red_tint:core/else:else:not#8                       mgc_not_8                                                                                    0.0000 1.1671  
        red_tint:core/else:else:not#8.itm                                                                                                                0.0000 1.1671  
        red_tint:core/conc#17                                                                                                                            0.0000 1.1671  
        red_tint:core/conc#17.itm                                                                                                                        0.0000 1.1671  
        red_tint:core/else:else:acc#2                       mgc_add_11_0_11_1_13                                                                         1.0435 2.2105  
        red_tint:core/else:else:acc#2.itm                                                                                                                0.0000 2.2105  
        red_tint:core/else:else:slc                                                                                                                      0.0000 2.2105  
        red_tint:core/else:else:acc.psp.sva                                                                                                              0.0000 2.2105  
        red_tint:core/slc(else:else:acc.psp.sva)#2                                                                                                       0.0000 2.2105  
        red_tint:core/slc(else:else:acc.psp.sva)#2.itm                                                                                                   0.0000 2.2105  
        red_tint:core/makepos:exs                                                                                                                        0.0000 2.2105  
        red_tint:core/makepos:exs.itm                                                                                                                    0.0000 2.2105  
        red_tint:core/else:nor                              mgc_nor_10_3                                                                                 0.4161 2.6266  
        red_tint:core/else:nor.itm                                                                                                                       0.0000 2.6266  
        red_tint:core/mux                                   mgc_mux_10_1_2                                                                               0.3690 2.9956  
        red_tint:core/mux.itm                                                                                                                            0.0000 2.9956  
        red_tint:core/reg(video_out:rsc:mgc_out_stdreg.d)#1 mgc_reg_pos_10_1_0_0_0_1_1                                                                   0.0000 2.9956  
                                                                                                                                                                        
      10                                                    red_tint:core/mouse_xy:rsc:mgc_in_wire.d red_tint:core/reg(video_out:rsc:mgc_out_stdreg.d)#1 2.9956 34.0415 
                                                                                                                                                                        
        Instance                                            Component                                                                                    Delta  Delay   
        --------                                            ---------                                                                                    -----  -----   
        red_tint:core/mouse_xy:rsc:mgc_in_wire.d                                                                                                         0.0000 0.0000  
        red_tint:core/slc#13                                                                                                                             0.0000 0.0000  
        red_tint:core/slc#13.itm                                                                                                                         0.0000 0.0000  
        red_tint:core/acc#1                                 mgc_add_8_0_6_0_8                                                                            1.1671 1.1671  
        red_tint:core/acc#1.psp.sva                                                                                                                      0.0000 1.1671  
        red_tint:core/else:else:not#8                       mgc_not_8                                                                                    0.0000 1.1671  
        red_tint:core/else:else:not#8.itm                                                                                                                0.0000 1.1671  
        red_tint:core/conc#17                                                                                                                            0.0000 1.1671  
        red_tint:core/conc#17.itm                                                                                                                        0.0000 1.1671  
        red_tint:core/else:else:acc#2                       mgc_add_11_0_11_1_13                                                                         1.0435 2.2105  
        red_tint:core/else:else:acc#2.itm                                                                                                                0.0000 2.2105  
        red_tint:core/else:else:slc                                                                                                                      0.0000 2.2105  
        red_tint:core/else:else:acc.psp.sva                                                                                                              0.0000 2.2105  
        red_tint:core/slc(else:else:acc.psp.sva)#2                                                                                                       0.0000 2.2105  
        red_tint:core/slc(else:else:acc.psp.sva)#2.itm                                                                                                   0.0000 2.2105  
        red_tint:core/makepos:exs                                                                                                                        0.0000 2.2105  
        red_tint:core/makepos:exs.itm                                                                                                                    0.0000 2.2105  
        red_tint:core/else:nor                              mgc_nor_10_3                                                                                 0.4161 2.6266  
        red_tint:core/else:nor.itm                                                                                                                       0.0000 2.6266  
        red_tint:core/mux                                   mgc_mux_10_1_2                                                                               0.3690 2.9956  
        red_tint:core/mux.itm                                                                                                                            0.0000 2.9956  
        red_tint:core/reg(video_out:rsc:mgc_out_stdreg.d)#1 mgc_reg_pos_10_1_0_0_0_1_1                                                                   0.0000 2.9956  
                                                                                                                                                                        
      
    Register Input and Register-to-Output Slack
      Clock period or pin-to-reg delay constraint (clk): 37.037037037
      Clock uncertainty constraint (clk)               : 0.0
      
      Instance                                            Port               Slack (Delay) Messages 
      --------------------------------------------------- ---------------- ------- ------- --------
      red_tint:core/reg(else:slc.svs)                     else:slc.svs:mx0 34.8035  2.2336          
      red_tint:core/reg(video_out:rsc:mgc_out_stdreg.d)   and.itm          35.3879  1.6492          
      red_tint:core/reg(video_out:rsc:mgc_out_stdreg.d)#1 mux.itm          33.7790  3.2581          
      red_tint:core/reg(video_out:rsc:mgc_out_stdreg.d)#2 and#1.itm        33.6700  3.3670          
      red_tint                                            video_out:rsc.z  37.0370  0.0000          
      
  Operator Bitwidth Summary
    Operation  Size (bits) Count 
    ---------- ----------- -----
    add                          
    -                   13     2 
    -                    9     2 
    -                    8     1 
    and                          
    -                    3     1 
    -                    2     1 
    mux                          
    -                    1     3 
    nor                          
    -                    3     1 
    -                    2     3 
    not                          
    -                    8     3 
    -                    2     2 
    -                    1     3 
    read_port                    
    -                   30     1 
    -                   20     1 
    reg                          
    -                   10     3 
    -                    1     1 
    write_port                   
    -                   30     1 
    
  End of Report
