-- Catapult University Version: Report                                              
-- ---------------------------- ---------------------------------------------------
-- Version:                     2011a.126 Production Release                        
-- Build Date:                  Wed Aug  8 00:52:07 PDT 2012                        
                                                                                    
-- Generated by:                jb914@EEWS104A-021                                  
-- Generated date:              Fri May 08 17:28:45 +0100 2015                      

Solution Settings: static_anaglyph.v8
  Current state: schedule
  Project: Catapult
  
  Design Input Files Specified
    $PROJECT_HOME/shift_class.h
    $PROJECT_HOME/blur.c
      $MGC_HOME/shared/include/ac_int.h
    $PROJECT_HOME/blur.h
      $MGC_HOME/shared/include/ac_int.h
  
  Processes/Blocks in Design
    Process               Real Operation(s) count Latency Throughput Reset Length II Comments 
    --------------------- ----------------------- ------- ---------- ------------ -- --------
    /static_anaglyph/core                       2       1          1            0  1          
    Design Total:                               2       1          1            0  1          
    
  Clock Information
    Clock Signal Edge   Period Sharing Alloc (%) Uncertainty Used by Processes/Blocks 
    ------------ ------ ------ ----------------- ----------- ------------------------
    clk          rising 20.000             20.00    0.000000 /static_anaglyph/core    
    
  I/O Data Ranges
    Port            Mode DeclType DeclWidth DeclRange ActType ActWidth ActRange 
    --------------- ---- -------- --------- --------- ------- -------- --------
    video_in:rsc.z  IN   Unsigned        60                                     
    clk             IN   Unsigned         1                                     
    en              IN   Unsigned         1                                     
    arst_n          IN   Unsigned         1                                     
    video_out:rsc.z OUT  Unsigned        30                                     
    
  Memory Resources
    Resource Name: /static_anaglyph/vga_xy:rsc
      Memory Component: mgc_in_wire                  Size:         1 x 20
      External:         true                         Packing Mode: sidebyside
      Memory Map:
      Variable                Indices Phys Memory Address     
      ----------------------- ------- -----------------------
      /static_anaglyph/vga_xy    0:19 00000000-00000000 (0-0) 
      
    Resource Name: /static_anaglyph/video_in:rsc
      Memory Component: mgc_in_wire                  Size:         1 x 60
      External:         true                         Packing Mode: sidebyside
      Memory Map:
      Variable                  Indices Phys Memory Address     
      ------------------------- ------- -----------------------
      /static_anaglyph/video_in    0:59 00000000-00000000 (0-0) 
      
    Resource Name: /static_anaglyph/video_out:rsc
      Memory Component: mgc_out_stdreg               Size:         1 x 30
      External:         true                         Packing Mode: sidebyside
      Memory Map:
      Variable                   Indices Phys Memory Address     
      -------------------------- ------- -----------------------
      /static_anaglyph/video_out    0:29 00000000-00000000 (0-0) 
      
  Multi-Cycle (Combinational) Component Usage
    Instance Component Name Delay 
    -------- -------------- -----
    
  Loops
    Process               Loop             Iterations C-Steps Total Cycles  Duration  Unroll Init Comments 
    --------------------- ---------------- ---------- ------- ------------- --------- ------ ---- --------
    /static_anaglyph/core main               Infinite       2            1  20.00 ns            1          
    
  Loop Execution Profile
    Process               Loop             Total Cycles % of Overall Design Cycles Throughput Cycles Comments 
    --------------------- ---------------- ------------ -------------------------- ----------------- --------
    /static_anaglyph/core main                       1                      100.00                1           
    
  End of Report
