-- Catapult University Version: Report                                              
-- ---------------------------- ---------------------------------------------------
-- Version:                     2011a.126 Production Release                        
-- Build Date:                  Wed Aug  8 00:52:07 PDT 2012                        
                                                                                    
-- Generated by:                jb914@EEWS104A-020                                  
-- Generated date:              Mon May 11 12:58:40 +0100 2015                      

Solution Settings: motion_blur.v5
  Current state: extract
  Project: MBlur1
  
  Design Input Files Specified
    $PROJECT_HOME/shift_class.h
    $PROJECT_HOME/motionblur.h
      $MGC_HOME/shared/include/ac_int.h
    $PROJECT_HOME/motionblur1.c
      $MGC_HOME/shared/include/ac_fixed.h
        $MGC_HOME/shared/include/ac_int.h
      $PROJECT_HOME/motionblur.h
      $PROJECT_HOME/shift_class.h
  
  Processes/Blocks in Design
    Process           Real Operation(s) count Latency Throughput Reset Length II Comments 
    ----------------- ----------------------- ------- ---------- ------------ -- --------
    /motion_blur/core                     114       1          1            0  1          
    Design Total:                         114       1          1            0  0          
    
  Bill Of Materials (Datapath)
    Component Name                          Area Score Area(LUTs) Delay Post Alloc Post Assign 
    --------------------------------------- ---------- ---------- ----- ---------- -----------
    [Lib: mgc_Altera-Cyclone-III-6_beh_psr]                                                    
    mgc_add(10,0,10,0,11)                       11.241     11.241 1.301         21          21 
    mgc_add(10,0,9,0,11)                        11.245     11.245 1.303          0           3 
    mgc_add(11,0,11,0,12)                       12.233     12.233 1.368         12           9 
    mgc_add(11,0,2,1,11)                        12.000     12.000 1.389          3           3 
    mgc_add(12,0,12,0,13)                       13.224     13.224 1.434          6           6 
    mgc_add(13,0,12,0,14)                       14.219     14.219 1.501          3           3 
    mgc_add(14,0,13,0,15)                       15.210     15.210 1.565          3           3 
    mgc_add(5,0,2,1,5)                           6.000      6.000 0.946          3           3 
    mgc_and(1,2)                                 0.730      0.730 0.263          0           6 
    mgc_and(10,2)                                7.298      7.298 0.263         45          42 
    mgc_and(9,2)                                 6.568      6.568 0.263          0           3 
    mgc_nor(1,3)                                 1.054      1.054 0.416          0           1 
    mgc_not(1)                                   0.000      0.000 0.000          0           2 
    mgc_not(10)                                  0.000      0.000 0.000          0           3 
    mgc_not(5)                                   0.000      0.000 0.000          0           3 
    mgc_or(10,2)                                 7.298      7.298 0.268          3           3 
    mgc_reg_pos(10,1,0,0,0,1,1)                  0.000      0.000 0.000          0          12 
    mgc_reg_pos(30,1,0,0,0,1,1)                  0.000      0.000 0.000          0           2 
    mgc_reg_pos(90,1,0,0,0,1,1)                  0.000      0.000 0.000          0           2 
    [Lib: mgc_ioport]                                                                          
    mgc_in_wire(1,150)                           0.000      0.000 0.000          1           1 
    mgc_in_wire(3,2)                             0.000      0.000 0.000          1           1 
    mgc_out_stdreg(2,30)                         0.000      0.000 0.000          1           1 
                                                                                               
    TOTAL AREA (After Assignment):             955.088    955.000                              
    
  Area Scores
                      Post-Scheduling  Post-DP & FSM Post-Assignment 
    ----------------- --------------- -------------- ---------------
    Total Area Score:    954.8          955.1           955.1        
    Total Reg:             0.0            0.0             0.0        
                                                                     
    DataPath:            954.8 (100%)   955.1 (100%)    955.1 (100%) 
      MUX:                 0.0            0.0             0.0        
      FUNC:              604.5  (63%)   601.5  (63%)    601.5  (63%) 
      LOGIC:             350.3  (37%)   353.6  (37%)    353.6  (37%) 
      BUFFER:              0.0            0.0             0.0        
      MEM:                 0.0            0.0             0.0        
      ROM:                 0.0            0.0             0.0        
      REG:                 0.0            0.0             0.0        
                                                                     
    
    FSM:                   0.0            0.0             0.0        
      FSM-REG:             0.0            0.0             0.0        
      FSM-COMB:            0.0            0.0             0.0        
                                                                     
    
  Register-to-Variable Mappings
    Register                             Size(bits) Gated Register CG Opt Done Variables                                             
    ------------------------------------ ---------- -------------- ----------- -----------------------------------------------------
    reg(regs.regs(0)#1.sva).cse                  90         Y                  reg(regs.regs(0)#1.sva).cse                           
    reg(regs.regs(2)#1.sva#1).cse                90         Y                  reg(regs.regs(2)#1.sva#1).cse                         
    regs.regs(3)#1.sva#1.sg2                     30         Y                  regs.regs(3)#1.sva#1.sg2                              
    regs.regs(3)#1.sva#3                         30         Y                  regs.regs(3)#1.sva#3                                  
    reg(vout:rsc:mgc_out_stdreg.d).tmp           10         Y                  reg(vout:rsc:mgc_out_stdreg.d).tmp                    
    reg(vout:rsc:mgc_out_stdreg.d).tmp#1         10         Y                  reg(vout:rsc:mgc_out_stdreg.d).tmp#1                  
    reg(vout:rsc:mgc_out_stdreg.d).tmp#2         10         Y                  reg(vout:rsc:mgc_out_stdreg.d).tmp#2                  
    regs.regs:slc(regs.regs(3)#1)#1.itm          10         Y                  regs.regs:slc(regs.regs(3)#1)#1.itm                   
    regs.regs:slc(regs.regs(3)#1)#3.itm          10         Y                  regs.regs:slc(regs.regs(3)#1)#3.itm                   
    regs.regs:slc(regs.regs(3)#1)#4.itm          10         Y                  regs.regs:slc(regs.regs(3)#1)#4.itm                   
    regs.regs:slc(regs.regs(3)#1)#6.itm          10         Y                  regs.regs:slc(regs.regs(3)#1)#6.itm                   
    regs.regs:slc(regs.regs(3)#1)#7.itm          10         Y                  regs.regs:slc(regs.regs(3)#1)#7.itm                   
    regs.regs:slc(regs.regs(3)#1).itm            10         Y                  regs.regs:slc(regs.regs(3)#1).itm                     
    regs.regs:slc(regs.regs(3))#17.itm           10         Y                  regs.regs:slc(regs.regs(3))#17.itm                    
    regs.regs:slc(regs.regs(3))#18.itm           10         Y                  regs.regs:slc(regs.regs(3))#18.itm                    
    regs.regs:slc(regs.regs(3))#19.itm           10         Y                  regs.regs:slc(regs.regs(3))#19.itm                    
                                                                                                                                     
    Total:                                      360            360           0 (Total Gating Ratio: 1.00, CG Opt Gating Ratio: 0.00) 
    
  Timing Report
    Critical Path
      Max Delay:  8.595852
      Slack:      11.404148
      
      Path                                                   Startpoint                                Endpoint                                          Delay  Slack   
      ------------------------------------------------------ ----------------------------------------- ------------------------------------------------- ------ -------
      1                                                      motion_blur:core/offset:rsc:mgc_in_wire.d motion_blur:core/reg(vout:rsc:mgc_out_stdreg.d)   8.5959 11.4041 
                                                                                                                                                                        
        Instance                                             Component                                                                                   Delta  Delay   
        --------                                             ---------                                                                                   -----  -----   
        motion_blur:core/offset:rsc:mgc_in_wire.d                                                                                                        0.0000 0.0000  
        motion_blur:core/slc(offset:rsc:mgc_in_wire.d)#1                                                                                                 0.0000 0.0000  
        motion_blur:core/slc(offset:rsc:mgc_in_wire.d)#1.itm                                                                                             0.0000 0.0000  
        motion_blur:core/FRAME:and                           mgc_and_1_2                                                                                 0.2625 0.2625  
        motion_blur:core/equal.tmp                                                                                                                       0.0000 0.2625  
        motion_blur:core/FRAME:nor                           mgc_nor_1_3                                                                                 0.4161 0.6786  
        motion_blur:core/FRAME:nor.itm                                                                                                                   0.0000 0.6786  
        motion_blur:core/ACC1:if:exs#11                                                                                                                  0.0000 0.6786  
        motion_blur:core/ACC1:if:exs#12                                                                                                                  0.0000 0.6786  
        motion_blur:core/slc(ACC1:if:exs#12)#8                                                                                                           0.0000 0.6786  
        motion_blur:core/slc(ACC1:if:exs#12)#8.itm                                                                                                       0.0000 0.6786  
        motion_blur:core/exs#8                                                                                                                           0.0000 0.6786  
        motion_blur:core/exs#8.itm                                                                                                                       0.0000 0.6786  
        motion_blur:core/ACC1-1:if:and#1                     mgc_and_10_2                                                                                0.2625 0.9411  
        motion_blur:core/ACC1-1:if:and#1.itm                                                                                                             0.0000 0.9411  
        motion_blur:core/ACC1:if#1:acc#33                    mgc_add_10_0_10_0_11                                                                        1.3014 2.2425  
        motion_blur:core/ACC1:if#1:acc#33.itm                                                                                                            0.0000 2.2425  
        motion_blur:core/ACC1:if#1:acc#39                    mgc_add_11_0_11_0_12                                                                        1.3684 3.6109  
        motion_blur:core/ACC1:if#1:acc#39.itm                                                                                                            0.0000 3.6109  
        motion_blur:core/ACC1:if#1:acc#42                    mgc_add_13_0_12_0_14                                                                        1.5009 5.1118  
        motion_blur:core/ACC1:if#1:acc#42.itm                                                                                                            0.0000 5.1118  
        motion_blur:core/ACC2-5:acc#1                        mgc_add_14_0_13_0_15                                                                        1.5650 6.6768  
        motion_blur:core/ACC2-5:acc#1.psp.sva                                                                                                            0.0000 6.6768  
        motion_blur:core/slc(ACC2-5:acc#1.psp.sva)                                                                                                       0.0000 6.6768  
        motion_blur:core/slc(ACC2-5:acc#1.psp.sva).itm                                                                                                   0.0000 6.6768  
        motion_blur:core/absmax:else:not                     mgc_not_10                                                                                  0.0000 6.6768  
        motion_blur:core/absmax:else:not.itm                                                                                                             0.0000 6.6768  
        motion_blur:core/conc#62                                                                                                                         0.0000 6.6768  
        motion_blur:core/conc#62.itm                                                                                                                     0.0000 6.6768  
        motion_blur:core/absmax:else:acc                     mgc_add_11_0_2_1_11                                                                         1.3887 8.0655  
        motion_blur:core/absmax:else:acc.itm                                                                                                             0.0000 8.0655  
        motion_blur:core/absmax:else:slc                                                                                                                 0.0000 8.0655  
        motion_blur:core/absmax:else:slc.itm                                                                                                             0.0000 8.0655  
        motion_blur:core/absmax:else:exs                                                                                                                 0.0000 8.0655  
        motion_blur:core/absmax:else:exs.itm                                                                                                             0.0000 8.0655  
        motion_blur:core/absmax:else:and                     mgc_and_10_2                                                                                0.2625 8.3280  
        motion_blur:core/absmax:else:and.itm                                                                                                             0.0000 8.3280  
        motion_blur:core/absmax:or                           mgc_or_10_2                                                                                 0.2679 8.5959  
        motion_blur:core/absmax:or.itm                                                                                                                   0.0000 8.5959  
        motion_blur:core/reg(vout:rsc:mgc_out_stdreg.d)      mgc_reg_pos_10_1_0_0_0_1_1                                                                  0.0000 8.5959  
                                                                                                                                                                        
      2                                                      motion_blur:core/offset:rsc:mgc_in_wire.d motion_blur:core/reg(vout:rsc:mgc_out_stdreg.d)#1 8.5959 11.4041 
                                                                                                                                                                        
        Instance                                             Component                                                                                   Delta  Delay   
        --------                                             ---------                                                                                   -----  -----   
        motion_blur:core/offset:rsc:mgc_in_wire.d                                                                                                        0.0000 0.0000  
        motion_blur:core/slc(offset:rsc:mgc_in_wire.d)#1                                                                                                 0.0000 0.0000  
        motion_blur:core/slc(offset:rsc:mgc_in_wire.d)#1.itm                                                                                             0.0000 0.0000  
        motion_blur:core/FRAME:and                           mgc_and_1_2                                                                                 0.2625 0.2625  
        motion_blur:core/equal.tmp                                                                                                                       0.0000 0.2625  
        motion_blur:core/FRAME:nor                           mgc_nor_1_3                                                                                 0.4161 0.6786  
        motion_blur:core/FRAME:nor.itm                                                                                                                   0.0000 0.6786  
        motion_blur:core/ACC1:if:exs#11                                                                                                                  0.0000 0.6786  
        motion_blur:core/ACC1:if:exs#12                                                                                                                  0.0000 0.6786  
        motion_blur:core/slc(ACC1:if:exs#12)                                                                                                             0.0000 0.6786  
        motion_blur:core/slc(ACC1:if:exs#12).itm                                                                                                         0.0000 0.6786  
        motion_blur:core/exs                                                                                                                             0.0000 0.6786  
        motion_blur:core/exs.itm                                                                                                                         0.0000 0.6786  
        motion_blur:core/ACC1-1:if:and#7                     mgc_and_10_2                                                                                0.2625 0.9411  
        motion_blur:core/ACC1-1:if:and#7.itm                                                                                                             0.0000 0.9411  
        motion_blur:core/ACC1:if#1:acc#61                    mgc_add_10_0_10_0_11                                                                        1.3014 2.2425  
        motion_blur:core/ACC1:if#1:acc#61.itm                                                                                                            0.0000 2.2425  
        motion_blur:core/ACC1:if#1:acc#67                    mgc_add_11_0_11_0_12                                                                        1.3684 3.6109  
        motion_blur:core/ACC1:if#1:acc#67.itm                                                                                                            0.0000 3.6109  
        motion_blur:core/ACC1:if#1:acc#70                    mgc_add_13_0_12_0_14                                                                        1.5009 5.1118  
        motion_blur:core/ACC1:if#1:acc#70.itm                                                                                                            0.0000 5.1118  
        motion_blur:core/ACC2-5:acc#3                        mgc_add_14_0_13_0_15                                                                        1.5650 6.6768  
        motion_blur:core/ACC2-5:acc#3.psp.sva                                                                                                            0.0000 6.6768  
        motion_blur:core/slc(ACC2-5:acc#3.psp.sva)                                                                                                       0.0000 6.6768  
        motion_blur:core/slc(ACC2-5:acc#3.psp.sva).itm                                                                                                   0.0000 6.6768  
        motion_blur:core/absmax#2:else:not                   mgc_not_10                                                                                  0.0000 6.6768  
        motion_blur:core/absmax#2:else:not.itm                                                                                                           0.0000 6.6768  
        motion_blur:core/conc#63                                                                                                                         0.0000 6.6768  
        motion_blur:core/conc#63.itm                                                                                                                     0.0000 6.6768  
        motion_blur:core/absmax#2:else:acc                   mgc_add_11_0_2_1_11                                                                         1.3887 8.0655  
        motion_blur:core/absmax#2:else:acc.itm                                                                                                           0.0000 8.0655  
        motion_blur:core/absmax#2:else:slc                                                                                                               0.0000 8.0655  
        motion_blur:core/absmax#2:else:slc.itm                                                                                                           0.0000 8.0655  
        motion_blur:core/absmax#2:else:exs                                                                                                               0.0000 8.0655  
        motion_blur:core/absmax#2:else:exs.itm                                                                                                           0.0000 8.0655  
        motion_blur:core/absmax#2:else:and                   mgc_and_10_2                                                                                0.2625 8.3280  
        motion_blur:core/absmax#2:else:and.itm                                                                                                           0.0000 8.3280  
        motion_blur:core/absmax#2:or                         mgc_or_10_2                                                                                 0.2679 8.5959  
        motion_blur:core/absmax#2:or.itm                                                                                                                 0.0000 8.5959  
        motion_blur:core/reg(vout:rsc:mgc_out_stdreg.d)#1    mgc_reg_pos_10_1_0_0_0_1_1                                                                  0.0000 8.5959  
                                                                                                                                                                        
      3                                                      motion_blur:core/offset:rsc:mgc_in_wire.d motion_blur:core/reg(vout:rsc:mgc_out_stdreg.d)#2 8.5959 11.4041 
                                                                                                                                                                        
        Instance                                             Component                                                                                   Delta  Delay   
        --------                                             ---------                                                                                   -----  -----   
        motion_blur:core/offset:rsc:mgc_in_wire.d                                                                                                        0.0000 0.0000  
        motion_blur:core/slc(offset:rsc:mgc_in_wire.d)#1                                                                                                 0.0000 0.0000  
        motion_blur:core/slc(offset:rsc:mgc_in_wire.d)#1.itm                                                                                             0.0000 0.0000  
        motion_blur:core/FRAME:and                           mgc_and_1_2                                                                                 0.2625 0.2625  
        motion_blur:core/equal.tmp                                                                                                                       0.0000 0.2625  
        motion_blur:core/FRAME:nor                           mgc_nor_1_3                                                                                 0.4161 0.6786  
        motion_blur:core/FRAME:nor.itm                                                                                                                   0.0000 0.6786  
        motion_blur:core/ACC1:if:exs#11                                                                                                                  0.0000 0.6786  
        motion_blur:core/ACC1:if:exs#12                                                                                                                  0.0000 0.6786  
        motion_blur:core/slc(ACC1:if:exs#12)#4                                                                                                           0.0000 0.6786  
        motion_blur:core/slc(ACC1:if:exs#12)#4.itm                                                                                                       0.0000 0.6786  
        motion_blur:core/exs#4                                                                                                                           0.0000 0.6786  
        motion_blur:core/exs#4.itm                                                                                                                       0.0000 0.6786  
        motion_blur:core/ACC1-1:if:and#4                     mgc_and_10_2                                                                                0.2625 0.9411  
        motion_blur:core/ACC1-1:if:and#4.itm                                                                                                             0.0000 0.9411  
        motion_blur:core/ACC1:if#1:acc#47                    mgc_add_10_0_10_0_11                                                                        1.3014 2.2425  
        motion_blur:core/ACC1:if#1:acc#47.itm                                                                                                            0.0000 2.2425  
        motion_blur:core/ACC1:if#1:acc#53                    mgc_add_11_0_11_0_12                                                                        1.3684 3.6109  
        motion_blur:core/ACC1:if#1:acc#53.itm                                                                                                            0.0000 3.6109  
        motion_blur:core/ACC1:if#1:acc#56                    mgc_add_13_0_12_0_14                                                                        1.5009 5.1118  
        motion_blur:core/ACC1:if#1:acc#56.itm                                                                                                            0.0000 5.1118  
        motion_blur:core/ACC2-5:acc#2                        mgc_add_14_0_13_0_15                                                                        1.5650 6.6768  
        motion_blur:core/ACC2-5:acc#2.psp.sva                                                                                                            0.0000 6.6768  
        motion_blur:core/slc(ACC2-5:acc#2.psp.sva)                                                                                                       0.0000 6.6768  
        motion_blur:core/slc(ACC2-5:acc#2.psp.sva).itm                                                                                                   0.0000 6.6768  
        motion_blur:core/absmax#1:else:not                   mgc_not_10                                                                                  0.0000 6.6768  
        motion_blur:core/absmax#1:else:not.itm                                                                                                           0.0000 6.6768  
        motion_blur:core/conc#64                                                                                                                         0.0000 6.6768  
        motion_blur:core/conc#64.itm                                                                                                                     0.0000 6.6768  
        motion_blur:core/absmax#1:else:acc                   mgc_add_11_0_2_1_11                                                                         1.3887 8.0655  
        motion_blur:core/absmax#1:else:acc.itm                                                                                                           0.0000 8.0655  
        motion_blur:core/absmax#1:else:slc                                                                                                               0.0000 8.0655  
        motion_blur:core/absmax#1:else:slc.itm                                                                                                           0.0000 8.0655  
        motion_blur:core/absmax#1:else:exs                                                                                                               0.0000 8.0655  
        motion_blur:core/absmax#1:else:exs.itm                                                                                                           0.0000 8.0655  
        motion_blur:core/absmax#1:else:and                   mgc_and_10_2                                                                                0.2625 8.3280  
        motion_blur:core/absmax#1:else:and.itm                                                                                                           0.0000 8.3280  
        motion_blur:core/absmax#1:or                         mgc_or_10_2                                                                                 0.2679 8.5959  
        motion_blur:core/absmax#1:or.itm                                                                                                                 0.0000 8.5959  
        motion_blur:core/reg(vout:rsc:mgc_out_stdreg.d)#2    mgc_reg_pos_10_1_0_0_0_1_1                                                                  0.0000 8.5959  
                                                                                                                                                                        
      4                                                      motion_blur:core/offset:rsc:mgc_in_wire.d motion_blur:core/reg(vout:rsc:mgc_out_stdreg.d)#2 8.5959 11.4041 
                                                                                                                                                                        
        Instance                                             Component                                                                                   Delta  Delay   
        --------                                             ---------                                                                                   -----  -----   
        motion_blur:core/offset:rsc:mgc_in_wire.d                                                                                                        0.0000 0.0000  
        motion_blur:core/slc(offset:rsc:mgc_in_wire.d)                                                                                                   0.0000 0.0000  
        motion_blur:core/slc(offset:rsc:mgc_in_wire.d).itm                                                                                               0.0000 0.0000  
        motion_blur:core/FRAME:not                           mgc_not_1                                                                                   0.0000 0.0000  
        motion_blur:core/FRAME:not.itm                                                                                                                   0.0000 0.0000  
        motion_blur:core/FRAME:and                           mgc_and_1_2                                                                                 0.2625 0.2625  
        motion_blur:core/equal.tmp                                                                                                                       0.0000 0.2625  
        motion_blur:core/FRAME:nor                           mgc_nor_1_3                                                                                 0.4161 0.6786  
        motion_blur:core/FRAME:nor.itm                                                                                                                   0.0000 0.6786  
        motion_blur:core/ACC1:if:exs#11                                                                                                                  0.0000 0.6786  
        motion_blur:core/ACC1:if:exs#12                                                                                                                  0.0000 0.6786  
        motion_blur:core/slc(ACC1:if:exs#12)#4                                                                                                           0.0000 0.6786  
        motion_blur:core/slc(ACC1:if:exs#12)#4.itm                                                                                                       0.0000 0.6786  
        motion_blur:core/exs#4                                                                                                                           0.0000 0.6786  
        motion_blur:core/exs#4.itm                                                                                                                       0.0000 0.6786  
        motion_blur:core/ACC1-1:if:and#4                     mgc_and_10_2                                                                                0.2625 0.9411  
        motion_blur:core/ACC1-1:if:and#4.itm                                                                                                             0.0000 0.9411  
        motion_blur:core/ACC1:if#1:acc#47                    mgc_add_10_0_10_0_11                                                                        1.3014 2.2425  
        motion_blur:core/ACC1:if#1:acc#47.itm                                                                                                            0.0000 2.2425  
        motion_blur:core/ACC1:if#1:acc#53                    mgc_add_11_0_11_0_12                                                                        1.3684 3.6109  
        motion_blur:core/ACC1:if#1:acc#53.itm                                                                                                            0.0000 3.6109  
        motion_blur:core/ACC1:if#1:acc#56                    mgc_add_13_0_12_0_14                                                                        1.5009 5.1118  
        motion_blur:core/ACC1:if#1:acc#56.itm                                                                                                            0.0000 5.1118  
        motion_blur:core/ACC2-5:acc#2                        mgc_add_14_0_13_0_15                                                                        1.5650 6.6768  
        motion_blur:core/ACC2-5:acc#2.psp.sva                                                                                                            0.0000 6.6768  
        motion_blur:core/slc(ACC2-5:acc#2.psp.sva)                                                                                                       0.0000 6.6768  
        motion_blur:core/slc(ACC2-5:acc#2.psp.sva).itm                                                                                                   0.0000 6.6768  
        motion_blur:core/absmax#1:else:not                   mgc_not_10                                                                                  0.0000 6.6768  
        motion_blur:core/absmax#1:else:not.itm                                                                                                           0.0000 6.6768  
        motion_blur:core/conc#64                                                                                                                         0.0000 6.6768  
        motion_blur:core/conc#64.itm                                                                                                                     0.0000 6.6768  
        motion_blur:core/absmax#1:else:acc                   mgc_add_11_0_2_1_11                                                                         1.3887 8.0655  
        motion_blur:core/absmax#1:else:acc.itm                                                                                                           0.0000 8.0655  
        motion_blur:core/absmax#1:else:slc                                                                                                               0.0000 8.0655  
        motion_blur:core/absmax#1:else:slc.itm                                                                                                           0.0000 8.0655  
        motion_blur:core/absmax#1:else:exs                                                                                                               0.0000 8.0655  
        motion_blur:core/absmax#1:else:exs.itm                                                                                                           0.0000 8.0655  
        motion_blur:core/absmax#1:else:and                   mgc_and_10_2                                                                                0.2625 8.3280  
        motion_blur:core/absmax#1:else:and.itm                                                                                                           0.0000 8.3280  
        motion_blur:core/absmax#1:or                         mgc_or_10_2                                                                                 0.2679 8.5959  
        motion_blur:core/absmax#1:or.itm                                                                                                                 0.0000 8.5959  
        motion_blur:core/reg(vout:rsc:mgc_out_stdreg.d)#2    mgc_reg_pos_10_1_0_0_0_1_1                                                                  0.0000 8.5959  
                                                                                                                                                                        
      5                                                      motion_blur:core/offset:rsc:mgc_in_wire.d motion_blur:core/reg(vout:rsc:mgc_out_stdreg.d)#2 8.5959 11.4041 
                                                                                                                                                                        
        Instance                                             Component                                                                                   Delta  Delay   
        --------                                             ---------                                                                                   -----  -----   
        motion_blur:core/offset:rsc:mgc_in_wire.d                                                                                                        0.0000 0.0000  
        motion_blur:core/slc(offset:rsc:mgc_in_wire.d)#2                                                                                                 0.0000 0.0000  
        motion_blur:core/slc(offset:rsc:mgc_in_wire.d)#2.itm                                                                                             0.0000 0.0000  
        motion_blur:core/FRAME:and#2                         mgc_and_1_2                                                                                 0.2625 0.2625  
        motion_blur:core/equal.tmp#2                                                                                                                     0.0000 0.2625  
        motion_blur:core/FRAME:nor                           mgc_nor_1_3                                                                                 0.4161 0.6786  
        motion_blur:core/FRAME:nor.itm                                                                                                                   0.0000 0.6786  
        motion_blur:core/ACC1:if:exs#11                                                                                                                  0.0000 0.6786  
        motion_blur:core/ACC1:if:exs#12                                                                                                                  0.0000 0.6786  
        motion_blur:core/slc(ACC1:if:exs#12)#4                                                                                                           0.0000 0.6786  
        motion_blur:core/slc(ACC1:if:exs#12)#4.itm                                                                                                       0.0000 0.6786  
        motion_blur:core/exs#4                                                                                                                           0.0000 0.6786  
        motion_blur:core/exs#4.itm                                                                                                                       0.0000 0.6786  
        motion_blur:core/ACC1-1:if:and#4                     mgc_and_10_2                                                                                0.2625 0.9411  
        motion_blur:core/ACC1-1:if:and#4.itm                                                                                                             0.0000 0.9411  
        motion_blur:core/ACC1:if#1:acc#47                    mgc_add_10_0_10_0_11                                                                        1.3014 2.2425  
        motion_blur:core/ACC1:if#1:acc#47.itm                                                                                                            0.0000 2.2425  
        motion_blur:core/ACC1:if#1:acc#53                    mgc_add_11_0_11_0_12                                                                        1.3684 3.6109  
        motion_blur:core/ACC1:if#1:acc#53.itm                                                                                                            0.0000 3.6109  
        motion_blur:core/ACC1:if#1:acc#56                    mgc_add_13_0_12_0_14                                                                        1.5009 5.1118  
        motion_blur:core/ACC1:if#1:acc#56.itm                                                                                                            0.0000 5.1118  
        motion_blur:core/ACC2-5:acc#2                        mgc_add_14_0_13_0_15                                                                        1.5650 6.6768  
        motion_blur:core/ACC2-5:acc#2.psp.sva                                                                                                            0.0000 6.6768  
        motion_blur:core/slc(ACC2-5:acc#2.psp.sva)                                                                                                       0.0000 6.6768  
        motion_blur:core/slc(ACC2-5:acc#2.psp.sva).itm                                                                                                   0.0000 6.6768  
        motion_blur:core/absmax#1:else:not                   mgc_not_10                                                                                  0.0000 6.6768  
        motion_blur:core/absmax#1:else:not.itm                                                                                                           0.0000 6.6768  
        motion_blur:core/conc#64                                                                                                                         0.0000 6.6768  
        motion_blur:core/conc#64.itm                                                                                                                     0.0000 6.6768  
        motion_blur:core/absmax#1:else:acc                   mgc_add_11_0_2_1_11                                                                         1.3887 8.0655  
        motion_blur:core/absmax#1:else:acc.itm                                                                                                           0.0000 8.0655  
        motion_blur:core/absmax#1:else:slc                                                                                                               0.0000 8.0655  
        motion_blur:core/absmax#1:else:slc.itm                                                                                                           0.0000 8.0655  
        motion_blur:core/absmax#1:else:exs                                                                                                               0.0000 8.0655  
        motion_blur:core/absmax#1:else:exs.itm                                                                                                           0.0000 8.0655  
        motion_blur:core/absmax#1:else:and                   mgc_and_10_2                                                                                0.2625 8.3280  
        motion_blur:core/absmax#1:else:and.itm                                                                                                           0.0000 8.3280  
        motion_blur:core/absmax#1:or                         mgc_or_10_2                                                                                 0.2679 8.5959  
        motion_blur:core/absmax#1:or.itm                                                                                                                 0.0000 8.5959  
        motion_blur:core/reg(vout:rsc:mgc_out_stdreg.d)#2    mgc_reg_pos_10_1_0_0_0_1_1                                                                  0.0000 8.5959  
                                                                                                                                                                        
      6                                                      motion_blur:core/offset:rsc:mgc_in_wire.d motion_blur:core/reg(vout:rsc:mgc_out_stdreg.d)#2 8.5959 11.4041 
                                                                                                                                                                        
        Instance                                             Component                                                                                   Delta  Delay   
        --------                                             ---------                                                                                   -----  -----   
        motion_blur:core/offset:rsc:mgc_in_wire.d                                                                                                        0.0000 0.0000  
        motion_blur:core/slc(offset:rsc:mgc_in_wire.d)#3                                                                                                 0.0000 0.0000  
        motion_blur:core/slc(offset:rsc:mgc_in_wire.d)#3.itm                                                                                             0.0000 0.0000  
        motion_blur:core/FRAME:and#1                         mgc_and_1_2                                                                                 0.2625 0.2625  
        motion_blur:core/equal.tmp#1                                                                                                                     0.0000 0.2625  
        motion_blur:core/FRAME:nor                           mgc_nor_1_3                                                                                 0.4161 0.6786  
        motion_blur:core/FRAME:nor.itm                                                                                                                   0.0000 0.6786  
        motion_blur:core/ACC1:if:exs#11                                                                                                                  0.0000 0.6786  
        motion_blur:core/ACC1:if:exs#12                                                                                                                  0.0000 0.6786  
        motion_blur:core/slc(ACC1:if:exs#12)#4                                                                                                           0.0000 0.6786  
        motion_blur:core/slc(ACC1:if:exs#12)#4.itm                                                                                                       0.0000 0.6786  
        motion_blur:core/exs#4                                                                                                                           0.0000 0.6786  
        motion_blur:core/exs#4.itm                                                                                                                       0.0000 0.6786  
        motion_blur:core/ACC1-1:if:and#4                     mgc_and_10_2                                                                                0.2625 0.9411  
        motion_blur:core/ACC1-1:if:and#4.itm                                                                                                             0.0000 0.9411  
        motion_blur:core/ACC1:if#1:acc#47                    mgc_add_10_0_10_0_11                                                                        1.3014 2.2425  
        motion_blur:core/ACC1:if#1:acc#47.itm                                                                                                            0.0000 2.2425  
        motion_blur:core/ACC1:if#1:acc#53                    mgc_add_11_0_11_0_12                                                                        1.3684 3.6109  
        motion_blur:core/ACC1:if#1:acc#53.itm                                                                                                            0.0000 3.6109  
        motion_blur:core/ACC1:if#1:acc#56                    mgc_add_13_0_12_0_14                                                                        1.5009 5.1118  
        motion_blur:core/ACC1:if#1:acc#56.itm                                                                                                            0.0000 5.1118  
        motion_blur:core/ACC2-5:acc#2                        mgc_add_14_0_13_0_15                                                                        1.5650 6.6768  
        motion_blur:core/ACC2-5:acc#2.psp.sva                                                                                                            0.0000 6.6768  
        motion_blur:core/slc(ACC2-5:acc#2.psp.sva)                                                                                                       0.0000 6.6768  
        motion_blur:core/slc(ACC2-5:acc#2.psp.sva).itm                                                                                                   0.0000 6.6768  
        motion_blur:core/absmax#1:else:not                   mgc_not_10                                                                                  0.0000 6.6768  
        motion_blur:core/absmax#1:else:not.itm                                                                                                           0.0000 6.6768  
        motion_blur:core/conc#64                                                                                                                         0.0000 6.6768  
        motion_blur:core/conc#64.itm                                                                                                                     0.0000 6.6768  
        motion_blur:core/absmax#1:else:acc                   mgc_add_11_0_2_1_11                                                                         1.3887 8.0655  
        motion_blur:core/absmax#1:else:acc.itm                                                                                                           0.0000 8.0655  
        motion_blur:core/absmax#1:else:slc                                                                                                               0.0000 8.0655  
        motion_blur:core/absmax#1:else:slc.itm                                                                                                           0.0000 8.0655  
        motion_blur:core/absmax#1:else:exs                                                                                                               0.0000 8.0655  
        motion_blur:core/absmax#1:else:exs.itm                                                                                                           0.0000 8.0655  
        motion_blur:core/absmax#1:else:and                   mgc_and_10_2                                                                                0.2625 8.3280  
        motion_blur:core/absmax#1:else:and.itm                                                                                                           0.0000 8.3280  
        motion_blur:core/absmax#1:or                         mgc_or_10_2                                                                                 0.2679 8.5959  
        motion_blur:core/absmax#1:or.itm                                                                                                                 0.0000 8.5959  
        motion_blur:core/reg(vout:rsc:mgc_out_stdreg.d)#2    mgc_reg_pos_10_1_0_0_0_1_1                                                                  0.0000 8.5959  
                                                                                                                                                                        
      7                                                      motion_blur:core/offset:rsc:mgc_in_wire.d motion_blur:core/reg(vout:rsc:mgc_out_stdreg.d)#2 8.5959 11.4041 
                                                                                                                                                                        
        Instance                                             Component                                                                                   Delta  Delay   
        --------                                             ---------                                                                                   -----  -----   
        motion_blur:core/offset:rsc:mgc_in_wire.d                                                                                                        0.0000 0.0000  
        motion_blur:core/slc(offset:rsc:mgc_in_wire.d)#4                                                                                                 0.0000 0.0000  
        motion_blur:core/slc(offset:rsc:mgc_in_wire.d)#4.itm                                                                                             0.0000 0.0000  
        motion_blur:core/FRAME:and#2                         mgc_and_1_2                                                                                 0.2625 0.2625  
        motion_blur:core/equal.tmp#2                                                                                                                     0.0000 0.2625  
        motion_blur:core/FRAME:nor                           mgc_nor_1_3                                                                                 0.4161 0.6786  
        motion_blur:core/FRAME:nor.itm                                                                                                                   0.0000 0.6786  
        motion_blur:core/ACC1:if:exs#11                                                                                                                  0.0000 0.6786  
        motion_blur:core/ACC1:if:exs#12                                                                                                                  0.0000 0.6786  
        motion_blur:core/slc(ACC1:if:exs#12)#4                                                                                                           0.0000 0.6786  
        motion_blur:core/slc(ACC1:if:exs#12)#4.itm                                                                                                       0.0000 0.6786  
        motion_blur:core/exs#4                                                                                                                           0.0000 0.6786  
        motion_blur:core/exs#4.itm                                                                                                                       0.0000 0.6786  
        motion_blur:core/ACC1-1:if:and#4                     mgc_and_10_2                                                                                0.2625 0.9411  
        motion_blur:core/ACC1-1:if:and#4.itm                                                                                                             0.0000 0.9411  
        motion_blur:core/ACC1:if#1:acc#47                    mgc_add_10_0_10_0_11                                                                        1.3014 2.2425  
        motion_blur:core/ACC1:if#1:acc#47.itm                                                                                                            0.0000 2.2425  
        motion_blur:core/ACC1:if#1:acc#53                    mgc_add_11_0_11_0_12                                                                        1.3684 3.6109  
        motion_blur:core/ACC1:if#1:acc#53.itm                                                                                                            0.0000 3.6109  
        motion_blur:core/ACC1:if#1:acc#56                    mgc_add_13_0_12_0_14                                                                        1.5009 5.1118  
        motion_blur:core/ACC1:if#1:acc#56.itm                                                                                                            0.0000 5.1118  
        motion_blur:core/ACC2-5:acc#2                        mgc_add_14_0_13_0_15                                                                        1.5650 6.6768  
        motion_blur:core/ACC2-5:acc#2.psp.sva                                                                                                            0.0000 6.6768  
        motion_blur:core/slc(ACC2-5:acc#2.psp.sva)                                                                                                       0.0000 6.6768  
        motion_blur:core/slc(ACC2-5:acc#2.psp.sva).itm                                                                                                   0.0000 6.6768  
        motion_blur:core/absmax#1:else:not                   mgc_not_10                                                                                  0.0000 6.6768  
        motion_blur:core/absmax#1:else:not.itm                                                                                                           0.0000 6.6768  
        motion_blur:core/conc#64                                                                                                                         0.0000 6.6768  
        motion_blur:core/conc#64.itm                                                                                                                     0.0000 6.6768  
        motion_blur:core/absmax#1:else:acc                   mgc_add_11_0_2_1_11                                                                         1.3887 8.0655  
        motion_blur:core/absmax#1:else:acc.itm                                                                                                           0.0000 8.0655  
        motion_blur:core/absmax#1:else:slc                                                                                                               0.0000 8.0655  
        motion_blur:core/absmax#1:else:slc.itm                                                                                                           0.0000 8.0655  
        motion_blur:core/absmax#1:else:exs                                                                                                               0.0000 8.0655  
        motion_blur:core/absmax#1:else:exs.itm                                                                                                           0.0000 8.0655  
        motion_blur:core/absmax#1:else:and                   mgc_and_10_2                                                                                0.2625 8.3280  
        motion_blur:core/absmax#1:else:and.itm                                                                                                           0.0000 8.3280  
        motion_blur:core/absmax#1:or                         mgc_or_10_2                                                                                 0.2679 8.5959  
        motion_blur:core/absmax#1:or.itm                                                                                                                 0.0000 8.5959  
        motion_blur:core/reg(vout:rsc:mgc_out_stdreg.d)#2    mgc_reg_pos_10_1_0_0_0_1_1                                                                  0.0000 8.5959  
                                                                                                                                                                        
      8                                                      motion_blur:core/offset:rsc:mgc_in_wire.d motion_blur:core/reg(vout:rsc:mgc_out_stdreg.d)#2 8.5959 11.4041 
                                                                                                                                                                        
        Instance                                             Component                                                                                   Delta  Delay   
        --------                                             ---------                                                                                   -----  -----   
        motion_blur:core/offset:rsc:mgc_in_wire.d                                                                                                        0.0000 0.0000  
        motion_blur:core/slc(offset:rsc:mgc_in_wire.d)#5                                                                                                 0.0000 0.0000  
        motion_blur:core/slc(offset:rsc:mgc_in_wire.d)#5.itm                                                                                             0.0000 0.0000  
        motion_blur:core/FRAME:not#1                         mgc_not_1                                                                                   0.0000 0.0000  
        motion_blur:core/FRAME:not#1.itm                                                                                                                 0.0000 0.0000  
        motion_blur:core/FRAME:and#1                         mgc_and_1_2                                                                                 0.2625 0.2625  
        motion_blur:core/equal.tmp#1                                                                                                                     0.0000 0.2625  
        motion_blur:core/FRAME:nor                           mgc_nor_1_3                                                                                 0.4161 0.6786  
        motion_blur:core/FRAME:nor.itm                                                                                                                   0.0000 0.6786  
        motion_blur:core/ACC1:if:exs#11                                                                                                                  0.0000 0.6786  
        motion_blur:core/ACC1:if:exs#12                                                                                                                  0.0000 0.6786  
        motion_blur:core/slc(ACC1:if:exs#12)#4                                                                                                           0.0000 0.6786  
        motion_blur:core/slc(ACC1:if:exs#12)#4.itm                                                                                                       0.0000 0.6786  
        motion_blur:core/exs#4                                                                                                                           0.0000 0.6786  
        motion_blur:core/exs#4.itm                                                                                                                       0.0000 0.6786  
        motion_blur:core/ACC1-1:if:and#4                     mgc_and_10_2                                                                                0.2625 0.9411  
        motion_blur:core/ACC1-1:if:and#4.itm                                                                                                             0.0000 0.9411  
        motion_blur:core/ACC1:if#1:acc#47                    mgc_add_10_0_10_0_11                                                                        1.3014 2.2425  
        motion_blur:core/ACC1:if#1:acc#47.itm                                                                                                            0.0000 2.2425  
        motion_blur:core/ACC1:if#1:acc#53                    mgc_add_11_0_11_0_12                                                                        1.3684 3.6109  
        motion_blur:core/ACC1:if#1:acc#53.itm                                                                                                            0.0000 3.6109  
        motion_blur:core/ACC1:if#1:acc#56                    mgc_add_13_0_12_0_14                                                                        1.5009 5.1118  
        motion_blur:core/ACC1:if#1:acc#56.itm                                                                                                            0.0000 5.1118  
        motion_blur:core/ACC2-5:acc#2                        mgc_add_14_0_13_0_15                                                                        1.5650 6.6768  
        motion_blur:core/ACC2-5:acc#2.psp.sva                                                                                                            0.0000 6.6768  
        motion_blur:core/slc(ACC2-5:acc#2.psp.sva)                                                                                                       0.0000 6.6768  
        motion_blur:core/slc(ACC2-5:acc#2.psp.sva).itm                                                                                                   0.0000 6.6768  
        motion_blur:core/absmax#1:else:not                   mgc_not_10                                                                                  0.0000 6.6768  
        motion_blur:core/absmax#1:else:not.itm                                                                                                           0.0000 6.6768  
        motion_blur:core/conc#64                                                                                                                         0.0000 6.6768  
        motion_blur:core/conc#64.itm                                                                                                                     0.0000 6.6768  
        motion_blur:core/absmax#1:else:acc                   mgc_add_11_0_2_1_11                                                                         1.3887 8.0655  
        motion_blur:core/absmax#1:else:acc.itm                                                                                                           0.0000 8.0655  
        motion_blur:core/absmax#1:else:slc                                                                                                               0.0000 8.0655  
        motion_blur:core/absmax#1:else:slc.itm                                                                                                           0.0000 8.0655  
        motion_blur:core/absmax#1:else:exs                                                                                                               0.0000 8.0655  
        motion_blur:core/absmax#1:else:exs.itm                                                                                                           0.0000 8.0655  
        motion_blur:core/absmax#1:else:and                   mgc_and_10_2                                                                                0.2625 8.3280  
        motion_blur:core/absmax#1:else:and.itm                                                                                                           0.0000 8.3280  
        motion_blur:core/absmax#1:or                         mgc_or_10_2                                                                                 0.2679 8.5959  
        motion_blur:core/absmax#1:or.itm                                                                                                                 0.0000 8.5959  
        motion_blur:core/reg(vout:rsc:mgc_out_stdreg.d)#2    mgc_reg_pos_10_1_0_0_0_1_1                                                                  0.0000 8.5959  
                                                                                                                                                                        
      9                                                      motion_blur:core/offset:rsc:mgc_in_wire.d motion_blur:core/reg(vout:rsc:mgc_out_stdreg.d)   8.5293 11.4707 
                                                                                                                                                                        
        Instance                                             Component                                                                                   Delta  Delay   
        --------                                             ---------                                                                                   -----  -----   
        motion_blur:core/offset:rsc:mgc_in_wire.d                                                                                                        0.0000 0.0000  
        motion_blur:core/slc(offset:rsc:mgc_in_wire.d)#1                                                                                                 0.0000 0.0000  
        motion_blur:core/slc(offset:rsc:mgc_in_wire.d)#1.itm                                                                                             0.0000 0.0000  
        motion_blur:core/FRAME:and                           mgc_and_1_2                                                                                 0.2625 0.2625  
        motion_blur:core/equal.tmp                                                                                                                       0.0000 0.2625  
        motion_blur:core/FRAME:nor                           mgc_nor_1_3                                                                                 0.4161 0.6786  
        motion_blur:core/FRAME:nor.itm                                                                                                                   0.0000 0.6786  
        motion_blur:core/ACC1:if:exs#11                                                                                                                  0.0000 0.6786  
        motion_blur:core/ACC1:if:exs#12                                                                                                                  0.0000 0.6786  
        motion_blur:core/slc(ACC1:if:exs#12)#9                                                                                                           0.0000 0.6786  
        motion_blur:core/slc(ACC1:if:exs#12)#9.itm                                                                                                       0.0000 0.6786  
        motion_blur:core/exs#9                                                                                                                           0.0000 0.6786  
        motion_blur:core/exs#9.itm                                                                                                                       0.0000 0.6786  
        motion_blur:core/ACC1-2:if#1:and#1                   mgc_and_10_2                                                                                0.2625 0.9411  
        motion_blur:core/ACC1-2:if#1:and#1.itm                                                                                                           0.0000 0.9411  
        motion_blur:core/ACC1:if#1:acc#32                    mgc_add_10_0_10_0_11                                                                        1.3014 2.2425  
        motion_blur:core/ACC1:if#1:acc#32.itm                                                                                                            0.0000 2.2425  
        motion_blur:core/ACC1:if#1:acc#38                    mgc_add_11_0_11_0_12                                                                        1.3684 3.6109  
        motion_blur:core/ACC1:if#1:acc#38.itm                                                                                                            0.0000 3.6109  
        motion_blur:core/ACC1:if#1:acc                       mgc_add_12_0_12_0_13                                                                        1.4343 5.0452  
        motion_blur:core/ACC1:if#1:acc.itm                                                                                                               0.0000 5.0452  
        motion_blur:core/ACC2-5:acc#1                        mgc_add_14_0_13_0_15                                                                        1.5650 6.6102  
        motion_blur:core/ACC2-5:acc#1.psp.sva                                                                                                            0.0000 6.6102  
        motion_blur:core/slc(ACC2-5:acc#1.psp.sva)                                                                                                       0.0000 6.6102  
        motion_blur:core/slc(ACC2-5:acc#1.psp.sva).itm                                                                                                   0.0000 6.6102  
        motion_blur:core/absmax:else:not                     mgc_not_10                                                                                  0.0000 6.6102  
        motion_blur:core/absmax:else:not.itm                                                                                                             0.0000 6.6102  
        motion_blur:core/conc#62                                                                                                                         0.0000 6.6102  
        motion_blur:core/conc#62.itm                                                                                                                     0.0000 6.6102  
        motion_blur:core/absmax:else:acc                     mgc_add_11_0_2_1_11                                                                         1.3887 7.9989  
        motion_blur:core/absmax:else:acc.itm                                                                                                             0.0000 7.9989  
        motion_blur:core/absmax:else:slc                                                                                                                 0.0000 7.9989  
        motion_blur:core/absmax:else:slc.itm                                                                                                             0.0000 7.9989  
        motion_blur:core/absmax:else:exs                                                                                                                 0.0000 7.9989  
        motion_blur:core/absmax:else:exs.itm                                                                                                             0.0000 7.9989  
        motion_blur:core/absmax:else:and                     mgc_and_10_2                                                                                0.2625 8.2614  
        motion_blur:core/absmax:else:and.itm                                                                                                             0.0000 8.2614  
        motion_blur:core/absmax:or                           mgc_or_10_2                                                                                 0.2679 8.5293  
        motion_blur:core/absmax:or.itm                                                                                                                   0.0000 8.5293  
        motion_blur:core/reg(vout:rsc:mgc_out_stdreg.d)      mgc_reg_pos_10_1_0_0_0_1_1                                                                  0.0000 8.5293  
                                                                                                                                                                        
      10                                                     motion_blur:core/offset:rsc:mgc_in_wire.d motion_blur:core/reg(vout:rsc:mgc_out_stdreg.d)#1 8.5293 11.4707 
                                                                                                                                                                        
        Instance                                             Component                                                                                   Delta  Delay   
        --------                                             ---------                                                                                   -----  -----   
        motion_blur:core/offset:rsc:mgc_in_wire.d                                                                                                        0.0000 0.0000  
        motion_blur:core/slc(offset:rsc:mgc_in_wire.d)#1                                                                                                 0.0000 0.0000  
        motion_blur:core/slc(offset:rsc:mgc_in_wire.d)#1.itm                                                                                             0.0000 0.0000  
        motion_blur:core/FRAME:and                           mgc_and_1_2                                                                                 0.2625 0.2625  
        motion_blur:core/equal.tmp                                                                                                                       0.0000 0.2625  
        motion_blur:core/FRAME:nor                           mgc_nor_1_3                                                                                 0.4161 0.6786  
        motion_blur:core/FRAME:nor.itm                                                                                                                   0.0000 0.6786  
        motion_blur:core/ACC1:if:exs#11                                                                                                                  0.0000 0.6786  
        motion_blur:core/ACC1:if:exs#12                                                                                                                  0.0000 0.6786  
        motion_blur:core/slc(ACC1:if:exs#12)#1                                                                                                           0.0000 0.6786  
        motion_blur:core/slc(ACC1:if:exs#12)#1.itm                                                                                                       0.0000 0.6786  
        motion_blur:core/exs#1                                                                                                                           0.0000 0.6786  
        motion_blur:core/exs#1.itm                                                                                                                       0.0000 0.6786  
        motion_blur:core/ACC1-2:if#1:and#7                   mgc_and_10_2                                                                                0.2625 0.9411  
        motion_blur:core/ACC1-2:if#1:and#7.itm                                                                                                           0.0000 0.9411  
        motion_blur:core/ACC1:if#1:acc#60                    mgc_add_10_0_10_0_11                                                                        1.3014 2.2425  
        motion_blur:core/ACC1:if#1:acc#60.itm                                                                                                            0.0000 2.2425  
        motion_blur:core/ACC1:if#1:acc#66                    mgc_add_11_0_11_0_12                                                                        1.3684 3.6109  
        motion_blur:core/ACC1:if#1:acc#66.itm                                                                                                            0.0000 3.6109  
        motion_blur:core/ACC1:if#1:acc#69                    mgc_add_12_0_12_0_13                                                                        1.4343 5.0452  
        motion_blur:core/ACC1:if#1:acc#69.itm                                                                                                            0.0000 5.0452  
        motion_blur:core/ACC2-5:acc#3                        mgc_add_14_0_13_0_15                                                                        1.5650 6.6102  
        motion_blur:core/ACC2-5:acc#3.psp.sva                                                                                                            0.0000 6.6102  
        motion_blur:core/slc(ACC2-5:acc#3.psp.sva)                                                                                                       0.0000 6.6102  
        motion_blur:core/slc(ACC2-5:acc#3.psp.sva).itm                                                                                                   0.0000 6.6102  
        motion_blur:core/absmax#2:else:not                   mgc_not_10                                                                                  0.0000 6.6102  
        motion_blur:core/absmax#2:else:not.itm                                                                                                           0.0000 6.6102  
        motion_blur:core/conc#63                                                                                                                         0.0000 6.6102  
        motion_blur:core/conc#63.itm                                                                                                                     0.0000 6.6102  
        motion_blur:core/absmax#2:else:acc                   mgc_add_11_0_2_1_11                                                                         1.3887 7.9989  
        motion_blur:core/absmax#2:else:acc.itm                                                                                                           0.0000 7.9989  
        motion_blur:core/absmax#2:else:slc                                                                                                               0.0000 7.9989  
        motion_blur:core/absmax#2:else:slc.itm                                                                                                           0.0000 7.9989  
        motion_blur:core/absmax#2:else:exs                                                                                                               0.0000 7.9989  
        motion_blur:core/absmax#2:else:exs.itm                                                                                                           0.0000 7.9989  
        motion_blur:core/absmax#2:else:and                   mgc_and_10_2                                                                                0.2625 8.2614  
        motion_blur:core/absmax#2:else:and.itm                                                                                                           0.0000 8.2614  
        motion_blur:core/absmax#2:or                         mgc_or_10_2                                                                                 0.2679 8.5293  
        motion_blur:core/absmax#2:or.itm                                                                                                                 0.0000 8.5293  
        motion_blur:core/reg(vout:rsc:mgc_out_stdreg.d)#1    mgc_reg_pos_10_1_0_0_0_1_1                                                                  0.0000 8.5293  
                                                                                                                                                                        
      
    Register Input and Register-to-Output Slack
      Clock period or pin-to-reg delay constraint (clk): 20.0
      Clock uncertainty constraint (clk)               : 0.0
      
      Instance                                                  Port                                  Slack (Delay) Messages 
      --------------------------------------------------------- ----------------------------------- ------- ------- --------
      motion_blur:core/reg(regs.regs:slc(regs.regs(3)#1).itm)   slc(regs.regs(3)#1.sva#3).itm       20.0000  0.0000          
      motion_blur:core/reg(regs.regs(0)#1.sva)                  SHIFT:if:else:else:if:slc#13.itm    20.0000  0.0000          
      motion_blur:core/reg(regs.regs(2)#1.sva#1)                reg(regs.regs(0)#1.sva).cse         12.0827  7.9173          
      motion_blur:core/reg(regs.regs:slc(regs.regs(3))#19.itm)  slc(regs.regs(2)#1.sva).itm         20.0000  0.0000          
      motion_blur:core/reg(regs.regs(3)#1.sva#1.sg2)            slc(regs.regs(2)#1.sva)#3.itm       20.0000  0.0000          
      motion_blur:core/reg(regs.regs:slc(regs.regs(3)#1)#1.itm) slc(regs.regs(3)#1.sva#1.sg2)#3.itm 20.0000  0.0000          
      motion_blur:core/reg(regs.regs(3)#1.sva#3)                slc(regs.regs(2)#1.sva)#4.itm       20.0000  0.0000          
      motion_blur:core/reg(regs.regs:slc(regs.regs(3)#1)#7.itm) slc(regs.regs(3)#1.sva#3)#4.itm     20.0000  0.0000          
      motion_blur:core/reg(regs.regs:slc(regs.regs(3))#18.itm)  slc(regs.regs(2)#1.sva)#1.itm       20.0000  0.0000          
      motion_blur:core/reg(regs.regs:slc(regs.regs(3)#1)#6.itm) slc(regs.regs(3)#1.sva#1.sg2)#4.itm 20.0000  0.0000          
      motion_blur:core/reg(regs.regs:slc(regs.regs(3)#1)#4.itm) slc(regs.regs(3)#1.sva#3)#5.itm     20.0000  0.0000          
      motion_blur:core/reg(regs.regs:slc(regs.regs(3))#17.itm)  slc(regs.regs(2)#1.sva)#2.itm       20.0000  0.0000          
      motion_blur:core/reg(regs.regs:slc(regs.regs(3)#1)#3.itm) slc(regs.regs(3)#1.sva#1.sg2)#5.itm 20.0000  0.0000          
      motion_blur:core/reg(vout:rsc:mgc_out_stdreg.d)           absmax:or.itm                       11.4041  8.5959          
      motion_blur:core/reg(vout:rsc:mgc_out_stdreg.d)#1         absmax#2:or.itm                     11.4041  8.5959          
      motion_blur:core/reg(vout:rsc:mgc_out_stdreg.d)#2         absmax#1:or.itm                     11.4041  8.5959          
      motion_blur                                               vout:rsc.z                          20.0000  0.0000          
      
  Operator Bitwidth Summary
    Operation  Size (bits) Count 
    ---------- ----------- -----
    add                          
    -                   15     3 
    -                   14     3 
    -                   13     6 
    -                   12     9 
    -                   11    27 
    -                    5     3 
    and                          
    -                    2    51 
    nor                          
    -                    3     1 
    not                          
    -                   10     3 
    -                    5     3 
    -                    1     2 
    or                           
    -                    2     3 
    read_port                    
    -                  150     1 
    -                    2     1 
    reg                          
    -                   90     2 
    -                   30     2 
    -                   10    12 
    write_port                   
    -                   30     1 
    
  End of Report
